I tensorflow/stream_executor/dso_loader.cc:108] successfully opened CUDA library libcublas.so locally
I tensorflow/stream_executor/dso_loader.cc:102] Couldn't open CUDA library libcudnn.so. LD_LIBRARY_PATH: /cm/shared/openmind/cuda/7.5/lib64:/cm/shared/openmind/cuda/7.5/lib
I tensorflow/stream_executor/cuda/cuda_dnn.cc:2092] Unable to load cuDNN DSO
I tensorflow/stream_executor/dso_loader.cc:108] successfully opened CUDA library libcufft.so locally
I tensorflow/stream_executor/dso_loader.cc:108] successfully opened CUDA library libcuda.so locally
I tensorflow/stream_executor/dso_loader.cc:108] successfully opened CUDA library libcurand.so locally
E tensorflow/stream_executor/cuda/cuda_driver.cc:491] failed call to cuInit: CUDA_ERROR_NO_DEVICE
I tensorflow/stream_executor/cuda/cuda_diagnostics.cc:140] kernel driver does not appear to be running on this host (node012.cm.cluster): /proc/driver/nvidia/version does not exist
I tensorflow/core/common_runtime/gpu/gpu_init.cc:81] No GPU devices available on machine.
print sys.argv = ['main_nn.py', '2915577', '259', 'om_2x2_1_cosx1_plus_x2_depth2', 'task_2_August_HBF2_depth_2_1000_dont_train_S', 'HBF2_6_6_multiple_1000', 'True', '6,6', 'multiple_S', 'task_f2d_2x2_1_cosx1_plus_x2_depth2', 'False', 'False', 'hbf', 'data_trunc_norm_kern', 'dont_normalize', 'dont_train_S']
len(sys.argv) = 16
print argv = ['main_nn.py', '2915577', '259', 'om_2x2_1_cosx1_plus_x2_depth2', 'task_2_August_HBF2_depth_2_1000_dont_train_S', 'HBF2_6_6_multiple_1000', 'True', '6,6', 'multiple_S', 'task_f2d_2x2_1_cosx1_plus_x2_depth2', 'False', 'False', 'hbf', 'data_trunc_norm_kern', 'dont_normalize', 'dont_train_S']
len(argv) = 16
---------> len(argv) 16
['main_nn.py', '2915577', '259', 'om_2x2_1_cosx1_plus_x2_depth2', 'task_2_August_HBF2_depth_2_1000_dont_train_S', 'HBF2_6_6_multiple_1000', 'True', '6,6', 'multiple_S', 'task_f2d_2x2_1_cosx1_plus_x2_depth2', 'False', 'False', 'hbf', 'data_trunc_norm_kern', 'dont_normalize', 'dont_train_S']
2.8
mdl_type:  hbf
['main_nn.py', '2915577', '259', 'om_2x2_1_cosx1_plus_x2_depth2', 'task_2_August_HBF2_depth_2_1000_dont_train_S', 'HBF2_6_6_multiple_1000', 'True', '6,6', 'multiple_S', 'task_f2d_2x2_1_cosx1_plus_x2_depth2', 'False', 'False', 'hbf', 'data_trunc_norm_kern', 'dont_normalize', 'dont_train_S']
use_tensorboard False
experiment_root_dir=om_2x2_1_cosx1_plus_x2_depth2,slurm_jobid=2915577,slurm_array_task_id=259,job_name=HBF2_6_6_multiple_1000
----====> TASK NAME: task_f2d_2x2_1_cosx1_plus_x2_depth2
---> task_name:  task_f2d_2x2_1_cosx1_plus_x2_depth2
(N_train,D) =  (60025, 2)
(N_test,D_out) =  (60025, 1)
CLUSTER:  OM7
++> S/b_init  [None, 0.4177551, 2.119132029151625]
++++> M (batch size) : 17000
++> starter_learning_rate  0.000124985553332
++> decay_rate  0.717658129569
++> decay_steps  7470
++> staircase  True
-----> Running model: hbf. (nb_hidden_layers = 2, nb_layers = 3)
-----> Units: [2, 6, 6, 1])
train_S_type:  multiple_S
data_trunc_norm_kern
6.56311116339
DONE INITILIZING
[None, <tf.Tensor 'Const:0' shape=(2, 6) dtype=float64>, <tf.Tensor 'truncated_normal:0' shape=(6, 6) dtype=float64>]
isinstance
--> init_S:  Tensor("Const_1:0", shape=(6,), dtype=float64)
--> trainable_S:  False
isinstance
--> init_S:  Tensor("Const_2:0", shape=(6,), dtype=float64)
--> trainable_S:  False
('>', 'Mdl*hbf2*-units[2, 6, 6, 1], task: task_f2d_2x2_1_cosx1_plus_x2_depth2, step 0/5107, train err 19.2178, cv err: 19.3989 test err 19.2722')
('>', 'Opt:Adam, BN False, BN_trainable: False After0/5107 iteration,Init: data_trunc_norm_kern')
S:  [None, <tf.Tensor 'Const_1:0' shape=(6,) dtype=float64>, <tf.Tensor 'Const_2:0' shape=(6,) dtype=float64>]
('>', 'Mdl*hbf2*-units[2, 6, 6, 1], task: task_f2d_2x2_1_cosx1_plus_x2_depth2, step 50/5107, train err 18.5175, cv err: 18.6877 test err 18.563')
('>', 'Opt:Adam, BN False, BN_trainable: False After50/5107 iteration,Init: data_trunc_norm_kern')
S:  [None, <tf.Tensor 'Const_1:0' shape=(6,) dtype=float64>, <tf.Tensor 'Const_2:0' shape=(6,) dtype=float64>]
('>', 'Mdl*hbf2*-units[2, 6, 6, 1], task: task_f2d_2x2_1_cosx1_plus_x2_depth2, step 100/5107, train err 17.8433, cv err: 18.003 test err 17.8802')
('>', 'Opt:Adam, BN False, BN_trainable: False After100/5107 iteration,Init: data_trunc_norm_kern')
S:  [None, <tf.Tensor 'Const_1:0' shape=(6,) dtype=float64>, <tf.Tensor 'Const_2:0' shape=(6,) dtype=float64>]
('>', 'Mdl*hbf2*-units[2, 6, 6, 1], task: task_f2d_2x2_1_cosx1_plus_x2_depth2, step 150/5107, train err 17.1947, cv err: 17.3441 test err 17.2237')
('>', 'Opt:Adam, BN False, BN_trainable: False After150/5107 iteration,Init: data_trunc_norm_kern')
S:  [None, <tf.Tensor 'Const_1:0' shape=(6,) dtype=float64>, <tf.Tensor 'Const_2:0' shape=(6,) dtype=float64>]
('>', 'Mdl*hbf2*-units[2, 6, 6, 1], task: task_f2d_2x2_1_cosx1_plus_x2_depth2, step 200/5107, train err 16.5721, cv err: 16.7117 test err 16.5936')
('>', 'Opt:Adam, BN False, BN_trainable: False After200/5107 iteration,Init: data_trunc_norm_kern')
S:  [None, <tf.Tensor 'Const_1:0' shape=(6,) dtype=float64>, <tf.Tensor 'Const_2:0' shape=(6,) dtype=float64>]
('>', 'Mdl*hbf2*-units[2, 6, 6, 1], task: task_f2d_2x2_1_cosx1_plus_x2_depth2, step 250/5107, train err 15.9747, cv err: 16.1048 test err 15.9891')
('>', 'Opt:Adam, BN False, BN_trainable: False After250/5107 iteration,Init: data_trunc_norm_kern')
S:  [None, <tf.Tensor 'Const_1:0' shape=(6,) dtype=float64>, <tf.Tensor 'Const_2:0' shape=(6,) dtype=float64>]
('>', 'Mdl*hbf2*-units[2, 6, 6, 1], task: task_f2d_2x2_1_cosx1_plus_x2_depth2, step 300/5107, train err 15.4011, cv err: 15.5219 test err 15.4087')
('>', 'Opt:Adam, BN False, BN_trainable: False After300/5107 iteration,Init: data_trunc_norm_kern')
S:  [None, <tf.Tensor 'Const_1:0' shape=(6,) dtype=float64>, <tf.Tensor 'Const_2:0' shape=(6,) dtype=float64>]
('>', 'Mdl*hbf2*-units[2, 6, 6, 1], task: task_f2d_2x2_1_cosx1_plus_x2_depth2, step 350/5107, train err 14.8515, cv err: 14.9634 test err 14.853')
('>', 'Opt:Adam, BN False, BN_trainable: False After350/5107 iteration,Init: data_trunc_norm_kern')
S:  [None, <tf.Tensor 'Const_1:0' shape=(6,) dtype=float64>, <tf.Tensor 'Const_2:0' shape=(6,) dtype=float64>]
('>', 'Mdl*hbf2*-units[2, 6, 6, 1], task: task_f2d_2x2_1_cosx1_plus_x2_depth2, step 400/5107, train err 14.3252, cv err: 14.4283 test err 14.3207')
('>', 'Opt:Adam, BN False, BN_trainable: False After400/5107 iteration,Init: data_trunc_norm_kern')
S:  [None, <tf.Tensor 'Const_1:0' shape=(6,) dtype=float64>, <tf.Tensor 'Const_2:0' shape=(6,) dtype=float64>]
('>', 'Mdl*hbf2*-units[2, 6, 6, 1], task: task_f2d_2x2_1_cosx1_plus_x2_depth2, step 450/5107, train err 13.8223, cv err: 13.9171 test err 13.8125')
('>', 'Opt:Adam, BN False, BN_trainable: False After450/5107 iteration,Init: data_trunc_norm_kern')
S:  [None, <tf.Tensor 'Const_1:0' shape=(6,) dtype=float64>, <tf.Tensor 'Const_2:0' shape=(6,) dtype=float64>]
('>', 'Mdl*hbf2*-units[2, 6, 6, 1], task: task_f2d_2x2_1_cosx1_plus_x2_depth2, step 500/5107, train err 13.3409, cv err: 13.4274 test err 13.3261')
('>', 'Opt:Adam, BN False, BN_trainable: False After500/5107 iteration,Init: data_trunc_norm_kern')
S:  [None, <tf.Tensor 'Const_1:0' shape=(6,) dtype=float64>, <tf.Tensor 'Const_2:0' shape=(6,) dtype=float64>]
('>', 'Mdl*hbf2*-units[2, 6, 6, 1], task: task_f2d_2x2_1_cosx1_plus_x2_depth2, step 550/5107, train err 12.8816, cv err: 12.96 test err 12.8622')
('>', 'Opt:Adam, BN False, BN_trainable: False After550/5107 iteration,Init: data_trunc_norm_kern')
S:  [None, <tf.Tensor 'Const_1:0' shape=(6,) dtype=float64>, <tf.Tensor 'Const_2:0' shape=(6,) dtype=float64>]
('>', 'Mdl*hbf2*-units[2, 6, 6, 1], task: task_f2d_2x2_1_cosx1_plus_x2_depth2, step 600/5107, train err 12.4436, cv err: 12.5141 test err 12.4199')
('>', 'Opt:Adam, BN False, BN_trainable: False After600/5107 iteration,Init: data_trunc_norm_kern')
S:  [None, <tf.Tensor 'Const_1:0' shape=(6,) dtype=float64>, <tf.Tensor 'Const_2:0' shape=(6,) dtype=float64>]
('>', 'Mdl*hbf2*-units[2, 6, 6, 1], task: task_f2d_2x2_1_cosx1_plus_x2_depth2, step 650/5107, train err 12.0266, cv err: 12.0891 test err 11.9988')
('>', 'Opt:Adam, BN False, BN_trainable: False After650/5107 iteration,Init: data_trunc_norm_kern')
S:  [None, <tf.Tensor 'Const_1:0' shape=(6,) dtype=float64>, <tf.Tensor 'Const_2:0' shape=(6,) dtype=float64>]
('>', 'Mdl*hbf2*-units[2, 6, 6, 1], task: task_f2d_2x2_1_cosx1_plus_x2_depth2, step 700/5107, train err 11.6293, cv err: 11.6841 test err 11.5979')
('>', 'Opt:Adam, BN False, BN_trainable: False After700/5107 iteration,Init: data_trunc_norm_kern')
S:  [None, <tf.Tensor 'Const_1:0' shape=(6,) dtype=float64>, <tf.Tensor 'Const_2:0' shape=(6,) dtype=float64>]
('>', 'Mdl*hbf2*-units[2, 6, 6, 1], task: task_f2d_2x2_1_cosx1_plus_x2_depth2, step 750/5107, train err 11.2522, cv err: 11.2993 test err 11.2173')
('>', 'Opt:Adam, BN False, BN_trainable: False After750/5107 iteration,Init: data_trunc_norm_kern')
S:  [None, <tf.Tensor 'Const_1:0' shape=(6,) dtype=float64>, <tf.Tensor 'Const_2:0' shape=(6,) dtype=float64>]
('>', 'Mdl*hbf2*-units[2, 6, 6, 1], task: task_f2d_2x2_1_cosx1_plus_x2_depth2, step 800/5107, train err 10.895, cv err: 10.9343 test err 10.8567')
('>', 'Opt:Adam, BN False, BN_trainable: False After800/5107 iteration,Init: data_trunc_norm_kern')
S:  [None, <tf.Tensor 'Const_1:0' shape=(6,) dtype=float64>, <tf.Tensor 'Const_2:0' shape=(6,) dtype=float64>]
('>', 'Mdl*hbf2*-units[2, 6, 6, 1], task: task_f2d_2x2_1_cosx1_plus_x2_depth2, step 850/5107, train err 10.5566, cv err: 10.5883 test err 10.5152')
('>', 'Opt:Adam, BN False, BN_trainable: False After850/5107 iteration,Init: data_trunc_norm_kern')
S:  [None, <tf.Tensor 'Const_1:0' shape=(6,) dtype=float64>, <tf.Tensor 'Const_2:0' shape=(6,) dtype=float64>]
('>', 'Mdl*hbf2*-units[2, 6, 6, 1], task: task_f2d_2x2_1_cosx1_plus_x2_depth2, step 900/5107, train err 10.2359, cv err: 10.26 test err 10.1915')
('>', 'Opt:Adam, BN False, BN_trainable: False After900/5107 iteration,Init: data_trunc_norm_kern')
S:  [None, <tf.Tensor 'Const_1:0' shape=(6,) dtype=float64>, <tf.Tensor 'Const_2:0' shape=(6,) dtype=float64>]
('>', 'Mdl*hbf2*-units[2, 6, 6, 1], task: task_f2d_2x2_1_cosx1_plus_x2_depth2, step 950/5107, train err 9.93317, cv err: 9.94964 test err 9.88595')
('>', 'Opt:Adam, BN False, BN_trainable: False After950/5107 iteration,Init: data_trunc_norm_kern')
S:  [None, <tf.Tensor 'Const_1:0' shape=(6,) dtype=float64>, <tf.Tensor 'Const_2:0' shape=(6,) dtype=float64>]
('>', 'Mdl*hbf2*-units[2, 6, 6, 1], task: task_f2d_2x2_1_cosx1_plus_x2_depth2, step 1000/5107, train err 9.64757, cv err: 9.6565 test err 9.59765')
('>', 'Opt:Adam, BN False, BN_trainable: False After1000/5107 iteration,Init: data_trunc_norm_kern')
S:  [None, <tf.Tensor 'Const_1:0' shape=(6,) dtype=float64>, <tf.Tensor 'Const_2:0' shape=(6,) dtype=float64>]
('>', 'Mdl*hbf2*-units[2, 6, 6, 1], task: task_f2d_2x2_1_cosx1_plus_x2_depth2, step 1050/5107, train err 9.37909, cv err: 9.38057 test err 9.32661')
('>', 'Opt:Adam, BN False, BN_trainable: False After1050/5107 iteration,Init: data_trunc_norm_kern')
S:  [None, <tf.Tensor 'Const_1:0' shape=(6,) dtype=float64>, <tf.Tensor 'Const_2:0' shape=(6,) dtype=float64>]
('>', 'Mdl*hbf2*-units[2, 6, 6, 1], task: task_f2d_2x2_1_cosx1_plus_x2_depth2, step 1100/5107, train err 9.12656, cv err: 9.1207 test err 9.07165')
('>', 'Opt:Adam, BN False, BN_trainable: False After1100/5107 iteration,Init: data_trunc_norm_kern')
S:  [None, <tf.Tensor 'Const_1:0' shape=(6,) dtype=float64>, <tf.Tensor 'Const_2:0' shape=(6,) dtype=float64>]
('>', 'Mdl*hbf2*-units[2, 6, 6, 1], task: task_f2d_2x2_1_cosx1_plus_x2_depth2, step 1150/5107, train err 8.88895, cv err: 8.87583 test err 8.83178')
('>', 'Opt:Adam, BN False, BN_trainable: False After1150/5107 iteration,Init: data_trunc_norm_kern')
S:  [None, <tf.Tensor 'Const_1:0' shape=(6,) dtype=float64>, <tf.Tensor 'Const_2:0' shape=(6,) dtype=float64>]
('>', 'Mdl*hbf2*-units[2, 6, 6, 1], task: task_f2d_2x2_1_cosx1_plus_x2_depth2, step 1200/5107, train err 8.66691, cv err: 8.64667 test err 8.60755')
('>', 'Opt:Adam, BN False, BN_trainable: False After1200/5107 iteration,Init: data_trunc_norm_kern')
S:  [None, <tf.Tensor 'Const_1:0' shape=(6,) dtype=float64>, <tf.Tensor 'Const_2:0' shape=(6,) dtype=float64>]
('>', 'Mdl*hbf2*-units[2, 6, 6, 1], task: task_f2d_2x2_1_cosx1_plus_x2_depth2, step 1250/5107, train err 8.45902, cv err: 8.43181 test err 8.39759')
('>', 'Opt:Adam, BN False, BN_trainable: False After1250/5107 iteration,Init: data_trunc_norm_kern')
S:  [None, <tf.Tensor 'Const_1:0' shape=(6,) dtype=float64>, <tf.Tensor 'Const_2:0' shape=(6,) dtype=float64>]
('>', 'Mdl*hbf2*-units[2, 6, 6, 1], task: task_f2d_2x2_1_cosx1_plus_x2_depth2, step 1300/5107, train err 8.26437, cv err: 8.23033 test err 8.20096')
('>', 'Opt:Adam, BN False, BN_trainable: False After1300/5107 iteration,Init: data_trunc_norm_kern')
S:  [None, <tf.Tensor 'Const_1:0' shape=(6,) dtype=float64>, <tf.Tensor 'Const_2:0' shape=(6,) dtype=float64>]
('>', 'Mdl*hbf2*-units[2, 6, 6, 1], task: task_f2d_2x2_1_cosx1_plus_x2_depth2, step 1350/5107, train err 8.08237, cv err: 8.04169 test err 8.01707')
('>', 'Opt:Adam, BN False, BN_trainable: False After1350/5107 iteration,Init: data_trunc_norm_kern')
S:  [None, <tf.Tensor 'Const_1:0' shape=(6,) dtype=float64>, <tf.Tensor 'Const_2:0' shape=(6,) dtype=float64>]
('>', 'Mdl*hbf2*-units[2, 6, 6, 1], task: task_f2d_2x2_1_cosx1_plus_x2_depth2, step 1400/5107, train err 7.91186, cv err: 7.86466 test err 7.84474')
('>', 'Opt:Adam, BN False, BN_trainable: False After1400/5107 iteration,Init: data_trunc_norm_kern')
S:  [None, <tf.Tensor 'Const_1:0' shape=(6,) dtype=float64>, <tf.Tensor 'Const_2:0' shape=(6,) dtype=float64>]
('>', 'Mdl*hbf2*-units[2, 6, 6, 1], task: task_f2d_2x2_1_cosx1_plus_x2_depth2, step 1450/5107, train err 7.75292, cv err: 7.69939 test err 7.68406')
('>', 'Opt:Adam, BN False, BN_trainable: False After1450/5107 iteration,Init: data_trunc_norm_kern')
S:  [None, <tf.Tensor 'Const_1:0' shape=(6,) dtype=float64>, <tf.Tensor 'Const_2:0' shape=(6,) dtype=float64>]
('>', 'Mdl*hbf2*-units[2, 6, 6, 1], task: task_f2d_2x2_1_cosx1_plus_x2_depth2, step 1500/5107, train err 7.60429, cv err: 7.54455 test err 7.53367')
('>', 'Opt:Adam, BN False, BN_trainable: False After1500/5107 iteration,Init: data_trunc_norm_kern')
S:  [None, <tf.Tensor 'Const_1:0' shape=(6,) dtype=float64>, <tf.Tensor 'Const_2:0' shape=(6,) dtype=float64>]
('>', 'Mdl*hbf2*-units[2, 6, 6, 1], task: task_f2d_2x2_1_cosx1_plus_x2_depth2, step 1550/5107, train err 7.4651, cv err: 7.39935 test err 7.39278')
('>', 'Opt:Adam, BN False, BN_trainable: False After1550/5107 iteration,Init: data_trunc_norm_kern')
S:  [None, <tf.Tensor 'Const_1:0' shape=(6,) dtype=float64>, <tf.Tensor 'Const_2:0' shape=(6,) dtype=float64>]
('>', 'Mdl*hbf2*-units[2, 6, 6, 1], task: task_f2d_2x2_1_cosx1_plus_x2_depth2, step 1600/5107, train err 7.3355, cv err: 7.26389 test err 7.26142')
('>', 'Opt:Adam, BN False, BN_trainable: False After1600/5107 iteration,Init: data_trunc_norm_kern')
S:  [None, <tf.Tensor 'Const_1:0' shape=(6,) dtype=float64>, <tf.Tensor 'Const_2:0' shape=(6,) dtype=float64>]
('>', 'Mdl*hbf2*-units[2, 6, 6, 1], task: task_f2d_2x2_1_cosx1_plus_x2_depth2, step 1650/5107, train err 7.21491, cv err: 7.13755 test err 7.139')
('>', 'Opt:Adam, BN False, BN_trainable: False After1650/5107 iteration,Init: data_trunc_norm_kern')
S:  [None, <tf.Tensor 'Const_1:0' shape=(6,) dtype=float64>, <tf.Tensor 'Const_2:0' shape=(6,) dtype=float64>]
('>', 'Mdl*hbf2*-units[2, 6, 6, 1], task: task_f2d_2x2_1_cosx1_plus_x2_depth2, step 1700/5107, train err 7.10218, cv err: 7.01923 test err 7.02442')
('>', 'Opt:Adam, BN False, BN_trainable: False After1700/5107 iteration,Init: data_trunc_norm_kern')
S:  [None, <tf.Tensor 'Const_1:0' shape=(6,) dtype=float64>, <tf.Tensor 'Const_2:0' shape=(6,) dtype=float64>]
('>', 'Mdl*hbf2*-units[2, 6, 6, 1], task: task_f2d_2x2_1_cosx1_plus_x2_depth2, step 1750/5107, train err 6.99693, cv err: 6.9086 test err 6.91729')
('>', 'Opt:Adam, BN False, BN_trainable: False After1750/5107 iteration,Init: data_trunc_norm_kern')
S:  [None, <tf.Tensor 'Const_1:0' shape=(6,) dtype=float64>, <tf.Tensor 'Const_2:0' shape=(6,) dtype=float64>]
('>', 'Mdl*hbf2*-units[2, 6, 6, 1], task: task_f2d_2x2_1_cosx1_plus_x2_depth2, step 1800/5107, train err 6.89923, cv err: 6.80566 test err 6.8177')
('>', 'Opt:Adam, BN False, BN_trainable: False After1800/5107 iteration,Init: data_trunc_norm_kern')
S:  [None, <tf.Tensor 'Const_1:0' shape=(6,) dtype=float64>, <tf.Tensor 'Const_2:0' shape=(6,) dtype=float64>]
('>', 'Mdl*hbf2*-units[2, 6, 6, 1], task: task_f2d_2x2_1_cosx1_plus_x2_depth2, step 1850/5107, train err 6.8074, cv err: 6.70877 test err 6.724')
('>', 'Opt:Adam, BN False, BN_trainable: False After1850/5107 iteration,Init: data_trunc_norm_kern')
S:  [None, <tf.Tensor 'Const_1:0' shape=(6,) dtype=float64>, <tf.Tensor 'Const_2:0' shape=(6,) dtype=float64>]
('>', 'Mdl*hbf2*-units[2, 6, 6, 1], task: task_f2d_2x2_1_cosx1_plus_x2_depth2, step 1900/5107, train err 6.7223, cv err: 6.61881 test err 6.63694')
('>', 'Opt:Adam, BN False, BN_trainable: False After1900/5107 iteration,Init: data_trunc_norm_kern')
S:  [None, <tf.Tensor 'Const_1:0' shape=(6,) dtype=float64>, <tf.Tensor 'Const_2:0' shape=(6,) dtype=float64>]
('>', 'Mdl*hbf2*-units[2, 6, 6, 1], task: task_f2d_2x2_1_cosx1_plus_x2_depth2, step 1950/5107, train err 6.64299, cv err: 6.53485 test err 6.55572')
('>', 'Opt:Adam, BN False, BN_trainable: False After1950/5107 iteration,Init: data_trunc_norm_kern')
S:  [None, <tf.Tensor 'Const_1:0' shape=(6,) dtype=float64>, <tf.Tensor 'Const_2:0' shape=(6,) dtype=float64>]
('>', 'Mdl*hbf2*-units[2, 6, 6, 1], task: task_f2d_2x2_1_cosx1_plus_x2_depth2, step 2000/5107, train err 6.56944, cv err: 6.4569 test err 6.48031')
('>', 'Opt:Adam, BN False, BN_trainable: False After2000/5107 iteration,Init: data_trunc_norm_kern')
S:  [None, <tf.Tensor 'Const_1:0' shape=(6,) dtype=float64>, <tf.Tensor 'Const_2:0' shape=(6,) dtype=float64>]
('>', 'Mdl*hbf2*-units[2, 6, 6, 1], task: task_f2d_2x2_1_cosx1_plus_x2_depth2, step 2050/5107, train err 6.5015, cv err: 6.38479 test err 6.41065')
('>', 'Opt:Adam, BN False, BN_trainable: False After2050/5107 iteration,Init: data_trunc_norm_kern')
S:  [None, <tf.Tensor 'Const_1:0' shape=(6,) dtype=float64>, <tf.Tensor 'Const_2:0' shape=(6,) dtype=float64>]
('>', 'Mdl*hbf2*-units[2, 6, 6, 1], task: task_f2d_2x2_1_cosx1_plus_x2_depth2, step 2100/5107, train err 6.43846, cv err: 6.31785 test err 6.34584')
('>', 'Opt:Adam, BN False, BN_trainable: False After2100/5107 iteration,Init: data_trunc_norm_kern')
S:  [None, <tf.Tensor 'Const_1:0' shape=(6,) dtype=float64>, <tf.Tensor 'Const_2:0' shape=(6,) dtype=float64>]
('>', 'Mdl*hbf2*-units[2, 6, 6, 1], task: task_f2d_2x2_1_cosx1_plus_x2_depth2, step 2150/5107, train err 6.38038, cv err: 6.25609 test err 6.2861')
('>', 'Opt:Adam, BN False, BN_trainable: False After2150/5107 iteration,Init: data_trunc_norm_kern')
S:  [None, <tf.Tensor 'Const_1:0' shape=(6,) dtype=float64>, <tf.Tensor 'Const_2:0' shape=(6,) dtype=float64>]
('>', 'Mdl*hbf2*-units[2, 6, 6, 1], task: task_f2d_2x2_1_cosx1_plus_x2_depth2, step 2200/5107, train err 6.32699, cv err: 6.19933 test err 6.23118')
('>', 'Opt:Adam, BN False, BN_trainable: False After2200/5107 iteration,Init: data_trunc_norm_kern')
S:  [None, <tf.Tensor 'Const_1:0' shape=(6,) dtype=float64>, <tf.Tensor 'Const_2:0' shape=(6,) dtype=float64>]
('>', 'Mdl*hbf2*-units[2, 6, 6, 1], task: task_f2d_2x2_1_cosx1_plus_x2_depth2, step 2250/5107, train err 6.27821, cv err: 6.14743 test err 6.18098')
('>', 'Opt:Adam, BN False, BN_trainable: False After2250/5107 iteration,Init: data_trunc_norm_kern')
S:  [None, <tf.Tensor 'Const_1:0' shape=(6,) dtype=float64>, <tf.Tensor 'Const_2:0' shape=(6,) dtype=float64>]
('>', 'Mdl*hbf2*-units[2, 6, 6, 1], task: task_f2d_2x2_1_cosx1_plus_x2_depth2, step 2300/5107, train err 6.23319, cv err: 6.09955 test err 6.13468')
('>', 'Opt:Adam, BN False, BN_trainable: False After2300/5107 iteration,Init: data_trunc_norm_kern')
S:  [None, <tf.Tensor 'Const_1:0' shape=(6,) dtype=float64>, <tf.Tensor 'Const_2:0' shape=(6,) dtype=float64>]
('>', 'Mdl*hbf2*-units[2, 6, 6, 1], task: task_f2d_2x2_1_cosx1_plus_x2_depth2, step 2350/5107, train err 6.19197, cv err: 6.0557 test err 6.09214')
('>', 'Opt:Adam, BN False, BN_trainable: False After2350/5107 iteration,Init: data_trunc_norm_kern')
S:  [None, <tf.Tensor 'Const_1:0' shape=(6,) dtype=float64>, <tf.Tensor 'Const_2:0' shape=(6,) dtype=float64>]
('>', 'Mdl*hbf2*-units[2, 6, 6, 1], task: task_f2d_2x2_1_cosx1_plus_x2_depth2, step 2400/5107, train err 6.15502, cv err: 6.01638 test err 6.05405')
('>', 'Opt:Adam, BN False, BN_trainable: False After2400/5107 iteration,Init: data_trunc_norm_kern')
S:  [None, <tf.Tensor 'Const_1:0' shape=(6,) dtype=float64>, <tf.Tensor 'Const_2:0' shape=(6,) dtype=float64>]
('>', 'Mdl*hbf2*-units[2, 6, 6, 1], task: task_f2d_2x2_1_cosx1_plus_x2_depth2, step 2450/5107, train err 6.12085, cv err: 5.98006 test err 6.01887')
('>', 'Opt:Adam, BN False, BN_trainable: False After2450/5107 iteration,Init: data_trunc_norm_kern')
S:  [None, <tf.Tensor 'Const_1:0' shape=(6,) dtype=float64>, <tf.Tensor 'Const_2:0' shape=(6,) dtype=float64>]
('>', 'Mdl*hbf2*-units[2, 6, 6, 1], task: task_f2d_2x2_1_cosx1_plus_x2_depth2, step 2500/5107, train err 6.08977, cv err: 5.94699 test err 5.98691')
('>', 'Opt:Adam, BN False, BN_trainable: False After2500/5107 iteration,Init: data_trunc_norm_kern')
S:  [None, <tf.Tensor 'Const_1:0' shape=(6,) dtype=float64>, <tf.Tensor 'Const_2:0' shape=(6,) dtype=float64>]
('>', 'Mdl*hbf2*-units[2, 6, 6, 1], task: task_f2d_2x2_1_cosx1_plus_x2_depth2, step 2550/5107, train err 6.06187, cv err: 5.91732 test err 5.95811')
('>', 'Opt:Adam, BN False, BN_trainable: False After2550/5107 iteration,Init: data_trunc_norm_kern')
S:  [None, <tf.Tensor 'Const_1:0' shape=(6,) dtype=float64>, <tf.Tensor 'Const_2:0' shape=(6,) dtype=float64>]
('>', 'Mdl*hbf2*-units[2, 6, 6, 1], task: task_f2d_2x2_1_cosx1_plus_x2_depth2, step 2600/5107, train err 6.0366, cv err: 5.89046 test err 5.93225')
('>', 'Opt:Adam, BN False, BN_trainable: False After2600/5107 iteration,Init: data_trunc_norm_kern')
S:  [None, <tf.Tensor 'Const_1:0' shape=(6,) dtype=float64>, <tf.Tensor 'Const_2:0' shape=(6,) dtype=float64>]
('>', 'Mdl*hbf2*-units[2, 6, 6, 1], task: task_f2d_2x2_1_cosx1_plus_x2_depth2, step 2650/5107, train err 6.01381, cv err: 5.8663 test err 5.90901')
('>', 'Opt:Adam, BN False, BN_trainable: False After2650/5107 iteration,Init: data_trunc_norm_kern')
S:  [None, <tf.Tensor 'Const_1:0' shape=(6,) dtype=float64>, <tf.Tensor 'Const_2:0' shape=(6,) dtype=float64>]
('>', 'Mdl*hbf2*-units[2, 6, 6, 1], task: task_f2d_2x2_1_cosx1_plus_x2_depth2, step 2700/5107, train err 5.99316, cv err: 5.8444 test err 5.88778')
('>', 'Opt:Adam, BN False, BN_trainable: False After2700/5107 iteration,Init: data_trunc_norm_kern')
S:  [None, <tf.Tensor 'Const_1:0' shape=(6,) dtype=float64>, <tf.Tensor 'Const_2:0' shape=(6,) dtype=float64>]
('>', 'Mdl*hbf2*-units[2, 6, 6, 1], task: task_f2d_2x2_1_cosx1_plus_x2_depth2, step 2750/5107, train err 5.97487, cv err: 5.82506 test err 5.86918')
('>', 'Opt:Adam, BN False, BN_trainable: False After2750/5107 iteration,Init: data_trunc_norm_kern')
S:  [None, <tf.Tensor 'Const_1:0' shape=(6,) dtype=float64>, <tf.Tensor 'Const_2:0' shape=(6,) dtype=float64>]
('>', 'Mdl*hbf2*-units[2, 6, 6, 1], task: task_f2d_2x2_1_cosx1_plus_x2_depth2, step 2800/5107, train err 5.95813, cv err: 5.80737 test err 5.85211')
('>', 'Opt:Adam, BN False, BN_trainable: False After2800/5107 iteration,Init: data_trunc_norm_kern')
S:  [None, <tf.Tensor 'Const_1:0' shape=(6,) dtype=float64>, <tf.Tensor 'Const_2:0' shape=(6,) dtype=float64>]
('>', 'Mdl*hbf2*-units[2, 6, 6, 1], task: task_f2d_2x2_1_cosx1_plus_x2_depth2, step 2850/5107, train err 5.94324, cv err: 5.79169 test err 5.83701')
('>', 'Opt:Adam, BN False, BN_trainable: False After2850/5107 iteration,Init: data_trunc_norm_kern')
S:  [None, <tf.Tensor 'Const_1:0' shape=(6,) dtype=float64>, <tf.Tensor 'Const_2:0' shape=(6,) dtype=float64>]
('>', 'Mdl*hbf2*-units[2, 6, 6, 1], task: task_f2d_2x2_1_cosx1_plus_x2_depth2, step 2900/5107, train err 5.92981, cv err: 5.7776 test err 5.82353')
('>', 'Opt:Adam, BN False, BN_trainable: False After2900/5107 iteration,Init: data_trunc_norm_kern')
S:  [None, <tf.Tensor 'Const_1:0' shape=(6,) dtype=float64>, <tf.Tensor 'Const_2:0' shape=(6,) dtype=float64>]
('>', 'Mdl*hbf2*-units[2, 6, 6, 1], task: task_f2d_2x2_1_cosx1_plus_x2_depth2, step 2950/5107, train err 5.91784, cv err: 5.76512 test err 5.81166')
('>', 'Opt:Adam, BN False, BN_trainable: False After2950/5107 iteration,Init: data_trunc_norm_kern')
S:  [None, <tf.Tensor 'Const_1:0' shape=(6,) dtype=float64>, <tf.Tensor 'Const_2:0' shape=(6,) dtype=float64>]
('>', 'Mdl*hbf2*-units[2, 6, 6, 1], task: task_f2d_2x2_1_cosx1_plus_x2_depth2, step 3000/5107, train err 5.90745, cv err: 5.75437 test err 5.80133')
('>', 'Opt:Adam, BN False, BN_trainable: False After3000/5107 iteration,Init: data_trunc_norm_kern')
S:  [None, <tf.Tensor 'Const_1:0' shape=(6,) dtype=float64>, <tf.Tensor 'Const_2:0' shape=(6,) dtype=float64>]
('>', 'Mdl*hbf2*-units[2, 6, 6, 1], task: task_f2d_2x2_1_cosx1_plus_x2_depth2, step 3050/5107, train err 5.89776, cv err: 5.74439 test err 5.79179')
('>', 'Opt:Adam, BN False, BN_trainable: False After3050/5107 iteration,Init: data_trunc_norm_kern')
S:  [None, <tf.Tensor 'Const_1:0' shape=(6,) dtype=float64>, <tf.Tensor 'Const_2:0' shape=(6,) dtype=float64>]
('>', 'Mdl*hbf2*-units[2, 6, 6, 1], task: task_f2d_2x2_1_cosx1_plus_x2_depth2, step 3100/5107, train err 5.8892, cv err: 5.73565 test err 5.78339')
('>', 'Opt:Adam, BN False, BN_trainable: False After3100/5107 iteration,Init: data_trunc_norm_kern')
S:  [None, <tf.Tensor 'Const_1:0' shape=(6,) dtype=float64>, <tf.Tensor 'Const_2:0' shape=(6,) dtype=float64>]
('>', 'Mdl*hbf2*-units[2, 6, 6, 1], task: task_f2d_2x2_1_cosx1_plus_x2_depth2, step 3150/5107, train err 5.88198, cv err: 5.72842 test err 5.77652')
('>', 'Opt:Adam, BN False, BN_trainable: False After3150/5107 iteration,Init: data_trunc_norm_kern')
S:  [None, <tf.Tensor 'Const_1:0' shape=(6,) dtype=float64>, <tf.Tensor 'Const_2:0' shape=(6,) dtype=float64>]
('>', 'Mdl*hbf2*-units[2, 6, 6, 1], task: task_f2d_2x2_1_cosx1_plus_x2_depth2, step 3200/5107, train err 5.87553, cv err: 5.72198 test err 5.77024')
('>', 'Opt:Adam, BN False, BN_trainable: False After3200/5107 iteration,Init: data_trunc_norm_kern')
S:  [None, <tf.Tensor 'Const_1:0' shape=(6,) dtype=float64>, <tf.Tensor 'Const_2:0' shape=(6,) dtype=float64>]
('>', 'Mdl*hbf2*-units[2, 6, 6, 1], task: task_f2d_2x2_1_cosx1_plus_x2_depth2, step 3250/5107, train err 5.86965, cv err: 5.71626 test err 5.7648')
('>', 'Opt:Adam, BN False, BN_trainable: False After3250/5107 iteration,Init: data_trunc_norm_kern')
S:  [None, <tf.Tensor 'Const_1:0' shape=(6,) dtype=float64>, <tf.Tensor 'Const_2:0' shape=(6,) dtype=float64>]
('>', 'Mdl*hbf2*-units[2, 6, 6, 1], task: task_f2d_2x2_1_cosx1_plus_x2_depth2, step 3300/5107, train err 5.8647, cv err: 5.71146 test err 5.75993')
('>', 'Opt:Adam, BN False, BN_trainable: False After3300/5107 iteration,Init: data_trunc_norm_kern')
S:  [None, <tf.Tensor 'Const_1:0' shape=(6,) dtype=float64>, <tf.Tensor 'Const_2:0' shape=(6,) dtype=float64>]
('>', 'Mdl*hbf2*-units[2, 6, 6, 1], task: task_f2d_2x2_1_cosx1_plus_x2_depth2, step 3350/5107, train err 5.86049, cv err: 5.70751 test err 5.75588')
('>', 'Opt:Adam, BN False, BN_trainable: False After3350/5107 iteration,Init: data_trunc_norm_kern')
S:  [None, <tf.Tensor 'Const_1:0' shape=(6,) dtype=float64>, <tf.Tensor 'Const_2:0' shape=(6,) dtype=float64>]
('>', 'Mdl*hbf2*-units[2, 6, 6, 1], task: task_f2d_2x2_1_cosx1_plus_x2_depth2, step 3400/5107, train err 5.85683, cv err: 5.70414 test err 5.75238')
('>', 'Opt:Adam, BN False, BN_trainable: False After3400/5107 iteration,Init: data_trunc_norm_kern')
S:  [None, <tf.Tensor 'Const_1:0' shape=(6,) dtype=float64>, <tf.Tensor 'Const_2:0' shape=(6,) dtype=float64>]
('>', 'Mdl*hbf2*-units[2, 6, 6, 1], task: task_f2d_2x2_1_cosx1_plus_x2_depth2, step 3450/5107, train err 5.85359, cv err: 5.70131 test err 5.74943')
('>', 'Opt:Adam, BN False, BN_trainable: False After3450/5107 iteration,Init: data_trunc_norm_kern')
S:  [None, <tf.Tensor 'Const_1:0' shape=(6,) dtype=float64>, <tf.Tensor 'Const_2:0' shape=(6,) dtype=float64>]
('>', 'Mdl*hbf2*-units[2, 6, 6, 1], task: task_f2d_2x2_1_cosx1_plus_x2_depth2, step 3500/5107, train err 5.8507, cv err: 5.69882 test err 5.74667')
('>', 'Opt:Adam, BN False, BN_trainable: False After3500/5107 iteration,Init: data_trunc_norm_kern')
S:  [None, <tf.Tensor 'Const_1:0' shape=(6,) dtype=float64>, <tf.Tensor 'Const_2:0' shape=(6,) dtype=float64>]
('>', 'Mdl*hbf2*-units[2, 6, 6, 1], task: task_f2d_2x2_1_cosx1_plus_x2_depth2, step 3550/5107, train err 5.84816, cv err: 5.69669 test err 5.74418')
('>', 'Opt:Adam, BN False, BN_trainable: False After3550/5107 iteration,Init: data_trunc_norm_kern')
S:  [None, <tf.Tensor 'Const_1:0' shape=(6,) dtype=float64>, <tf.Tensor 'Const_2:0' shape=(6,) dtype=float64>]
('>', 'Mdl*hbf2*-units[2, 6, 6, 1], task: task_f2d_2x2_1_cosx1_plus_x2_depth2, step 3600/5107, train err 5.84586, cv err: 5.69486 test err 5.74193')
('>', 'Opt:Adam, BN False, BN_trainable: False After3600/5107 iteration,Init: data_trunc_norm_kern')
S:  [None, <tf.Tensor 'Const_1:0' shape=(6,) dtype=float64>, <tf.Tensor 'Const_2:0' shape=(6,) dtype=float64>]
('>', 'Mdl*hbf2*-units[2, 6, 6, 1], task: task_f2d_2x2_1_cosx1_plus_x2_depth2, step 3650/5107, train err 5.84389, cv err: 5.69331 test err 5.73981')
('>', 'Opt:Adam, BN False, BN_trainable: False After3650/5107 iteration,Init: data_trunc_norm_kern')
S:  [None, <tf.Tensor 'Const_1:0' shape=(6,) dtype=float64>, <tf.Tensor 'Const_2:0' shape=(6,) dtype=float64>]
('>', 'Mdl*hbf2*-units[2, 6, 6, 1], task: task_f2d_2x2_1_cosx1_plus_x2_depth2, step 3700/5107, train err 5.84252, cv err: 5.69251 test err 5.7384')
('>', 'Opt:Adam, BN False, BN_trainable: False After3700/5107 iteration,Init: data_trunc_norm_kern')
S:  [None, <tf.Tensor 'Const_1:0' shape=(6,) dtype=float64>, <tf.Tensor 'Const_2:0' shape=(6,) dtype=float64>]
('>', 'Mdl*hbf2*-units[2, 6, 6, 1], task: task_f2d_2x2_1_cosx1_plus_x2_depth2, step 3750/5107, train err 5.84102, cv err: 5.6915 test err 5.73668')
('>', 'Opt:Adam, BN False, BN_trainable: False After3750/5107 iteration,Init: data_trunc_norm_kern')
S:  [None, <tf.Tensor 'Const_1:0' shape=(6,) dtype=float64>, <tf.Tensor 'Const_2:0' shape=(6,) dtype=float64>]
('>', 'Mdl*hbf2*-units[2, 6, 6, 1], task: task_f2d_2x2_1_cosx1_plus_x2_depth2, step 3800/5107, train err 5.83976, cv err: 5.69075 test err 5.7351')
('>', 'Opt:Adam, BN False, BN_trainable: False After3800/5107 iteration,Init: data_trunc_norm_kern')
S:  [None, <tf.Tensor 'Const_1:0' shape=(6,) dtype=float64>, <tf.Tensor 'Const_2:0' shape=(6,) dtype=float64>]
('>', 'Mdl*hbf2*-units[2, 6, 6, 1], task: task_f2d_2x2_1_cosx1_plus_x2_depth2, step 3850/5107, train err 5.83863, cv err: 5.69016 test err 5.73368')
('>', 'Opt:Adam, BN False, BN_trainable: False After3850/5107 iteration,Init: data_trunc_norm_kern')
S:  [None, <tf.Tensor 'Const_1:0' shape=(6,) dtype=float64>, <tf.Tensor 'Const_2:0' shape=(6,) dtype=float64>]
('>', 'Mdl*hbf2*-units[2, 6, 6, 1], task: task_f2d_2x2_1_cosx1_plus_x2_depth2, step 3900/5107, train err 5.83776, cv err: 5.68976 test err 5.73231')
('>', 'Opt:Adam, BN False, BN_trainable: False After3900/5107 iteration,Init: data_trunc_norm_kern')
S:  [None, <tf.Tensor 'Const_1:0' shape=(6,) dtype=float64>, <tf.Tensor 'Const_2:0' shape=(6,) dtype=float64>]
('>', 'Mdl*hbf2*-units[2, 6, 6, 1], task: task_f2d_2x2_1_cosx1_plus_x2_depth2, step 3950/5107, train err 5.83695, cv err: 5.68943 test err 5.73095')
('>', 'Opt:Adam, BN False, BN_trainable: False After3950/5107 iteration,Init: data_trunc_norm_kern')
S:  [None, <tf.Tensor 'Const_1:0' shape=(6,) dtype=float64>, <tf.Tensor 'Const_2:0' shape=(6,) dtype=float64>]
('>', 'Mdl*hbf2*-units[2, 6, 6, 1], task: task_f2d_2x2_1_cosx1_plus_x2_depth2, step 4000/5107, train err 5.83621, cv err: 5.68928 test err 5.72985')
('>', 'Opt:Adam, BN False, BN_trainable: False After4000/5107 iteration,Init: data_trunc_norm_kern')
S:  [None, <tf.Tensor 'Const_1:0' shape=(6,) dtype=float64>, <tf.Tensor 'Const_2:0' shape=(6,) dtype=float64>]
('>', 'Mdl*hbf2*-units[2, 6, 6, 1], task: task_f2d_2x2_1_cosx1_plus_x2_depth2, step 4050/5107, train err 5.83517, cv err: 5.68875 test err 5.72826')
('>', 'Opt:Adam, BN False, BN_trainable: False After4050/5107 iteration,Init: data_trunc_norm_kern')
S:  [None, <tf.Tensor 'Const_1:0' shape=(6,) dtype=float64>, <tf.Tensor 'Const_2:0' shape=(6,) dtype=float64>]
('>', 'Mdl*hbf2*-units[2, 6, 6, 1], task: task_f2d_2x2_1_cosx1_plus_x2_depth2, step 4100/5107, train err 5.83457, cv err: 5.68869 test err 5.72708')
('>', 'Opt:Adam, BN False, BN_trainable: False After4100/5107 iteration,Init: data_trunc_norm_kern')
S:  [None, <tf.Tensor 'Const_1:0' shape=(6,) dtype=float64>, <tf.Tensor 'Const_2:0' shape=(6,) dtype=float64>]
('>', 'Mdl*hbf2*-units[2, 6, 6, 1], task: task_f2d_2x2_1_cosx1_plus_x2_depth2, step 4150/5107, train err 5.83409, cv err: 5.68866 test err 5.72576')
('>', 'Opt:Adam, BN False, BN_trainable: False After4150/5107 iteration,Init: data_trunc_norm_kern')
S:  [None, <tf.Tensor 'Const_1:0' shape=(6,) dtype=float64>, <tf.Tensor 'Const_2:0' shape=(6,) dtype=float64>]
('>', 'Mdl*hbf2*-units[2, 6, 6, 1], task: task_f2d_2x2_1_cosx1_plus_x2_depth2, step 4200/5107, train err 5.83376, cv err: 5.68885 test err 5.72464')
('>', 'Opt:Adam, BN False, BN_trainable: False After4200/5107 iteration,Init: data_trunc_norm_kern')
S:  [None, <tf.Tensor 'Const_1:0' shape=(6,) dtype=float64>, <tf.Tensor 'Const_2:0' shape=(6,) dtype=float64>]
('>', 'Mdl*hbf2*-units[2, 6, 6, 1], task: task_f2d_2x2_1_cosx1_plus_x2_depth2, step 4250/5107, train err 5.83364, cv err: 5.68923 test err 5.72364')
('>', 'Opt:Adam, BN False, BN_trainable: False After4250/5107 iteration,Init: data_trunc_norm_kern')
S:  [None, <tf.Tensor 'Const_1:0' shape=(6,) dtype=float64>, <tf.Tensor 'Const_2:0' shape=(6,) dtype=float64>]
('>', 'Mdl*hbf2*-units[2, 6, 6, 1], task: task_f2d_2x2_1_cosx1_plus_x2_depth2, step 4300/5107, train err 5.83329, cv err: 5.68927 test err 5.72225')
('>', 'Opt:Adam, BN False, BN_trainable: False After4300/5107 iteration,Init: data_trunc_norm_kern')
S:  [None, <tf.Tensor 'Const_1:0' shape=(6,) dtype=float64>, <tf.Tensor 'Const_2:0' shape=(6,) dtype=float64>]
('>', 'Mdl*hbf2*-units[2, 6, 6, 1], task: task_f2d_2x2_1_cosx1_plus_x2_depth2, step 4350/5107, train err 5.83256, cv err: 5.68904 test err 5.72079')
('>', 'Opt:Adam, BN False, BN_trainable: False After4350/5107 iteration,Init: data_trunc_norm_kern')
S:  [None, <tf.Tensor 'Const_1:0' shape=(6,) dtype=float64>, <tf.Tensor 'Const_2:0' shape=(6,) dtype=float64>]
('>', 'Mdl*hbf2*-units[2, 6, 6, 1], task: task_f2d_2x2_1_cosx1_plus_x2_depth2, step 4400/5107, train err 5.8322, cv err: 5.6892 test err 5.71956')
('>', 'Opt:Adam, BN False, BN_trainable: False After4400/5107 iteration,Init: data_trunc_norm_kern')
S:  [None, <tf.Tensor 'Const_1:0' shape=(6,) dtype=float64>, <tf.Tensor 'Const_2:0' shape=(6,) dtype=float64>]
('>', 'Mdl*hbf2*-units[2, 6, 6, 1], task: task_f2d_2x2_1_cosx1_plus_x2_depth2, step 4450/5107, train err 5.83161, cv err: 5.68913 test err 5.71813')
('>', 'Opt:Adam, BN False, BN_trainable: False After4450/5107 iteration,Init: data_trunc_norm_kern')
S:  [None, <tf.Tensor 'Const_1:0' shape=(6,) dtype=float64>, <tf.Tensor 'Const_2:0' shape=(6,) dtype=float64>]
('>', 'Mdl*hbf2*-units[2, 6, 6, 1], task: task_f2d_2x2_1_cosx1_plus_x2_depth2, step 4500/5107, train err 5.83138, cv err: 5.68936 test err 5.71689')
('>', 'Opt:Adam, BN False, BN_trainable: False After4500/5107 iteration,Init: data_trunc_norm_kern')
S:  [None, <tf.Tensor 'Const_1:0' shape=(6,) dtype=float64>, <tf.Tensor 'Const_2:0' shape=(6,) dtype=float64>]
('>', 'Mdl*hbf2*-units[2, 6, 6, 1], task: task_f2d_2x2_1_cosx1_plus_x2_depth2, step 4550/5107, train err 5.83108, cv err: 5.6896 test err 5.71567')
('>', 'Opt:Adam, BN False, BN_trainable: False After4550/5107 iteration,Init: data_trunc_norm_kern')
S:  [None, <tf.Tensor 'Const_1:0' shape=(6,) dtype=float64>, <tf.Tensor 'Const_2:0' shape=(6,) dtype=float64>]
('>', 'Mdl*hbf2*-units[2, 6, 6, 1], task: task_f2d_2x2_1_cosx1_plus_x2_depth2, step 4600/5107, train err 5.83126, cv err: 5.69035 test err 5.71485')
('>', 'Opt:Adam, BN False, BN_trainable: False After4600/5107 iteration,Init: data_trunc_norm_kern')
S:  [None, <tf.Tensor 'Const_1:0' shape=(6,) dtype=float64>, <tf.Tensor 'Const_2:0' shape=(6,) dtype=float64>]
('>', 'Mdl*hbf2*-units[2, 6, 6, 1], task: task_f2d_2x2_1_cosx1_plus_x2_depth2, step 4650/5107, train err 5.8317, cv err: 5.69144 test err 5.71435')
('>', 'Opt:Adam, BN False, BN_trainable: False After4650/5107 iteration,Init: data_trunc_norm_kern')
S:  [None, <tf.Tensor 'Const_1:0' shape=(6,) dtype=float64>, <tf.Tensor 'Const_2:0' shape=(6,) dtype=float64>]
('>', 'Mdl*hbf2*-units[2, 6, 6, 1], task: task_f2d_2x2_1_cosx1_plus_x2_depth2, step 4700/5107, train err 5.83171, cv err: 5.69206 test err 5.71348')
('>', 'Opt:Adam, BN False, BN_trainable: False After4700/5107 iteration,Init: data_trunc_norm_kern')
S:  [None, <tf.Tensor 'Const_1:0' shape=(6,) dtype=float64>, <tf.Tensor 'Const_2:0' shape=(6,) dtype=float64>]
('>', 'Mdl*hbf2*-units[2, 6, 6, 1], task: task_f2d_2x2_1_cosx1_plus_x2_depth2, step 4750/5107, train err 5.83164, cv err: 5.69259 test err 5.71249')
('>', 'Opt:Adam, BN False, BN_trainable: False After4750/5107 iteration,Init: data_trunc_norm_kern')
S:  [None, <tf.Tensor 'Const_1:0' shape=(6,) dtype=float64>, <tf.Tensor 'Const_2:0' shape=(6,) dtype=float64>]
('>', 'Mdl*hbf2*-units[2, 6, 6, 1], task: task_f2d_2x2_1_cosx1_plus_x2_depth2, step 4800/5107, train err 5.8314, cv err: 5.69299 test err 5.71143')
('>', 'Opt:Adam, BN False, BN_trainable: False After4800/5107 iteration,Init: data_trunc_norm_kern')
S:  [None, <tf.Tensor 'Const_1:0' shape=(6,) dtype=float64>, <tf.Tensor 'Const_2:0' shape=(6,) dtype=float64>]
('>', 'Mdl*hbf2*-units[2, 6, 6, 1], task: task_f2d_2x2_1_cosx1_plus_x2_depth2, step 4850/5107, train err 5.83206, cv err: 5.69448 test err 5.71136')
('>', 'Opt:Adam, BN False, BN_trainable: False After4850/5107 iteration,Init: data_trunc_norm_kern')
S:  [None, <tf.Tensor 'Const_1:0' shape=(6,) dtype=float64>, <tf.Tensor 'Const_2:0' shape=(6,) dtype=float64>]
('>', 'Mdl*hbf2*-units[2, 6, 6, 1], task: task_f2d_2x2_1_cosx1_plus_x2_depth2, step 4900/5107, train err 5.83259, cv err: 5.69574 test err 5.711')
('>', 'Opt:Adam, BN False, BN_trainable: False After4900/5107 iteration,Init: data_trunc_norm_kern')
S:  [None, <tf.Tensor 'Const_1:0' shape=(6,) dtype=float64>, <tf.Tensor 'Const_2:0' shape=(6,) dtype=float64>]
('>', 'Mdl*hbf2*-units[2, 6, 6, 1], task: task_f2d_2x2_1_cosx1_plus_x2_depth2, step 4950/5107, train err 5.833, cv err: 5.69702 test err 5.71079')
('>', 'Opt:Adam, BN False, BN_trainable: False After4950/5107 iteration,Init: data_trunc_norm_kern')
S:  [None, <tf.Tensor 'Const_1:0' shape=(6,) dtype=float64>, <tf.Tensor 'Const_2:0' shape=(6,) dtype=float64>]
('>', 'Mdl*hbf2*-units[2, 6, 6, 1], task: task_f2d_2x2_1_cosx1_plus_x2_depth2, step 5000/5107, train err 5.83306, cv err: 5.69788 test err 5.71021')
('>', 'Opt:Adam, BN False, BN_trainable: False After5000/5107 iteration,Init: data_trunc_norm_kern')
S:  [None, <tf.Tensor 'Const_1:0' shape=(6,) dtype=float64>, <tf.Tensor 'Const_2:0' shape=(6,) dtype=float64>]
('>', 'Mdl*hbf2*-units[2, 6, 6, 1], task: task_f2d_2x2_1_cosx1_plus_x2_depth2, step 5050/5107, train err 5.83348, cv err: 5.69922 test err 5.71007')
('>', 'Opt:Adam, BN False, BN_trainable: False After5050/5107 iteration,Init: data_trunc_norm_kern')
S:  [None, <tf.Tensor 'Const_1:0' shape=(6,) dtype=float64>, <tf.Tensor 'Const_2:0' shape=(6,) dtype=float64>]
('>', 'Mdl*hbf2*-units[2, 6, 6, 1], task: task_f2d_2x2_1_cosx1_plus_x2_depth2, step 5100/5107, train err 5.83412, cv err: 5.70073 test err 5.71003')
('>', 'Opt:Adam, BN False, BN_trainable: False After5100/5107 iteration,Init: data_trunc_norm_kern')
S:  [None, <tf.Tensor 'Const_1:0' shape=(6,) dtype=float64>, <tf.Tensor 'Const_2:0' shape=(6,) dtype=float64>]
--- 292.597503901 seconds ---
--- 4.87662506501 minutes ---
--- 0.0812770844168 hours ---


