I tensorflow/stream_executor/dso_loader.cc:108] successfully opened CUDA library libcublas.so locally
I tensorflow/stream_executor/dso_loader.cc:102] Couldn't open CUDA library libcudnn.so. LD_LIBRARY_PATH: /cm/shared/openmind/cuda/7.5/lib64:/cm/shared/openmind/cuda/7.5/lib
I tensorflow/stream_executor/cuda/cuda_dnn.cc:2092] Unable to load cuDNN DSO
I tensorflow/stream_executor/dso_loader.cc:108] successfully opened CUDA library libcufft.so locally
I tensorflow/stream_executor/dso_loader.cc:108] successfully opened CUDA library libcuda.so locally
I tensorflow/stream_executor/dso_loader.cc:108] successfully opened CUDA library libcurand.so locally
E tensorflow/stream_executor/cuda/cuda_driver.cc:491] failed call to cuInit: CUDA_ERROR_NO_DEVICE
I tensorflow/stream_executor/cuda/cuda_diagnostics.cc:140] kernel driver does not appear to be running on this host (node008.cm.cluster): /proc/driver/nvidia/version does not exist
I tensorflow/core/common_runtime/gpu/gpu_init.cc:81] No GPU devices available on machine.
print sys.argv = ['main_nn.py', '2916518', '185', 'om_2x2_1_cosx1_plus_x2_depth2', 'task_2_August_HBF2_depth_2_1000_dont_train_S', 'HBF2_24_24_multiple_1000', 'True', '24,24', 'multiple_S', 'task_f2d_2x2_1_cosx1_plus_x2_depth2', 'False', 'False', 'hbf', 'data_trunc_norm_kern', 'dont_normalize', 'dont_train_S']
len(sys.argv) = 16
print argv = ['main_nn.py', '2916518', '185', 'om_2x2_1_cosx1_plus_x2_depth2', 'task_2_August_HBF2_depth_2_1000_dont_train_S', 'HBF2_24_24_multiple_1000', 'True', '24,24', 'multiple_S', 'task_f2d_2x2_1_cosx1_plus_x2_depth2', 'False', 'False', 'hbf', 'data_trunc_norm_kern', 'dont_normalize', 'dont_train_S']
len(argv) = 16
---------> len(argv) 16
['main_nn.py', '2916518', '185', 'om_2x2_1_cosx1_plus_x2_depth2', 'task_2_August_HBF2_depth_2_1000_dont_train_S', 'HBF2_24_24_multiple_1000', 'True', '24,24', 'multiple_S', 'task_f2d_2x2_1_cosx1_plus_x2_depth2', 'False', 'False', 'hbf', 'data_trunc_norm_kern', 'dont_normalize', 'dont_train_S']
2.8
mdl_type:  hbf
['main_nn.py', '2916518', '185', 'om_2x2_1_cosx1_plus_x2_depth2', 'task_2_August_HBF2_depth_2_1000_dont_train_S', 'HBF2_24_24_multiple_1000', 'True', '24,24', 'multiple_S', 'task_f2d_2x2_1_cosx1_plus_x2_depth2', 'False', 'False', 'hbf', 'data_trunc_norm_kern', 'dont_normalize', 'dont_train_S']
use_tensorboard False
experiment_root_dir=om_2x2_1_cosx1_plus_x2_depth2,slurm_jobid=2916518,slurm_array_task_id=185,job_name=HBF2_24_24_multiple_1000
----====> TASK NAME: task_f2d_2x2_1_cosx1_plus_x2_depth2
---> task_name:  task_f2d_2x2_1_cosx1_plus_x2_depth2
(N_train,D) =  (60025, 2)
(N_test,D_out) =  (60025, 1)
CLUSTER:  OM7
++> S/b_init  [None, 0.4177551, 2.463031762116062]
++++> M (batch size) : 17000
++> starter_learning_rate  0.00494717455988
++> decay_rate  0.976536343168
++> decay_steps  16443
++> staircase  True
-----> Running model: hbf. (nb_hidden_layers = 2, nb_layers = 3)
-----> Units: [2, 24, 24, 1])
train_S_type:  multiple_S
data_trunc_norm_kern
5.14825994197
DONE INITILIZING
[None, <tf.Tensor 'Const:0' shape=(2, 24) dtype=float64>, <tf.Tensor 'truncated_normal:0' shape=(24, 24) dtype=float64>]
isinstance
--> init_S:  Tensor("Const_1:0", shape=(24,), dtype=float64)
--> trainable_S:  False
isinstance
--> init_S:  Tensor("Const_2:0", shape=(24,), dtype=float64)
--> trainable_S:  False
('>', 'Mdl*hbf2*-units[2, 24, 24, 1], task: task_f2d_2x2_1_cosx1_plus_x2_depth2, step 0/5679, train err 9.02511, cv err: 8.76563 test err 8.74333')
('>', 'Opt:Adam, BN False, BN_trainable: False After0/5679 iteration,Init: data_trunc_norm_kern')
S:  [None, <tf.Tensor 'Const_1:0' shape=(24,) dtype=float64>, <tf.Tensor 'Const_2:0' shape=(24,) dtype=float64>]
('>', 'Mdl*hbf2*-units[2, 24, 24, 1], task: task_f2d_2x2_1_cosx1_plus_x2_depth2, step 50/5679, train err 6.75158, cv err: 6.53034 test err 6.71514')
('>', 'Opt:Adam, BN False, BN_trainable: False After50/5679 iteration,Init: data_trunc_norm_kern')
S:  [None, <tf.Tensor 'Const_1:0' shape=(24,) dtype=float64>, <tf.Tensor 'Const_2:0' shape=(24,) dtype=float64>]
('>', 'Mdl*hbf2*-units[2, 24, 24, 1], task: task_f2d_2x2_1_cosx1_plus_x2_depth2, step 100/5679, train err 6.77305, cv err: 6.60941 test err 6.77849')
('>', 'Opt:Adam, BN False, BN_trainable: False After100/5679 iteration,Init: data_trunc_norm_kern')
S:  [None, <tf.Tensor 'Const_1:0' shape=(24,) dtype=float64>, <tf.Tensor 'Const_2:0' shape=(24,) dtype=float64>]
('>', 'Mdl*hbf2*-units[2, 24, 24, 1], task: task_f2d_2x2_1_cosx1_plus_x2_depth2, step 150/5679, train err 6.95857, cv err: 6.86958 test err 6.81253')
('>', 'Opt:Adam, BN False, BN_trainable: False After150/5679 iteration,Init: data_trunc_norm_kern')
S:  [None, <tf.Tensor 'Const_1:0' shape=(24,) dtype=float64>, <tf.Tensor 'Const_2:0' shape=(24,) dtype=float64>]
('>', 'Mdl*hbf2*-units[2, 24, 24, 1], task: task_f2d_2x2_1_cosx1_plus_x2_depth2, step 200/5679, train err 7.89325, cv err: 7.99043 test err 7.73672')
('>', 'Opt:Adam, BN False, BN_trainable: False After200/5679 iteration,Init: data_trunc_norm_kern')
S:  [None, <tf.Tensor 'Const_1:0' shape=(24,) dtype=float64>, <tf.Tensor 'Const_2:0' shape=(24,) dtype=float64>]
('>', 'Mdl*hbf2*-units[2, 24, 24, 1], task: task_f2d_2x2_1_cosx1_plus_x2_depth2, step 250/5679, train err 8.65146, cv err: 8.87113 test err 8.6206')
('>', 'Opt:Adam, BN False, BN_trainable: False After250/5679 iteration,Init: data_trunc_norm_kern')
S:  [None, <tf.Tensor 'Const_1:0' shape=(24,) dtype=float64>, <tf.Tensor 'Const_2:0' shape=(24,) dtype=float64>]
('>', 'Mdl*hbf2*-units[2, 24, 24, 1], task: task_f2d_2x2_1_cosx1_plus_x2_depth2, step 300/5679, train err 9.34355, cv err: 9.60846 test err 9.3846')
('>', 'Opt:Adam, BN False, BN_trainable: False After300/5679 iteration,Init: data_trunc_norm_kern')
S:  [None, <tf.Tensor 'Const_1:0' shape=(24,) dtype=float64>, <tf.Tensor 'Const_2:0' shape=(24,) dtype=float64>]
('>', 'Mdl*hbf2*-units[2, 24, 24, 1], task: task_f2d_2x2_1_cosx1_plus_x2_depth2, step 350/5679, train err 8.78876, cv err: 9.03869 test err 8.84733')
('>', 'Opt:Adam, BN False, BN_trainable: False After350/5679 iteration,Init: data_trunc_norm_kern')
S:  [None, <tf.Tensor 'Const_1:0' shape=(24,) dtype=float64>, <tf.Tensor 'Const_2:0' shape=(24,) dtype=float64>]
('>', 'Mdl*hbf2*-units[2, 24, 24, 1], task: task_f2d_2x2_1_cosx1_plus_x2_depth2, step 400/5679, train err 8.22168, cv err: 8.54998 test err 8.40496')
('>', 'Opt:Adam, BN False, BN_trainable: False After400/5679 iteration,Init: data_trunc_norm_kern')
S:  [None, <tf.Tensor 'Const_1:0' shape=(24,) dtype=float64>, <tf.Tensor 'Const_2:0' shape=(24,) dtype=float64>]
('>', 'Mdl*hbf2*-units[2, 24, 24, 1], task: task_f2d_2x2_1_cosx1_plus_x2_depth2, step 450/5679, train err 7.47168, cv err: 7.76673 test err 7.72198')
('>', 'Opt:Adam, BN False, BN_trainable: False After450/5679 iteration,Init: data_trunc_norm_kern')
S:  [None, <tf.Tensor 'Const_1:0' shape=(24,) dtype=float64>, <tf.Tensor 'Const_2:0' shape=(24,) dtype=float64>]
('>', 'Mdl*hbf2*-units[2, 24, 24, 1], task: task_f2d_2x2_1_cosx1_plus_x2_depth2, step 500/5679, train err 7.26102, cv err: 7.48581 test err 7.46531')
('>', 'Opt:Adam, BN False, BN_trainable: False After500/5679 iteration,Init: data_trunc_norm_kern')
S:  [None, <tf.Tensor 'Const_1:0' shape=(24,) dtype=float64>, <tf.Tensor 'Const_2:0' shape=(24,) dtype=float64>]
('>', 'Mdl*hbf2*-units[2, 24, 24, 1], task: task_f2d_2x2_1_cosx1_plus_x2_depth2, step 550/5679, train err 7.41243, cv err: 7.58015 test err 7.62254')
('>', 'Opt:Adam, BN False, BN_trainable: False After550/5679 iteration,Init: data_trunc_norm_kern')
S:  [None, <tf.Tensor 'Const_1:0' shape=(24,) dtype=float64>, <tf.Tensor 'Const_2:0' shape=(24,) dtype=float64>]
('>', 'Mdl*hbf2*-units[2, 24, 24, 1], task: task_f2d_2x2_1_cosx1_plus_x2_depth2, step 600/5679, train err 7.20741, cv err: 7.30639 test err 7.41947')
('>', 'Opt:Adam, BN False, BN_trainable: False After600/5679 iteration,Init: data_trunc_norm_kern')
S:  [None, <tf.Tensor 'Const_1:0' shape=(24,) dtype=float64>, <tf.Tensor 'Const_2:0' shape=(24,) dtype=float64>]
('>', 'Mdl*hbf2*-units[2, 24, 24, 1], task: task_f2d_2x2_1_cosx1_plus_x2_depth2, step 650/5679, train err 7.40406, cv err: 7.51893 test err 7.60685')
('>', 'Opt:Adam, BN False, BN_trainable: False After650/5679 iteration,Init: data_trunc_norm_kern')
S:  [None, <tf.Tensor 'Const_1:0' shape=(24,) dtype=float64>, <tf.Tensor 'Const_2:0' shape=(24,) dtype=float64>]
('>', 'Mdl*hbf2*-units[2, 24, 24, 1], task: task_f2d_2x2_1_cosx1_plus_x2_depth2, step 700/5679, train err 7.17449, cv err: 7.2753 test err 7.37981')
('>', 'Opt:Adam, BN False, BN_trainable: False After700/5679 iteration,Init: data_trunc_norm_kern')
S:  [None, <tf.Tensor 'Const_1:0' shape=(24,) dtype=float64>, <tf.Tensor 'Const_2:0' shape=(24,) dtype=float64>]
('>', 'Mdl*hbf2*-units[2, 24, 24, 1], task: task_f2d_2x2_1_cosx1_plus_x2_depth2, step 750/5679, train err 7.24387, cv err: 7.36888 test err 7.44607')
('>', 'Opt:Adam, BN False, BN_trainable: False After750/5679 iteration,Init: data_trunc_norm_kern')
S:  [None, <tf.Tensor 'Const_1:0' shape=(24,) dtype=float64>, <tf.Tensor 'Const_2:0' shape=(24,) dtype=float64>]
('>', 'Mdl*hbf2*-units[2, 24, 24, 1], task: task_f2d_2x2_1_cosx1_plus_x2_depth2, step 800/5679, train err 7.1188, cv err: 7.24125 test err 7.33671')
('>', 'Opt:Adam, BN False, BN_trainable: False After800/5679 iteration,Init: data_trunc_norm_kern')
S:  [None, <tf.Tensor 'Const_1:0' shape=(24,) dtype=float64>, <tf.Tensor 'Const_2:0' shape=(24,) dtype=float64>]
('>', 'Mdl*hbf2*-units[2, 24, 24, 1], task: task_f2d_2x2_1_cosx1_plus_x2_depth2, step 850/5679, train err 7.02982, cv err: 7.15836 test err 7.26093')
('>', 'Opt:Adam, BN False, BN_trainable: False After850/5679 iteration,Init: data_trunc_norm_kern')
S:  [None, <tf.Tensor 'Const_1:0' shape=(24,) dtype=float64>, <tf.Tensor 'Const_2:0' shape=(24,) dtype=float64>]
('>', 'Mdl*hbf2*-units[2, 24, 24, 1], task: task_f2d_2x2_1_cosx1_plus_x2_depth2, step 900/5679, train err 7.16251, cv err: 7.31617 test err 7.39429')
('>', 'Opt:Adam, BN False, BN_trainable: False After900/5679 iteration,Init: data_trunc_norm_kern')
S:  [None, <tf.Tensor 'Const_1:0' shape=(24,) dtype=float64>, <tf.Tensor 'Const_2:0' shape=(24,) dtype=float64>]
('>', 'Mdl*hbf2*-units[2, 24, 24, 1], task: task_f2d_2x2_1_cosx1_plus_x2_depth2, step 950/5679, train err 6.90138, cv err: 7.03578 test err 7.15757')
('>', 'Opt:Adam, BN False, BN_trainable: False After950/5679 iteration,Init: data_trunc_norm_kern')
S:  [None, <tf.Tensor 'Const_1:0' shape=(24,) dtype=float64>, <tf.Tensor 'Const_2:0' shape=(24,) dtype=float64>]
('>', 'Mdl*hbf2*-units[2, 24, 24, 1], task: task_f2d_2x2_1_cosx1_plus_x2_depth2, step 1000/5679, train err 6.87201, cv err: 7.01091 test err 7.13951')
('>', 'Opt:Adam, BN False, BN_trainable: False After1000/5679 iteration,Init: data_trunc_norm_kern')
S:  [None, <tf.Tensor 'Const_1:0' shape=(24,) dtype=float64>, <tf.Tensor 'Const_2:0' shape=(24,) dtype=float64>]
('>', 'Mdl*hbf2*-units[2, 24, 24, 1], task: task_f2d_2x2_1_cosx1_plus_x2_depth2, step 1050/5679, train err 6.76382, cv err: 6.88746 test err 7.05621')
('>', 'Opt:Adam, BN False, BN_trainable: False After1050/5679 iteration,Init: data_trunc_norm_kern')
S:  [None, <tf.Tensor 'Const_1:0' shape=(24,) dtype=float64>, <tf.Tensor 'Const_2:0' shape=(24,) dtype=float64>]
('>', 'Mdl*hbf2*-units[2, 24, 24, 1], task: task_f2d_2x2_1_cosx1_plus_x2_depth2, step 1100/5679, train err 6.57818, cv err: 6.6816 test err 6.88981')
('>', 'Opt:Adam, BN False, BN_trainable: False After1100/5679 iteration,Init: data_trunc_norm_kern')
S:  [None, <tf.Tensor 'Const_1:0' shape=(24,) dtype=float64>, <tf.Tensor 'Const_2:0' shape=(24,) dtype=float64>]
('>', 'Mdl*hbf2*-units[2, 24, 24, 1], task: task_f2d_2x2_1_cosx1_plus_x2_depth2, step 1150/5679, train err 6.57296, cv err: 6.68543 test err 6.90305')
('>', 'Opt:Adam, BN False, BN_trainable: False After1150/5679 iteration,Init: data_trunc_norm_kern')
S:  [None, <tf.Tensor 'Const_1:0' shape=(24,) dtype=float64>, <tf.Tensor 'Const_2:0' shape=(24,) dtype=float64>]
('>', 'Mdl*hbf2*-units[2, 24, 24, 1], task: task_f2d_2x2_1_cosx1_plus_x2_depth2, step 1200/5679, train err 6.50765, cv err: 6.61927 test err 6.84621')
('>', 'Opt:Adam, BN False, BN_trainable: False After1200/5679 iteration,Init: data_trunc_norm_kern')
S:  [None, <tf.Tensor 'Const_1:0' shape=(24,) dtype=float64>, <tf.Tensor 'Const_2:0' shape=(24,) dtype=float64>]
('>', 'Mdl*hbf2*-units[2, 24, 24, 1], task: task_f2d_2x2_1_cosx1_plus_x2_depth2, step 1250/5679, train err 6.42037, cv err: 6.51405 test err 6.78466')
('>', 'Opt:Adam, BN False, BN_trainable: False After1250/5679 iteration,Init: data_trunc_norm_kern')
S:  [None, <tf.Tensor 'Const_1:0' shape=(24,) dtype=float64>, <tf.Tensor 'Const_2:0' shape=(24,) dtype=float64>]
('>', 'Mdl*hbf2*-units[2, 24, 24, 1], task: task_f2d_2x2_1_cosx1_plus_x2_depth2, step 1300/5679, train err 6.40283, cv err: 6.49011 test err 6.79291')
('>', 'Opt:Adam, BN False, BN_trainable: False After1300/5679 iteration,Init: data_trunc_norm_kern')
S:  [None, <tf.Tensor 'Const_1:0' shape=(24,) dtype=float64>, <tf.Tensor 'Const_2:0' shape=(24,) dtype=float64>]
('>', 'Mdl*hbf2*-units[2, 24, 24, 1], task: task_f2d_2x2_1_cosx1_plus_x2_depth2, step 1350/5679, train err 6.38065, cv err: 6.47313 test err 6.76402')
('>', 'Opt:Adam, BN False, BN_trainable: False After1350/5679 iteration,Init: data_trunc_norm_kern')
S:  [None, <tf.Tensor 'Const_1:0' shape=(24,) dtype=float64>, <tf.Tensor 'Const_2:0' shape=(24,) dtype=float64>]
('>', 'Mdl*hbf2*-units[2, 24, 24, 1], task: task_f2d_2x2_1_cosx1_plus_x2_depth2, step 1400/5679, train err 6.35007, cv err: 6.43513 test err 6.76634')
('>', 'Opt:Adam, BN False, BN_trainable: False After1400/5679 iteration,Init: data_trunc_norm_kern')
S:  [None, <tf.Tensor 'Const_1:0' shape=(24,) dtype=float64>, <tf.Tensor 'Const_2:0' shape=(24,) dtype=float64>]
('>', 'Mdl*hbf2*-units[2, 24, 24, 1], task: task_f2d_2x2_1_cosx1_plus_x2_depth2, step 1450/5679, train err 6.37588, cv err: 6.45846 test err 6.80056')
('>', 'Opt:Adam, BN False, BN_trainable: False After1450/5679 iteration,Init: data_trunc_norm_kern')
S:  [None, <tf.Tensor 'Const_1:0' shape=(24,) dtype=float64>, <tf.Tensor 'Const_2:0' shape=(24,) dtype=float64>]
('>', 'Mdl*hbf2*-units[2, 24, 24, 1], task: task_f2d_2x2_1_cosx1_plus_x2_depth2, step 1500/5679, train err 6.39306, cv err: 6.47884 test err 6.84426')
('>', 'Opt:Adam, BN False, BN_trainable: False After1500/5679 iteration,Init: data_trunc_norm_kern')
S:  [None, <tf.Tensor 'Const_1:0' shape=(24,) dtype=float64>, <tf.Tensor 'Const_2:0' shape=(24,) dtype=float64>]
('>', 'Mdl*hbf2*-units[2, 24, 24, 1], task: task_f2d_2x2_1_cosx1_plus_x2_depth2, step 1550/5679, train err 6.57844, cv err: 6.66391 test err 7.0429')
('>', 'Opt:Adam, BN False, BN_trainable: False After1550/5679 iteration,Init: data_trunc_norm_kern')
S:  [None, <tf.Tensor 'Const_1:0' shape=(24,) dtype=float64>, <tf.Tensor 'Const_2:0' shape=(24,) dtype=float64>]
('>', 'Mdl*hbf2*-units[2, 24, 24, 1], task: task_f2d_2x2_1_cosx1_plus_x2_depth2, step 1600/5679, train err 6.49041, cv err: 6.57778 test err 6.94988')
('>', 'Opt:Adam, BN False, BN_trainable: False After1600/5679 iteration,Init: data_trunc_norm_kern')
S:  [None, <tf.Tensor 'Const_1:0' shape=(24,) dtype=float64>, <tf.Tensor 'Const_2:0' shape=(24,) dtype=float64>]
('>', 'Mdl*hbf2*-units[2, 24, 24, 1], task: task_f2d_2x2_1_cosx1_plus_x2_depth2, step 1650/5679, train err 6.6524, cv err: 6.74677 test err 7.13104')
('>', 'Opt:Adam, BN False, BN_trainable: False After1650/5679 iteration,Init: data_trunc_norm_kern')
S:  [None, <tf.Tensor 'Const_1:0' shape=(24,) dtype=float64>, <tf.Tensor 'Const_2:0' shape=(24,) dtype=float64>]
('>', 'Mdl*hbf2*-units[2, 24, 24, 1], task: task_f2d_2x2_1_cosx1_plus_x2_depth2, step 1700/5679, train err 7.1367, cv err: 7.25932 test err 7.64346')
('>', 'Opt:Adam, BN False, BN_trainable: False After1700/5679 iteration,Init: data_trunc_norm_kern')
S:  [None, <tf.Tensor 'Const_1:0' shape=(24,) dtype=float64>, <tf.Tensor 'Const_2:0' shape=(24,) dtype=float64>]
('>', 'Mdl*hbf2*-units[2, 24, 24, 1], task: task_f2d_2x2_1_cosx1_plus_x2_depth2, step 1750/5679, train err 6.99603, cv err: 7.11364 test err 7.4919')
('>', 'Opt:Adam, BN False, BN_trainable: False After1750/5679 iteration,Init: data_trunc_norm_kern')
S:  [None, <tf.Tensor 'Const_1:0' shape=(24,) dtype=float64>, <tf.Tensor 'Const_2:0' shape=(24,) dtype=float64>]
('>', 'Mdl*hbf2*-units[2, 24, 24, 1], task: task_f2d_2x2_1_cosx1_plus_x2_depth2, step 1800/5679, train err 7.07292, cv err: 7.19653 test err 7.55922')
('>', 'Opt:Adam, BN False, BN_trainable: False After1800/5679 iteration,Init: data_trunc_norm_kern')
S:  [None, <tf.Tensor 'Const_1:0' shape=(24,) dtype=float64>, <tf.Tensor 'Const_2:0' shape=(24,) dtype=float64>]
('>', 'Mdl*hbf2*-units[2, 24, 24, 1], task: task_f2d_2x2_1_cosx1_plus_x2_depth2, step 1850/5679, train err 7.25183, cv err: 7.37897 test err 7.74866')
('>', 'Opt:Adam, BN False, BN_trainable: False After1850/5679 iteration,Init: data_trunc_norm_kern')
S:  [None, <tf.Tensor 'Const_1:0' shape=(24,) dtype=float64>, <tf.Tensor 'Const_2:0' shape=(24,) dtype=float64>]
('>', 'Mdl*hbf2*-units[2, 24, 24, 1], task: task_f2d_2x2_1_cosx1_plus_x2_depth2, step 1900/5679, train err 7.84478, cv err: 8.01296 test err 8.36431')
('>', 'Opt:Adam, BN False, BN_trainable: False After1900/5679 iteration,Init: data_trunc_norm_kern')
S:  [None, <tf.Tensor 'Const_1:0' shape=(24,) dtype=float64>, <tf.Tensor 'Const_2:0' shape=(24,) dtype=float64>]
('>', 'Mdl*hbf2*-units[2, 24, 24, 1], task: task_f2d_2x2_1_cosx1_plus_x2_depth2, step 1950/5679, train err 7.99561, cv err: 8.17611 test err 8.51102')
('>', 'Opt:Adam, BN False, BN_trainable: False After1950/5679 iteration,Init: data_trunc_norm_kern')
S:  [None, <tf.Tensor 'Const_1:0' shape=(24,) dtype=float64>, <tf.Tensor 'Const_2:0' shape=(24,) dtype=float64>]
('>', 'Mdl*hbf2*-units[2, 24, 24, 1], task: task_f2d_2x2_1_cosx1_plus_x2_depth2, step 2000/5679, train err 8.32718, cv err: 8.52446 test err 8.84021')
('>', 'Opt:Adam, BN False, BN_trainable: False After2000/5679 iteration,Init: data_trunc_norm_kern')
S:  [None, <tf.Tensor 'Const_1:0' shape=(24,) dtype=float64>, <tf.Tensor 'Const_2:0' shape=(24,) dtype=float64>]
('>', 'Mdl*hbf2*-units[2, 24, 24, 1], task: task_f2d_2x2_1_cosx1_plus_x2_depth2, step 2050/5679, train err 7.95926, cv err: 8.13254 test err 8.45179')
('>', 'Opt:Adam, BN False, BN_trainable: False After2050/5679 iteration,Init: data_trunc_norm_kern')
S:  [None, <tf.Tensor 'Const_1:0' shape=(24,) dtype=float64>, <tf.Tensor 'Const_2:0' shape=(24,) dtype=float64>]
('>', 'Mdl*hbf2*-units[2, 24, 24, 1], task: task_f2d_2x2_1_cosx1_plus_x2_depth2, step 2100/5679, train err 8.69085, cv err: 8.91055 test err 9.19443')
('>', 'Opt:Adam, BN False, BN_trainable: False After2100/5679 iteration,Init: data_trunc_norm_kern')
S:  [None, <tf.Tensor 'Const_1:0' shape=(24,) dtype=float64>, <tf.Tensor 'Const_2:0' shape=(24,) dtype=float64>]
('>', 'Mdl*hbf2*-units[2, 24, 24, 1], task: task_f2d_2x2_1_cosx1_plus_x2_depth2, step 2150/5679, train err 8.76778, cv err: 8.99403 test err 9.26932')
('>', 'Opt:Adam, BN False, BN_trainable: False After2150/5679 iteration,Init: data_trunc_norm_kern')
S:  [None, <tf.Tensor 'Const_1:0' shape=(24,) dtype=float64>, <tf.Tensor 'Const_2:0' shape=(24,) dtype=float64>]
('>', 'Mdl*hbf2*-units[2, 24, 24, 1], task: task_f2d_2x2_1_cosx1_plus_x2_depth2, step 2200/5679, train err 9.05556, cv err: 9.29423 test err 9.54711')
('>', 'Opt:Adam, BN False, BN_trainable: False After2200/5679 iteration,Init: data_trunc_norm_kern')
S:  [None, <tf.Tensor 'Const_1:0' shape=(24,) dtype=float64>, <tf.Tensor 'Const_2:0' shape=(24,) dtype=float64>]
('>', 'Mdl*hbf2*-units[2, 24, 24, 1], task: task_f2d_2x2_1_cosx1_plus_x2_depth2, step 2250/5679, train err 8.95392, cv err: 9.17858 test err 9.43331')
('>', 'Opt:Adam, BN False, BN_trainable: False After2250/5679 iteration,Init: data_trunc_norm_kern')
S:  [None, <tf.Tensor 'Const_1:0' shape=(24,) dtype=float64>, <tf.Tensor 'Const_2:0' shape=(24,) dtype=float64>]
('>', 'Mdl*hbf2*-units[2, 24, 24, 1], task: task_f2d_2x2_1_cosx1_plus_x2_depth2, step 2300/5679, train err 8.94837, cv err: 9.1643 test err 9.42001')
('>', 'Opt:Adam, BN False, BN_trainable: False After2300/5679 iteration,Init: data_trunc_norm_kern')
S:  [None, <tf.Tensor 'Const_1:0' shape=(24,) dtype=float64>, <tf.Tensor 'Const_2:0' shape=(24,) dtype=float64>]
('>', 'Mdl*hbf2*-units[2, 24, 24, 1], task: task_f2d_2x2_1_cosx1_plus_x2_depth2, step 2350/5679, train err 9.03042, cv err: 9.25337 test err 9.48334')
('>', 'Opt:Adam, BN False, BN_trainable: False After2350/5679 iteration,Init: data_trunc_norm_kern')
S:  [None, <tf.Tensor 'Const_1:0' shape=(24,) dtype=float64>, <tf.Tensor 'Const_2:0' shape=(24,) dtype=float64>]
('>', 'Mdl*hbf2*-units[2, 24, 24, 1], task: task_f2d_2x2_1_cosx1_plus_x2_depth2, step 2400/5679, train err 9.90871, cv err: 10.1823 test err 10.3658')
('>', 'Opt:Adam, BN False, BN_trainable: False After2400/5679 iteration,Init: data_trunc_norm_kern')
S:  [None, <tf.Tensor 'Const_1:0' shape=(24,) dtype=float64>, <tf.Tensor 'Const_2:0' shape=(24,) dtype=float64>]
('>', 'Mdl*hbf2*-units[2, 24, 24, 1], task: task_f2d_2x2_1_cosx1_plus_x2_depth2, step 2450/5679, train err 9.14742, cv err: 9.36909 test err 9.57747')
('>', 'Opt:Adam, BN False, BN_trainable: False After2450/5679 iteration,Init: data_trunc_norm_kern')
S:  [None, <tf.Tensor 'Const_1:0' shape=(24,) dtype=float64>, <tf.Tensor 'Const_2:0' shape=(24,) dtype=float64>]
('>', 'Mdl*hbf2*-units[2, 24, 24, 1], task: task_f2d_2x2_1_cosx1_plus_x2_depth2, step 2500/5679, train err 9.87179, cv err: 10.1372 test err 10.3046')
('>', 'Opt:Adam, BN False, BN_trainable: False After2500/5679 iteration,Init: data_trunc_norm_kern')
S:  [None, <tf.Tensor 'Const_1:0' shape=(24,) dtype=float64>, <tf.Tensor 'Const_2:0' shape=(24,) dtype=float64>]
('>', 'Mdl*hbf2*-units[2, 24, 24, 1], task: task_f2d_2x2_1_cosx1_plus_x2_depth2, step 2550/5679, train err 9.80911, cv err: 10.0606 test err 10.2292')
('>', 'Opt:Adam, BN False, BN_trainable: False After2550/5679 iteration,Init: data_trunc_norm_kern')
S:  [None, <tf.Tensor 'Const_1:0' shape=(24,) dtype=float64>, <tf.Tensor 'Const_2:0' shape=(24,) dtype=float64>]
('>', 'Mdl*hbf2*-units[2, 24, 24, 1], task: task_f2d_2x2_1_cosx1_plus_x2_depth2, step 2600/5679, train err 10.06, cv err: 10.3231 test err 10.454')
('>', 'Opt:Adam, BN False, BN_trainable: False After2600/5679 iteration,Init: data_trunc_norm_kern')
S:  [None, <tf.Tensor 'Const_1:0' shape=(24,) dtype=float64>, <tf.Tensor 'Const_2:0' shape=(24,) dtype=float64>]
('>', 'Mdl*hbf2*-units[2, 24, 24, 1], task: task_f2d_2x2_1_cosx1_plus_x2_depth2, step 2650/5679, train err 10.6521, cv err: 10.9487 test err 11.0278')
('>', 'Opt:Adam, BN False, BN_trainable: False After2650/5679 iteration,Init: data_trunc_norm_kern')
S:  [None, <tf.Tensor 'Const_1:0' shape=(24,) dtype=float64>, <tf.Tensor 'Const_2:0' shape=(24,) dtype=float64>]
('>', 'Mdl*hbf2*-units[2, 24, 24, 1], task: task_f2d_2x2_1_cosx1_plus_x2_depth2, step 2700/5679, train err 10.4898, cv err: 10.7671 test err 10.8578')
('>', 'Opt:Adam, BN False, BN_trainable: False After2700/5679 iteration,Init: data_trunc_norm_kern')
S:  [None, <tf.Tensor 'Const_1:0' shape=(24,) dtype=float64>, <tf.Tensor 'Const_2:0' shape=(24,) dtype=float64>]
('>', 'Mdl*hbf2*-units[2, 24, 24, 1], task: task_f2d_2x2_1_cosx1_plus_x2_depth2, step 2750/5679, train err 11.2123, cv err: 11.5224 test err 11.5512')
('>', 'Opt:Adam, BN False, BN_trainable: False After2750/5679 iteration,Init: data_trunc_norm_kern')
S:  [None, <tf.Tensor 'Const_1:0' shape=(24,) dtype=float64>, <tf.Tensor 'Const_2:0' shape=(24,) dtype=float64>]
('>', 'Mdl*hbf2*-units[2, 24, 24, 1], task: task_f2d_2x2_1_cosx1_plus_x2_depth2, step 2800/5679, train err 10.3363, cv err: 10.585 test err 10.6659')
('>', 'Opt:Adam, BN False, BN_trainable: False After2800/5679 iteration,Init: data_trunc_norm_kern')
S:  [None, <tf.Tensor 'Const_1:0' shape=(24,) dtype=float64>, <tf.Tensor 'Const_2:0' shape=(24,) dtype=float64>]
('>', 'Mdl*hbf2*-units[2, 24, 24, 1], task: task_f2d_2x2_1_cosx1_plus_x2_depth2, step 2850/5679, train err 10.8211, cv err: 11.088 test err 11.1251')
('>', 'Opt:Adam, BN False, BN_trainable: False After2850/5679 iteration,Init: data_trunc_norm_kern')
S:  [None, <tf.Tensor 'Const_1:0' shape=(24,) dtype=float64>, <tf.Tensor 'Const_2:0' shape=(24,) dtype=float64>]
('>', 'Mdl*hbf2*-units[2, 24, 24, 1], task: task_f2d_2x2_1_cosx1_plus_x2_depth2, step 2900/5679, train err 11.4247, cv err: 11.7093 test err 11.6931')
('>', 'Opt:Adam, BN False, BN_trainable: False After2900/5679 iteration,Init: data_trunc_norm_kern')
S:  [None, <tf.Tensor 'Const_1:0' shape=(24,) dtype=float64>, <tf.Tensor 'Const_2:0' shape=(24,) dtype=float64>]
('>', 'Mdl*hbf2*-units[2, 24, 24, 1], task: task_f2d_2x2_1_cosx1_plus_x2_depth2, step 2950/5679, train err 11.4373, cv err: 11.7167 test err 11.6952')
('>', 'Opt:Adam, BN False, BN_trainable: False After2950/5679 iteration,Init: data_trunc_norm_kern')
S:  [None, <tf.Tensor 'Const_1:0' shape=(24,) dtype=float64>, <tf.Tensor 'Const_2:0' shape=(24,) dtype=float64>]
('>', 'Mdl*hbf2*-units[2, 24, 24, 1], task: task_f2d_2x2_1_cosx1_plus_x2_depth2, step 3000/5679, train err 11.8594, cv err: 12.1475 test err 12.0783')
('>', 'Opt:Adam, BN False, BN_trainable: False After3000/5679 iteration,Init: data_trunc_norm_kern')
S:  [None, <tf.Tensor 'Const_1:0' shape=(24,) dtype=float64>, <tf.Tensor 'Const_2:0' shape=(24,) dtype=float64>]
('>', 'Mdl*hbf2*-units[2, 24, 24, 1], task: task_f2d_2x2_1_cosx1_plus_x2_depth2, step 3050/5679, train err 12.4296, cv err: 12.7463 test err 12.6301')
('>', 'Opt:Adam, BN False, BN_trainable: False After3050/5679 iteration,Init: data_trunc_norm_kern')
S:  [None, <tf.Tensor 'Const_1:0' shape=(24,) dtype=float64>, <tf.Tensor 'Const_2:0' shape=(24,) dtype=float64>]
('>', 'Mdl*hbf2*-units[2, 24, 24, 1], task: task_f2d_2x2_1_cosx1_plus_x2_depth2, step 3100/5679, train err 12.1538, cv err: 12.4436 test err 12.3418')
('>', 'Opt:Adam, BN False, BN_trainable: False After3100/5679 iteration,Init: data_trunc_norm_kern')
S:  [None, <tf.Tensor 'Const_1:0' shape=(24,) dtype=float64>, <tf.Tensor 'Const_2:0' shape=(24,) dtype=float64>]
('>', 'Mdl*hbf2*-units[2, 24, 24, 1], task: task_f2d_2x2_1_cosx1_plus_x2_depth2, step 3150/5679, train err 12.9691, cv err: 13.2945 test err 13.1281')
('>', 'Opt:Adam, BN False, BN_trainable: False After3150/5679 iteration,Init: data_trunc_norm_kern')
S:  [None, <tf.Tensor 'Const_1:0' shape=(24,) dtype=float64>, <tf.Tensor 'Const_2:0' shape=(24,) dtype=float64>]
('>', 'Mdl*hbf2*-units[2, 24, 24, 1], task: task_f2d_2x2_1_cosx1_plus_x2_depth2, step 3200/5679, train err 11.9173, cv err: 12.1737 test err 12.0656')
('>', 'Opt:Adam, BN False, BN_trainable: False After3200/5679 iteration,Init: data_trunc_norm_kern')
S:  [None, <tf.Tensor 'Const_1:0' shape=(24,) dtype=float64>, <tf.Tensor 'Const_2:0' shape=(24,) dtype=float64>]
('>', 'Mdl*hbf2*-units[2, 24, 24, 1], task: task_f2d_2x2_1_cosx1_plus_x2_depth2, step 3250/5679, train err 12.9957, cv err: 13.3143 test err 13.1239')
('>', 'Opt:Adam, BN False, BN_trainable: False After3250/5679 iteration,Init: data_trunc_norm_kern')
S:  [None, <tf.Tensor 'Const_1:0' shape=(24,) dtype=float64>, <tf.Tensor 'Const_2:0' shape=(24,) dtype=float64>]
('>', 'Mdl*hbf2*-units[2, 24, 24, 1], task: task_f2d_2x2_1_cosx1_plus_x2_depth2, step 3300/5679, train err 13.5606, cv err: 13.9027 test err 13.656')
('>', 'Opt:Adam, BN False, BN_trainable: False After3300/5679 iteration,Init: data_trunc_norm_kern')
S:  [None, <tf.Tensor 'Const_1:0' shape=(24,) dtype=float64>, <tf.Tensor 'Const_2:0' shape=(24,) dtype=float64>]
('>', 'Mdl*hbf2*-units[2, 24, 24, 1], task: task_f2d_2x2_1_cosx1_plus_x2_depth2, step 3350/5679, train err 12.5617, cv err: 12.8362 test err 12.657')
('>', 'Opt:Adam, BN False, BN_trainable: False After3350/5679 iteration,Init: data_trunc_norm_kern')
S:  [None, <tf.Tensor 'Const_1:0' shape=(24,) dtype=float64>, <tf.Tensor 'Const_2:0' shape=(24,) dtype=float64>]
('>', 'Mdl*hbf2*-units[2, 24, 24, 1], task: task_f2d_2x2_1_cosx1_plus_x2_depth2, step 3400/5679, train err 13.2063, cv err: 13.511 test err 13.2741')
('>', 'Opt:Adam, BN False, BN_trainable: False After3400/5679 iteration,Init: data_trunc_norm_kern')
S:  [None, <tf.Tensor 'Const_1:0' shape=(24,) dtype=float64>, <tf.Tensor 'Const_2:0' shape=(24,) dtype=float64>]
('>', 'Mdl*hbf2*-units[2, 24, 24, 1], task: task_f2d_2x2_1_cosx1_plus_x2_depth2, step 3450/5679, train err 13.5682, cv err: 13.9045 test err 13.6331')
('>', 'Opt:Adam, BN False, BN_trainable: False After3450/5679 iteration,Init: data_trunc_norm_kern')
S:  [None, <tf.Tensor 'Const_1:0' shape=(24,) dtype=float64>, <tf.Tensor 'Const_2:0' shape=(24,) dtype=float64>]
('>', 'Mdl*hbf2*-units[2, 24, 24, 1], task: task_f2d_2x2_1_cosx1_plus_x2_depth2, step 3500/5679, train err 14.2524, cv err: 14.6199 test err 14.3027')
('>', 'Opt:Adam, BN False, BN_trainable: False After3500/5679 iteration,Init: data_trunc_norm_kern')
S:  [None, <tf.Tensor 'Const_1:0' shape=(24,) dtype=float64>, <tf.Tensor 'Const_2:0' shape=(24,) dtype=float64>]
('>', 'Mdl*hbf2*-units[2, 24, 24, 1], task: task_f2d_2x2_1_cosx1_plus_x2_depth2, step 3550/5679, train err 15.3589, cv err: 15.7834 test err 15.3578')
('>', 'Opt:Adam, BN False, BN_trainable: False After3550/5679 iteration,Init: data_trunc_norm_kern')
S:  [None, <tf.Tensor 'Const_1:0' shape=(24,) dtype=float64>, <tf.Tensor 'Const_2:0' shape=(24,) dtype=float64>]
('>', 'Mdl*hbf2*-units[2, 24, 24, 1], task: task_f2d_2x2_1_cosx1_plus_x2_depth2, step 3600/5679, train err 14.1393, cv err: 14.4934 test err 14.16')
('>', 'Opt:Adam, BN False, BN_trainable: False After3600/5679 iteration,Init: data_trunc_norm_kern')
S:  [None, <tf.Tensor 'Const_1:0' shape=(24,) dtype=float64>, <tf.Tensor 'Const_2:0' shape=(24,) dtype=float64>]
('>', 'Mdl*hbf2*-units[2, 24, 24, 1], task: task_f2d_2x2_1_cosx1_plus_x2_depth2, step 3650/5679, train err 15.6822, cv err: 16.1183 test err 15.665')
('>', 'Opt:Adam, BN False, BN_trainable: False After3650/5679 iteration,Init: data_trunc_norm_kern')
S:  [None, <tf.Tensor 'Const_1:0' shape=(24,) dtype=float64>, <tf.Tensor 'Const_2:0' shape=(24,) dtype=float64>]
('>', 'Mdl*hbf2*-units[2, 24, 24, 1], task: task_f2d_2x2_1_cosx1_plus_x2_depth2, step 3700/5679, train err 14.6663, cv err: 15.0479 test err 14.6623')
('>', 'Opt:Adam, BN False, BN_trainable: False After3700/5679 iteration,Init: data_trunc_norm_kern')
S:  [None, <tf.Tensor 'Const_1:0' shape=(24,) dtype=float64>, <tf.Tensor 'Const_2:0' shape=(24,) dtype=float64>]
('>', 'Mdl*hbf2*-units[2, 24, 24, 1], task: task_f2d_2x2_1_cosx1_plus_x2_depth2, step 3750/5679, train err 16.7567, cv err: 17.2559 test err 16.7063')
('>', 'Opt:Adam, BN False, BN_trainable: False After3750/5679 iteration,Init: data_trunc_norm_kern')
S:  [None, <tf.Tensor 'Const_1:0' shape=(24,) dtype=float64>, <tf.Tensor 'Const_2:0' shape=(24,) dtype=float64>]
('>', 'Mdl*hbf2*-units[2, 24, 24, 1], task: task_f2d_2x2_1_cosx1_plus_x2_depth2, step 3800/5679, train err 16.3772, cv err: 16.8674 test err 16.3354')
('>', 'Opt:Adam, BN False, BN_trainable: False After3800/5679 iteration,Init: data_trunc_norm_kern')
S:  [None, <tf.Tensor 'Const_1:0' shape=(24,) dtype=float64>, <tf.Tensor 'Const_2:0' shape=(24,) dtype=float64>]
('>', 'Mdl*hbf2*-units[2, 24, 24, 1], task: task_f2d_2x2_1_cosx1_plus_x2_depth2, step 3850/5679, train err 16.2993, cv err: 16.7755 test err 16.2286')
('>', 'Opt:Adam, BN False, BN_trainable: False After3850/5679 iteration,Init: data_trunc_norm_kern')
S:  [None, <tf.Tensor 'Const_1:0' shape=(24,) dtype=float64>, <tf.Tensor 'Const_2:0' shape=(24,) dtype=float64>]
('>', 'Mdl*hbf2*-units[2, 24, 24, 1], task: task_f2d_2x2_1_cosx1_plus_x2_depth2, step 3900/5679, train err 16.9348, cv err: 17.4556 test err 16.8609')
('>', 'Opt:Adam, BN False, BN_trainable: False After3900/5679 iteration,Init: data_trunc_norm_kern')
S:  [None, <tf.Tensor 'Const_1:0' shape=(24,) dtype=float64>, <tf.Tensor 'Const_2:0' shape=(24,) dtype=float64>]
('>', 'Mdl*hbf2*-units[2, 24, 24, 1], task: task_f2d_2x2_1_cosx1_plus_x2_depth2, step 3950/5679, train err 17.3389, cv err: 17.8883 test err 17.246')
('>', 'Opt:Adam, BN False, BN_trainable: False After3950/5679 iteration,Init: data_trunc_norm_kern')
S:  [None, <tf.Tensor 'Const_1:0' shape=(24,) dtype=float64>, <tf.Tensor 'Const_2:0' shape=(24,) dtype=float64>]
('>', 'Mdl*hbf2*-units[2, 24, 24, 1], task: task_f2d_2x2_1_cosx1_plus_x2_depth2, step 4000/5679, train err 17.8941, cv err: 18.4796 test err 17.7868')
('>', 'Opt:Adam, BN False, BN_trainable: False After4000/5679 iteration,Init: data_trunc_norm_kern')
S:  [None, <tf.Tensor 'Const_1:0' shape=(24,) dtype=float64>, <tf.Tensor 'Const_2:0' shape=(24,) dtype=float64>]
('>', 'Mdl*hbf2*-units[2, 24, 24, 1], task: task_f2d_2x2_1_cosx1_plus_x2_depth2, step 4050/5679, train err 18.406, cv err: 19.0228 test err 18.2876')
('>', 'Opt:Adam, BN False, BN_trainable: False After4050/5679 iteration,Init: data_trunc_norm_kern')
S:  [None, <tf.Tensor 'Const_1:0' shape=(24,) dtype=float64>, <tf.Tensor 'Const_2:0' shape=(24,) dtype=float64>]
('>', 'Mdl*hbf2*-units[2, 24, 24, 1], task: task_f2d_2x2_1_cosx1_plus_x2_depth2, step 4100/5679, train err 19.3554, cv err: 20.0206 test err 19.1921')
('>', 'Opt:Adam, BN False, BN_trainable: False After4100/5679 iteration,Init: data_trunc_norm_kern')
S:  [None, <tf.Tensor 'Const_1:0' shape=(24,) dtype=float64>, <tf.Tensor 'Const_2:0' shape=(24,) dtype=float64>]
('>', 'Mdl*hbf2*-units[2, 24, 24, 1], task: task_f2d_2x2_1_cosx1_plus_x2_depth2, step 4150/5679, train err 18.1943, cv err: 18.8077 test err 18.0612')
('>', 'Opt:Adam, BN False, BN_trainable: False After4150/5679 iteration,Init: data_trunc_norm_kern')
S:  [None, <tf.Tensor 'Const_1:0' shape=(24,) dtype=float64>, <tf.Tensor 'Const_2:0' shape=(24,) dtype=float64>]
('>', 'Mdl*hbf2*-units[2, 24, 24, 1], task: task_f2d_2x2_1_cosx1_plus_x2_depth2, step 4200/5679, train err 18.4659, cv err: 19.1081 test err 18.3285')
('>', 'Opt:Adam, BN False, BN_trainable: False After4200/5679 iteration,Init: data_trunc_norm_kern')
S:  [None, <tf.Tensor 'Const_1:0' shape=(24,) dtype=float64>, <tf.Tensor 'Const_2:0' shape=(24,) dtype=float64>]
('>', 'Mdl*hbf2*-units[2, 24, 24, 1], task: task_f2d_2x2_1_cosx1_plus_x2_depth2, step 4250/5679, train err 19.0133, cv err: 19.702 test err 18.8797')
('>', 'Opt:Adam, BN False, BN_trainable: False After4250/5679 iteration,Init: data_trunc_norm_kern')
S:  [None, <tf.Tensor 'Const_1:0' shape=(24,) dtype=float64>, <tf.Tensor 'Const_2:0' shape=(24,) dtype=float64>]
('>', 'Mdl*hbf2*-units[2, 24, 24, 1], task: task_f2d_2x2_1_cosx1_plus_x2_depth2, step 4300/5679, train err 21.1812, cv err: 22.0053 test err 20.9968')
('>', 'Opt:Adam, BN False, BN_trainable: False After4300/5679 iteration,Init: data_trunc_norm_kern')
S:  [None, <tf.Tensor 'Const_1:0' shape=(24,) dtype=float64>, <tf.Tensor 'Const_2:0' shape=(24,) dtype=float64>]
('>', 'Mdl*hbf2*-units[2, 24, 24, 1], task: task_f2d_2x2_1_cosx1_plus_x2_depth2, step 4350/5679, train err 21.6202, cv err: 22.495 test err 21.4412')
('>', 'Opt:Adam, BN False, BN_trainable: False After4350/5679 iteration,Init: data_trunc_norm_kern')
S:  [None, <tf.Tensor 'Const_1:0' shape=(24,) dtype=float64>, <tf.Tensor 'Const_2:0' shape=(24,) dtype=float64>]
('>', 'Mdl*hbf2*-units[2, 24, 24, 1], task: task_f2d_2x2_1_cosx1_plus_x2_depth2, step 4400/5679, train err 21.551, cv err: 22.4307 test err 21.3679')
('>', 'Opt:Adam, BN False, BN_trainable: False After4400/5679 iteration,Init: data_trunc_norm_kern')
S:  [None, <tf.Tensor 'Const_1:0' shape=(24,) dtype=float64>, <tf.Tensor 'Const_2:0' shape=(24,) dtype=float64>]
('>', 'Mdl*hbf2*-units[2, 24, 24, 1], task: task_f2d_2x2_1_cosx1_plus_x2_depth2, step 4450/5679, train err 22.8563, cv err: 23.8344 test err 22.6604')
('>', 'Opt:Adam, BN False, BN_trainable: False After4450/5679 iteration,Init: data_trunc_norm_kern')
S:  [None, <tf.Tensor 'Const_1:0' shape=(24,) dtype=float64>, <tf.Tensor 'Const_2:0' shape=(24,) dtype=float64>]
('>', 'Mdl*hbf2*-units[2, 24, 24, 1], task: task_f2d_2x2_1_cosx1_plus_x2_depth2, step 4500/5679, train err 21.2344, cv err: 22.1172 test err 21.0573')
('>', 'Opt:Adam, BN False, BN_trainable: False After4500/5679 iteration,Init: data_trunc_norm_kern')
S:  [None, <tf.Tensor 'Const_1:0' shape=(24,) dtype=float64>, <tf.Tensor 'Const_2:0' shape=(24,) dtype=float64>]
('>', 'Mdl*hbf2*-units[2, 24, 24, 1], task: task_f2d_2x2_1_cosx1_plus_x2_depth2, step 4550/5679, train err 22.1773, cv err: 23.153 test err 21.9902')
('>', 'Opt:Adam, BN False, BN_trainable: False After4550/5679 iteration,Init: data_trunc_norm_kern')
S:  [None, <tf.Tensor 'Const_1:0' shape=(24,) dtype=float64>, <tf.Tensor 'Const_2:0' shape=(24,) dtype=float64>]
('>', 'Mdl*hbf2*-units[2, 24, 24, 1], task: task_f2d_2x2_1_cosx1_plus_x2_depth2, step 4600/5679, train err 24.0343, cv err: 25.1526 test err 23.8108')
('>', 'Opt:Adam, BN False, BN_trainable: False After4600/5679 iteration,Init: data_trunc_norm_kern')
S:  [None, <tf.Tensor 'Const_1:0' shape=(24,) dtype=float64>, <tf.Tensor 'Const_2:0' shape=(24,) dtype=float64>]
('>', 'Mdl*hbf2*-units[2, 24, 24, 1], task: task_f2d_2x2_1_cosx1_plus_x2_depth2, step 4650/5679, train err 22.9829, cv err: 24.0439 test err 22.7692')
('>', 'Opt:Adam, BN False, BN_trainable: False After4650/5679 iteration,Init: data_trunc_norm_kern')
S:  [None, <tf.Tensor 'Const_1:0' shape=(24,) dtype=float64>, <tf.Tensor 'Const_2:0' shape=(24,) dtype=float64>]
('>', 'Mdl*hbf2*-units[2, 24, 24, 1], task: task_f2d_2x2_1_cosx1_plus_x2_depth2, step 4700/5679, train err 23.5528, cv err: 24.6534 test err 23.3416')
('>', 'Opt:Adam, BN False, BN_trainable: False After4700/5679 iteration,Init: data_trunc_norm_kern')
S:  [None, <tf.Tensor 'Const_1:0' shape=(24,) dtype=float64>, <tf.Tensor 'Const_2:0' shape=(24,) dtype=float64>]
('>', 'Mdl*hbf2*-units[2, 24, 24, 1], task: task_f2d_2x2_1_cosx1_plus_x2_depth2, step 4750/5679, train err 23.8274, cv err: 24.9616 test err 23.6143')
('>', 'Opt:Adam, BN False, BN_trainable: False After4750/5679 iteration,Init: data_trunc_norm_kern')
S:  [None, <tf.Tensor 'Const_1:0' shape=(24,) dtype=float64>, <tf.Tensor 'Const_2:0' shape=(24,) dtype=float64>]
('>', 'Mdl*hbf2*-units[2, 24, 24, 1], task: task_f2d_2x2_1_cosx1_plus_x2_depth2, step 4800/5679, train err 23.7092, cv err: 24.8361 test err 23.5118')
('>', 'Opt:Adam, BN False, BN_trainable: False After4800/5679 iteration,Init: data_trunc_norm_kern')
S:  [None, <tf.Tensor 'Const_1:0' shape=(24,) dtype=float64>, <tf.Tensor 'Const_2:0' shape=(24,) dtype=float64>]
('>', 'Mdl*hbf2*-units[2, 24, 24, 1], task: task_f2d_2x2_1_cosx1_plus_x2_depth2, step 4850/5679, train err 24.3027, cv err: 25.4864 test err 24.1021')
('>', 'Opt:Adam, BN False, BN_trainable: False After4850/5679 iteration,Init: data_trunc_norm_kern')
S:  [None, <tf.Tensor 'Const_1:0' shape=(24,) dtype=float64>, <tf.Tensor 'Const_2:0' shape=(24,) dtype=float64>]
('>', 'Mdl*hbf2*-units[2, 24, 24, 1], task: task_f2d_2x2_1_cosx1_plus_x2_depth2, step 4900/5679, train err 25.7181, cv err: 26.9728 test err 25.4713')
('>', 'Opt:Adam, BN False, BN_trainable: False After4900/5679 iteration,Init: data_trunc_norm_kern')
S:  [None, <tf.Tensor 'Const_1:0' shape=(24,) dtype=float64>, <tf.Tensor 'Const_2:0' shape=(24,) dtype=float64>]
('>', 'Mdl*hbf2*-units[2, 24, 24, 1], task: task_f2d_2x2_1_cosx1_plus_x2_depth2, step 4950/5679, train err 24.7011, cv err: 25.9071 test err 24.4794')
('>', 'Opt:Adam, BN False, BN_trainable: False After4950/5679 iteration,Init: data_trunc_norm_kern')
S:  [None, <tf.Tensor 'Const_1:0' shape=(24,) dtype=float64>, <tf.Tensor 'Const_2:0' shape=(24,) dtype=float64>]
('>', 'Mdl*hbf2*-units[2, 24, 24, 1], task: task_f2d_2x2_1_cosx1_plus_x2_depth2, step 5000/5679, train err 26.3505, cv err: 27.6638 test err 26.1017')
('>', 'Opt:Adam, BN False, BN_trainable: False After5000/5679 iteration,Init: data_trunc_norm_kern')
S:  [None, <tf.Tensor 'Const_1:0' shape=(24,) dtype=float64>, <tf.Tensor 'Const_2:0' shape=(24,) dtype=float64>]
('>', 'Mdl*hbf2*-units[2, 24, 24, 1], task: task_f2d_2x2_1_cosx1_plus_x2_depth2, step 5050/5679, train err 26.3021, cv err: 27.6303 test err 26.0627')
('>', 'Opt:Adam, BN False, BN_trainable: False After5050/5679 iteration,Init: data_trunc_norm_kern')
S:  [None, <tf.Tensor 'Const_1:0' shape=(24,) dtype=float64>, <tf.Tensor 'Const_2:0' shape=(24,) dtype=float64>]
('>', 'Mdl*hbf2*-units[2, 24, 24, 1], task: task_f2d_2x2_1_cosx1_plus_x2_depth2, step 5100/5679, train err 25.8636, cv err: 27.1579 test err 25.6193')
('>', 'Opt:Adam, BN False, BN_trainable: False After5100/5679 iteration,Init: data_trunc_norm_kern')
S:  [None, <tf.Tensor 'Const_1:0' shape=(24,) dtype=float64>, <tf.Tensor 'Const_2:0' shape=(24,) dtype=float64>]
('>', 'Mdl*hbf2*-units[2, 24, 24, 1], task: task_f2d_2x2_1_cosx1_plus_x2_depth2, step 5150/5679, train err 25.5333, cv err: 26.8139 test err 25.3054')
('>', 'Opt:Adam, BN False, BN_trainable: False After5150/5679 iteration,Init: data_trunc_norm_kern')
S:  [None, <tf.Tensor 'Const_1:0' shape=(24,) dtype=float64>, <tf.Tensor 'Const_2:0' shape=(24,) dtype=float64>]
('>', 'Mdl*hbf2*-units[2, 24, 24, 1], task: task_f2d_2x2_1_cosx1_plus_x2_depth2, step 5200/5679, train err 25.8997, cv err: 27.2048 test err 25.6556')
('>', 'Opt:Adam, BN False, BN_trainable: False After5200/5679 iteration,Init: data_trunc_norm_kern')
S:  [None, <tf.Tensor 'Const_1:0' shape=(24,) dtype=float64>, <tf.Tensor 'Const_2:0' shape=(24,) dtype=float64>]
('>', 'Mdl*hbf2*-units[2, 24, 24, 1], task: task_f2d_2x2_1_cosx1_plus_x2_depth2, step 5250/5679, train err 26.3866, cv err: 27.6977 test err 26.1028')
('>', 'Opt:Adam, BN False, BN_trainable: False After5250/5679 iteration,Init: data_trunc_norm_kern')
S:  [None, <tf.Tensor 'Const_1:0' shape=(24,) dtype=float64>, <tf.Tensor 'Const_2:0' shape=(24,) dtype=float64>]
('>', 'Mdl*hbf2*-units[2, 24, 24, 1], task: task_f2d_2x2_1_cosx1_plus_x2_depth2, step 5300/5679, train err 26.5896, cv err: 27.9347 test err 26.3261')
('>', 'Opt:Adam, BN False, BN_trainable: False After5300/5679 iteration,Init: data_trunc_norm_kern')
S:  [None, <tf.Tensor 'Const_1:0' shape=(24,) dtype=float64>, <tf.Tensor 'Const_2:0' shape=(24,) dtype=float64>]
('>', 'Mdl*hbf2*-units[2, 24, 24, 1], task: task_f2d_2x2_1_cosx1_plus_x2_depth2, step 5350/5679, train err 27.5416, cv err: 28.9546 test err 27.2674')
('>', 'Opt:Adam, BN False, BN_trainable: False After5350/5679 iteration,Init: data_trunc_norm_kern')
S:  [None, <tf.Tensor 'Const_1:0' shape=(24,) dtype=float64>, <tf.Tensor 'Const_2:0' shape=(24,) dtype=float64>]
('>', 'Mdl*hbf2*-units[2, 24, 24, 1], task: task_f2d_2x2_1_cosx1_plus_x2_depth2, step 5400/5679, train err 25.8758, cv err: 27.1774 test err 25.6306')
('>', 'Opt:Adam, BN False, BN_trainable: False After5400/5679 iteration,Init: data_trunc_norm_kern')
S:  [None, <tf.Tensor 'Const_1:0' shape=(24,) dtype=float64>, <tf.Tensor 'Const_2:0' shape=(24,) dtype=float64>]
('>', 'Mdl*hbf2*-units[2, 24, 24, 1], task: task_f2d_2x2_1_cosx1_plus_x2_depth2, step 5450/5679, train err 26.247, cv err: 27.589 test err 26.003')
('>', 'Opt:Adam, BN False, BN_trainable: False After5450/5679 iteration,Init: data_trunc_norm_kern')
S:  [None, <tf.Tensor 'Const_1:0' shape=(24,) dtype=float64>, <tf.Tensor 'Const_2:0' shape=(24,) dtype=float64>]
('>', 'Mdl*hbf2*-units[2, 24, 24, 1], task: task_f2d_2x2_1_cosx1_plus_x2_depth2, step 5500/5679, train err 26.761, cv err: 28.1589 test err 26.5071')
('>', 'Opt:Adam, BN False, BN_trainable: False After5500/5679 iteration,Init: data_trunc_norm_kern')
S:  [None, <tf.Tensor 'Const_1:0' shape=(24,) dtype=float64>, <tf.Tensor 'Const_2:0' shape=(24,) dtype=float64>]
('>', 'Mdl*hbf2*-units[2, 24, 24, 1], task: task_f2d_2x2_1_cosx1_plus_x2_depth2, step 5550/5679, train err 27.9739, cv err: 29.4454 test err 27.709')
('>', 'Opt:Adam, BN False, BN_trainable: False After5550/5679 iteration,Init: data_trunc_norm_kern')
S:  [None, <tf.Tensor 'Const_1:0' shape=(24,) dtype=float64>, <tf.Tensor 'Const_2:0' shape=(24,) dtype=float64>]
('>', 'Mdl*hbf2*-units[2, 24, 24, 1], task: task_f2d_2x2_1_cosx1_plus_x2_depth2, step 5600/5679, train err 26.7817, cv err: 28.1783 test err 26.5238')
('>', 'Opt:Adam, BN False, BN_trainable: False After5600/5679 iteration,Init: data_trunc_norm_kern')
S:  [None, <tf.Tensor 'Const_1:0' shape=(24,) dtype=float64>, <tf.Tensor 'Const_2:0' shape=(24,) dtype=float64>]
('>', 'Mdl*hbf2*-units[2, 24, 24, 1], task: task_f2d_2x2_1_cosx1_plus_x2_depth2, step 5650/5679, train err 27.353, cv err: 28.7999 test err 27.09')
('>', 'Opt:Adam, BN False, BN_trainable: False After5650/5679 iteration,Init: data_trunc_norm_kern')
S:  [None, <tf.Tensor 'Const_1:0' shape=(24,) dtype=float64>, <tf.Tensor 'Const_2:0' shape=(24,) dtype=float64>]
--- 830.151118994 seconds ---
--- 13.8358519832 minutes ---
--- 0.230597533054 hours ---


