I tensorflow/stream_executor/dso_loader.cc:108] successfully opened CUDA library libcublas.so locally
I tensorflow/stream_executor/dso_loader.cc:102] Couldn't open CUDA library libcudnn.so. LD_LIBRARY_PATH: /cm/shared/openmind/cuda/7.5/lib64:/cm/shared/openmind/cuda/7.5/lib
I tensorflow/stream_executor/cuda/cuda_dnn.cc:2092] Unable to load cuDNN DSO
I tensorflow/stream_executor/dso_loader.cc:108] successfully opened CUDA library libcufft.so locally
I tensorflow/stream_executor/dso_loader.cc:108] successfully opened CUDA library libcuda.so locally
I tensorflow/stream_executor/dso_loader.cc:108] successfully opened CUDA library libcurand.so locally
E tensorflow/stream_executor/cuda/cuda_driver.cc:491] failed call to cuInit: CUDA_ERROR_NO_DEVICE
I tensorflow/stream_executor/cuda/cuda_diagnostics.cc:153] retrieving CUDA diagnostic information for host: node024.cm.cluster
I tensorflow/stream_executor/cuda/cuda_diagnostics.cc:160] hostname: node024.cm.cluster
I tensorflow/stream_executor/cuda/cuda_diagnostics.cc:185] libcuda reported version is: Not found: was unable to find libcuda.so DSO loaded into this program
I tensorflow/stream_executor/cuda/cuda_diagnostics.cc:347] driver version file contents: """NVRM version: NVIDIA UNIX x86_64 Kernel Module  352.63  Sat Nov  7 21:25:42 PST 2015
GCC version:  gcc version 4.8.5 20150623 (Red Hat 4.8.5-4) (GCC) 
"""
I tensorflow/stream_executor/cuda/cuda_diagnostics.cc:189] kernel reported version is: 352.63.0
I tensorflow/core/common_runtime/gpu/gpu_init.cc:81] No GPU devices available on machine.
print sys.argv = ['main_nn.py', '2918422', '436', 'om_2x2_1_cosx1_plus_x2_depth2', 'task_2_August_HBF2_depth_2_1000_dont_train_S', 'HBF2_48_48_multiple_1000', 'True', '48,48', 'multiple_S', 'task_f2d_2x2_1_cosx1_plus_x2_depth2', 'False', 'False', 'hbf', 'data_trunc_norm_kern', 'dont_normalize', 'dont_train_S']
len(sys.argv) = 16
print argv = ['main_nn.py', '2918422', '436', 'om_2x2_1_cosx1_plus_x2_depth2', 'task_2_August_HBF2_depth_2_1000_dont_train_S', 'HBF2_48_48_multiple_1000', 'True', '48,48', 'multiple_S', 'task_f2d_2x2_1_cosx1_plus_x2_depth2', 'False', 'False', 'hbf', 'data_trunc_norm_kern', 'dont_normalize', 'dont_train_S']
len(argv) = 16
---------> len(argv) 16
['main_nn.py', '2918422', '436', 'om_2x2_1_cosx1_plus_x2_depth2', 'task_2_August_HBF2_depth_2_1000_dont_train_S', 'HBF2_48_48_multiple_1000', 'True', '48,48', 'multiple_S', 'task_f2d_2x2_1_cosx1_plus_x2_depth2', 'False', 'False', 'hbf', 'data_trunc_norm_kern', 'dont_normalize', 'dont_train_S']
2.8
mdl_type:  hbf
['main_nn.py', '2918422', '436', 'om_2x2_1_cosx1_plus_x2_depth2', 'task_2_August_HBF2_depth_2_1000_dont_train_S', 'HBF2_48_48_multiple_1000', 'True', '48,48', 'multiple_S', 'task_f2d_2x2_1_cosx1_plus_x2_depth2', 'False', 'False', 'hbf', 'data_trunc_norm_kern', 'dont_normalize', 'dont_train_S']
use_tensorboard False
experiment_root_dir=om_2x2_1_cosx1_plus_x2_depth2,slurm_jobid=2918422,slurm_array_task_id=436,job_name=HBF2_48_48_multiple_1000
----====> TASK NAME: task_f2d_2x2_1_cosx1_plus_x2_depth2
---> task_name:  task_f2d_2x2_1_cosx1_plus_x2_depth2
(N_train,D) =  (60025, 2)
(N_test,D_out) =  (60025, 1)
CLUSTER:  OM7
++> S/b_init  [None, 0.4177551, 2.48601022160074]
++++> M (batch size) : 17000
++> starter_learning_rate  0.000408336392022
++> decay_rate  0.852615722059
++> decay_steps  14892
++> staircase  True
-----> Running model: hbf. (nb_hidden_layers = 2, nb_layers = 3)
-----> Units: [2, 48, 48, 1])
train_S_type:  multiple_S
data_trunc_norm_kern
3.44326592839
DONE INITILIZING
[None, <tf.Tensor 'Const:0' shape=(2, 48) dtype=float64>, <tf.Tensor 'truncated_normal:0' shape=(48, 48) dtype=float64>]
isinstance
--> init_S:  Tensor("Const_1:0", shape=(48,), dtype=float64)
--> trainable_S:  False
isinstance
--> init_S:  Tensor("Const_2:0", shape=(48,), dtype=float64)
--> trainable_S:  False
('>', 'Mdl*hbf2*-units[2, 48, 48, 1], task: task_f2d_2x2_1_cosx1_plus_x2_depth2, step 0/5472, train err 68.2755, cv err: 70.0154 test err 72.7976')
('>', 'Opt:Adam, BN False, BN_trainable: False After0/5472 iteration,Init: data_trunc_norm_kern')
S:  [None, <tf.Tensor 'Const_1:0' shape=(48,) dtype=float64>, <tf.Tensor 'Const_2:0' shape=(48,) dtype=float64>]
('>', 'Mdl*hbf2*-units[2, 48, 48, 1], task: task_f2d_2x2_1_cosx1_plus_x2_depth2, step 50/5472, train err 13.6066, cv err: 14.0302 test err 14.6985')
('>', 'Opt:Adam, BN False, BN_trainable: False After50/5472 iteration,Init: data_trunc_norm_kern')
S:  [None, <tf.Tensor 'Const_1:0' shape=(48,) dtype=float64>, <tf.Tensor 'Const_2:0' shape=(48,) dtype=float64>]
('>', 'Mdl*hbf2*-units[2, 48, 48, 1], task: task_f2d_2x2_1_cosx1_plus_x2_depth2, step 100/5472, train err 10.6142, cv err: 10.9243 test err 11.3387')
('>', 'Opt:Adam, BN False, BN_trainable: False After100/5472 iteration,Init: data_trunc_norm_kern')
S:  [None, <tf.Tensor 'Const_1:0' shape=(48,) dtype=float64>, <tf.Tensor 'Const_2:0' shape=(48,) dtype=float64>]
('>', 'Mdl*hbf2*-units[2, 48, 48, 1], task: task_f2d_2x2_1_cosx1_plus_x2_depth2, step 150/5472, train err 10.3483, cv err: 10.6786 test err 11.0835')
('>', 'Opt:Adam, BN False, BN_trainable: False After150/5472 iteration,Init: data_trunc_norm_kern')
S:  [None, <tf.Tensor 'Const_1:0' shape=(48,) dtype=float64>, <tf.Tensor 'Const_2:0' shape=(48,) dtype=float64>]
('>', 'Mdl*hbf2*-units[2, 48, 48, 1], task: task_f2d_2x2_1_cosx1_plus_x2_depth2, step 200/5472, train err 10.0794, cv err: 10.4189 test err 10.8203')
('>', 'Opt:Adam, BN False, BN_trainable: False After200/5472 iteration,Init: data_trunc_norm_kern')
S:  [None, <tf.Tensor 'Const_1:0' shape=(48,) dtype=float64>, <tf.Tensor 'Const_2:0' shape=(48,) dtype=float64>]
('>', 'Mdl*hbf2*-units[2, 48, 48, 1], task: task_f2d_2x2_1_cosx1_plus_x2_depth2, step 250/5472, train err 9.82515, cv err: 10.1658 test err 10.573')
('>', 'Opt:Adam, BN False, BN_trainable: False After250/5472 iteration,Init: data_trunc_norm_kern')
S:  [None, <tf.Tensor 'Const_1:0' shape=(48,) dtype=float64>, <tf.Tensor 'Const_2:0' shape=(48,) dtype=float64>]
('>', 'Mdl*hbf2*-units[2, 48, 48, 1], task: task_f2d_2x2_1_cosx1_plus_x2_depth2, step 300/5472, train err 9.5631, cv err: 9.89561 test err 10.3134')
('>', 'Opt:Adam, BN False, BN_trainable: False After300/5472 iteration,Init: data_trunc_norm_kern')
S:  [None, <tf.Tensor 'Const_1:0' shape=(48,) dtype=float64>, <tf.Tensor 'Const_2:0' shape=(48,) dtype=float64>]
('>', 'Mdl*hbf2*-units[2, 48, 48, 1], task: task_f2d_2x2_1_cosx1_plus_x2_depth2, step 350/5472, train err 9.35543, cv err: 9.67541 test err 10.1156')
('>', 'Opt:Adam, BN False, BN_trainable: False After350/5472 iteration,Init: data_trunc_norm_kern')
S:  [None, <tf.Tensor 'Const_1:0' shape=(48,) dtype=float64>, <tf.Tensor 'Const_2:0' shape=(48,) dtype=float64>]
('>', 'Mdl*hbf2*-units[2, 48, 48, 1], task: task_f2d_2x2_1_cosx1_plus_x2_depth2, step 400/5472, train err 9.15957, cv err: 9.45912 test err 9.92388')
('>', 'Opt:Adam, BN False, BN_trainable: False After400/5472 iteration,Init: data_trunc_norm_kern')
S:  [None, <tf.Tensor 'Const_1:0' shape=(48,) dtype=float64>, <tf.Tensor 'Const_2:0' shape=(48,) dtype=float64>]
('>', 'Mdl*hbf2*-units[2, 48, 48, 1], task: task_f2d_2x2_1_cosx1_plus_x2_depth2, step 450/5472, train err 9.00656, cv err: 9.28243 test err 9.77439')
('>', 'Opt:Adam, BN False, BN_trainable: False After450/5472 iteration,Init: data_trunc_norm_kern')
S:  [None, <tf.Tensor 'Const_1:0' shape=(48,) dtype=float64>, <tf.Tensor 'Const_2:0' shape=(48,) dtype=float64>]
('>', 'Mdl*hbf2*-units[2, 48, 48, 1], task: task_f2d_2x2_1_cosx1_plus_x2_depth2, step 500/5472, train err 8.89407, cv err: 9.14272 test err 9.66069')
('>', 'Opt:Adam, BN False, BN_trainable: False After500/5472 iteration,Init: data_trunc_norm_kern')
S:  [None, <tf.Tensor 'Const_1:0' shape=(48,) dtype=float64>, <tf.Tensor 'Const_2:0' shape=(48,) dtype=float64>]
('>', 'Mdl*hbf2*-units[2, 48, 48, 1], task: task_f2d_2x2_1_cosx1_plus_x2_depth2, step 550/5472, train err 8.83381, cv err: 9.05791 test err 9.59846')
('>', 'Opt:Adam, BN False, BN_trainable: False After550/5472 iteration,Init: data_trunc_norm_kern')
S:  [None, <tf.Tensor 'Const_1:0' shape=(48,) dtype=float64>, <tf.Tensor 'Const_2:0' shape=(48,) dtype=float64>]
('>', 'Mdl*hbf2*-units[2, 48, 48, 1], task: task_f2d_2x2_1_cosx1_plus_x2_depth2, step 600/5472, train err 8.8236, cv err: 9.02796 test err 9.58856')
('>', 'Opt:Adam, BN False, BN_trainable: False After600/5472 iteration,Init: data_trunc_norm_kern')
S:  [None, <tf.Tensor 'Const_1:0' shape=(48,) dtype=float64>, <tf.Tensor 'Const_2:0' shape=(48,) dtype=float64>]
('>', 'Mdl*hbf2*-units[2, 48, 48, 1], task: task_f2d_2x2_1_cosx1_plus_x2_depth2, step 650/5472, train err 8.83861, cv err: 9.03072 test err 9.61055')
('>', 'Opt:Adam, BN False, BN_trainable: False After650/5472 iteration,Init: data_trunc_norm_kern')
S:  [None, <tf.Tensor 'Const_1:0' shape=(48,) dtype=float64>, <tf.Tensor 'Const_2:0' shape=(48,) dtype=float64>]
('>', 'Mdl*hbf2*-units[2, 48, 48, 1], task: task_f2d_2x2_1_cosx1_plus_x2_depth2, step 700/5472, train err 8.89058, cv err: 9.0855 test err 9.68676')
('>', 'Opt:Adam, BN False, BN_trainable: False After700/5472 iteration,Init: data_trunc_norm_kern')
S:  [None, <tf.Tensor 'Const_1:0' shape=(48,) dtype=float64>, <tf.Tensor 'Const_2:0' shape=(48,) dtype=float64>]
('>', 'Mdl*hbf2*-units[2, 48, 48, 1], task: task_f2d_2x2_1_cosx1_plus_x2_depth2, step 750/5472, train err 8.89707, cv err: 9.08472 test err 9.71215')
('>', 'Opt:Adam, BN False, BN_trainable: False After750/5472 iteration,Init: data_trunc_norm_kern')
S:  [None, <tf.Tensor 'Const_1:0' shape=(48,) dtype=float64>, <tf.Tensor 'Const_2:0' shape=(48,) dtype=float64>]
('>', 'Mdl*hbf2*-units[2, 48, 48, 1], task: task_f2d_2x2_1_cosx1_plus_x2_depth2, step 800/5472, train err 8.87287, cv err: 9.05576 test err 9.71701')
('>', 'Opt:Adam, BN False, BN_trainable: False After800/5472 iteration,Init: data_trunc_norm_kern')
S:  [None, <tf.Tensor 'Const_1:0' shape=(48,) dtype=float64>, <tf.Tensor 'Const_2:0' shape=(48,) dtype=float64>]
('>', 'Mdl*hbf2*-units[2, 48, 48, 1], task: task_f2d_2x2_1_cosx1_plus_x2_depth2, step 850/5472, train err 8.84594, cv err: 9.00658 test err 9.70819')
('>', 'Opt:Adam, BN False, BN_trainable: False After850/5472 iteration,Init: data_trunc_norm_kern')
S:  [None, <tf.Tensor 'Const_1:0' shape=(48,) dtype=float64>, <tf.Tensor 'Const_2:0' shape=(48,) dtype=float64>]
('>', 'Mdl*hbf2*-units[2, 48, 48, 1], task: task_f2d_2x2_1_cosx1_plus_x2_depth2, step 900/5472, train err 8.82678, cv err: 8.96197 test err 9.71487')
('>', 'Opt:Adam, BN False, BN_trainable: False After900/5472 iteration,Init: data_trunc_norm_kern')
S:  [None, <tf.Tensor 'Const_1:0' shape=(48,) dtype=float64>, <tf.Tensor 'Const_2:0' shape=(48,) dtype=float64>]
('>', 'Mdl*hbf2*-units[2, 48, 48, 1], task: task_f2d_2x2_1_cosx1_plus_x2_depth2, step 950/5472, train err 8.78615, cv err: 8.88889 test err 9.68101')
('>', 'Opt:Adam, BN False, BN_trainable: False After950/5472 iteration,Init: data_trunc_norm_kern')
S:  [None, <tf.Tensor 'Const_1:0' shape=(48,) dtype=float64>, <tf.Tensor 'Const_2:0' shape=(48,) dtype=float64>]
('>', 'Mdl*hbf2*-units[2, 48, 48, 1], task: task_f2d_2x2_1_cosx1_plus_x2_depth2, step 1000/5472, train err 8.78262, cv err: 8.85027 test err 9.68112')
('>', 'Opt:Adam, BN False, BN_trainable: False After1000/5472 iteration,Init: data_trunc_norm_kern')
S:  [None, <tf.Tensor 'Const_1:0' shape=(48,) dtype=float64>, <tf.Tensor 'Const_2:0' shape=(48,) dtype=float64>]
('>', 'Mdl*hbf2*-units[2, 48, 48, 1], task: task_f2d_2x2_1_cosx1_plus_x2_depth2, step 1050/5472, train err 8.80223, cv err: 8.83344 test err 9.69989')
('>', 'Opt:Adam, BN False, BN_trainable: False After1050/5472 iteration,Init: data_trunc_norm_kern')
S:  [None, <tf.Tensor 'Const_1:0' shape=(48,) dtype=float64>, <tf.Tensor 'Const_2:0' shape=(48,) dtype=float64>]
('>', 'Mdl*hbf2*-units[2, 48, 48, 1], task: task_f2d_2x2_1_cosx1_plus_x2_depth2, step 1100/5472, train err 8.79149, cv err: 8.78788 test err 9.66827')
('>', 'Opt:Adam, BN False, BN_trainable: False After1100/5472 iteration,Init: data_trunc_norm_kern')
S:  [None, <tf.Tensor 'Const_1:0' shape=(48,) dtype=float64>, <tf.Tensor 'Const_2:0' shape=(48,) dtype=float64>]
('>', 'Mdl*hbf2*-units[2, 48, 48, 1], task: task_f2d_2x2_1_cosx1_plus_x2_depth2, step 1150/5472, train err 8.81988, cv err: 8.80264 test err 9.694')
('>', 'Opt:Adam, BN False, BN_trainable: False After1150/5472 iteration,Init: data_trunc_norm_kern')
S:  [None, <tf.Tensor 'Const_1:0' shape=(48,) dtype=float64>, <tf.Tensor 'Const_2:0' shape=(48,) dtype=float64>]
('>', 'Mdl*hbf2*-units[2, 48, 48, 1], task: task_f2d_2x2_1_cosx1_plus_x2_depth2, step 1200/5472, train err 8.83365, cv err: 8.78687 test err 9.67395')
('>', 'Opt:Adam, BN False, BN_trainable: False After1200/5472 iteration,Init: data_trunc_norm_kern')
S:  [None, <tf.Tensor 'Const_1:0' shape=(48,) dtype=float64>, <tf.Tensor 'Const_2:0' shape=(48,) dtype=float64>]
('>', 'Mdl*hbf2*-units[2, 48, 48, 1], task: task_f2d_2x2_1_cosx1_plus_x2_depth2, step 1250/5472, train err 8.87388, cv err: 8.8238 test err 9.70496')
('>', 'Opt:Adam, BN False, BN_trainable: False After1250/5472 iteration,Init: data_trunc_norm_kern')
S:  [None, <tf.Tensor 'Const_1:0' shape=(48,) dtype=float64>, <tf.Tensor 'Const_2:0' shape=(48,) dtype=float64>]
('>', 'Mdl*hbf2*-units[2, 48, 48, 1], task: task_f2d_2x2_1_cosx1_plus_x2_depth2, step 1300/5472, train err 8.9525, cv err: 8.89041 test err 9.76846')
('>', 'Opt:Adam, BN False, BN_trainable: False After1300/5472 iteration,Init: data_trunc_norm_kern')
S:  [None, <tf.Tensor 'Const_1:0' shape=(48,) dtype=float64>, <tf.Tensor 'Const_2:0' shape=(48,) dtype=float64>]
('>', 'Mdl*hbf2*-units[2, 48, 48, 1], task: task_f2d_2x2_1_cosx1_plus_x2_depth2, step 1350/5472, train err 9.05483, cv err: 8.99506 test err 9.8735')
('>', 'Opt:Adam, BN False, BN_trainable: False After1350/5472 iteration,Init: data_trunc_norm_kern')
S:  [None, <tf.Tensor 'Const_1:0' shape=(48,) dtype=float64>, <tf.Tensor 'Const_2:0' shape=(48,) dtype=float64>]
('>', 'Mdl*hbf2*-units[2, 48, 48, 1], task: task_f2d_2x2_1_cosx1_plus_x2_depth2, step 1400/5472, train err 9.16907, cv err: 9.11646 test err 9.99614')
('>', 'Opt:Adam, BN False, BN_trainable: False After1400/5472 iteration,Init: data_trunc_norm_kern')
S:  [None, <tf.Tensor 'Const_1:0' shape=(48,) dtype=float64>, <tf.Tensor 'Const_2:0' shape=(48,) dtype=float64>]
('>', 'Mdl*hbf2*-units[2, 48, 48, 1], task: task_f2d_2x2_1_cosx1_plus_x2_depth2, step 1450/5472, train err 9.28889, cv err: 9.25422 test err 10.1334')
('>', 'Opt:Adam, BN False, BN_trainable: False After1450/5472 iteration,Init: data_trunc_norm_kern')
S:  [None, <tf.Tensor 'Const_1:0' shape=(48,) dtype=float64>, <tf.Tensor 'Const_2:0' shape=(48,) dtype=float64>]
('>', 'Mdl*hbf2*-units[2, 48, 48, 1], task: task_f2d_2x2_1_cosx1_plus_x2_depth2, step 1500/5472, train err 9.45202, cv err: 9.44669 test err 10.3326')
('>', 'Opt:Adam, BN False, BN_trainable: False After1500/5472 iteration,Init: data_trunc_norm_kern')
S:  [None, <tf.Tensor 'Const_1:0' shape=(48,) dtype=float64>, <tf.Tensor 'Const_2:0' shape=(48,) dtype=float64>]
('>', 'Mdl*hbf2*-units[2, 48, 48, 1], task: task_f2d_2x2_1_cosx1_plus_x2_depth2, step 1550/5472, train err 9.61587, cv err: 9.65298 test err 10.5348')
('>', 'Opt:Adam, BN False, BN_trainable: False After1550/5472 iteration,Init: data_trunc_norm_kern')
S:  [None, <tf.Tensor 'Const_1:0' shape=(48,) dtype=float64>, <tf.Tensor 'Const_2:0' shape=(48,) dtype=float64>]
('>', 'Mdl*hbf2*-units[2, 48, 48, 1], task: task_f2d_2x2_1_cosx1_plus_x2_depth2, step 1600/5472, train err 9.73348, cv err: 9.82411 test err 10.6844')
('>', 'Opt:Adam, BN False, BN_trainable: False After1600/5472 iteration,Init: data_trunc_norm_kern')
S:  [None, <tf.Tensor 'Const_1:0' shape=(48,) dtype=float64>, <tf.Tensor 'Const_2:0' shape=(48,) dtype=float64>]
('>', 'Mdl*hbf2*-units[2, 48, 48, 1], task: task_f2d_2x2_1_cosx1_plus_x2_depth2, step 1650/5472, train err 9.89959, cv err: 10.0433 test err 10.8704')
('>', 'Opt:Adam, BN False, BN_trainable: False After1650/5472 iteration,Init: data_trunc_norm_kern')
S:  [None, <tf.Tensor 'Const_1:0' shape=(48,) dtype=float64>, <tf.Tensor 'Const_2:0' shape=(48,) dtype=float64>]
('>', 'Mdl*hbf2*-units[2, 48, 48, 1], task: task_f2d_2x2_1_cosx1_plus_x2_depth2, step 1700/5472, train err 10.0613, cv err: 10.2821 test err 11.0764')
('>', 'Opt:Adam, BN False, BN_trainable: False After1700/5472 iteration,Init: data_trunc_norm_kern')
S:  [None, <tf.Tensor 'Const_1:0' shape=(48,) dtype=float64>, <tf.Tensor 'Const_2:0' shape=(48,) dtype=float64>]
('>', 'Mdl*hbf2*-units[2, 48, 48, 1], task: task_f2d_2x2_1_cosx1_plus_x2_depth2, step 1750/5472, train err 10.2083, cv err: 10.5087 test err 11.2453')
('>', 'Opt:Adam, BN False, BN_trainable: False After1750/5472 iteration,Init: data_trunc_norm_kern')
S:  [None, <tf.Tensor 'Const_1:0' shape=(48,) dtype=float64>, <tf.Tensor 'Const_2:0' shape=(48,) dtype=float64>]
('>', 'Mdl*hbf2*-units[2, 48, 48, 1], task: task_f2d_2x2_1_cosx1_plus_x2_depth2, step 1800/5472, train err 10.3243, cv err: 10.7119 test err 11.4019')
('>', 'Opt:Adam, BN False, BN_trainable: False After1800/5472 iteration,Init: data_trunc_norm_kern')
S:  [None, <tf.Tensor 'Const_1:0' shape=(48,) dtype=float64>, <tf.Tensor 'Const_2:0' shape=(48,) dtype=float64>]
('>', 'Mdl*hbf2*-units[2, 48, 48, 1], task: task_f2d_2x2_1_cosx1_plus_x2_depth2, step 1850/5472, train err 10.4784, cv err: 10.9587 test err 11.5869')
('>', 'Opt:Adam, BN False, BN_trainable: False After1850/5472 iteration,Init: data_trunc_norm_kern')
S:  [None, <tf.Tensor 'Const_1:0' shape=(48,) dtype=float64>, <tf.Tensor 'Const_2:0' shape=(48,) dtype=float64>]
('>', 'Mdl*hbf2*-units[2, 48, 48, 1], task: task_f2d_2x2_1_cosx1_plus_x2_depth2, step 1900/5472, train err 10.6433, cv err: 11.2179 test err 11.7765')
('>', 'Opt:Adam, BN False, BN_trainable: False After1900/5472 iteration,Init: data_trunc_norm_kern')
S:  [None, <tf.Tensor 'Const_1:0' shape=(48,) dtype=float64>, <tf.Tensor 'Const_2:0' shape=(48,) dtype=float64>]
('>', 'Mdl*hbf2*-units[2, 48, 48, 1], task: task_f2d_2x2_1_cosx1_plus_x2_depth2, step 1950/5472, train err 10.842, cv err: 11.5243 test err 12.0197')
('>', 'Opt:Adam, BN False, BN_trainable: False After1950/5472 iteration,Init: data_trunc_norm_kern')
S:  [None, <tf.Tensor 'Const_1:0' shape=(48,) dtype=float64>, <tf.Tensor 'Const_2:0' shape=(48,) dtype=float64>]
('>', 'Mdl*hbf2*-units[2, 48, 48, 1], task: task_f2d_2x2_1_cosx1_plus_x2_depth2, step 2000/5472, train err 10.9694, cv err: 11.742 test err 12.2009')
('>', 'Opt:Adam, BN False, BN_trainable: False After2000/5472 iteration,Init: data_trunc_norm_kern')
S:  [None, <tf.Tensor 'Const_1:0' shape=(48,) dtype=float64>, <tf.Tensor 'Const_2:0' shape=(48,) dtype=float64>]
('>', 'Mdl*hbf2*-units[2, 48, 48, 1], task: task_f2d_2x2_1_cosx1_plus_x2_depth2, step 2050/5472, train err 11.1916, cv err: 12.0549 test err 12.463')
('>', 'Opt:Adam, BN False, BN_trainable: False After2050/5472 iteration,Init: data_trunc_norm_kern')
S:  [None, <tf.Tensor 'Const_1:0' shape=(48,) dtype=float64>, <tf.Tensor 'Const_2:0' shape=(48,) dtype=float64>]
('>', 'Mdl*hbf2*-units[2, 48, 48, 1], task: task_f2d_2x2_1_cosx1_plus_x2_depth2, step 2100/5472, train err 11.3471, cv err: 12.2735 test err 12.6504')
('>', 'Opt:Adam, BN False, BN_trainable: False After2100/5472 iteration,Init: data_trunc_norm_kern')
S:  [None, <tf.Tensor 'Const_1:0' shape=(48,) dtype=float64>, <tf.Tensor 'Const_2:0' shape=(48,) dtype=float64>]
('>', 'Mdl*hbf2*-units[2, 48, 48, 1], task: task_f2d_2x2_1_cosx1_plus_x2_depth2, step 2150/5472, train err 11.5563, cv err: 12.5497 test err 12.9264')
('>', 'Opt:Adam, BN False, BN_trainable: False After2150/5472 iteration,Init: data_trunc_norm_kern')
S:  [None, <tf.Tensor 'Const_1:0' shape=(48,) dtype=float64>, <tf.Tensor 'Const_2:0' shape=(48,) dtype=float64>]
('>', 'Mdl*hbf2*-units[2, 48, 48, 1], task: task_f2d_2x2_1_cosx1_plus_x2_depth2, step 2200/5472, train err 11.7069, cv err: 12.7316 test err 13.1115')
('>', 'Opt:Adam, BN False, BN_trainable: False After2200/5472 iteration,Init: data_trunc_norm_kern')
S:  [None, <tf.Tensor 'Const_1:0' shape=(48,) dtype=float64>, <tf.Tensor 'Const_2:0' shape=(48,) dtype=float64>]
('>', 'Mdl*hbf2*-units[2, 48, 48, 1], task: task_f2d_2x2_1_cosx1_plus_x2_depth2, step 2250/5472, train err 11.9854, cv err: 13.0431 test err 13.4523')
('>', 'Opt:Adam, BN False, BN_trainable: False After2250/5472 iteration,Init: data_trunc_norm_kern')
S:  [None, <tf.Tensor 'Const_1:0' shape=(48,) dtype=float64>, <tf.Tensor 'Const_2:0' shape=(48,) dtype=float64>]
('>', 'Mdl*hbf2*-units[2, 48, 48, 1], task: task_f2d_2x2_1_cosx1_plus_x2_depth2, step 2300/5472, train err 12.3188, cv err: 13.3875 test err 13.829')
('>', 'Opt:Adam, BN False, BN_trainable: False After2300/5472 iteration,Init: data_trunc_norm_kern')
S:  [None, <tf.Tensor 'Const_1:0' shape=(48,) dtype=float64>, <tf.Tensor 'Const_2:0' shape=(48,) dtype=float64>]
('>', 'Mdl*hbf2*-units[2, 48, 48, 1], task: task_f2d_2x2_1_cosx1_plus_x2_depth2, step 2350/5472, train err 12.772, cv err: 13.8646 test err 14.3345')
('>', 'Opt:Adam, BN False, BN_trainable: False After2350/5472 iteration,Init: data_trunc_norm_kern')
S:  [None, <tf.Tensor 'Const_1:0' shape=(48,) dtype=float64>, <tf.Tensor 'Const_2:0' shape=(48,) dtype=float64>]
('>', 'Mdl*hbf2*-units[2, 48, 48, 1], task: task_f2d_2x2_1_cosx1_plus_x2_depth2, step 2400/5472, train err 13.0148, cv err: 14.0786 test err 14.5383')
('>', 'Opt:Adam, BN False, BN_trainable: False After2400/5472 iteration,Init: data_trunc_norm_kern')
S:  [None, <tf.Tensor 'Const_1:0' shape=(48,) dtype=float64>, <tf.Tensor 'Const_2:0' shape=(48,) dtype=float64>]
('>', 'Mdl*hbf2*-units[2, 48, 48, 1], task: task_f2d_2x2_1_cosx1_plus_x2_depth2, step 2450/5472, train err 13.5751, cv err: 14.633 test err 15.1097')
('>', 'Opt:Adam, BN False, BN_trainable: False After2450/5472 iteration,Init: data_trunc_norm_kern')
S:  [None, <tf.Tensor 'Const_1:0' shape=(48,) dtype=float64>, <tf.Tensor 'Const_2:0' shape=(48,) dtype=float64>]
('>', 'Mdl*hbf2*-units[2, 48, 48, 1], task: task_f2d_2x2_1_cosx1_plus_x2_depth2, step 2500/5472, train err 13.9414, cv err: 14.9836 test err 15.4487')
('>', 'Opt:Adam, BN False, BN_trainable: False After2500/5472 iteration,Init: data_trunc_norm_kern')
S:  [None, <tf.Tensor 'Const_1:0' shape=(48,) dtype=float64>, <tf.Tensor 'Const_2:0' shape=(48,) dtype=float64>]
('>', 'Mdl*hbf2*-units[2, 48, 48, 1], task: task_f2d_2x2_1_cosx1_plus_x2_depth2, step 2550/5472, train err 14.6654, cv err: 15.712 test err 16.183')
('>', 'Opt:Adam, BN False, BN_trainable: False After2550/5472 iteration,Init: data_trunc_norm_kern')
S:  [None, <tf.Tensor 'Const_1:0' shape=(48,) dtype=float64>, <tf.Tensor 'Const_2:0' shape=(48,) dtype=float64>]
('>', 'Mdl*hbf2*-units[2, 48, 48, 1], task: task_f2d_2x2_1_cosx1_plus_x2_depth2, step 2600/5472, train err 15.1232, cv err: 16.1543 test err 16.6084')
('>', 'Opt:Adam, BN False, BN_trainable: False After2600/5472 iteration,Init: data_trunc_norm_kern')
S:  [None, <tf.Tensor 'Const_1:0' shape=(48,) dtype=float64>, <tf.Tensor 'Const_2:0' shape=(48,) dtype=float64>]
('>', 'Mdl*hbf2*-units[2, 48, 48, 1], task: task_f2d_2x2_1_cosx1_plus_x2_depth2, step 2650/5472, train err 15.72, cv err: 16.7466 test err 17.1989')
('>', 'Opt:Adam, BN False, BN_trainable: False After2650/5472 iteration,Init: data_trunc_norm_kern')
S:  [None, <tf.Tensor 'Const_1:0' shape=(48,) dtype=float64>, <tf.Tensor 'Const_2:0' shape=(48,) dtype=float64>]
('>', 'Mdl*hbf2*-units[2, 48, 48, 1], task: task_f2d_2x2_1_cosx1_plus_x2_depth2, step 2700/5472, train err 16.3978, cv err: 17.4279 test err 17.8712')
('>', 'Opt:Adam, BN False, BN_trainable: False After2700/5472 iteration,Init: data_trunc_norm_kern')
S:  [None, <tf.Tensor 'Const_1:0' shape=(48,) dtype=float64>, <tf.Tensor 'Const_2:0' shape=(48,) dtype=float64>]
('>', 'Mdl*hbf2*-units[2, 48, 48, 1], task: task_f2d_2x2_1_cosx1_plus_x2_depth2, step 2750/5472, train err 17.2558, cv err: 18.3047 test err 18.7432')
('>', 'Opt:Adam, BN False, BN_trainable: False After2750/5472 iteration,Init: data_trunc_norm_kern')
S:  [None, <tf.Tensor 'Const_1:0' shape=(48,) dtype=float64>, <tf.Tensor 'Const_2:0' shape=(48,) dtype=float64>]
('>', 'Mdl*hbf2*-units[2, 48, 48, 1], task: task_f2d_2x2_1_cosx1_plus_x2_depth2, step 2800/5472, train err 17.9425, cv err: 18.9981 test err 19.4252')
('>', 'Opt:Adam, BN False, BN_trainable: False After2800/5472 iteration,Init: data_trunc_norm_kern')
S:  [None, <tf.Tensor 'Const_1:0' shape=(48,) dtype=float64>, <tf.Tensor 'Const_2:0' shape=(48,) dtype=float64>]
('>', 'Mdl*hbf2*-units[2, 48, 48, 1], task: task_f2d_2x2_1_cosx1_plus_x2_depth2, step 2850/5472, train err 18.7982, cv err: 19.8716 test err 20.292')
('>', 'Opt:Adam, BN False, BN_trainable: False After2850/5472 iteration,Init: data_trunc_norm_kern')
S:  [None, <tf.Tensor 'Const_1:0' shape=(48,) dtype=float64>, <tf.Tensor 'Const_2:0' shape=(48,) dtype=float64>]
('>', 'Mdl*hbf2*-units[2, 48, 48, 1], task: task_f2d_2x2_1_cosx1_plus_x2_depth2, step 2900/5472, train err 19.9103, cv err: 21.0136 test err 21.423')
('>', 'Opt:Adam, BN False, BN_trainable: False After2900/5472 iteration,Init: data_trunc_norm_kern')
S:  [None, <tf.Tensor 'Const_1:0' shape=(48,) dtype=float64>, <tf.Tensor 'Const_2:0' shape=(48,) dtype=float64>]
('>', 'Mdl*hbf2*-units[2, 48, 48, 1], task: task_f2d_2x2_1_cosx1_plus_x2_depth2, step 2950/5472, train err 20.7353, cv err: 21.8621 test err 22.2451')
('>', 'Opt:Adam, BN False, BN_trainable: False After2950/5472 iteration,Init: data_trunc_norm_kern')
S:  [None, <tf.Tensor 'Const_1:0' shape=(48,) dtype=float64>, <tf.Tensor 'Const_2:0' shape=(48,) dtype=float64>]
('>', 'Mdl*hbf2*-units[2, 48, 48, 1], task: task_f2d_2x2_1_cosx1_plus_x2_depth2, step 3000/5472, train err 21.9262, cv err: 23.0931 test err 23.4617')
('>', 'Opt:Adam, BN False, BN_trainable: False After3000/5472 iteration,Init: data_trunc_norm_kern')
S:  [None, <tf.Tensor 'Const_1:0' shape=(48,) dtype=float64>, <tf.Tensor 'Const_2:0' shape=(48,) dtype=float64>]
('>', 'Mdl*hbf2*-units[2, 48, 48, 1], task: task_f2d_2x2_1_cosx1_plus_x2_depth2, step 3050/5472, train err 23.2075, cv err: 24.4121 test err 24.748')
('>', 'Opt:Adam, BN False, BN_trainable: False After3050/5472 iteration,Init: data_trunc_norm_kern')
S:  [None, <tf.Tensor 'Const_1:0' shape=(48,) dtype=float64>, <tf.Tensor 'Const_2:0' shape=(48,) dtype=float64>]
('>', 'Mdl*hbf2*-units[2, 48, 48, 1], task: task_f2d_2x2_1_cosx1_plus_x2_depth2, step 3100/5472, train err 23.9637, cv err: 25.1834 test err 25.4826')
('>', 'Opt:Adam, BN False, BN_trainable: False After3100/5472 iteration,Init: data_trunc_norm_kern')
S:  [None, <tf.Tensor 'Const_1:0' shape=(48,) dtype=float64>, <tf.Tensor 'Const_2:0' shape=(48,) dtype=float64>]
('>', 'Mdl*hbf2*-units[2, 48, 48, 1], task: task_f2d_2x2_1_cosx1_plus_x2_depth2, step 3150/5472, train err 25.2635, cv err: 26.5353 test err 26.8113')
('>', 'Opt:Adam, BN False, BN_trainable: False After3150/5472 iteration,Init: data_trunc_norm_kern')
S:  [None, <tf.Tensor 'Const_1:0' shape=(48,) dtype=float64>, <tf.Tensor 'Const_2:0' shape=(48,) dtype=float64>]
('>', 'Mdl*hbf2*-units[2, 48, 48, 1], task: task_f2d_2x2_1_cosx1_plus_x2_depth2, step 3200/5472, train err 26.5957, cv err: 27.9115 test err 28.1442')
('>', 'Opt:Adam, BN False, BN_trainable: False After3200/5472 iteration,Init: data_trunc_norm_kern')
S:  [None, <tf.Tensor 'Const_1:0' shape=(48,) dtype=float64>, <tf.Tensor 'Const_2:0' shape=(48,) dtype=float64>]
('>', 'Mdl*hbf2*-units[2, 48, 48, 1], task: task_f2d_2x2_1_cosx1_plus_x2_depth2, step 3250/5472, train err 27.653, cv err: 29.012 test err 29.2016')
('>', 'Opt:Adam, BN False, BN_trainable: False After3250/5472 iteration,Init: data_trunc_norm_kern')
S:  [None, <tf.Tensor 'Const_1:0' shape=(48,) dtype=float64>, <tf.Tensor 'Const_2:0' shape=(48,) dtype=float64>]
('>', 'Mdl*hbf2*-units[2, 48, 48, 1], task: task_f2d_2x2_1_cosx1_plus_x2_depth2, step 3300/5472, train err 29.0251, cv err: 30.4265 test err 30.5524')
('>', 'Opt:Adam, BN False, BN_trainable: False After3300/5472 iteration,Init: data_trunc_norm_kern')
S:  [None, <tf.Tensor 'Const_1:0' shape=(48,) dtype=float64>, <tf.Tensor 'Const_2:0' shape=(48,) dtype=float64>]
('>', 'Mdl*hbf2*-units[2, 48, 48, 1], task: task_f2d_2x2_1_cosx1_plus_x2_depth2, step 3350/5472, train err 30.2289, cv err: 31.6787 test err 31.7539')
('>', 'Opt:Adam, BN False, BN_trainable: False After3350/5472 iteration,Init: data_trunc_norm_kern')
S:  [None, <tf.Tensor 'Const_1:0' shape=(48,) dtype=float64>, <tf.Tensor 'Const_2:0' shape=(48,) dtype=float64>]
('>', 'Mdl*hbf2*-units[2, 48, 48, 1], task: task_f2d_2x2_1_cosx1_plus_x2_depth2, step 3400/5472, train err 31.3255, cv err: 32.8121 test err 32.8307')
('>', 'Opt:Adam, BN False, BN_trainable: False After3400/5472 iteration,Init: data_trunc_norm_kern')
S:  [None, <tf.Tensor 'Const_1:0' shape=(48,) dtype=float64>, <tf.Tensor 'Const_2:0' shape=(48,) dtype=float64>]
('>', 'Mdl*hbf2*-units[2, 48, 48, 1], task: task_f2d_2x2_1_cosx1_plus_x2_depth2, step 3450/5472, train err 32.9974, cv err: 34.5516 test err 34.5018')
('>', 'Opt:Adam, BN False, BN_trainable: False After3450/5472 iteration,Init: data_trunc_norm_kern')
S:  [None, <tf.Tensor 'Const_1:0' shape=(48,) dtype=float64>, <tf.Tensor 'Const_2:0' shape=(48,) dtype=float64>]
('>', 'Mdl*hbf2*-units[2, 48, 48, 1], task: task_f2d_2x2_1_cosx1_plus_x2_depth2, step 3500/5472, train err 33.9511, cv err: 35.5419 test err 35.4549')
('>', 'Opt:Adam, BN False, BN_trainable: False After3500/5472 iteration,Init: data_trunc_norm_kern')
S:  [None, <tf.Tensor 'Const_1:0' shape=(48,) dtype=float64>, <tf.Tensor 'Const_2:0' shape=(48,) dtype=float64>]
('>', 'Mdl*hbf2*-units[2, 48, 48, 1], task: task_f2d_2x2_1_cosx1_plus_x2_depth2, step 3550/5472, train err 35.1752, cv err: 36.8134 test err 36.6295')
('>', 'Opt:Adam, BN False, BN_trainable: False After3550/5472 iteration,Init: data_trunc_norm_kern')
S:  [None, <tf.Tensor 'Const_1:0' shape=(48,) dtype=float64>, <tf.Tensor 'Const_2:0' shape=(48,) dtype=float64>]
('>', 'Mdl*hbf2*-units[2, 48, 48, 1], task: task_f2d_2x2_1_cosx1_plus_x2_depth2, step 3600/5472, train err 36.0985, cv err: 37.7842 test err 37.5465')
('>', 'Opt:Adam, BN False, BN_trainable: False After3600/5472 iteration,Init: data_trunc_norm_kern')
S:  [None, <tf.Tensor 'Const_1:0' shape=(48,) dtype=float64>, <tf.Tensor 'Const_2:0' shape=(48,) dtype=float64>]
('>', 'Mdl*hbf2*-units[2, 48, 48, 1], task: task_f2d_2x2_1_cosx1_plus_x2_depth2, step 3650/5472, train err 37.7187, cv err: 39.4721 test err 39.1593')
('>', 'Opt:Adam, BN False, BN_trainable: False After3650/5472 iteration,Init: data_trunc_norm_kern')
S:  [None, <tf.Tensor 'Const_1:0' shape=(48,) dtype=float64>, <tf.Tensor 'Const_2:0' shape=(48,) dtype=float64>]
('>', 'Mdl*hbf2*-units[2, 48, 48, 1], task: task_f2d_2x2_1_cosx1_plus_x2_depth2, step 3700/5472, train err 38.5943, cv err: 40.3934 test err 40.0142')
('>', 'Opt:Adam, BN False, BN_trainable: False After3700/5472 iteration,Init: data_trunc_norm_kern')
S:  [None, <tf.Tensor 'Const_1:0' shape=(48,) dtype=float64>, <tf.Tensor 'Const_2:0' shape=(48,) dtype=float64>]
('>', 'Mdl*hbf2*-units[2, 48, 48, 1], task: task_f2d_2x2_1_cosx1_plus_x2_depth2, step 3750/5472, train err 39.743, cv err: 41.5945 test err 41.1523')
('>', 'Opt:Adam, BN False, BN_trainable: False After3750/5472 iteration,Init: data_trunc_norm_kern')
S:  [None, <tf.Tensor 'Const_1:0' shape=(48,) dtype=float64>, <tf.Tensor 'Const_2:0' shape=(48,) dtype=float64>]
('>', 'Mdl*hbf2*-units[2, 48, 48, 1], task: task_f2d_2x2_1_cosx1_plus_x2_depth2, step 3800/5472, train err 40.5162, cv err: 42.406 test err 41.9068')
('>', 'Opt:Adam, BN False, BN_trainable: False After3800/5472 iteration,Init: data_trunc_norm_kern')
S:  [None, <tf.Tensor 'Const_1:0' shape=(48,) dtype=float64>, <tf.Tensor 'Const_2:0' shape=(48,) dtype=float64>]
('>', 'Mdl*hbf2*-units[2, 48, 48, 1], task: task_f2d_2x2_1_cosx1_plus_x2_depth2, step 3850/5472, train err 42.4825, cv err: 44.4595 test err 43.8516')
('>', 'Opt:Adam, BN False, BN_trainable: False After3850/5472 iteration,Init: data_trunc_norm_kern')
S:  [None, <tf.Tensor 'Const_1:0' shape=(48,) dtype=float64>, <tf.Tensor 'Const_2:0' shape=(48,) dtype=float64>]
('>', 'Mdl*hbf2*-units[2, 48, 48, 1], task: task_f2d_2x2_1_cosx1_plus_x2_depth2, step 3900/5472, train err 43.8574, cv err: 45.9091 test err 45.2057')
('>', 'Opt:Adam, BN False, BN_trainable: False After3900/5472 iteration,Init: data_trunc_norm_kern')
S:  [None, <tf.Tensor 'Const_1:0' shape=(48,) dtype=float64>, <tf.Tensor 'Const_2:0' shape=(48,) dtype=float64>]
('>', 'Mdl*hbf2*-units[2, 48, 48, 1], task: task_f2d_2x2_1_cosx1_plus_x2_depth2, step 3950/5472, train err 44.755, cv err: 46.8496 test err 46.064')
('>', 'Opt:Adam, BN False, BN_trainable: False After3950/5472 iteration,Init: data_trunc_norm_kern')
S:  [None, <tf.Tensor 'Const_1:0' shape=(48,) dtype=float64>, <tf.Tensor 'Const_2:0' shape=(48,) dtype=float64>]
('>', 'Mdl*hbf2*-units[2, 48, 48, 1], task: task_f2d_2x2_1_cosx1_plus_x2_depth2, step 4000/5472, train err 46.1079, cv err: 48.2621 test err 47.3947')
('>', 'Opt:Adam, BN False, BN_trainable: False After4000/5472 iteration,Init: data_trunc_norm_kern')
S:  [None, <tf.Tensor 'Const_1:0' shape=(48,) dtype=float64>, <tf.Tensor 'Const_2:0' shape=(48,) dtype=float64>]
('>', 'Mdl*hbf2*-units[2, 48, 48, 1], task: task_f2d_2x2_1_cosx1_plus_x2_depth2, step 4050/5472, train err 46.5067, cv err: 48.6904 test err 47.7637')
('>', 'Opt:Adam, BN False, BN_trainable: False After4050/5472 iteration,Init: data_trunc_norm_kern')
S:  [None, <tf.Tensor 'Const_1:0' shape=(48,) dtype=float64>, <tf.Tensor 'Const_2:0' shape=(48,) dtype=float64>]
('>', 'Mdl*hbf2*-units[2, 48, 48, 1], task: task_f2d_2x2_1_cosx1_plus_x2_depth2, step 4100/5472, train err 48.2648, cv err: 50.544 test err 49.5121')
('>', 'Opt:Adam, BN False, BN_trainable: False After4100/5472 iteration,Init: data_trunc_norm_kern')
S:  [None, <tf.Tensor 'Const_1:0' shape=(48,) dtype=float64>, <tf.Tensor 'Const_2:0' shape=(48,) dtype=float64>]
('>', 'Mdl*hbf2*-units[2, 48, 48, 1], task: task_f2d_2x2_1_cosx1_plus_x2_depth2, step 4150/5472, train err 49.1019, cv err: 51.4322 test err 50.3178')
('>', 'Opt:Adam, BN False, BN_trainable: False After4150/5472 iteration,Init: data_trunc_norm_kern')
S:  [None, <tf.Tensor 'Const_1:0' shape=(48,) dtype=float64>, <tf.Tensor 'Const_2:0' shape=(48,) dtype=float64>]
('>', 'Mdl*hbf2*-units[2, 48, 48, 1], task: task_f2d_2x2_1_cosx1_plus_x2_depth2, step 4200/5472, train err 50.2666, cv err: 52.6633 test err 51.4698')
('>', 'Opt:Adam, BN False, BN_trainable: False After4200/5472 iteration,Init: data_trunc_norm_kern')
S:  [None, <tf.Tensor 'Const_1:0' shape=(48,) dtype=float64>, <tf.Tensor 'Const_2:0' shape=(48,) dtype=float64>]
('>', 'Mdl*hbf2*-units[2, 48, 48, 1], task: task_f2d_2x2_1_cosx1_plus_x2_depth2, step 4250/5472, train err 51.3703, cv err: 53.8338 test err 52.5483')
('>', 'Opt:Adam, BN False, BN_trainable: False After4250/5472 iteration,Init: data_trunc_norm_kern')
S:  [None, <tf.Tensor 'Const_1:0' shape=(48,) dtype=float64>, <tf.Tensor 'Const_2:0' shape=(48,) dtype=float64>]
('>', 'Mdl*hbf2*-units[2, 48, 48, 1], task: task_f2d_2x2_1_cosx1_plus_x2_depth2, step 4300/5472, train err 52.5352, cv err: 55.0643 test err 53.6857')
('>', 'Opt:Adam, BN False, BN_trainable: False After4300/5472 iteration,Init: data_trunc_norm_kern')
S:  [None, <tf.Tensor 'Const_1:0' shape=(48,) dtype=float64>, <tf.Tensor 'Const_2:0' shape=(48,) dtype=float64>]
('>', 'Mdl*hbf2*-units[2, 48, 48, 1], task: task_f2d_2x2_1_cosx1_plus_x2_depth2, step 4350/5472, train err 53.4238, cv err: 56.0061 test err 54.5219')
('>', 'Opt:Adam, BN False, BN_trainable: False After4350/5472 iteration,Init: data_trunc_norm_kern')
S:  [None, <tf.Tensor 'Const_1:0' shape=(48,) dtype=float64>, <tf.Tensor 'Const_2:0' shape=(48,) dtype=float64>]
('>', 'Mdl*hbf2*-units[2, 48, 48, 1], task: task_f2d_2x2_1_cosx1_plus_x2_depth2, step 4400/5472, train err 55.296, cv err: 57.9909 test err 56.3693')
('>', 'Opt:Adam, BN False, BN_trainable: False After4400/5472 iteration,Init: data_trunc_norm_kern')
S:  [None, <tf.Tensor 'Const_1:0' shape=(48,) dtype=float64>, <tf.Tensor 'Const_2:0' shape=(48,) dtype=float64>]
('>', 'Mdl*hbf2*-units[2, 48, 48, 1], task: task_f2d_2x2_1_cosx1_plus_x2_depth2, step 4450/5472, train err 56.4777, cv err: 59.2546 test err 57.5469')
('>', 'Opt:Adam, BN False, BN_trainable: False After4450/5472 iteration,Init: data_trunc_norm_kern')
S:  [None, <tf.Tensor 'Const_1:0' shape=(48,) dtype=float64>, <tf.Tensor 'Const_2:0' shape=(48,) dtype=float64>]
('>', 'Mdl*hbf2*-units[2, 48, 48, 1], task: task_f2d_2x2_1_cosx1_plus_x2_depth2, step 4500/5472, train err 57.1386, cv err: 59.9541 test err 58.1579')
('>', 'Opt:Adam, BN False, BN_trainable: False After4500/5472 iteration,Init: data_trunc_norm_kern')
S:  [None, <tf.Tensor 'Const_1:0' shape=(48,) dtype=float64>, <tf.Tensor 'Const_2:0' shape=(48,) dtype=float64>]
('>', 'Mdl*hbf2*-units[2, 48, 48, 1], task: task_f2d_2x2_1_cosx1_plus_x2_depth2, step 4550/5472, train err 58.1976, cv err: 61.0826 test err 59.1955')
('>', 'Opt:Adam, BN False, BN_trainable: False After4550/5472 iteration,Init: data_trunc_norm_kern')
S:  [None, <tf.Tensor 'Const_1:0' shape=(48,) dtype=float64>, <tf.Tensor 'Const_2:0' shape=(48,) dtype=float64>]
('>', 'Mdl*hbf2*-units[2, 48, 48, 1], task: task_f2d_2x2_1_cosx1_plus_x2_depth2, step 4600/5472, train err 59.1915, cv err: 62.1468 test err 60.1352')
('>', 'Opt:Adam, BN False, BN_trainable: False After4600/5472 iteration,Init: data_trunc_norm_kern')
S:  [None, <tf.Tensor 'Const_1:0' shape=(48,) dtype=float64>, <tf.Tensor 'Const_2:0' shape=(48,) dtype=float64>]
('>', 'Mdl*hbf2*-units[2, 48, 48, 1], task: task_f2d_2x2_1_cosx1_plus_x2_depth2, step 4650/5472, train err 60.6126, cv err: 63.6587 test err 61.5232')
('>', 'Opt:Adam, BN False, BN_trainable: False After4650/5472 iteration,Init: data_trunc_norm_kern')
S:  [None, <tf.Tensor 'Const_1:0' shape=(48,) dtype=float64>, <tf.Tensor 'Const_2:0' shape=(48,) dtype=float64>]
('>', 'Mdl*hbf2*-units[2, 48, 48, 1], task: task_f2d_2x2_1_cosx1_plus_x2_depth2, step 4700/5472, train err 61.6526, cv err: 64.7727 test err 62.5538')
('>', 'Opt:Adam, BN False, BN_trainable: False After4700/5472 iteration,Init: data_trunc_norm_kern')
S:  [None, <tf.Tensor 'Const_1:0' shape=(48,) dtype=float64>, <tf.Tensor 'Const_2:0' shape=(48,) dtype=float64>]
('>', 'Mdl*hbf2*-units[2, 48, 48, 1], task: task_f2d_2x2_1_cosx1_plus_x2_depth2, step 4750/5472, train err 63.0088, cv err: 66.2187 test err 63.8731')
('>', 'Opt:Adam, BN False, BN_trainable: False After4750/5472 iteration,Init: data_trunc_norm_kern')
S:  [None, <tf.Tensor 'Const_1:0' shape=(48,) dtype=float64>, <tf.Tensor 'Const_2:0' shape=(48,) dtype=float64>]
('>', 'Mdl*hbf2*-units[2, 48, 48, 1], task: task_f2d_2x2_1_cosx1_plus_x2_depth2, step 4800/5472, train err 63.9877, cv err: 67.2698 test err 64.8366')
('>', 'Opt:Adam, BN False, BN_trainable: False After4800/5472 iteration,Init: data_trunc_norm_kern')
S:  [None, <tf.Tensor 'Const_1:0' shape=(48,) dtype=float64>, <tf.Tensor 'Const_2:0' shape=(48,) dtype=float64>]
('>', 'Mdl*hbf2*-units[2, 48, 48, 1], task: task_f2d_2x2_1_cosx1_plus_x2_depth2, step 4850/5472, train err 65.2856, cv err: 68.6573 test err 66.0879')
('>', 'Opt:Adam, BN False, BN_trainable: False After4850/5472 iteration,Init: data_trunc_norm_kern')
S:  [None, <tf.Tensor 'Const_1:0' shape=(48,) dtype=float64>, <tf.Tensor 'Const_2:0' shape=(48,) dtype=float64>]
('>', 'Mdl*hbf2*-units[2, 48, 48, 1], task: task_f2d_2x2_1_cosx1_plus_x2_depth2, step 4900/5472, train err 66.2685, cv err: 69.7243 test err 67.0496')
('>', 'Opt:Adam, BN False, BN_trainable: False After4900/5472 iteration,Init: data_trunc_norm_kern')
S:  [None, <tf.Tensor 'Const_1:0' shape=(48,) dtype=float64>, <tf.Tensor 'Const_2:0' shape=(48,) dtype=float64>]
('>', 'Mdl*hbf2*-units[2, 48, 48, 1], task: task_f2d_2x2_1_cosx1_plus_x2_depth2, step 4950/5472, train err 68.1742, cv err: 71.7603 test err 68.9052')
('>', 'Opt:Adam, BN False, BN_trainable: False After4950/5472 iteration,Init: data_trunc_norm_kern')
S:  [None, <tf.Tensor 'Const_1:0' shape=(48,) dtype=float64>, <tf.Tensor 'Const_2:0' shape=(48,) dtype=float64>]
('>', 'Mdl*hbf2*-units[2, 48, 48, 1], task: task_f2d_2x2_1_cosx1_plus_x2_depth2, step 5000/5472, train err 69.6464, cv err: 73.3468 test err 70.3641')
('>', 'Opt:Adam, BN False, BN_trainable: False After5000/5472 iteration,Init: data_trunc_norm_kern')
S:  [None, <tf.Tensor 'Const_1:0' shape=(48,) dtype=float64>, <tf.Tensor 'Const_2:0' shape=(48,) dtype=float64>]
('>', 'Mdl*hbf2*-units[2, 48, 48, 1], task: task_f2d_2x2_1_cosx1_plus_x2_depth2, step 5050/5472, train err 70.6117, cv err: 74.3844 test err 71.293')
('>', 'Opt:Adam, BN False, BN_trainable: False After5050/5472 iteration,Init: data_trunc_norm_kern')
S:  [None, <tf.Tensor 'Const_1:0' shape=(48,) dtype=float64>, <tf.Tensor 'Const_2:0' shape=(48,) dtype=float64>]
('>', 'Mdl*hbf2*-units[2, 48, 48, 1], task: task_f2d_2x2_1_cosx1_plus_x2_depth2, step 5100/5472, train err 71.5897, cv err: 75.4497 test err 72.2394')
('>', 'Opt:Adam, BN False, BN_trainable: False After5100/5472 iteration,Init: data_trunc_norm_kern')
S:  [None, <tf.Tensor 'Const_1:0' shape=(48,) dtype=float64>, <tf.Tensor 'Const_2:0' shape=(48,) dtype=float64>]
('>', 'Mdl*hbf2*-units[2, 48, 48, 1], task: task_f2d_2x2_1_cosx1_plus_x2_depth2, step 5150/5472, train err 73.0683, cv err: 77.0429 test err 73.6898')
('>', 'Opt:Adam, BN False, BN_trainable: False After5150/5472 iteration,Init: data_trunc_norm_kern')
S:  [None, <tf.Tensor 'Const_1:0' shape=(48,) dtype=float64>, <tf.Tensor 'Const_2:0' shape=(48,) dtype=float64>]
('>', 'Mdl*hbf2*-units[2, 48, 48, 1], task: task_f2d_2x2_1_cosx1_plus_x2_depth2, step 5200/5472, train err 74.1372, cv err: 78.2057 test err 74.721')
('>', 'Opt:Adam, BN False, BN_trainable: False After5200/5472 iteration,Init: data_trunc_norm_kern')
S:  [None, <tf.Tensor 'Const_1:0' shape=(48,) dtype=float64>, <tf.Tensor 'Const_2:0' shape=(48,) dtype=float64>]
('>', 'Mdl*hbf2*-units[2, 48, 48, 1], task: task_f2d_2x2_1_cosx1_plus_x2_depth2, step 5250/5472, train err 76.0857, cv err: 80.3083 test err 76.642')
('>', 'Opt:Adam, BN False, BN_trainable: False After5250/5472 iteration,Init: data_trunc_norm_kern')
S:  [None, <tf.Tensor 'Const_1:0' shape=(48,) dtype=float64>, <tf.Tensor 'Const_2:0' shape=(48,) dtype=float64>]
('>', 'Mdl*hbf2*-units[2, 48, 48, 1], task: task_f2d_2x2_1_cosx1_plus_x2_depth2, step 5300/5472, train err 76.8534, cv err: 81.1529 test err 77.3834')
('>', 'Opt:Adam, BN False, BN_trainable: False After5300/5472 iteration,Init: data_trunc_norm_kern')
S:  [None, <tf.Tensor 'Const_1:0' shape=(48,) dtype=float64>, <tf.Tensor 'Const_2:0' shape=(48,) dtype=float64>]
('>', 'Mdl*hbf2*-units[2, 48, 48, 1], task: task_f2d_2x2_1_cosx1_plus_x2_depth2, step 5350/5472, train err 77.5478, cv err: 81.9295 test err 78.0526')
('>', 'Opt:Adam, BN False, BN_trainable: False After5350/5472 iteration,Init: data_trunc_norm_kern')
S:  [None, <tf.Tensor 'Const_1:0' shape=(48,) dtype=float64>, <tf.Tensor 'Const_2:0' shape=(48,) dtype=float64>]
('>', 'Mdl*hbf2*-units[2, 48, 48, 1], task: task_f2d_2x2_1_cosx1_plus_x2_depth2, step 5400/5472, train err 79.3648, cv err: 83.8818 test err 79.831')
('>', 'Opt:Adam, BN False, BN_trainable: False After5400/5472 iteration,Init: data_trunc_norm_kern')
S:  [None, <tf.Tensor 'Const_1:0' shape=(48,) dtype=float64>, <tf.Tensor 'Const_2:0' shape=(48,) dtype=float64>]
('>', 'Mdl*hbf2*-units[2, 48, 48, 1], task: task_f2d_2x2_1_cosx1_plus_x2_depth2, step 5450/5472, train err 81.5602, cv err: 86.2518 test err 81.9851')
('>', 'Opt:Adam, BN False, BN_trainable: False After5450/5472 iteration,Init: data_trunc_norm_kern')
S:  [None, <tf.Tensor 'Const_1:0' shape=(48,) dtype=float64>, <tf.Tensor 'Const_2:0' shape=(48,) dtype=float64>]
--- 1570.73526311 seconds ---
--- 26.1789210518 minutes ---
--- 0.436315350864 hours ---


