I tensorflow/stream_executor/dso_loader.cc:108] successfully opened CUDA library libcublas.so locally
I tensorflow/stream_executor/dso_loader.cc:102] Couldn't open CUDA library libcudnn.so. LD_LIBRARY_PATH: /cm/shared/openmind/cuda/7.5/lib64:/cm/shared/openmind/cuda/7.5/lib
I tensorflow/stream_executor/cuda/cuda_dnn.cc:2092] Unable to load cuDNN DSO
I tensorflow/stream_executor/dso_loader.cc:108] successfully opened CUDA library libcufft.so locally
I tensorflow/stream_executor/dso_loader.cc:108] successfully opened CUDA library libcuda.so locally
I tensorflow/stream_executor/dso_loader.cc:108] successfully opened CUDA library libcurand.so locally
E tensorflow/stream_executor/cuda/cuda_driver.cc:491] failed call to cuInit: CUDA_ERROR_NO_DEVICE
I tensorflow/stream_executor/cuda/cuda_diagnostics.cc:153] retrieving CUDA diagnostic information for host: node024.cm.cluster
I tensorflow/stream_executor/cuda/cuda_diagnostics.cc:160] hostname: node024.cm.cluster
I tensorflow/stream_executor/cuda/cuda_diagnostics.cc:185] libcuda reported version is: Not found: was unable to find libcuda.so DSO loaded into this program
I tensorflow/stream_executor/cuda/cuda_diagnostics.cc:347] driver version file contents: """NVRM version: NVIDIA UNIX x86_64 Kernel Module  352.63  Sat Nov  7 21:25:42 PST 2015
GCC version:  gcc version 4.8.5 20150623 (Red Hat 4.8.5-4) (GCC) 
"""
I tensorflow/stream_executor/cuda/cuda_diagnostics.cc:189] kernel reported version is: 352.63.0
I tensorflow/core/common_runtime/gpu/gpu_init.cc:81] No GPU devices available on machine.
print sys.argv = ['main_nn.py', '2915692', '368', 'om_2x2_1_cosx1_plus_x2_depth2', 'task_2_August_HBF2_depth_2_1000_dont_train_S', 'HBF2_6_6_multiple_1000', 'True', '6,6', 'multiple_S', 'task_f2d_2x2_1_cosx1_plus_x2_depth2', 'False', 'False', 'hbf', 'data_trunc_norm_kern', 'dont_normalize', 'dont_train_S']
len(sys.argv) = 16
print argv = ['main_nn.py', '2915692', '368', 'om_2x2_1_cosx1_plus_x2_depth2', 'task_2_August_HBF2_depth_2_1000_dont_train_S', 'HBF2_6_6_multiple_1000', 'True', '6,6', 'multiple_S', 'task_f2d_2x2_1_cosx1_plus_x2_depth2', 'False', 'False', 'hbf', 'data_trunc_norm_kern', 'dont_normalize', 'dont_train_S']
len(argv) = 16
---------> len(argv) 16
['main_nn.py', '2915692', '368', 'om_2x2_1_cosx1_plus_x2_depth2', 'task_2_August_HBF2_depth_2_1000_dont_train_S', 'HBF2_6_6_multiple_1000', 'True', '6,6', 'multiple_S', 'task_f2d_2x2_1_cosx1_plus_x2_depth2', 'False', 'False', 'hbf', 'data_trunc_norm_kern', 'dont_normalize', 'dont_train_S']
2.8
mdl_type:  hbf
['main_nn.py', '2915692', '368', 'om_2x2_1_cosx1_plus_x2_depth2', 'task_2_August_HBF2_depth_2_1000_dont_train_S', 'HBF2_6_6_multiple_1000', 'True', '6,6', 'multiple_S', 'task_f2d_2x2_1_cosx1_plus_x2_depth2', 'False', 'False', 'hbf', 'data_trunc_norm_kern', 'dont_normalize', 'dont_train_S']
use_tensorboard False
experiment_root_dir=om_2x2_1_cosx1_plus_x2_depth2,slurm_jobid=2915692,slurm_array_task_id=368,job_name=HBF2_6_6_multiple_1000
----====> TASK NAME: task_f2d_2x2_1_cosx1_plus_x2_depth2
---> task_name:  task_f2d_2x2_1_cosx1_plus_x2_depth2
(N_train,D) =  (60025, 2)
(N_test,D_out) =  (60025, 1)
CLUSTER:  OM7
++> S/b_init  [None, 0.4177551, 2.4861186305047345]
++++> M (batch size) : 17000
++> starter_learning_rate  0.0112493087111
++> decay_rate  0.318740979893
++> decay_steps  11714
++> staircase  True
-----> Running model: hbf. (nb_hidden_layers = 2, nb_layers = 3)
-----> Units: [2, 6, 6, 1])
train_S_type:  multiple_S
data_trunc_norm_kern
6.21160707057
DONE INITILIZING
[None, <tf.Tensor 'Const:0' shape=(2, 6) dtype=float64>, <tf.Tensor 'truncated_normal:0' shape=(6, 6) dtype=float64>]
isinstance
--> init_S:  Tensor("Const_1:0", shape=(6,), dtype=float64)
--> trainable_S:  False
isinstance
--> init_S:  Tensor("Const_2:0", shape=(6,), dtype=float64)
--> trainable_S:  False
('>', 'Mdl*hbf2*-units[2, 6, 6, 1], task: task_f2d_2x2_1_cosx1_plus_x2_depth2, step 0/3273, train err 20.2859, cv err: 20.5221 test err 20.2913')
('>', 'Opt:Adam, BN False, BN_trainable: False After0/3273 iteration,Init: data_trunc_norm_kern')
S:  [None, <tf.Tensor 'Const_1:0' shape=(6,) dtype=float64>, <tf.Tensor 'Const_2:0' shape=(6,) dtype=float64>]
('>', 'Mdl*hbf2*-units[2, 6, 6, 1], task: task_f2d_2x2_1_cosx1_plus_x2_depth2, step 50/3273, train err 5.95666, cv err: 5.86272 test err 5.92142')
('>', 'Opt:Adam, BN False, BN_trainable: False After50/3273 iteration,Init: data_trunc_norm_kern')
S:  [None, <tf.Tensor 'Const_1:0' shape=(6,) dtype=float64>, <tf.Tensor 'Const_2:0' shape=(6,) dtype=float64>]
('>', 'Mdl*hbf2*-units[2, 6, 6, 1], task: task_f2d_2x2_1_cosx1_plus_x2_depth2, step 100/3273, train err 5.69833, cv err: 5.58633 test err 5.63337')
('>', 'Opt:Adam, BN False, BN_trainable: False After100/3273 iteration,Init: data_trunc_norm_kern')
S:  [None, <tf.Tensor 'Const_1:0' shape=(6,) dtype=float64>, <tf.Tensor 'Const_2:0' shape=(6,) dtype=float64>]
('>', 'Mdl*hbf2*-units[2, 6, 6, 1], task: task_f2d_2x2_1_cosx1_plus_x2_depth2, step 150/3273, train err 6.01403, cv err: 5.93148 test err 5.95717')
('>', 'Opt:Adam, BN False, BN_trainable: False After150/3273 iteration,Init: data_trunc_norm_kern')
S:  [None, <tf.Tensor 'Const_1:0' shape=(6,) dtype=float64>, <tf.Tensor 'Const_2:0' shape=(6,) dtype=float64>]
('>', 'Mdl*hbf2*-units[2, 6, 6, 1], task: task_f2d_2x2_1_cosx1_plus_x2_depth2, step 200/3273, train err 6.69665, cv err: 6.68238 test err 6.63095')
('>', 'Opt:Adam, BN False, BN_trainable: False After200/3273 iteration,Init: data_trunc_norm_kern')
S:  [None, <tf.Tensor 'Const_1:0' shape=(6,) dtype=float64>, <tf.Tensor 'Const_2:0' shape=(6,) dtype=float64>]
('>', 'Mdl*hbf2*-units[2, 6, 6, 1], task: task_f2d_2x2_1_cosx1_plus_x2_depth2, step 250/3273, train err 7.32739, cv err: 7.38737 test err 7.24847')
('>', 'Opt:Adam, BN False, BN_trainable: False After250/3273 iteration,Init: data_trunc_norm_kern')
S:  [None, <tf.Tensor 'Const_1:0' shape=(6,) dtype=float64>, <tf.Tensor 'Const_2:0' shape=(6,) dtype=float64>]
('>', 'Mdl*hbf2*-units[2, 6, 6, 1], task: task_f2d_2x2_1_cosx1_plus_x2_depth2, step 300/3273, train err 7.9562, cv err: 8.08711 test err 7.86497')
('>', 'Opt:Adam, BN False, BN_trainable: False After300/3273 iteration,Init: data_trunc_norm_kern')
S:  [None, <tf.Tensor 'Const_1:0' shape=(6,) dtype=float64>, <tf.Tensor 'Const_2:0' shape=(6,) dtype=float64>]
('>', 'Mdl*hbf2*-units[2, 6, 6, 1], task: task_f2d_2x2_1_cosx1_plus_x2_depth2, step 350/3273, train err 8.43172, cv err: 8.61938 test err 8.32342')
('>', 'Opt:Adam, BN False, BN_trainable: False After350/3273 iteration,Init: data_trunc_norm_kern')
S:  [None, <tf.Tensor 'Const_1:0' shape=(6,) dtype=float64>, <tf.Tensor 'Const_2:0' shape=(6,) dtype=float64>]
('>', 'Mdl*hbf2*-units[2, 6, 6, 1], task: task_f2d_2x2_1_cosx1_plus_x2_depth2, step 400/3273, train err 9.16942, cv err: 9.42845 test err 9.05447')
('>', 'Opt:Adam, BN False, BN_trainable: False After400/3273 iteration,Init: data_trunc_norm_kern')
S:  [None, <tf.Tensor 'Const_1:0' shape=(6,) dtype=float64>, <tf.Tensor 'Const_2:0' shape=(6,) dtype=float64>]
('>', 'Mdl*hbf2*-units[2, 6, 6, 1], task: task_f2d_2x2_1_cosx1_plus_x2_depth2, step 450/3273, train err 9.70684, cv err: 10.0223 test err 9.5757')
('>', 'Opt:Adam, BN False, BN_trainable: False After450/3273 iteration,Init: data_trunc_norm_kern')
S:  [None, <tf.Tensor 'Const_1:0' shape=(6,) dtype=float64>, <tf.Tensor 'Const_2:0' shape=(6,) dtype=float64>]
('>', 'Mdl*hbf2*-units[2, 6, 6, 1], task: task_f2d_2x2_1_cosx1_plus_x2_depth2, step 500/3273, train err 10.1546, cv err: 10.5136 test err 10.0111')
('>', 'Opt:Adam, BN False, BN_trainable: False After500/3273 iteration,Init: data_trunc_norm_kern')
S:  [None, <tf.Tensor 'Const_1:0' shape=(6,) dtype=float64>, <tf.Tensor 'Const_2:0' shape=(6,) dtype=float64>]
('>', 'Mdl*hbf2*-units[2, 6, 6, 1], task: task_f2d_2x2_1_cosx1_plus_x2_depth2, step 550/3273, train err 10.7929, cv err: 11.2239 test err 10.6419')
('>', 'Opt:Adam, BN False, BN_trainable: False After550/3273 iteration,Init: data_trunc_norm_kern')
S:  [None, <tf.Tensor 'Const_1:0' shape=(6,) dtype=float64>, <tf.Tensor 'Const_2:0' shape=(6,) dtype=float64>]
('>', 'Mdl*hbf2*-units[2, 6, 6, 1], task: task_f2d_2x2_1_cosx1_plus_x2_depth2, step 600/3273, train err 11.4837, cv err: 11.9814 test err 11.3217')
('>', 'Opt:Adam, BN False, BN_trainable: False After600/3273 iteration,Init: data_trunc_norm_kern')
S:  [None, <tf.Tensor 'Const_1:0' shape=(6,) dtype=float64>, <tf.Tensor 'Const_2:0' shape=(6,) dtype=float64>]
('>', 'Mdl*hbf2*-units[2, 6, 6, 1], task: task_f2d_2x2_1_cosx1_plus_x2_depth2, step 650/3273, train err 11.7812, cv err: 12.3143 test err 11.6094')
('>', 'Opt:Adam, BN False, BN_trainable: False After650/3273 iteration,Init: data_trunc_norm_kern')
S:  [None, <tf.Tensor 'Const_1:0' shape=(6,) dtype=float64>, <tf.Tensor 'Const_2:0' shape=(6,) dtype=float64>]
('>', 'Mdl*hbf2*-units[2, 6, 6, 1], task: task_f2d_2x2_1_cosx1_plus_x2_depth2, step 700/3273, train err 12.3532, cv err: 12.9473 test err 12.1715')
('>', 'Opt:Adam, BN False, BN_trainable: False After700/3273 iteration,Init: data_trunc_norm_kern')
S:  [None, <tf.Tensor 'Const_1:0' shape=(6,) dtype=float64>, <tf.Tensor 'Const_2:0' shape=(6,) dtype=float64>]
('>', 'Mdl*hbf2*-units[2, 6, 6, 1], task: task_f2d_2x2_1_cosx1_plus_x2_depth2, step 750/3273, train err 12.8015, cv err: 13.4417 test err 12.6066')
('>', 'Opt:Adam, BN False, BN_trainable: False After750/3273 iteration,Init: data_trunc_norm_kern')
S:  [None, <tf.Tensor 'Const_1:0' shape=(6,) dtype=float64>, <tf.Tensor 'Const_2:0' shape=(6,) dtype=float64>]
('>', 'Mdl*hbf2*-units[2, 6, 6, 1], task: task_f2d_2x2_1_cosx1_plus_x2_depth2, step 800/3273, train err 13.0764, cv err: 13.7553 test err 12.8725')
('>', 'Opt:Adam, BN False, BN_trainable: False After800/3273 iteration,Init: data_trunc_norm_kern')
S:  [None, <tf.Tensor 'Const_1:0' shape=(6,) dtype=float64>, <tf.Tensor 'Const_2:0' shape=(6,) dtype=float64>]
('>', 'Mdl*hbf2*-units[2, 6, 6, 1], task: task_f2d_2x2_1_cosx1_plus_x2_depth2, step 850/3273, train err 14.0823, cv err: 14.8513 test err 13.8658')
('>', 'Opt:Adam, BN False, BN_trainable: False After850/3273 iteration,Init: data_trunc_norm_kern')
S:  [None, <tf.Tensor 'Const_1:0' shape=(6,) dtype=float64>, <tf.Tensor 'Const_2:0' shape=(6,) dtype=float64>]
('>', 'Mdl*hbf2*-units[2, 6, 6, 1], task: task_f2d_2x2_1_cosx1_plus_x2_depth2, step 900/3273, train err 14.2768, cv err: 15.074 test err 14.0533')
('>', 'Opt:Adam, BN False, BN_trainable: False After900/3273 iteration,Init: data_trunc_norm_kern')
S:  [None, <tf.Tensor 'Const_1:0' shape=(6,) dtype=float64>, <tf.Tensor 'Const_2:0' shape=(6,) dtype=float64>]
('>', 'Mdl*hbf2*-units[2, 6, 6, 1], task: task_f2d_2x2_1_cosx1_plus_x2_depth2, step 950/3273, train err 14.8105, cv err: 15.6653 test err 14.5803')
('>', 'Opt:Adam, BN False, BN_trainable: False After950/3273 iteration,Init: data_trunc_norm_kern')
S:  [None, <tf.Tensor 'Const_1:0' shape=(6,) dtype=float64>, <tf.Tensor 'Const_2:0' shape=(6,) dtype=float64>]
('>', 'Mdl*hbf2*-units[2, 6, 6, 1], task: task_f2d_2x2_1_cosx1_plus_x2_depth2, step 1000/3273, train err 15.2679, cv err: 16.167 test err 15.0268')
('>', 'Opt:Adam, BN False, BN_trainable: False After1000/3273 iteration,Init: data_trunc_norm_kern')
S:  [None, <tf.Tensor 'Const_1:0' shape=(6,) dtype=float64>, <tf.Tensor 'Const_2:0' shape=(6,) dtype=float64>]
('>', 'Mdl*hbf2*-units[2, 6, 6, 1], task: task_f2d_2x2_1_cosx1_plus_x2_depth2, step 1050/3273, train err 15.9248, cv err: 16.8859 test err 15.6677')
('>', 'Opt:Adam, BN False, BN_trainable: False After1050/3273 iteration,Init: data_trunc_norm_kern')
S:  [None, <tf.Tensor 'Const_1:0' shape=(6,) dtype=float64>, <tf.Tensor 'Const_2:0' shape=(6,) dtype=float64>]
('>', 'Mdl*hbf2*-units[2, 6, 6, 1], task: task_f2d_2x2_1_cosx1_plus_x2_depth2, step 1100/3273, train err 16.2679, cv err: 17.2731 test err 16.0067')
('>', 'Opt:Adam, BN False, BN_trainable: False After1100/3273 iteration,Init: data_trunc_norm_kern')
S:  [None, <tf.Tensor 'Const_1:0' shape=(6,) dtype=float64>, <tf.Tensor 'Const_2:0' shape=(6,) dtype=float64>]
('>', 'Mdl*hbf2*-units[2, 6, 6, 1], task: task_f2d_2x2_1_cosx1_plus_x2_depth2, step 1150/3273, train err 17.2207, cv err: 18.3178 test err 16.9461')
('>', 'Opt:Adam, BN False, BN_trainable: False After1150/3273 iteration,Init: data_trunc_norm_kern')
S:  [None, <tf.Tensor 'Const_1:0' shape=(6,) dtype=float64>, <tf.Tensor 'Const_2:0' shape=(6,) dtype=float64>]
('>', 'Mdl*hbf2*-units[2, 6, 6, 1], task: task_f2d_2x2_1_cosx1_plus_x2_depth2, step 1200/3273, train err 17.003, cv err: 18.0833 test err 16.7198')
('>', 'Opt:Adam, BN False, BN_trainable: False After1200/3273 iteration,Init: data_trunc_norm_kern')
S:  [None, <tf.Tensor 'Const_1:0' shape=(6,) dtype=float64>, <tf.Tensor 'Const_2:0' shape=(6,) dtype=float64>]
('>', 'Mdl*hbf2*-units[2, 6, 6, 1], task: task_f2d_2x2_1_cosx1_plus_x2_depth2, step 1250/3273, train err 18.1659, cv err: 19.3562 test err 17.8751')
('>', 'Opt:Adam, BN False, BN_trainable: False After1250/3273 iteration,Init: data_trunc_norm_kern')
S:  [None, <tf.Tensor 'Const_1:0' shape=(6,) dtype=float64>, <tf.Tensor 'Const_2:0' shape=(6,) dtype=float64>]
('>', 'Mdl*hbf2*-units[2, 6, 6, 1], task: task_f2d_2x2_1_cosx1_plus_x2_depth2, step 1300/3273, train err 18.3231, cv err: 19.5308 test err 18.0197')
('>', 'Opt:Adam, BN False, BN_trainable: False After1300/3273 iteration,Init: data_trunc_norm_kern')
S:  [None, <tf.Tensor 'Const_1:0' shape=(6,) dtype=float64>, <tf.Tensor 'Const_2:0' shape=(6,) dtype=float64>]
('>', 'Mdl*hbf2*-units[2, 6, 6, 1], task: task_f2d_2x2_1_cosx1_plus_x2_depth2, step 1350/3273, train err 18.4189, cv err: 19.6423 test err 18.1135')
('>', 'Opt:Adam, BN False, BN_trainable: False After1350/3273 iteration,Init: data_trunc_norm_kern')
S:  [None, <tf.Tensor 'Const_1:0' shape=(6,) dtype=float64>, <tf.Tensor 'Const_2:0' shape=(6,) dtype=float64>]
('>', 'Mdl*hbf2*-units[2, 6, 6, 1], task: task_f2d_2x2_1_cosx1_plus_x2_depth2, step 1400/3273, train err 19.4133, cv err: 20.7284 test err 19.0896')
('>', 'Opt:Adam, BN False, BN_trainable: False After1400/3273 iteration,Init: data_trunc_norm_kern')
S:  [None, <tf.Tensor 'Const_1:0' shape=(6,) dtype=float64>, <tf.Tensor 'Const_2:0' shape=(6,) dtype=float64>]
('>', 'Mdl*hbf2*-units[2, 6, 6, 1], task: task_f2d_2x2_1_cosx1_plus_x2_depth2, step 1450/3273, train err 19.6294, cv err: 20.9709 test err 19.3012')
('>', 'Opt:Adam, BN False, BN_trainable: False After1450/3273 iteration,Init: data_trunc_norm_kern')
S:  [None, <tf.Tensor 'Const_1:0' shape=(6,) dtype=float64>, <tf.Tensor 'Const_2:0' shape=(6,) dtype=float64>]
('>', 'Mdl*hbf2*-units[2, 6, 6, 1], task: task_f2d_2x2_1_cosx1_plus_x2_depth2, step 1500/3273, train err 19.8379, cv err: 21.1983 test err 19.5062')
('>', 'Opt:Adam, BN False, BN_trainable: False After1500/3273 iteration,Init: data_trunc_norm_kern')
S:  [None, <tf.Tensor 'Const_1:0' shape=(6,) dtype=float64>, <tf.Tensor 'Const_2:0' shape=(6,) dtype=float64>]
('>', 'Mdl*hbf2*-units[2, 6, 6, 1], task: task_f2d_2x2_1_cosx1_plus_x2_depth2, step 1550/3273, train err 20.2569, cv err: 21.6612 test err 19.9159')
('>', 'Opt:Adam, BN False, BN_trainable: False After1550/3273 iteration,Init: data_trunc_norm_kern')
S:  [None, <tf.Tensor 'Const_1:0' shape=(6,) dtype=float64>, <tf.Tensor 'Const_2:0' shape=(6,) dtype=float64>]
('>', 'Mdl*hbf2*-units[2, 6, 6, 1], task: task_f2d_2x2_1_cosx1_plus_x2_depth2, step 1600/3273, train err 20.7658, cv err: 22.2221 test err 20.4187')
('>', 'Opt:Adam, BN False, BN_trainable: False After1600/3273 iteration,Init: data_trunc_norm_kern')
S:  [None, <tf.Tensor 'Const_1:0' shape=(6,) dtype=float64>, <tf.Tensor 'Const_2:0' shape=(6,) dtype=float64>]
('>', 'Mdl*hbf2*-units[2, 6, 6, 1], task: task_f2d_2x2_1_cosx1_plus_x2_depth2, step 1650/3273, train err 21.1574, cv err: 22.6502 test err 20.804')
('>', 'Opt:Adam, BN False, BN_trainable: False After1650/3273 iteration,Init: data_trunc_norm_kern')
S:  [None, <tf.Tensor 'Const_1:0' shape=(6,) dtype=float64>, <tf.Tensor 'Const_2:0' shape=(6,) dtype=float64>]
('>', 'Mdl*hbf2*-units[2, 6, 6, 1], task: task_f2d_2x2_1_cosx1_plus_x2_depth2, step 1700/3273, train err 21.4853, cv err: 23.0126 test err 21.1238')
('>', 'Opt:Adam, BN False, BN_trainable: False After1700/3273 iteration,Init: data_trunc_norm_kern')
S:  [None, <tf.Tensor 'Const_1:0' shape=(6,) dtype=float64>, <tf.Tensor 'Const_2:0' shape=(6,) dtype=float64>]
('>', 'Mdl*hbf2*-units[2, 6, 6, 1], task: task_f2d_2x2_1_cosx1_plus_x2_depth2, step 1750/3273, train err 21.7356, cv err: 23.2947 test err 21.3726')
('>', 'Opt:Adam, BN False, BN_trainable: False After1750/3273 iteration,Init: data_trunc_norm_kern')
S:  [None, <tf.Tensor 'Const_1:0' shape=(6,) dtype=float64>, <tf.Tensor 'Const_2:0' shape=(6,) dtype=float64>]
('>', 'Mdl*hbf2*-units[2, 6, 6, 1], task: task_f2d_2x2_1_cosx1_plus_x2_depth2, step 1800/3273, train err 21.9539, cv err: 23.5396 test err 21.5829')
('>', 'Opt:Adam, BN False, BN_trainable: False After1800/3273 iteration,Init: data_trunc_norm_kern')
S:  [None, <tf.Tensor 'Const_1:0' shape=(6,) dtype=float64>, <tf.Tensor 'Const_2:0' shape=(6,) dtype=float64>]
('>', 'Mdl*hbf2*-units[2, 6, 6, 1], task: task_f2d_2x2_1_cosx1_plus_x2_depth2, step 1850/3273, train err 22.2001, cv err: 23.8089 test err 21.83')
('>', 'Opt:Adam, BN False, BN_trainable: False After1850/3273 iteration,Init: data_trunc_norm_kern')
S:  [None, <tf.Tensor 'Const_1:0' shape=(6,) dtype=float64>, <tf.Tensor 'Const_2:0' shape=(6,) dtype=float64>]
('>', 'Mdl*hbf2*-units[2, 6, 6, 1], task: task_f2d_2x2_1_cosx1_plus_x2_depth2, step 1900/3273, train err 23.0036, cv err: 24.6955 test err 22.624')
('>', 'Opt:Adam, BN False, BN_trainable: False After1900/3273 iteration,Init: data_trunc_norm_kern')
S:  [None, <tf.Tensor 'Const_1:0' shape=(6,) dtype=float64>, <tf.Tensor 'Const_2:0' shape=(6,) dtype=float64>]
('>', 'Mdl*hbf2*-units[2, 6, 6, 1], task: task_f2d_2x2_1_cosx1_plus_x2_depth2, step 1950/3273, train err 23.0111, cv err: 24.7012 test err 22.628')
('>', 'Opt:Adam, BN False, BN_trainable: False After1950/3273 iteration,Init: data_trunc_norm_kern')
S:  [None, <tf.Tensor 'Const_1:0' shape=(6,) dtype=float64>, <tf.Tensor 'Const_2:0' shape=(6,) dtype=float64>]
('>', 'Mdl*hbf2*-units[2, 6, 6, 1], task: task_f2d_2x2_1_cosx1_plus_x2_depth2, step 2000/3273, train err 23.4197, cv err: 25.1459 test err 23.0229')
('>', 'Opt:Adam, BN False, BN_trainable: False After2000/3273 iteration,Init: data_trunc_norm_kern')
S:  [None, <tf.Tensor 'Const_1:0' shape=(6,) dtype=float64>, <tf.Tensor 'Const_2:0' shape=(6,) dtype=float64>]
('>', 'Mdl*hbf2*-units[2, 6, 6, 1], task: task_f2d_2x2_1_cosx1_plus_x2_depth2, step 2050/3273, train err 24.4027, cv err: 26.2199 test err 23.9972')
('>', 'Opt:Adam, BN False, BN_trainable: False After2050/3273 iteration,Init: data_trunc_norm_kern')
S:  [None, <tf.Tensor 'Const_1:0' shape=(6,) dtype=float64>, <tf.Tensor 'Const_2:0' shape=(6,) dtype=float64>]
('>', 'Mdl*hbf2*-units[2, 6, 6, 1], task: task_f2d_2x2_1_cosx1_plus_x2_depth2, step 2100/3273, train err 24.4784, cv err: 26.3096 test err 24.0728')
('>', 'Opt:Adam, BN False, BN_trainable: False After2100/3273 iteration,Init: data_trunc_norm_kern')
S:  [None, <tf.Tensor 'Const_1:0' shape=(6,) dtype=float64>, <tf.Tensor 'Const_2:0' shape=(6,) dtype=float64>]
('>', 'Mdl*hbf2*-units[2, 6, 6, 1], task: task_f2d_2x2_1_cosx1_plus_x2_depth2, step 2150/3273, train err 24.7781, cv err: 26.6436 test err 24.3624')
('>', 'Opt:Adam, BN False, BN_trainable: False After2150/3273 iteration,Init: data_trunc_norm_kern')
S:  [None, <tf.Tensor 'Const_1:0' shape=(6,) dtype=float64>, <tf.Tensor 'Const_2:0' shape=(6,) dtype=float64>]
('>', 'Mdl*hbf2*-units[2, 6, 6, 1], task: task_f2d_2x2_1_cosx1_plus_x2_depth2, step 2200/3273, train err 24.7453, cv err: 26.6155 test err 24.3309')
('>', 'Opt:Adam, BN False, BN_trainable: False After2200/3273 iteration,Init: data_trunc_norm_kern')
S:  [None, <tf.Tensor 'Const_1:0' shape=(6,) dtype=float64>, <tf.Tensor 'Const_2:0' shape=(6,) dtype=float64>]
('>', 'Mdl*hbf2*-units[2, 6, 6, 1], task: task_f2d_2x2_1_cosx1_plus_x2_depth2, step 2250/3273, train err 25.2882, cv err: 27.2016 test err 24.8603')
('>', 'Opt:Adam, BN False, BN_trainable: False After2250/3273 iteration,Init: data_trunc_norm_kern')
S:  [None, <tf.Tensor 'Const_1:0' shape=(6,) dtype=float64>, <tf.Tensor 'Const_2:0' shape=(6,) dtype=float64>]
('>', 'Mdl*hbf2*-units[2, 6, 6, 1], task: task_f2d_2x2_1_cosx1_plus_x2_depth2, step 2300/3273, train err 25.8439, cv err: 27.8016 test err 25.4083')
('>', 'Opt:Adam, BN False, BN_trainable: False After2300/3273 iteration,Init: data_trunc_norm_kern')
S:  [None, <tf.Tensor 'Const_1:0' shape=(6,) dtype=float64>, <tf.Tensor 'Const_2:0' shape=(6,) dtype=float64>]
('>', 'Mdl*hbf2*-units[2, 6, 6, 1], task: task_f2d_2x2_1_cosx1_plus_x2_depth2, step 2350/3273, train err 26.3542, cv err: 28.3569 test err 25.9138')
('>', 'Opt:Adam, BN False, BN_trainable: False After2350/3273 iteration,Init: data_trunc_norm_kern')
S:  [None, <tf.Tensor 'Const_1:0' shape=(6,) dtype=float64>, <tf.Tensor 'Const_2:0' shape=(6,) dtype=float64>]
('>', 'Mdl*hbf2*-units[2, 6, 6, 1], task: task_f2d_2x2_1_cosx1_plus_x2_depth2, step 2400/3273, train err 26.6651, cv err: 28.7126 test err 26.2231')
('>', 'Opt:Adam, BN False, BN_trainable: False After2400/3273 iteration,Init: data_trunc_norm_kern')
S:  [None, <tf.Tensor 'Const_1:0' shape=(6,) dtype=float64>, <tf.Tensor 'Const_2:0' shape=(6,) dtype=float64>]
('>', 'Mdl*hbf2*-units[2, 6, 6, 1], task: task_f2d_2x2_1_cosx1_plus_x2_depth2, step 2450/3273, train err 26.9602, cv err: 29.0329 test err 26.5114')
('>', 'Opt:Adam, BN False, BN_trainable: False After2450/3273 iteration,Init: data_trunc_norm_kern')
S:  [None, <tf.Tensor 'Const_1:0' shape=(6,) dtype=float64>, <tf.Tensor 'Const_2:0' shape=(6,) dtype=float64>]
('>', 'Mdl*hbf2*-units[2, 6, 6, 1], task: task_f2d_2x2_1_cosx1_plus_x2_depth2, step 2500/3273, train err 26.4814, cv err: 28.5164 test err 26.0327')
('>', 'Opt:Adam, BN False, BN_trainable: False After2500/3273 iteration,Init: data_trunc_norm_kern')
S:  [None, <tf.Tensor 'Const_1:0' shape=(6,) dtype=float64>, <tf.Tensor 'Const_2:0' shape=(6,) dtype=float64>]
('>', 'Mdl*hbf2*-units[2, 6, 6, 1], task: task_f2d_2x2_1_cosx1_plus_x2_depth2, step 2550/3273, train err 26.8366, cv err: 28.9054 test err 26.3893')
('>', 'Opt:Adam, BN False, BN_trainable: False After2550/3273 iteration,Init: data_trunc_norm_kern')
S:  [None, <tf.Tensor 'Const_1:0' shape=(6,) dtype=float64>, <tf.Tensor 'Const_2:0' shape=(6,) dtype=float64>]
('>', 'Mdl*hbf2*-units[2, 6, 6, 1], task: task_f2d_2x2_1_cosx1_plus_x2_depth2, step 2600/3273, train err 27.8593, cv err: 30.0228 test err 27.3959')
('>', 'Opt:Adam, BN False, BN_trainable: False After2600/3273 iteration,Init: data_trunc_norm_kern')
S:  [None, <tf.Tensor 'Const_1:0' shape=(6,) dtype=float64>, <tf.Tensor 'Const_2:0' shape=(6,) dtype=float64>]
('>', 'Mdl*hbf2*-units[2, 6, 6, 1], task: task_f2d_2x2_1_cosx1_plus_x2_depth2, step 2650/3273, train err 27.6681, cv err: 29.8088 test err 27.2042')
('>', 'Opt:Adam, BN False, BN_trainable: False After2650/3273 iteration,Init: data_trunc_norm_kern')
S:  [None, <tf.Tensor 'Const_1:0' shape=(6,) dtype=float64>, <tf.Tensor 'Const_2:0' shape=(6,) dtype=float64>]
('>', 'Mdl*hbf2*-units[2, 6, 6, 1], task: task_f2d_2x2_1_cosx1_plus_x2_depth2, step 2700/3273, train err 27.6671, cv err: 29.8267 test err 27.2111')
('>', 'Opt:Adam, BN False, BN_trainable: False After2700/3273 iteration,Init: data_trunc_norm_kern')
S:  [None, <tf.Tensor 'Const_1:0' shape=(6,) dtype=float64>, <tf.Tensor 'Const_2:0' shape=(6,) dtype=float64>]
('>', 'Mdl*hbf2*-units[2, 6, 6, 1], task: task_f2d_2x2_1_cosx1_plus_x2_depth2, step 2750/3273, train err 28.0912, cv err: 30.289 test err 27.6289')
('>', 'Opt:Adam, BN False, BN_trainable: False After2750/3273 iteration,Init: data_trunc_norm_kern')
S:  [None, <tf.Tensor 'Const_1:0' shape=(6,) dtype=float64>, <tf.Tensor 'Const_2:0' shape=(6,) dtype=float64>]
('>', 'Mdl*hbf2*-units[2, 6, 6, 1], task: task_f2d_2x2_1_cosx1_plus_x2_depth2, step 2800/3273, train err 28.1059, cv err: 30.298 test err 27.6334')
('>', 'Opt:Adam, BN False, BN_trainable: False After2800/3273 iteration,Init: data_trunc_norm_kern')
S:  [None, <tf.Tensor 'Const_1:0' shape=(6,) dtype=float64>, <tf.Tensor 'Const_2:0' shape=(6,) dtype=float64>]
('>', 'Mdl*hbf2*-units[2, 6, 6, 1], task: task_f2d_2x2_1_cosx1_plus_x2_depth2, step 2850/3273, train err 28.9291, cv err: 31.1877 test err 28.4427')
('>', 'Opt:Adam, BN False, BN_trainable: False After2850/3273 iteration,Init: data_trunc_norm_kern')
S:  [None, <tf.Tensor 'Const_1:0' shape=(6,) dtype=float64>, <tf.Tensor 'Const_2:0' shape=(6,) dtype=float64>]
('>', 'Mdl*hbf2*-units[2, 6, 6, 1], task: task_f2d_2x2_1_cosx1_plus_x2_depth2, step 2900/3273, train err 28.6286, cv err: 30.8752 test err 28.1444')
('>', 'Opt:Adam, BN False, BN_trainable: False After2900/3273 iteration,Init: data_trunc_norm_kern')
S:  [None, <tf.Tensor 'Const_1:0' shape=(6,) dtype=float64>, <tf.Tensor 'Const_2:0' shape=(6,) dtype=float64>]
('>', 'Mdl*hbf2*-units[2, 6, 6, 1], task: task_f2d_2x2_1_cosx1_plus_x2_depth2, step 2950/3273, train err 28.8373, cv err: 31.1131 test err 28.3617')
('>', 'Opt:Adam, BN False, BN_trainable: False After2950/3273 iteration,Init: data_trunc_norm_kern')
S:  [None, <tf.Tensor 'Const_1:0' shape=(6,) dtype=float64>, <tf.Tensor 'Const_2:0' shape=(6,) dtype=float64>]
('>', 'Mdl*hbf2*-units[2, 6, 6, 1], task: task_f2d_2x2_1_cosx1_plus_x2_depth2, step 3000/3273, train err 29.3667, cv err: 31.6942 test err 28.8811')
('>', 'Opt:Adam, BN False, BN_trainable: False After3000/3273 iteration,Init: data_trunc_norm_kern')
S:  [None, <tf.Tensor 'Const_1:0' shape=(6,) dtype=float64>, <tf.Tensor 'Const_2:0' shape=(6,) dtype=float64>]
('>', 'Mdl*hbf2*-units[2, 6, 6, 1], task: task_f2d_2x2_1_cosx1_plus_x2_depth2, step 3050/3273, train err 29.0623, cv err: 31.345 test err 28.571')
('>', 'Opt:Adam, BN False, BN_trainable: False After3050/3273 iteration,Init: data_trunc_norm_kern')
S:  [None, <tf.Tensor 'Const_1:0' shape=(6,) dtype=float64>, <tf.Tensor 'Const_2:0' shape=(6,) dtype=float64>]
('>', 'Mdl*hbf2*-units[2, 6, 6, 1], task: task_f2d_2x2_1_cosx1_plus_x2_depth2, step 3100/3273, train err 29.1072, cv err: 31.4055 test err 28.618')
('>', 'Opt:Adam, BN False, BN_trainable: False After3100/3273 iteration,Init: data_trunc_norm_kern')
S:  [None, <tf.Tensor 'Const_1:0' shape=(6,) dtype=float64>, <tf.Tensor 'Const_2:0' shape=(6,) dtype=float64>]
('>', 'Mdl*hbf2*-units[2, 6, 6, 1], task: task_f2d_2x2_1_cosx1_plus_x2_depth2, step 3150/3273, train err 30.8088, cv err: 33.2402 test err 30.2927')
('>', 'Opt:Adam, BN False, BN_trainable: False After3150/3273 iteration,Init: data_trunc_norm_kern')
S:  [None, <tf.Tensor 'Const_1:0' shape=(6,) dtype=float64>, <tf.Tensor 'Const_2:0' shape=(6,) dtype=float64>]
('>', 'Mdl*hbf2*-units[2, 6, 6, 1], task: task_f2d_2x2_1_cosx1_plus_x2_depth2, step 3200/3273, train err 30.0592, cv err: 32.4374 test err 29.5565')
('>', 'Opt:Adam, BN False, BN_trainable: False After3200/3273 iteration,Init: data_trunc_norm_kern')
S:  [None, <tf.Tensor 'Const_1:0' shape=(6,) dtype=float64>, <tf.Tensor 'Const_2:0' shape=(6,) dtype=float64>]
('>', 'Mdl*hbf2*-units[2, 6, 6, 1], task: task_f2d_2x2_1_cosx1_plus_x2_depth2, step 3250/3273, train err 29.788, cv err: 32.154 test err 29.286')
('>', 'Opt:Adam, BN False, BN_trainable: False After3250/3273 iteration,Init: data_trunc_norm_kern')
S:  [None, <tf.Tensor 'Const_1:0' shape=(6,) dtype=float64>, <tf.Tensor 'Const_2:0' shape=(6,) dtype=float64>]
--- 173.96532011 seconds ---
--- 2.89942200184 minutes ---
--- 0.0483237000306 hours ---


