I tensorflow/stream_executor/dso_loader.cc:108] successfully opened CUDA library libcublas.so locally
I tensorflow/stream_executor/dso_loader.cc:102] Couldn't open CUDA library libcudnn.so. LD_LIBRARY_PATH: /cm/shared/openmind/cuda/7.5/lib64:/cm/shared/openmind/cuda/7.5/lib
I tensorflow/stream_executor/cuda/cuda_dnn.cc:2092] Unable to load cuDNN DSO
I tensorflow/stream_executor/dso_loader.cc:108] successfully opened CUDA library libcufft.so locally
I tensorflow/stream_executor/dso_loader.cc:108] successfully opened CUDA library libcuda.so locally
I tensorflow/stream_executor/dso_loader.cc:108] successfully opened CUDA library libcurand.so locally
E tensorflow/stream_executor/cuda/cuda_driver.cc:491] failed call to cuInit: CUDA_ERROR_NO_DEVICE
I tensorflow/stream_executor/cuda/cuda_diagnostics.cc:153] retrieving CUDA diagnostic information for host: node042
I tensorflow/stream_executor/cuda/cuda_diagnostics.cc:160] hostname: node042
I tensorflow/stream_executor/cuda/cuda_diagnostics.cc:185] libcuda reported version is: Not found: was unable to find libcuda.so DSO loaded into this program
I tensorflow/stream_executor/cuda/cuda_diagnostics.cc:347] driver version file contents: """NVRM version: NVIDIA UNIX x86_64 Kernel Module  352.63  Sat Nov  7 21:25:42 PST 2015
GCC version:  gcc version 4.8.3 20140911 (Red Hat 4.8.3-9) (GCC) 
"""
I tensorflow/stream_executor/cuda/cuda_diagnostics.cc:189] kernel reported version is: 352.63.0
I tensorflow/core/common_runtime/gpu/gpu_init.cc:81] No GPU devices available on machine.
print sys.argv = ['main_nn.py', '2915406', '88', 'om_2x2_1_cosx1_plus_x2_depth2', 'task_2_August_HBF2_depth_2_1000_dont_train_S', 'HBF2_6_6_multiple_1000', 'True', '6,6', 'multiple_S', 'task_f2d_2x2_1_cosx1_plus_x2_depth2', 'False', 'False', 'hbf', 'data_trunc_norm_kern', 'dont_normalize', 'dont_train_S']
len(sys.argv) = 16
print argv = ['main_nn.py', '2915406', '88', 'om_2x2_1_cosx1_plus_x2_depth2', 'task_2_August_HBF2_depth_2_1000_dont_train_S', 'HBF2_6_6_multiple_1000', 'True', '6,6', 'multiple_S', 'task_f2d_2x2_1_cosx1_plus_x2_depth2', 'False', 'False', 'hbf', 'data_trunc_norm_kern', 'dont_normalize', 'dont_train_S']
len(argv) = 16
---------> len(argv) 16
['main_nn.py', '2915406', '88', 'om_2x2_1_cosx1_plus_x2_depth2', 'task_2_August_HBF2_depth_2_1000_dont_train_S', 'HBF2_6_6_multiple_1000', 'True', '6,6', 'multiple_S', 'task_f2d_2x2_1_cosx1_plus_x2_depth2', 'False', 'False', 'hbf', 'data_trunc_norm_kern', 'dont_normalize', 'dont_train_S']
2.8
mdl_type:  hbf
['main_nn.py', '2915406', '88', 'om_2x2_1_cosx1_plus_x2_depth2', 'task_2_August_HBF2_depth_2_1000_dont_train_S', 'HBF2_6_6_multiple_1000', 'True', '6,6', 'multiple_S', 'task_f2d_2x2_1_cosx1_plus_x2_depth2', 'False', 'False', 'hbf', 'data_trunc_norm_kern', 'dont_normalize', 'dont_train_S']
use_tensorboard False
experiment_root_dir=om_2x2_1_cosx1_plus_x2_depth2,slurm_jobid=2915406,slurm_array_task_id=88,job_name=HBF2_6_6_multiple_1000
----====> TASK NAME: task_f2d_2x2_1_cosx1_plus_x2_depth2
---> task_name:  task_f2d_2x2_1_cosx1_plus_x2_depth2
(N_train,D) =  (60025, 2)
(N_test,D_out) =  (60025, 1)
CLUSTER:  OM7
++> S/b_init  [None, 0.4177551, 2.135563666010969]
++++> M (batch size) : 17000
++> starter_learning_rate  0.0892628365423
++> decay_rate  0.540265779763
++> decay_steps  1167
++> staircase  True
-----> Running model: hbf. (nb_hidden_layers = 2, nb_layers = 3)
-----> Units: [2, 6, 6, 1])
train_S_type:  multiple_S
data_trunc_norm_kern
6.11536036993
DONE INITILIZING
[None, <tf.Tensor 'Const:0' shape=(2, 6) dtype=float64>, <tf.Tensor 'truncated_normal:0' shape=(6, 6) dtype=float64>]
isinstance
--> init_S:  Tensor("Const_1:0", shape=(6,), dtype=float64)
--> trainable_S:  False
isinstance
--> init_S:  Tensor("Const_2:0", shape=(6,), dtype=float64)
--> trainable_S:  False
('>', 'Mdl*hbf2*-units[2, 6, 6, 1], task: task_f2d_2x2_1_cosx1_plus_x2_depth2, step 0/4995, train err 16.7277, cv err: 17.1079 test err 16.8788')
('>', 'Opt:Adam, BN False, BN_trainable: False After0/4995 iteration,Init: data_trunc_norm_kern')
S:  [None, <tf.Tensor 'Const_1:0' shape=(6,) dtype=float64>, <tf.Tensor 'Const_2:0' shape=(6,) dtype=float64>]
('>', 'Mdl*hbf2*-units[2, 6, 6, 1], task: task_f2d_2x2_1_cosx1_plus_x2_depth2, step 50/4995, train err 5.60523, cv err: 5.42566 test err 5.49195')
('>', 'Opt:Adam, BN False, BN_trainable: False After50/4995 iteration,Init: data_trunc_norm_kern')
S:  [None, <tf.Tensor 'Const_1:0' shape=(6,) dtype=float64>, <tf.Tensor 'Const_2:0' shape=(6,) dtype=float64>]
('>', 'Mdl*hbf2*-units[2, 6, 6, 1], task: task_f2d_2x2_1_cosx1_plus_x2_depth2, step 100/4995, train err 5.54127, cv err: 5.39043 test err 5.44159')
('>', 'Opt:Adam, BN False, BN_trainable: False After100/4995 iteration,Init: data_trunc_norm_kern')
S:  [None, <tf.Tensor 'Const_1:0' shape=(6,) dtype=float64>, <tf.Tensor 'Const_2:0' shape=(6,) dtype=float64>]
('>', 'Mdl*hbf2*-units[2, 6, 6, 1], task: task_f2d_2x2_1_cosx1_plus_x2_depth2, step 150/4995, train err 5.61554, cv err: 5.48574 test err 5.52582')
('>', 'Opt:Adam, BN False, BN_trainable: False After150/4995 iteration,Init: data_trunc_norm_kern')
S:  [None, <tf.Tensor 'Const_1:0' shape=(6,) dtype=float64>, <tf.Tensor 'Const_2:0' shape=(6,) dtype=float64>]
('>', 'Mdl*hbf2*-units[2, 6, 6, 1], task: task_f2d_2x2_1_cosx1_plus_x2_depth2, step 200/4995, train err 5.53866, cv err: 5.38322 test err 5.4368')
('>', 'Opt:Adam, BN False, BN_trainable: False After200/4995 iteration,Init: data_trunc_norm_kern')
S:  [None, <tf.Tensor 'Const_1:0' shape=(6,) dtype=float64>, <tf.Tensor 'Const_2:0' shape=(6,) dtype=float64>]
('>', 'Mdl*hbf2*-units[2, 6, 6, 1], task: task_f2d_2x2_1_cosx1_plus_x2_depth2, step 250/4995, train err 5.60269, cv err: 5.47064 test err 5.51191')
('>', 'Opt:Adam, BN False, BN_trainable: False After250/4995 iteration,Init: data_trunc_norm_kern')
S:  [None, <tf.Tensor 'Const_1:0' shape=(6,) dtype=float64>, <tf.Tensor 'Const_2:0' shape=(6,) dtype=float64>]
('>', 'Mdl*hbf2*-units[2, 6, 6, 1], task: task_f2d_2x2_1_cosx1_plus_x2_depth2, step 300/4995, train err 5.5415, cv err: 5.39087 test err 5.44192')
('>', 'Opt:Adam, BN False, BN_trainable: False After300/4995 iteration,Init: data_trunc_norm_kern')
S:  [None, <tf.Tensor 'Const_1:0' shape=(6,) dtype=float64>, <tf.Tensor 'Const_2:0' shape=(6,) dtype=float64>]
('>', 'Mdl*hbf2*-units[2, 6, 6, 1], task: task_f2d_2x2_1_cosx1_plus_x2_depth2, step 350/4995, train err 5.56287, cv err: 5.42176 test err 5.4678')
('>', 'Opt:Adam, BN False, BN_trainable: False After350/4995 iteration,Init: data_trunc_norm_kern')
S:  [None, <tf.Tensor 'Const_1:0' shape=(6,) dtype=float64>, <tf.Tensor 'Const_2:0' shape=(6,) dtype=float64>]
('>', 'Mdl*hbf2*-units[2, 6, 6, 1], task: task_f2d_2x2_1_cosx1_plus_x2_depth2, step 400/4995, train err 5.55749, cv err: 5.41466 test err 5.4616')
('>', 'Opt:Adam, BN False, BN_trainable: False After400/4995 iteration,Init: data_trunc_norm_kern')
S:  [None, <tf.Tensor 'Const_1:0' shape=(6,) dtype=float64>, <tf.Tensor 'Const_2:0' shape=(6,) dtype=float64>]
('>', 'Mdl*hbf2*-units[2, 6, 6, 1], task: task_f2d_2x2_1_cosx1_plus_x2_depth2, step 450/4995, train err 5.54607, cv err: 5.39849 test err 5.44794')
('>', 'Opt:Adam, BN False, BN_trainable: False After450/4995 iteration,Init: data_trunc_norm_kern')
S:  [None, <tf.Tensor 'Const_1:0' shape=(6,) dtype=float64>, <tf.Tensor 'Const_2:0' shape=(6,) dtype=float64>]
('>', 'Mdl*hbf2*-units[2, 6, 6, 1], task: task_f2d_2x2_1_cosx1_plus_x2_depth2, step 500/4995, train err 5.55649, cv err: 5.41333 test err 5.46045')
('>', 'Opt:Adam, BN False, BN_trainable: False After500/4995 iteration,Init: data_trunc_norm_kern')
S:  [None, <tf.Tensor 'Const_1:0' shape=(6,) dtype=float64>, <tf.Tensor 'Const_2:0' shape=(6,) dtype=float64>]
('>', 'Mdl*hbf2*-units[2, 6, 6, 1], task: task_f2d_2x2_1_cosx1_plus_x2_depth2, step 550/4995, train err 5.56785, cv err: 5.42815 test err 5.47345')
('>', 'Opt:Adam, BN False, BN_trainable: False After550/4995 iteration,Init: data_trunc_norm_kern')
S:  [None, <tf.Tensor 'Const_1:0' shape=(6,) dtype=float64>, <tf.Tensor 'Const_2:0' shape=(6,) dtype=float64>]
('>', 'Mdl*hbf2*-units[2, 6, 6, 1], task: task_f2d_2x2_1_cosx1_plus_x2_depth2, step 600/4995, train err 5.54996, cv err: 5.40426 test err 5.45271')
('>', 'Opt:Adam, BN False, BN_trainable: False After600/4995 iteration,Init: data_trunc_norm_kern')
S:  [None, <tf.Tensor 'Const_1:0' shape=(6,) dtype=float64>, <tf.Tensor 'Const_2:0' shape=(6,) dtype=float64>]
('>', 'Mdl*hbf2*-units[2, 6, 6, 1], task: task_f2d_2x2_1_cosx1_plus_x2_depth2, step 650/4995, train err 5.56902, cv err: 5.42964 test err 5.47476')
('>', 'Opt:Adam, BN False, BN_trainable: False After650/4995 iteration,Init: data_trunc_norm_kern')
S:  [None, <tf.Tensor 'Const_1:0' shape=(6,) dtype=float64>, <tf.Tensor 'Const_2:0' shape=(6,) dtype=float64>]
('>', 'Mdl*hbf2*-units[2, 6, 6, 1], task: task_f2d_2x2_1_cosx1_plus_x2_depth2, step 700/4995, train err 5.54853, cv err: 5.40218 test err 5.45098')
('>', 'Opt:Adam, BN False, BN_trainable: False After700/4995 iteration,Init: data_trunc_norm_kern')
S:  [None, <tf.Tensor 'Const_1:0' shape=(6,) dtype=float64>, <tf.Tensor 'Const_2:0' shape=(6,) dtype=float64>]
('>', 'Mdl*hbf2*-units[2, 6, 6, 1], task: task_f2d_2x2_1_cosx1_plus_x2_depth2, step 750/4995, train err 5.55022, cv err: 5.40464 test err 5.45303')
('>', 'Opt:Adam, BN False, BN_trainable: False After750/4995 iteration,Init: data_trunc_norm_kern')
S:  [None, <tf.Tensor 'Const_1:0' shape=(6,) dtype=float64>, <tf.Tensor 'Const_2:0' shape=(6,) dtype=float64>]
('>', 'Mdl*hbf2*-units[2, 6, 6, 1], task: task_f2d_2x2_1_cosx1_plus_x2_depth2, step 800/4995, train err 5.5655, cv err: 5.42516 test err 5.47079')
('>', 'Opt:Adam, BN False, BN_trainable: False After800/4995 iteration,Init: data_trunc_norm_kern')
S:  [None, <tf.Tensor 'Const_1:0' shape=(6,) dtype=float64>, <tf.Tensor 'Const_2:0' shape=(6,) dtype=float64>]
('>', 'Mdl*hbf2*-units[2, 6, 6, 1], task: task_f2d_2x2_1_cosx1_plus_x2_depth2, step 850/4995, train err 5.57706, cv err: 5.4397 test err 5.48376')
('>', 'Opt:Adam, BN False, BN_trainable: False After850/4995 iteration,Init: data_trunc_norm_kern')
S:  [None, <tf.Tensor 'Const_1:0' shape=(6,) dtype=float64>, <tf.Tensor 'Const_2:0' shape=(6,) dtype=float64>]
('>', 'Mdl*hbf2*-units[2, 6, 6, 1], task: task_f2d_2x2_1_cosx1_plus_x2_depth2, step 900/4995, train err 5.56807, cv err: 5.42844 test err 5.4737')
('>', 'Opt:Adam, BN False, BN_trainable: False After900/4995 iteration,Init: data_trunc_norm_kern')
S:  [None, <tf.Tensor 'Const_1:0' shape=(6,) dtype=float64>, <tf.Tensor 'Const_2:0' shape=(6,) dtype=float64>]
('>', 'Mdl*hbf2*-units[2, 6, 6, 1], task: task_f2d_2x2_1_cosx1_plus_x2_depth2, step 950/4995, train err 5.56317, cv err: 5.42214 test err 5.46814')
('>', 'Opt:Adam, BN False, BN_trainable: False After950/4995 iteration,Init: data_trunc_norm_kern')
S:  [None, <tf.Tensor 'Const_1:0' shape=(6,) dtype=float64>, <tf.Tensor 'Const_2:0' shape=(6,) dtype=float64>]
('>', 'Mdl*hbf2*-units[2, 6, 6, 1], task: task_f2d_2x2_1_cosx1_plus_x2_depth2, step 1000/4995, train err 5.57049, cv err: 5.4315 test err 5.47642')
('>', 'Opt:Adam, BN False, BN_trainable: False After1000/4995 iteration,Init: data_trunc_norm_kern')
S:  [None, <tf.Tensor 'Const_1:0' shape=(6,) dtype=float64>, <tf.Tensor 'Const_2:0' shape=(6,) dtype=float64>]
('>', 'Mdl*hbf2*-units[2, 6, 6, 1], task: task_f2d_2x2_1_cosx1_plus_x2_depth2, step 1050/4995, train err 5.5653, cv err: 5.4249 test err 5.47057')
('>', 'Opt:Adam, BN False, BN_trainable: False After1050/4995 iteration,Init: data_trunc_norm_kern')
S:  [None, <tf.Tensor 'Const_1:0' shape=(6,) dtype=float64>, <tf.Tensor 'Const_2:0' shape=(6,) dtype=float64>]
('>', 'Mdl*hbf2*-units[2, 6, 6, 1], task: task_f2d_2x2_1_cosx1_plus_x2_depth2, step 1100/4995, train err 5.55123, cv err: 5.40607 test err 5.45424')
('>', 'Opt:Adam, BN False, BN_trainable: False After1100/4995 iteration,Init: data_trunc_norm_kern')
S:  [None, <tf.Tensor 'Const_1:0' shape=(6,) dtype=float64>, <tf.Tensor 'Const_2:0' shape=(6,) dtype=float64>]
('>', 'Mdl*hbf2*-units[2, 6, 6, 1], task: task_f2d_2x2_1_cosx1_plus_x2_depth2, step 1150/4995, train err 5.54287, cv err: 5.39333 test err 5.44381')
('>', 'Opt:Adam, BN False, BN_trainable: False After1150/4995 iteration,Init: data_trunc_norm_kern')
S:  [None, <tf.Tensor 'Const_1:0' shape=(6,) dtype=float64>, <tf.Tensor 'Const_2:0' shape=(6,) dtype=float64>]
('>', 'Mdl*hbf2*-units[2, 6, 6, 1], task: task_f2d_2x2_1_cosx1_plus_x2_depth2, step 1200/4995, train err 5.55715, cv err: 5.41421 test err 5.46121')
('>', 'Opt:Adam, BN False, BN_trainable: False After1200/4995 iteration,Init: data_trunc_norm_kern')
S:  [None, <tf.Tensor 'Const_1:0' shape=(6,) dtype=float64>, <tf.Tensor 'Const_2:0' shape=(6,) dtype=float64>]
('>', 'Mdl*hbf2*-units[2, 6, 6, 1], task: task_f2d_2x2_1_cosx1_plus_x2_depth2, step 1250/4995, train err 5.55849, cv err: 5.416 test err 5.46277')
('>', 'Opt:Adam, BN False, BN_trainable: False After1250/4995 iteration,Init: data_trunc_norm_kern')
S:  [None, <tf.Tensor 'Const_1:0' shape=(6,) dtype=float64>, <tf.Tensor 'Const_2:0' shape=(6,) dtype=float64>]
('>', 'Mdl*hbf2*-units[2, 6, 6, 1], task: task_f2d_2x2_1_cosx1_plus_x2_depth2, step 1300/4995, train err 5.55268, cv err: 5.40811 test err 5.45597')
('>', 'Opt:Adam, BN False, BN_trainable: False After1300/4995 iteration,Init: data_trunc_norm_kern')
S:  [None, <tf.Tensor 'Const_1:0' shape=(6,) dtype=float64>, <tf.Tensor 'Const_2:0' shape=(6,) dtype=float64>]
('>', 'Mdl*hbf2*-units[2, 6, 6, 1], task: task_f2d_2x2_1_cosx1_plus_x2_depth2, step 1350/4995, train err 5.55839, cv err: 5.41588 test err 5.46266')
('>', 'Opt:Adam, BN False, BN_trainable: False After1350/4995 iteration,Init: data_trunc_norm_kern')
S:  [None, <tf.Tensor 'Const_1:0' shape=(6,) dtype=float64>, <tf.Tensor 'Const_2:0' shape=(6,) dtype=float64>]
('>', 'Mdl*hbf2*-units[2, 6, 6, 1], task: task_f2d_2x2_1_cosx1_plus_x2_depth2, step 1400/4995, train err 5.55465, cv err: 5.41082 test err 5.45829')
('>', 'Opt:Adam, BN False, BN_trainable: False After1400/4995 iteration,Init: data_trunc_norm_kern')
S:  [None, <tf.Tensor 'Const_1:0' shape=(6,) dtype=float64>, <tf.Tensor 'Const_2:0' shape=(6,) dtype=float64>]
('>', 'Mdl*hbf2*-units[2, 6, 6, 1], task: task_f2d_2x2_1_cosx1_plus_x2_depth2, step 1450/4995, train err 5.55525, cv err: 5.41164 test err 5.45899')
('>', 'Opt:Adam, BN False, BN_trainable: False After1450/4995 iteration,Init: data_trunc_norm_kern')
S:  [None, <tf.Tensor 'Const_1:0' shape=(6,) dtype=float64>, <tf.Tensor 'Const_2:0' shape=(6,) dtype=float64>]
('>', 'Mdl*hbf2*-units[2, 6, 6, 1], task: task_f2d_2x2_1_cosx1_plus_x2_depth2, step 1500/4995, train err 5.55016, cv err: 5.40454 test err 5.45295')
('>', 'Opt:Adam, BN False, BN_trainable: False After1500/4995 iteration,Init: data_trunc_norm_kern')
S:  [None, <tf.Tensor 'Const_1:0' shape=(6,) dtype=float64>, <tf.Tensor 'Const_2:0' shape=(6,) dtype=float64>]
('>', 'Mdl*hbf2*-units[2, 6, 6, 1], task: task_f2d_2x2_1_cosx1_plus_x2_depth2, step 1550/4995, train err 5.56339, cv err: 5.42243 test err 5.46838')
('>', 'Opt:Adam, BN False, BN_trainable: False After1550/4995 iteration,Init: data_trunc_norm_kern')
S:  [None, <tf.Tensor 'Const_1:0' shape=(6,) dtype=float64>, <tf.Tensor 'Const_2:0' shape=(6,) dtype=float64>]
('>', 'Mdl*hbf2*-units[2, 6, 6, 1], task: task_f2d_2x2_1_cosx1_plus_x2_depth2, step 1600/4995, train err 5.55744, cv err: 5.4146 test err 5.46155')
('>', 'Opt:Adam, BN False, BN_trainable: False After1600/4995 iteration,Init: data_trunc_norm_kern')
S:  [None, <tf.Tensor 'Const_1:0' shape=(6,) dtype=float64>, <tf.Tensor 'Const_2:0' shape=(6,) dtype=float64>]
('>', 'Mdl*hbf2*-units[2, 6, 6, 1], task: task_f2d_2x2_1_cosx1_plus_x2_depth2, step 1650/4995, train err 5.56389, cv err: 5.42307 test err 5.46895')
('>', 'Opt:Adam, BN False, BN_trainable: False After1650/4995 iteration,Init: data_trunc_norm_kern')
S:  [None, <tf.Tensor 'Const_1:0' shape=(6,) dtype=float64>, <tf.Tensor 'Const_2:0' shape=(6,) dtype=float64>]
('>', 'Mdl*hbf2*-units[2, 6, 6, 1], task: task_f2d_2x2_1_cosx1_plus_x2_depth2, step 1700/4995, train err 5.55758, cv err: 5.41479 test err 5.46171')
('>', 'Opt:Adam, BN False, BN_trainable: False After1700/4995 iteration,Init: data_trunc_norm_kern')
S:  [None, <tf.Tensor 'Const_1:0' shape=(6,) dtype=float64>, <tf.Tensor 'Const_2:0' shape=(6,) dtype=float64>]
('>', 'Mdl*hbf2*-units[2, 6, 6, 1], task: task_f2d_2x2_1_cosx1_plus_x2_depth2, step 1750/4995, train err 5.54925, cv err: 5.40323 test err 5.45185')
('>', 'Opt:Adam, BN False, BN_trainable: False After1750/4995 iteration,Init: data_trunc_norm_kern')
S:  [None, <tf.Tensor 'Const_1:0' shape=(6,) dtype=float64>, <tf.Tensor 'Const_2:0' shape=(6,) dtype=float64>]
('>', 'Mdl*hbf2*-units[2, 6, 6, 1], task: task_f2d_2x2_1_cosx1_plus_x2_depth2, step 1800/4995, train err 5.55076, cv err: 5.40541 test err 5.45368')
('>', 'Opt:Adam, BN False, BN_trainable: False After1800/4995 iteration,Init: data_trunc_norm_kern')
S:  [None, <tf.Tensor 'Const_1:0' shape=(6,) dtype=float64>, <tf.Tensor 'Const_2:0' shape=(6,) dtype=float64>]
('>', 'Mdl*hbf2*-units[2, 6, 6, 1], task: task_f2d_2x2_1_cosx1_plus_x2_depth2, step 1850/4995, train err 5.55115, cv err: 5.40596 test err 5.45415')
('>', 'Opt:Adam, BN False, BN_trainable: False After1850/4995 iteration,Init: data_trunc_norm_kern')
S:  [None, <tf.Tensor 'Const_1:0' shape=(6,) dtype=float64>, <tf.Tensor 'Const_2:0' shape=(6,) dtype=float64>]
('>', 'Mdl*hbf2*-units[2, 6, 6, 1], task: task_f2d_2x2_1_cosx1_plus_x2_depth2, step 1900/4995, train err 5.5543, cv err: 5.41034 test err 5.45788')
('>', 'Opt:Adam, BN False, BN_trainable: False After1900/4995 iteration,Init: data_trunc_norm_kern')
S:  [None, <tf.Tensor 'Const_1:0' shape=(6,) dtype=float64>, <tf.Tensor 'Const_2:0' shape=(6,) dtype=float64>]
('>', 'Mdl*hbf2*-units[2, 6, 6, 1], task: task_f2d_2x2_1_cosx1_plus_x2_depth2, step 1950/4995, train err 5.54902, cv err: 5.4029 test err 5.45157')
('>', 'Opt:Adam, BN False, BN_trainable: False After1950/4995 iteration,Init: data_trunc_norm_kern')
S:  [None, <tf.Tensor 'Const_1:0' shape=(6,) dtype=float64>, <tf.Tensor 'Const_2:0' shape=(6,) dtype=float64>]
('>', 'Mdl*hbf2*-units[2, 6, 6, 1], task: task_f2d_2x2_1_cosx1_plus_x2_depth2, step 2000/4995, train err 5.55567, cv err: 5.41221 test err 5.45949')
('>', 'Opt:Adam, BN False, BN_trainable: False After2000/4995 iteration,Init: data_trunc_norm_kern')
S:  [None, <tf.Tensor 'Const_1:0' shape=(6,) dtype=float64>, <tf.Tensor 'Const_2:0' shape=(6,) dtype=float64>]
('>', 'Mdl*hbf2*-units[2, 6, 6, 1], task: task_f2d_2x2_1_cosx1_plus_x2_depth2, step 2050/4995, train err 5.556, cv err: 5.41266 test err 5.45987')
('>', 'Opt:Adam, BN False, BN_trainable: False After2050/4995 iteration,Init: data_trunc_norm_kern')
S:  [None, <tf.Tensor 'Const_1:0' shape=(6,) dtype=float64>, <tf.Tensor 'Const_2:0' shape=(6,) dtype=float64>]
('>', 'Mdl*hbf2*-units[2, 6, 6, 1], task: task_f2d_2x2_1_cosx1_plus_x2_depth2, step 2100/4995, train err 5.55367, cv err: 5.40948 test err 5.45714')
('>', 'Opt:Adam, BN False, BN_trainable: False After2100/4995 iteration,Init: data_trunc_norm_kern')
S:  [None, <tf.Tensor 'Const_1:0' shape=(6,) dtype=float64>, <tf.Tensor 'Const_2:0' shape=(6,) dtype=float64>]
('>', 'Mdl*hbf2*-units[2, 6, 6, 1], task: task_f2d_2x2_1_cosx1_plus_x2_depth2, step 2150/4995, train err 5.55709, cv err: 5.41414 test err 5.46115')
('>', 'Opt:Adam, BN False, BN_trainable: False After2150/4995 iteration,Init: data_trunc_norm_kern')
S:  [None, <tf.Tensor 'Const_1:0' shape=(6,) dtype=float64>, <tf.Tensor 'Const_2:0' shape=(6,) dtype=float64>]
('>', 'Mdl*hbf2*-units[2, 6, 6, 1], task: task_f2d_2x2_1_cosx1_plus_x2_depth2, step 2200/4995, train err 5.5508, cv err: 5.40546 test err 5.45372')
('>', 'Opt:Adam, BN False, BN_trainable: False After2200/4995 iteration,Init: data_trunc_norm_kern')
S:  [None, <tf.Tensor 'Const_1:0' shape=(6,) dtype=float64>, <tf.Tensor 'Const_2:0' shape=(6,) dtype=float64>]
('>', 'Mdl*hbf2*-units[2, 6, 6, 1], task: task_f2d_2x2_1_cosx1_plus_x2_depth2, step 2250/4995, train err 5.55577, cv err: 5.41235 test err 5.4596')
('>', 'Opt:Adam, BN False, BN_trainable: False After2250/4995 iteration,Init: data_trunc_norm_kern')
S:  [None, <tf.Tensor 'Const_1:0' shape=(6,) dtype=float64>, <tf.Tensor 'Const_2:0' shape=(6,) dtype=float64>]
('>', 'Mdl*hbf2*-units[2, 6, 6, 1], task: task_f2d_2x2_1_cosx1_plus_x2_depth2, step 2300/4995, train err 5.55013, cv err: 5.40451 test err 5.45292')
('>', 'Opt:Adam, BN False, BN_trainable: False After2300/4995 iteration,Init: data_trunc_norm_kern')
S:  [None, <tf.Tensor 'Const_1:0' shape=(6,) dtype=float64>, <tf.Tensor 'Const_2:0' shape=(6,) dtype=float64>]
('>', 'Mdl*hbf2*-units[2, 6, 6, 1], task: task_f2d_2x2_1_cosx1_plus_x2_depth2, step 2350/4995, train err 5.55478, cv err: 5.411 test err 5.45844')
('>', 'Opt:Adam, BN False, BN_trainable: False After2350/4995 iteration,Init: data_trunc_norm_kern')
S:  [None, <tf.Tensor 'Const_1:0' shape=(6,) dtype=float64>, <tf.Tensor 'Const_2:0' shape=(6,) dtype=float64>]
('>', 'Mdl*hbf2*-units[2, 6, 6, 1], task: task_f2d_2x2_1_cosx1_plus_x2_depth2, step 2400/4995, train err 5.54918, cv err: 5.40313 test err 5.45177')
('>', 'Opt:Adam, BN False, BN_trainable: False After2400/4995 iteration,Init: data_trunc_norm_kern')
S:  [None, <tf.Tensor 'Const_1:0' shape=(6,) dtype=float64>, <tf.Tensor 'Const_2:0' shape=(6,) dtype=float64>]
('>', 'Mdl*hbf2*-units[2, 6, 6, 1], task: task_f2d_2x2_1_cosx1_plus_x2_depth2, step 2450/4995, train err 5.55151, cv err: 5.40647 test err 5.45458')
('>', 'Opt:Adam, BN False, BN_trainable: False After2450/4995 iteration,Init: data_trunc_norm_kern')
S:  [None, <tf.Tensor 'Const_1:0' shape=(6,) dtype=float64>, <tf.Tensor 'Const_2:0' shape=(6,) dtype=float64>]
('>', 'Mdl*hbf2*-units[2, 6, 6, 1], task: task_f2d_2x2_1_cosx1_plus_x2_depth2, step 2500/4995, train err 5.5568, cv err: 5.41375 test err 5.46081')
('>', 'Opt:Adam, BN False, BN_trainable: False After2500/4995 iteration,Init: data_trunc_norm_kern')
S:  [None, <tf.Tensor 'Const_1:0' shape=(6,) dtype=float64>, <tf.Tensor 'Const_2:0' shape=(6,) dtype=float64>]
('>', 'Mdl*hbf2*-units[2, 6, 6, 1], task: task_f2d_2x2_1_cosx1_plus_x2_depth2, step 2550/4995, train err 5.55352, cv err: 5.40927 test err 5.45696')
('>', 'Opt:Adam, BN False, BN_trainable: False After2550/4995 iteration,Init: data_trunc_norm_kern')
S:  [None, <tf.Tensor 'Const_1:0' shape=(6,) dtype=float64>, <tf.Tensor 'Const_2:0' shape=(6,) dtype=float64>]
('>', 'Mdl*hbf2*-units[2, 6, 6, 1], task: task_f2d_2x2_1_cosx1_plus_x2_depth2, step 2600/4995, train err 5.55971, cv err: 5.41761 test err 5.46417')
('>', 'Opt:Adam, BN False, BN_trainable: False After2600/4995 iteration,Init: data_trunc_norm_kern')
S:  [None, <tf.Tensor 'Const_1:0' shape=(6,) dtype=float64>, <tf.Tensor 'Const_2:0' shape=(6,) dtype=float64>]
('>', 'Mdl*hbf2*-units[2, 6, 6, 1], task: task_f2d_2x2_1_cosx1_plus_x2_depth2, step 2650/4995, train err 5.55427, cv err: 5.4103 test err 5.45784')
('>', 'Opt:Adam, BN False, BN_trainable: False After2650/4995 iteration,Init: data_trunc_norm_kern')
S:  [None, <tf.Tensor 'Const_1:0' shape=(6,) dtype=float64>, <tf.Tensor 'Const_2:0' shape=(6,) dtype=float64>]
('>', 'Mdl*hbf2*-units[2, 6, 6, 1], task: task_f2d_2x2_1_cosx1_plus_x2_depth2, step 2700/4995, train err 5.55442, cv err: 5.41051 test err 5.45802')
('>', 'Opt:Adam, BN False, BN_trainable: False After2700/4995 iteration,Init: data_trunc_norm_kern')
S:  [None, <tf.Tensor 'Const_1:0' shape=(6,) dtype=float64>, <tf.Tensor 'Const_2:0' shape=(6,) dtype=float64>]
('>', 'Mdl*hbf2*-units[2, 6, 6, 1], task: task_f2d_2x2_1_cosx1_plus_x2_depth2, step 2750/4995, train err 5.55597, cv err: 5.41262 test err 5.45984')
('>', 'Opt:Adam, BN False, BN_trainable: False After2750/4995 iteration,Init: data_trunc_norm_kern')
S:  [None, <tf.Tensor 'Const_1:0' shape=(6,) dtype=float64>, <tf.Tensor 'Const_2:0' shape=(6,) dtype=float64>]
('>', 'Mdl*hbf2*-units[2, 6, 6, 1], task: task_f2d_2x2_1_cosx1_plus_x2_depth2, step 2800/4995, train err 5.55583, cv err: 5.41243 test err 5.45968')
('>', 'Opt:Adam, BN False, BN_trainable: False After2800/4995 iteration,Init: data_trunc_norm_kern')
S:  [None, <tf.Tensor 'Const_1:0' shape=(6,) dtype=float64>, <tf.Tensor 'Const_2:0' shape=(6,) dtype=float64>]
('>', 'Mdl*hbf2*-units[2, 6, 6, 1], task: task_f2d_2x2_1_cosx1_plus_x2_depth2, step 2850/4995, train err 5.55358, cv err: 5.40935 test err 5.45703')
('>', 'Opt:Adam, BN False, BN_trainable: False After2850/4995 iteration,Init: data_trunc_norm_kern')
S:  [None, <tf.Tensor 'Const_1:0' shape=(6,) dtype=float64>, <tf.Tensor 'Const_2:0' shape=(6,) dtype=float64>]
('>', 'Mdl*hbf2*-units[2, 6, 6, 1], task: task_f2d_2x2_1_cosx1_plus_x2_depth2, step 2900/4995, train err 5.55403, cv err: 5.40997 test err 5.45756')
('>', 'Opt:Adam, BN False, BN_trainable: False After2900/4995 iteration,Init: data_trunc_norm_kern')
S:  [None, <tf.Tensor 'Const_1:0' shape=(6,) dtype=float64>, <tf.Tensor 'Const_2:0' shape=(6,) dtype=float64>]
('>', 'Mdl*hbf2*-units[2, 6, 6, 1], task: task_f2d_2x2_1_cosx1_plus_x2_depth2, step 2950/4995, train err 5.55156, cv err: 5.40654 test err 5.45464')
('>', 'Opt:Adam, BN False, BN_trainable: False After2950/4995 iteration,Init: data_trunc_norm_kern')
S:  [None, <tf.Tensor 'Const_1:0' shape=(6,) dtype=float64>, <tf.Tensor 'Const_2:0' shape=(6,) dtype=float64>]
('>', 'Mdl*hbf2*-units[2, 6, 6, 1], task: task_f2d_2x2_1_cosx1_plus_x2_depth2, step 3000/4995, train err 5.55024, cv err: 5.40466 test err 5.45305')
('>', 'Opt:Adam, BN False, BN_trainable: False After3000/4995 iteration,Init: data_trunc_norm_kern')
S:  [None, <tf.Tensor 'Const_1:0' shape=(6,) dtype=float64>, <tf.Tensor 'Const_2:0' shape=(6,) dtype=float64>]
('>', 'Mdl*hbf2*-units[2, 6, 6, 1], task: task_f2d_2x2_1_cosx1_plus_x2_depth2, step 3050/4995, train err 5.55848, cv err: 5.41598 test err 5.46275')
('>', 'Opt:Adam, BN False, BN_trainable: False After3050/4995 iteration,Init: data_trunc_norm_kern')
S:  [None, <tf.Tensor 'Const_1:0' shape=(6,) dtype=float64>, <tf.Tensor 'Const_2:0' shape=(6,) dtype=float64>]
('>', 'Mdl*hbf2*-units[2, 6, 6, 1], task: task_f2d_2x2_1_cosx1_plus_x2_depth2, step 3100/4995, train err 5.55073, cv err: 5.40537 test err 5.45364')
('>', 'Opt:Adam, BN False, BN_trainable: False After3100/4995 iteration,Init: data_trunc_norm_kern')
S:  [None, <tf.Tensor 'Const_1:0' shape=(6,) dtype=float64>, <tf.Tensor 'Const_2:0' shape=(6,) dtype=float64>]
('>', 'Mdl*hbf2*-units[2, 6, 6, 1], task: task_f2d_2x2_1_cosx1_plus_x2_depth2, step 3150/4995, train err 5.55534, cv err: 5.41177 test err 5.45911')
('>', 'Opt:Adam, BN False, BN_trainable: False After3150/4995 iteration,Init: data_trunc_norm_kern')
S:  [None, <tf.Tensor 'Const_1:0' shape=(6,) dtype=float64>, <tf.Tensor 'Const_2:0' shape=(6,) dtype=float64>]
('>', 'Mdl*hbf2*-units[2, 6, 6, 1], task: task_f2d_2x2_1_cosx1_plus_x2_depth2, step 3200/4995, train err 5.55937, cv err: 5.41717 test err 5.46378')
('>', 'Opt:Adam, BN False, BN_trainable: False After3200/4995 iteration,Init: data_trunc_norm_kern')
S:  [None, <tf.Tensor 'Const_1:0' shape=(6,) dtype=float64>, <tf.Tensor 'Const_2:0' shape=(6,) dtype=float64>]
('>', 'Mdl*hbf2*-units[2, 6, 6, 1], task: task_f2d_2x2_1_cosx1_plus_x2_depth2, step 3250/4995, train err 5.55274, cv err: 5.40819 test err 5.45604')
('>', 'Opt:Adam, BN False, BN_trainable: False After3250/4995 iteration,Init: data_trunc_norm_kern')
S:  [None, <tf.Tensor 'Const_1:0' shape=(6,) dtype=float64>, <tf.Tensor 'Const_2:0' shape=(6,) dtype=float64>]
('>', 'Mdl*hbf2*-units[2, 6, 6, 1], task: task_f2d_2x2_1_cosx1_plus_x2_depth2, step 3300/4995, train err 5.5538, cv err: 5.40966 test err 5.4573')
('>', 'Opt:Adam, BN False, BN_trainable: False After3300/4995 iteration,Init: data_trunc_norm_kern')
S:  [None, <tf.Tensor 'Const_1:0' shape=(6,) dtype=float64>, <tf.Tensor 'Const_2:0' shape=(6,) dtype=float64>]
('>', 'Mdl*hbf2*-units[2, 6, 6, 1], task: task_f2d_2x2_1_cosx1_plus_x2_depth2, step 3350/4995, train err 5.55758, cv err: 5.41479 test err 5.46172')
('>', 'Opt:Adam, BN False, BN_trainable: False After3350/4995 iteration,Init: data_trunc_norm_kern')
S:  [None, <tf.Tensor 'Const_1:0' shape=(6,) dtype=float64>, <tf.Tensor 'Const_2:0' shape=(6,) dtype=float64>]
('>', 'Mdl*hbf2*-units[2, 6, 6, 1], task: task_f2d_2x2_1_cosx1_plus_x2_depth2, step 3400/4995, train err 5.56156, cv err: 5.42005 test err 5.4663')
('>', 'Opt:Adam, BN False, BN_trainable: False After3400/4995 iteration,Init: data_trunc_norm_kern')
S:  [None, <tf.Tensor 'Const_1:0' shape=(6,) dtype=float64>, <tf.Tensor 'Const_2:0' shape=(6,) dtype=float64>]
('>', 'Mdl*hbf2*-units[2, 6, 6, 1], task: task_f2d_2x2_1_cosx1_plus_x2_depth2, step 3450/4995, train err 5.55203, cv err: 5.4072 test err 5.4552')
('>', 'Opt:Adam, BN False, BN_trainable: False After3450/4995 iteration,Init: data_trunc_norm_kern')
S:  [None, <tf.Tensor 'Const_1:0' shape=(6,) dtype=float64>, <tf.Tensor 'Const_2:0' shape=(6,) dtype=float64>]
('>', 'Mdl*hbf2*-units[2, 6, 6, 1], task: task_f2d_2x2_1_cosx1_plus_x2_depth2, step 3500/4995, train err 5.55312, cv err: 5.40872 test err 5.45649')
('>', 'Opt:Adam, BN False, BN_trainable: False After3500/4995 iteration,Init: data_trunc_norm_kern')
S:  [None, <tf.Tensor 'Const_1:0' shape=(6,) dtype=float64>, <tf.Tensor 'Const_2:0' shape=(6,) dtype=float64>]
('>', 'Mdl*hbf2*-units[2, 6, 6, 1], task: task_f2d_2x2_1_cosx1_plus_x2_depth2, step 3550/4995, train err 5.55322, cv err: 5.40885 test err 5.4566')
('>', 'Opt:Adam, BN False, BN_trainable: False After3550/4995 iteration,Init: data_trunc_norm_kern')
S:  [None, <tf.Tensor 'Const_1:0' shape=(6,) dtype=float64>, <tf.Tensor 'Const_2:0' shape=(6,) dtype=float64>]
('>', 'Mdl*hbf2*-units[2, 6, 6, 1], task: task_f2d_2x2_1_cosx1_plus_x2_depth2, step 3600/4995, train err 5.55543, cv err: 5.41189 test err 5.45921')
('>', 'Opt:Adam, BN False, BN_trainable: False After3600/4995 iteration,Init: data_trunc_norm_kern')
S:  [None, <tf.Tensor 'Const_1:0' shape=(6,) dtype=float64>, <tf.Tensor 'Const_2:0' shape=(6,) dtype=float64>]
('>', 'Mdl*hbf2*-units[2, 6, 6, 1], task: task_f2d_2x2_1_cosx1_plus_x2_depth2, step 3650/4995, train err 5.55742, cv err: 5.41458 test err 5.46153')
('>', 'Opt:Adam, BN False, BN_trainable: False After3650/4995 iteration,Init: data_trunc_norm_kern')
S:  [None, <tf.Tensor 'Const_1:0' shape=(6,) dtype=float64>, <tf.Tensor 'Const_2:0' shape=(6,) dtype=float64>]
('>', 'Mdl*hbf2*-units[2, 6, 6, 1], task: task_f2d_2x2_1_cosx1_plus_x2_depth2, step 3700/4995, train err 5.55475, cv err: 5.41096 test err 5.45841')
('>', 'Opt:Adam, BN False, BN_trainable: False After3700/4995 iteration,Init: data_trunc_norm_kern')
S:  [None, <tf.Tensor 'Const_1:0' shape=(6,) dtype=float64>, <tf.Tensor 'Const_2:0' shape=(6,) dtype=float64>]
('>', 'Mdl*hbf2*-units[2, 6, 6, 1], task: task_f2d_2x2_1_cosx1_plus_x2_depth2, step 3750/4995, train err 5.55708, cv err: 5.41411 test err 5.46113')
('>', 'Opt:Adam, BN False, BN_trainable: False After3750/4995 iteration,Init: data_trunc_norm_kern')
S:  [None, <tf.Tensor 'Const_1:0' shape=(6,) dtype=float64>, <tf.Tensor 'Const_2:0' shape=(6,) dtype=float64>]
('>', 'Mdl*hbf2*-units[2, 6, 6, 1], task: task_f2d_2x2_1_cosx1_plus_x2_depth2, step 3800/4995, train err 5.551, cv err: 5.40575 test err 5.45396')
('>', 'Opt:Adam, BN False, BN_trainable: False After3800/4995 iteration,Init: data_trunc_norm_kern')
S:  [None, <tf.Tensor 'Const_1:0' shape=(6,) dtype=float64>, <tf.Tensor 'Const_2:0' shape=(6,) dtype=float64>]
('>', 'Mdl*hbf2*-units[2, 6, 6, 1], task: task_f2d_2x2_1_cosx1_plus_x2_depth2, step 3850/4995, train err 5.55284, cv err: 5.40833 test err 5.45616')
('>', 'Opt:Adam, BN False, BN_trainable: False After3850/4995 iteration,Init: data_trunc_norm_kern')
S:  [None, <tf.Tensor 'Const_1:0' shape=(6,) dtype=float64>, <tf.Tensor 'Const_2:0' shape=(6,) dtype=float64>]
('>', 'Mdl*hbf2*-units[2, 6, 6, 1], task: task_f2d_2x2_1_cosx1_plus_x2_depth2, step 3900/4995, train err 5.55804, cv err: 5.4154 test err 5.46224')
('>', 'Opt:Adam, BN False, BN_trainable: False After3900/4995 iteration,Init: data_trunc_norm_kern')
S:  [None, <tf.Tensor 'Const_1:0' shape=(6,) dtype=float64>, <tf.Tensor 'Const_2:0' shape=(6,) dtype=float64>]
('>', 'Mdl*hbf2*-units[2, 6, 6, 1], task: task_f2d_2x2_1_cosx1_plus_x2_depth2, step 3950/4995, train err 5.55927, cv err: 5.41704 test err 5.46367')
('>', 'Opt:Adam, BN False, BN_trainable: False After3950/4995 iteration,Init: data_trunc_norm_kern')
S:  [None, <tf.Tensor 'Const_1:0' shape=(6,) dtype=float64>, <tf.Tensor 'Const_2:0' shape=(6,) dtype=float64>]
('>', 'Mdl*hbf2*-units[2, 6, 6, 1], task: task_f2d_2x2_1_cosx1_plus_x2_depth2, step 4000/4995, train err 5.55884, cv err: 5.41647 test err 5.46317')
('>', 'Opt:Adam, BN False, BN_trainable: False After4000/4995 iteration,Init: data_trunc_norm_kern')
S:  [None, <tf.Tensor 'Const_1:0' shape=(6,) dtype=float64>, <tf.Tensor 'Const_2:0' shape=(6,) dtype=float64>]
('>', 'Mdl*hbf2*-units[2, 6, 6, 1], task: task_f2d_2x2_1_cosx1_plus_x2_depth2, step 4050/4995, train err 5.55358, cv err: 5.40936 test err 5.45704')
('>', 'Opt:Adam, BN False, BN_trainable: False After4050/4995 iteration,Init: data_trunc_norm_kern')
S:  [None, <tf.Tensor 'Const_1:0' shape=(6,) dtype=float64>, <tf.Tensor 'Const_2:0' shape=(6,) dtype=float64>]
('>', 'Mdl*hbf2*-units[2, 6, 6, 1], task: task_f2d_2x2_1_cosx1_plus_x2_depth2, step 4100/4995, train err 5.54775, cv err: 5.40104 test err 5.45003')
('>', 'Opt:Adam, BN False, BN_trainable: False After4100/4995 iteration,Init: data_trunc_norm_kern')
S:  [None, <tf.Tensor 'Const_1:0' shape=(6,) dtype=float64>, <tf.Tensor 'Const_2:0' shape=(6,) dtype=float64>]
('>', 'Mdl*hbf2*-units[2, 6, 6, 1], task: task_f2d_2x2_1_cosx1_plus_x2_depth2, step 4150/4995, train err 5.55455, cv err: 5.41069 test err 5.45818')
('>', 'Opt:Adam, BN False, BN_trainable: False After4150/4995 iteration,Init: data_trunc_norm_kern')
S:  [None, <tf.Tensor 'Const_1:0' shape=(6,) dtype=float64>, <tf.Tensor 'Const_2:0' shape=(6,) dtype=float64>]
('>', 'Mdl*hbf2*-units[2, 6, 6, 1], task: task_f2d_2x2_1_cosx1_plus_x2_depth2, step 4200/4995, train err 5.5558, cv err: 5.41239 test err 5.45964')
('>', 'Opt:Adam, BN False, BN_trainable: False After4200/4995 iteration,Init: data_trunc_norm_kern')
S:  [None, <tf.Tensor 'Const_1:0' shape=(6,) dtype=float64>, <tf.Tensor 'Const_2:0' shape=(6,) dtype=float64>]
('>', 'Mdl*hbf2*-units[2, 6, 6, 1], task: task_f2d_2x2_1_cosx1_plus_x2_depth2, step 4250/4995, train err 5.55376, cv err: 5.4096 test err 5.45725')
('>', 'Opt:Adam, BN False, BN_trainable: False After4250/4995 iteration,Init: data_trunc_norm_kern')
S:  [None, <tf.Tensor 'Const_1:0' shape=(6,) dtype=float64>, <tf.Tensor 'Const_2:0' shape=(6,) dtype=float64>]
('>', 'Mdl*hbf2*-units[2, 6, 6, 1], task: task_f2d_2x2_1_cosx1_plus_x2_depth2, step 4300/4995, train err 5.55358, cv err: 5.40935 test err 5.45703')
('>', 'Opt:Adam, BN False, BN_trainable: False After4300/4995 iteration,Init: data_trunc_norm_kern')
S:  [None, <tf.Tensor 'Const_1:0' shape=(6,) dtype=float64>, <tf.Tensor 'Const_2:0' shape=(6,) dtype=float64>]
('>', 'Mdl*hbf2*-units[2, 6, 6, 1], task: task_f2d_2x2_1_cosx1_plus_x2_depth2, step 4350/4995, train err 5.55621, cv err: 5.41295 test err 5.46012')
('>', 'Opt:Adam, BN False, BN_trainable: False After4350/4995 iteration,Init: data_trunc_norm_kern')
S:  [None, <tf.Tensor 'Const_1:0' shape=(6,) dtype=float64>, <tf.Tensor 'Const_2:0' shape=(6,) dtype=float64>]
('>', 'Mdl*hbf2*-units[2, 6, 6, 1], task: task_f2d_2x2_1_cosx1_plus_x2_depth2, step 4400/4995, train err 5.55451, cv err: 5.41063 test err 5.45812')
('>', 'Opt:Adam, BN False, BN_trainable: False After4400/4995 iteration,Init: data_trunc_norm_kern')
S:  [None, <tf.Tensor 'Const_1:0' shape=(6,) dtype=float64>, <tf.Tensor 'Const_2:0' shape=(6,) dtype=float64>]
('>', 'Mdl*hbf2*-units[2, 6, 6, 1], task: task_f2d_2x2_1_cosx1_plus_x2_depth2, step 4450/4995, train err 5.55668, cv err: 5.41358 test err 5.46067')
('>', 'Opt:Adam, BN False, BN_trainable: False After4450/4995 iteration,Init: data_trunc_norm_kern')
S:  [None, <tf.Tensor 'Const_1:0' shape=(6,) dtype=float64>, <tf.Tensor 'Const_2:0' shape=(6,) dtype=float64>]
('>', 'Mdl*hbf2*-units[2, 6, 6, 1], task: task_f2d_2x2_1_cosx1_plus_x2_depth2, step 4500/4995, train err 5.55551, cv err: 5.41199 test err 5.4593')
('>', 'Opt:Adam, BN False, BN_trainable: False After4500/4995 iteration,Init: data_trunc_norm_kern')
S:  [None, <tf.Tensor 'Const_1:0' shape=(6,) dtype=float64>, <tf.Tensor 'Const_2:0' shape=(6,) dtype=float64>]
('>', 'Mdl*hbf2*-units[2, 6, 6, 1], task: task_f2d_2x2_1_cosx1_plus_x2_depth2, step 4550/4995, train err 5.54733, cv err: 5.40041 test err 5.44951')
('>', 'Opt:Adam, BN False, BN_trainable: False After4550/4995 iteration,Init: data_trunc_norm_kern')
S:  [None, <tf.Tensor 'Const_1:0' shape=(6,) dtype=float64>, <tf.Tensor 'Const_2:0' shape=(6,) dtype=float64>]
('>', 'Mdl*hbf2*-units[2, 6, 6, 1], task: task_f2d_2x2_1_cosx1_plus_x2_depth2, step 4600/4995, train err 5.55044, cv err: 5.40495 test err 5.4533')
('>', 'Opt:Adam, BN False, BN_trainable: False After4600/4995 iteration,Init: data_trunc_norm_kern')
S:  [None, <tf.Tensor 'Const_1:0' shape=(6,) dtype=float64>, <tf.Tensor 'Const_2:0' shape=(6,) dtype=float64>]
('>', 'Mdl*hbf2*-units[2, 6, 6, 1], task: task_f2d_2x2_1_cosx1_plus_x2_depth2, step 4650/4995, train err 5.55733, cv err: 5.41445 test err 5.46142')
('>', 'Opt:Adam, BN False, BN_trainable: False After4650/4995 iteration,Init: data_trunc_norm_kern')
S:  [None, <tf.Tensor 'Const_1:0' shape=(6,) dtype=float64>, <tf.Tensor 'Const_2:0' shape=(6,) dtype=float64>]
('>', 'Mdl*hbf2*-units[2, 6, 6, 1], task: task_f2d_2x2_1_cosx1_plus_x2_depth2, step 4700/4995, train err 5.5589, cv err: 5.41654 test err 5.46323')
('>', 'Opt:Adam, BN False, BN_trainable: False After4700/4995 iteration,Init: data_trunc_norm_kern')
S:  [None, <tf.Tensor 'Const_1:0' shape=(6,) dtype=float64>, <tf.Tensor 'Const_2:0' shape=(6,) dtype=float64>]
('>', 'Mdl*hbf2*-units[2, 6, 6, 1], task: task_f2d_2x2_1_cosx1_plus_x2_depth2, step 4750/4995, train err 5.55537, cv err: 5.41181 test err 5.45914')
('>', 'Opt:Adam, BN False, BN_trainable: False After4750/4995 iteration,Init: data_trunc_norm_kern')
S:  [None, <tf.Tensor 'Const_1:0' shape=(6,) dtype=float64>, <tf.Tensor 'Const_2:0' shape=(6,) dtype=float64>]
('>', 'Mdl*hbf2*-units[2, 6, 6, 1], task: task_f2d_2x2_1_cosx1_plus_x2_depth2, step 4800/4995, train err 5.55265, cv err: 5.40807 test err 5.45593')
('>', 'Opt:Adam, BN False, BN_trainable: False After4800/4995 iteration,Init: data_trunc_norm_kern')
S:  [None, <tf.Tensor 'Const_1:0' shape=(6,) dtype=float64>, <tf.Tensor 'Const_2:0' shape=(6,) dtype=float64>]
('>', 'Mdl*hbf2*-units[2, 6, 6, 1], task: task_f2d_2x2_1_cosx1_plus_x2_depth2, step 4850/4995, train err 5.5526, cv err: 5.40799 test err 5.45587')
('>', 'Opt:Adam, BN False, BN_trainable: False After4850/4995 iteration,Init: data_trunc_norm_kern')
S:  [None, <tf.Tensor 'Const_1:0' shape=(6,) dtype=float64>, <tf.Tensor 'Const_2:0' shape=(6,) dtype=float64>]
('>', 'Mdl*hbf2*-units[2, 6, 6, 1], task: task_f2d_2x2_1_cosx1_plus_x2_depth2, step 4900/4995, train err 5.55323, cv err: 5.40887 test err 5.45662')
('>', 'Opt:Adam, BN False, BN_trainable: False After4900/4995 iteration,Init: data_trunc_norm_kern')
S:  [None, <tf.Tensor 'Const_1:0' shape=(6,) dtype=float64>, <tf.Tensor 'Const_2:0' shape=(6,) dtype=float64>]
('>', 'Mdl*hbf2*-units[2, 6, 6, 1], task: task_f2d_2x2_1_cosx1_plus_x2_depth2, step 4950/4995, train err 5.55441, cv err: 5.41049 test err 5.45801')
('>', 'Opt:Adam, BN False, BN_trainable: False After4950/4995 iteration,Init: data_trunc_norm_kern')
S:  [None, <tf.Tensor 'Const_1:0' shape=(6,) dtype=float64>, <tf.Tensor 'Const_2:0' shape=(6,) dtype=float64>]
--- 200.988821983 seconds ---
--- 3.34981369972 minutes ---
--- 0.0558302283287 hours ---


