I tensorflow/stream_executor/dso_loader.cc:108] successfully opened CUDA library libcublas.so locally
I tensorflow/stream_executor/dso_loader.cc:102] Couldn't open CUDA library libcudnn.so. LD_LIBRARY_PATH: /cm/shared/openmind/cuda/7.5/lib64:/cm/shared/openmind/cuda/7.5/lib
I tensorflow/stream_executor/cuda/cuda_dnn.cc:2092] Unable to load cuDNN DSO
I tensorflow/stream_executor/dso_loader.cc:108] successfully opened CUDA library libcufft.so locally
I tensorflow/stream_executor/dso_loader.cc:108] successfully opened CUDA library libcuda.so locally
I tensorflow/stream_executor/dso_loader.cc:108] successfully opened CUDA library libcurand.so locally
E tensorflow/stream_executor/cuda/cuda_driver.cc:491] failed call to cuInit: CUDA_ERROR_NO_DEVICE
I tensorflow/stream_executor/cuda/cuda_diagnostics.cc:153] retrieving CUDA diagnostic information for host: node036
I tensorflow/stream_executor/cuda/cuda_diagnostics.cc:160] hostname: node036
I tensorflow/stream_executor/cuda/cuda_diagnostics.cc:185] libcuda reported version is: Not found: was unable to find libcuda.so DSO loaded into this program
I tensorflow/stream_executor/cuda/cuda_diagnostics.cc:347] driver version file contents: """NVRM version: NVIDIA UNIX x86_64 Kernel Module  352.63  Sat Nov  7 21:25:42 PST 2015
GCC version:  gcc version 4.8.3 20140911 (Red Hat 4.8.3-9) (GCC) 
"""
I tensorflow/stream_executor/cuda/cuda_diagnostics.cc:189] kernel reported version is: 352.63.0
I tensorflow/core/common_runtime/gpu/gpu_init.cc:81] No GPU devices available on machine.
print sys.argv = ['main_nn.py', '2918409', '423', 'om_2x2_1_cosx1_plus_x2_depth2', 'task_2_August_HBF2_depth_2_1000_dont_train_S', 'HBF2_48_48_multiple_1000', 'True', '48,48', 'multiple_S', 'task_f2d_2x2_1_cosx1_plus_x2_depth2', 'False', 'False', 'hbf', 'data_trunc_norm_kern', 'dont_normalize', 'dont_train_S']
len(sys.argv) = 16
print argv = ['main_nn.py', '2918409', '423', 'om_2x2_1_cosx1_plus_x2_depth2', 'task_2_August_HBF2_depth_2_1000_dont_train_S', 'HBF2_48_48_multiple_1000', 'True', '48,48', 'multiple_S', 'task_f2d_2x2_1_cosx1_plus_x2_depth2', 'False', 'False', 'hbf', 'data_trunc_norm_kern', 'dont_normalize', 'dont_train_S']
len(argv) = 16
---------> len(argv) 16
['main_nn.py', '2918409', '423', 'om_2x2_1_cosx1_plus_x2_depth2', 'task_2_August_HBF2_depth_2_1000_dont_train_S', 'HBF2_48_48_multiple_1000', 'True', '48,48', 'multiple_S', 'task_f2d_2x2_1_cosx1_plus_x2_depth2', 'False', 'False', 'hbf', 'data_trunc_norm_kern', 'dont_normalize', 'dont_train_S']
2.8
mdl_type:  hbf
['main_nn.py', '2918409', '423', 'om_2x2_1_cosx1_plus_x2_depth2', 'task_2_August_HBF2_depth_2_1000_dont_train_S', 'HBF2_48_48_multiple_1000', 'True', '48,48', 'multiple_S', 'task_f2d_2x2_1_cosx1_plus_x2_depth2', 'False', 'False', 'hbf', 'data_trunc_norm_kern', 'dont_normalize', 'dont_train_S']
use_tensorboard False
experiment_root_dir=om_2x2_1_cosx1_plus_x2_depth2,slurm_jobid=2918409,slurm_array_task_id=423,job_name=HBF2_48_48_multiple_1000
----====> TASK NAME: task_f2d_2x2_1_cosx1_plus_x2_depth2
---> task_name:  task_f2d_2x2_1_cosx1_plus_x2_depth2
(N_train,D) =  (60025, 2)
(N_test,D_out) =  (60025, 1)
CLUSTER:  OM7
++> S/b_init  [None, 0.4177551, 2.408188238421542]
++++> M (batch size) : 17000
++> starter_learning_rate  0.000343528641932
++> decay_rate  0.590080444818
++> decay_steps  6555
++> staircase  True
-----> Running model: hbf. (nb_hidden_layers = 2, nb_layers = 3)
-----> Units: [2, 48, 48, 1])
train_S_type:  multiple_S
data_trunc_norm_kern
3.56526200818
DONE INITILIZING
[None, <tf.Tensor 'Const:0' shape=(2, 48) dtype=float64>, <tf.Tensor 'truncated_normal:0' shape=(48, 48) dtype=float64>]
isinstance
--> init_S:  Tensor("Const_1:0", shape=(48,), dtype=float64)
--> trainable_S:  False
isinstance
--> init_S:  Tensor("Const_2:0", shape=(48,), dtype=float64)
--> trainable_S:  False
('>', 'Mdl*hbf2*-units[2, 48, 48, 1], task: task_f2d_2x2_1_cosx1_plus_x2_depth2, step 0/4687, train err 11342.7, cv err: 11420.6 test err 12025.6')
('>', 'Opt:Adam, BN False, BN_trainable: False After0/4687 iteration,Init: data_trunc_norm_kern')
S:  [None, <tf.Tensor 'Const_1:0' shape=(48,) dtype=float64>, <tf.Tensor 'Const_2:0' shape=(48,) dtype=float64>]
('>', 'Mdl*hbf2*-units[2, 48, 48, 1], task: task_f2d_2x2_1_cosx1_plus_x2_depth2, step 50/4687, train err 3331.79, cv err: 3341.55 test err 3516.45')
('>', 'Opt:Adam, BN False, BN_trainable: False After50/4687 iteration,Init: data_trunc_norm_kern')
S:  [None, <tf.Tensor 'Const_1:0' shape=(48,) dtype=float64>, <tf.Tensor 'Const_2:0' shape=(48,) dtype=float64>]
('>', 'Mdl*hbf2*-units[2, 48, 48, 1], task: task_f2d_2x2_1_cosx1_plus_x2_depth2, step 100/4687, train err 976.707, cv err: 885.429 test err 998.455')
('>', 'Opt:Adam, BN False, BN_trainable: False After100/4687 iteration,Init: data_trunc_norm_kern')
S:  [None, <tf.Tensor 'Const_1:0' shape=(48,) dtype=float64>, <tf.Tensor 'Const_2:0' shape=(48,) dtype=float64>]
('>', 'Mdl*hbf2*-units[2, 48, 48, 1], task: task_f2d_2x2_1_cosx1_plus_x2_depth2, step 150/4687, train err 1074.85, cv err: 1028.83 test err 1117.74')
('>', 'Opt:Adam, BN False, BN_trainable: False After150/4687 iteration,Init: data_trunc_norm_kern')
S:  [None, <tf.Tensor 'Const_1:0' shape=(48,) dtype=float64>, <tf.Tensor 'Const_2:0' shape=(48,) dtype=float64>]
('>', 'Mdl*hbf2*-units[2, 48, 48, 1], task: task_f2d_2x2_1_cosx1_plus_x2_depth2, step 200/4687, train err 264.319, cv err: 244.009 test err 232.583')
('>', 'Opt:Adam, BN False, BN_trainable: False After200/4687 iteration,Init: data_trunc_norm_kern')
S:  [None, <tf.Tensor 'Const_1:0' shape=(48,) dtype=float64>, <tf.Tensor 'Const_2:0' shape=(48,) dtype=float64>]
('>', 'Mdl*hbf2*-units[2, 48, 48, 1], task: task_f2d_2x2_1_cosx1_plus_x2_depth2, step 250/4687, train err 510.089, cv err: 530.579 test err 501.37')
('>', 'Opt:Adam, BN False, BN_trainable: False After250/4687 iteration,Init: data_trunc_norm_kern')
S:  [None, <tf.Tensor 'Const_1:0' shape=(48,) dtype=float64>, <tf.Tensor 'Const_2:0' shape=(48,) dtype=float64>]
('>', 'Mdl*hbf2*-units[2, 48, 48, 1], task: task_f2d_2x2_1_cosx1_plus_x2_depth2, step 300/4687, train err 348.865, cv err: 340.001 test err 295.765')
('>', 'Opt:Adam, BN False, BN_trainable: False After300/4687 iteration,Init: data_trunc_norm_kern')
S:  [None, <tf.Tensor 'Const_1:0' shape=(48,) dtype=float64>, <tf.Tensor 'Const_2:0' shape=(48,) dtype=float64>]
('>', 'Mdl*hbf2*-units[2, 48, 48, 1], task: task_f2d_2x2_1_cosx1_plus_x2_depth2, step 350/4687, train err 360.466, cv err: 352.68 test err 306.332')
('>', 'Opt:Adam, BN False, BN_trainable: False After350/4687 iteration,Init: data_trunc_norm_kern')
S:  [None, <tf.Tensor 'Const_1:0' shape=(48,) dtype=float64>, <tf.Tensor 'Const_2:0' shape=(48,) dtype=float64>]
('>', 'Mdl*hbf2*-units[2, 48, 48, 1], task: task_f2d_2x2_1_cosx1_plus_x2_depth2, step 400/4687, train err 443.61, cv err: 435.43 test err 382.582')
('>', 'Opt:Adam, BN False, BN_trainable: False After400/4687 iteration,Init: data_trunc_norm_kern')
S:  [None, <tf.Tensor 'Const_1:0' shape=(48,) dtype=float64>, <tf.Tensor 'Const_2:0' shape=(48,) dtype=float64>]
('>', 'Mdl*hbf2*-units[2, 48, 48, 1], task: task_f2d_2x2_1_cosx1_plus_x2_depth2, step 450/4687, train err 478.506, cv err: 467.839 test err 411.261')
('>', 'Opt:Adam, BN False, BN_trainable: False After450/4687 iteration,Init: data_trunc_norm_kern')
S:  [None, <tf.Tensor 'Const_1:0' shape=(48,) dtype=float64>, <tf.Tensor 'Const_2:0' shape=(48,) dtype=float64>]
('>', 'Mdl*hbf2*-units[2, 48, 48, 1], task: task_f2d_2x2_1_cosx1_plus_x2_depth2, step 500/4687, train err 534.561, cv err: 526.113 test err 464.81')
('>', 'Opt:Adam, BN False, BN_trainable: False After500/4687 iteration,Init: data_trunc_norm_kern')
S:  [None, <tf.Tensor 'Const_1:0' shape=(48,) dtype=float64>, <tf.Tensor 'Const_2:0' shape=(48,) dtype=float64>]
('>', 'Mdl*hbf2*-units[2, 48, 48, 1], task: task_f2d_2x2_1_cosx1_plus_x2_depth2, step 550/4687, train err 596.278, cv err: 582.372 test err 519.39')
('>', 'Opt:Adam, BN False, BN_trainable: False After550/4687 iteration,Init: data_trunc_norm_kern')
S:  [None, <tf.Tensor 'Const_1:0' shape=(48,) dtype=float64>, <tf.Tensor 'Const_2:0' shape=(48,) dtype=float64>]
('>', 'Mdl*hbf2*-units[2, 48, 48, 1], task: task_f2d_2x2_1_cosx1_plus_x2_depth2, step 600/4687, train err 663.329, cv err: 647.691 test err 581.505')
('>', 'Opt:Adam, BN False, BN_trainable: False After600/4687 iteration,Init: data_trunc_norm_kern')
S:  [None, <tf.Tensor 'Const_1:0' shape=(48,) dtype=float64>, <tf.Tensor 'Const_2:0' shape=(48,) dtype=float64>]
('>', 'Mdl*hbf2*-units[2, 48, 48, 1], task: task_f2d_2x2_1_cosx1_plus_x2_depth2, step 650/4687, train err 739.882, cv err: 721.397 test err 651.897')
('>', 'Opt:Adam, BN False, BN_trainable: False After650/4687 iteration,Init: data_trunc_norm_kern')
S:  [None, <tf.Tensor 'Const_1:0' shape=(48,) dtype=float64>, <tf.Tensor 'Const_2:0' shape=(48,) dtype=float64>]
('>', 'Mdl*hbf2*-units[2, 48, 48, 1], task: task_f2d_2x2_1_cosx1_plus_x2_depth2, step 700/4687, train err 798.351, cv err: 779.194 test err 705.203')
('>', 'Opt:Adam, BN False, BN_trainable: False After700/4687 iteration,Init: data_trunc_norm_kern')
S:  [None, <tf.Tensor 'Const_1:0' shape=(48,) dtype=float64>, <tf.Tensor 'Const_2:0' shape=(48,) dtype=float64>]
('>', 'Mdl*hbf2*-units[2, 48, 48, 1], task: task_f2d_2x2_1_cosx1_plus_x2_depth2, step 750/4687, train err 850.558, cv err: 830.445 test err 752.914')
('>', 'Opt:Adam, BN False, BN_trainable: False After750/4687 iteration,Init: data_trunc_norm_kern')
S:  [None, <tf.Tensor 'Const_1:0' shape=(48,) dtype=float64>, <tf.Tensor 'Const_2:0' shape=(48,) dtype=float64>]
('>', 'Mdl*hbf2*-units[2, 48, 48, 1], task: task_f2d_2x2_1_cosx1_plus_x2_depth2, step 800/4687, train err 883.795, cv err: 863.71 test err 783.158')
('>', 'Opt:Adam, BN False, BN_trainable: False After800/4687 iteration,Init: data_trunc_norm_kern')
S:  [None, <tf.Tensor 'Const_1:0' shape=(48,) dtype=float64>, <tf.Tensor 'Const_2:0' shape=(48,) dtype=float64>]
('>', 'Mdl*hbf2*-units[2, 48, 48, 1], task: task_f2d_2x2_1_cosx1_plus_x2_depth2, step 850/4687, train err 895.336, cv err: 875.882 test err 794.482')
('>', 'Opt:Adam, BN False, BN_trainable: False After850/4687 iteration,Init: data_trunc_norm_kern')
S:  [None, <tf.Tensor 'Const_1:0' shape=(48,) dtype=float64>, <tf.Tensor 'Const_2:0' shape=(48,) dtype=float64>]
('>', 'Mdl*hbf2*-units[2, 48, 48, 1], task: task_f2d_2x2_1_cosx1_plus_x2_depth2, step 900/4687, train err 887.371, cv err: 867.69 test err 788.604')
('>', 'Opt:Adam, BN False, BN_trainable: False After900/4687 iteration,Init: data_trunc_norm_kern')
S:  [None, <tf.Tensor 'Const_1:0' shape=(48,) dtype=float64>, <tf.Tensor 'Const_2:0' shape=(48,) dtype=float64>]
('>', 'Mdl*hbf2*-units[2, 48, 48, 1], task: task_f2d_2x2_1_cosx1_plus_x2_depth2, step 950/4687, train err 883.867, cv err: 862.364 test err 786.957')
('>', 'Opt:Adam, BN False, BN_trainable: False After950/4687 iteration,Init: data_trunc_norm_kern')
S:  [None, <tf.Tensor 'Const_1:0' shape=(48,) dtype=float64>, <tf.Tensor 'Const_2:0' shape=(48,) dtype=float64>]
('>', 'Mdl*hbf2*-units[2, 48, 48, 1], task: task_f2d_2x2_1_cosx1_plus_x2_depth2, step 1000/4687, train err 872.906, cv err: 849.609 test err 778.302')
('>', 'Opt:Adam, BN False, BN_trainable: False After1000/4687 iteration,Init: data_trunc_norm_kern')
S:  [None, <tf.Tensor 'Const_1:0' shape=(48,) dtype=float64>, <tf.Tensor 'Const_2:0' shape=(48,) dtype=float64>]
('>', 'Mdl*hbf2*-units[2, 48, 48, 1], task: task_f2d_2x2_1_cosx1_plus_x2_depth2, step 1050/4687, train err 856.91, cv err: 831.781 test err 764.825')
('>', 'Opt:Adam, BN False, BN_trainable: False After1050/4687 iteration,Init: data_trunc_norm_kern')
S:  [None, <tf.Tensor 'Const_1:0' shape=(48,) dtype=float64>, <tf.Tensor 'Const_2:0' shape=(48,) dtype=float64>]
('>', 'Mdl*hbf2*-units[2, 48, 48, 1], task: task_f2d_2x2_1_cosx1_plus_x2_depth2, step 1100/4687, train err 844.872, cv err: 817.742 test err 755.391')
('>', 'Opt:Adam, BN False, BN_trainable: False After1100/4687 iteration,Init: data_trunc_norm_kern')
S:  [None, <tf.Tensor 'Const_1:0' shape=(48,) dtype=float64>, <tf.Tensor 'Const_2:0' shape=(48,) dtype=float64>]
('>', 'Mdl*hbf2*-units[2, 48, 48, 1], task: task_f2d_2x2_1_cosx1_plus_x2_depth2, step 1150/4687, train err 823.055, cv err: 794.354 test err 737.085')
('>', 'Opt:Adam, BN False, BN_trainable: False After1150/4687 iteration,Init: data_trunc_norm_kern')
S:  [None, <tf.Tensor 'Const_1:0' shape=(48,) dtype=float64>, <tf.Tensor 'Const_2:0' shape=(48,) dtype=float64>]
('>', 'Mdl*hbf2*-units[2, 48, 48, 1], task: task_f2d_2x2_1_cosx1_plus_x2_depth2, step 1200/4687, train err 813.723, cv err: 783.081 test err 729.87')
('>', 'Opt:Adam, BN False, BN_trainable: False After1200/4687 iteration,Init: data_trunc_norm_kern')
S:  [None, <tf.Tensor 'Const_1:0' shape=(48,) dtype=float64>, <tf.Tensor 'Const_2:0' shape=(48,) dtype=float64>]
('>', 'Mdl*hbf2*-units[2, 48, 48, 1], task: task_f2d_2x2_1_cosx1_plus_x2_depth2, step 1250/4687, train err 802.313, cv err: 770.666 test err 721.082')
('>', 'Opt:Adam, BN False, BN_trainable: False After1250/4687 iteration,Init: data_trunc_norm_kern')
S:  [None, <tf.Tensor 'Const_1:0' shape=(48,) dtype=float64>, <tf.Tensor 'Const_2:0' shape=(48,) dtype=float64>]
('>', 'Mdl*hbf2*-units[2, 48, 48, 1], task: task_f2d_2x2_1_cosx1_plus_x2_depth2, step 1300/4687, train err 793.718, cv err: 761.569 test err 714.538')
('>', 'Opt:Adam, BN False, BN_trainable: False After1300/4687 iteration,Init: data_trunc_norm_kern')
S:  [None, <tf.Tensor 'Const_1:0' shape=(48,) dtype=float64>, <tf.Tensor 'Const_2:0' shape=(48,) dtype=float64>]
('>', 'Mdl*hbf2*-units[2, 48, 48, 1], task: task_f2d_2x2_1_cosx1_plus_x2_depth2, step 1350/4687, train err 790.96, cv err: 758.497 test err 713.257')
('>', 'Opt:Adam, BN False, BN_trainable: False After1350/4687 iteration,Init: data_trunc_norm_kern')
S:  [None, <tf.Tensor 'Const_1:0' shape=(48,) dtype=float64>, <tf.Tensor 'Const_2:0' shape=(48,) dtype=float64>]
('>', 'Mdl*hbf2*-units[2, 48, 48, 1], task: task_f2d_2x2_1_cosx1_plus_x2_depth2, step 1400/4687, train err 787.016, cv err: 755.136 test err 711.284')
('>', 'Opt:Adam, BN False, BN_trainable: False After1400/4687 iteration,Init: data_trunc_norm_kern')
S:  [None, <tf.Tensor 'Const_1:0' shape=(48,) dtype=float64>, <tf.Tensor 'Const_2:0' shape=(48,) dtype=float64>]
('>', 'Mdl*hbf2*-units[2, 48, 48, 1], task: task_f2d_2x2_1_cosx1_plus_x2_depth2, step 1450/4687, train err 788.764, cv err: 757.783 test err 713.787')
('>', 'Opt:Adam, BN False, BN_trainable: False After1450/4687 iteration,Init: data_trunc_norm_kern')
S:  [None, <tf.Tensor 'Const_1:0' shape=(48,) dtype=float64>, <tf.Tensor 'Const_2:0' shape=(48,) dtype=float64>]
('>', 'Mdl*hbf2*-units[2, 48, 48, 1], task: task_f2d_2x2_1_cosx1_plus_x2_depth2, step 1500/4687, train err 791.278, cv err: 761.348 test err 717.06')
('>', 'Opt:Adam, BN False, BN_trainable: False After1500/4687 iteration,Init: data_trunc_norm_kern')
S:  [None, <tf.Tensor 'Const_1:0' shape=(48,) dtype=float64>, <tf.Tensor 'Const_2:0' shape=(48,) dtype=float64>]
('>', 'Mdl*hbf2*-units[2, 48, 48, 1], task: task_f2d_2x2_1_cosx1_plus_x2_depth2, step 1550/4687, train err 796.702, cv err: 767.976 test err 722.622')
('>', 'Opt:Adam, BN False, BN_trainable: False After1550/4687 iteration,Init: data_trunc_norm_kern')
S:  [None, <tf.Tensor 'Const_1:0' shape=(48,) dtype=float64>, <tf.Tensor 'Const_2:0' shape=(48,) dtype=float64>]
('>', 'Mdl*hbf2*-units[2, 48, 48, 1], task: task_f2d_2x2_1_cosx1_plus_x2_depth2, step 1600/4687, train err 803.538, cv err: 776.616 test err 729.243')
('>', 'Opt:Adam, BN False, BN_trainable: False After1600/4687 iteration,Init: data_trunc_norm_kern')
S:  [None, <tf.Tensor 'Const_1:0' shape=(48,) dtype=float64>, <tf.Tensor 'Const_2:0' shape=(48,) dtype=float64>]
('>', 'Mdl*hbf2*-units[2, 48, 48, 1], task: task_f2d_2x2_1_cosx1_plus_x2_depth2, step 1650/4687, train err 805.987, cv err: 781.749 test err 732.438')
('>', 'Opt:Adam, BN False, BN_trainable: False After1650/4687 iteration,Init: data_trunc_norm_kern')
S:  [None, <tf.Tensor 'Const_1:0' shape=(48,) dtype=float64>, <tf.Tensor 'Const_2:0' shape=(48,) dtype=float64>]
('>', 'Mdl*hbf2*-units[2, 48, 48, 1], task: task_f2d_2x2_1_cosx1_plus_x2_depth2, step 1700/4687, train err 816.528, cv err: 794.564 test err 742.604')
('>', 'Opt:Adam, BN False, BN_trainable: False After1700/4687 iteration,Init: data_trunc_norm_kern')
S:  [None, <tf.Tensor 'Const_1:0' shape=(48,) dtype=float64>, <tf.Tensor 'Const_2:0' shape=(48,) dtype=float64>]
('>', 'Mdl*hbf2*-units[2, 48, 48, 1], task: task_f2d_2x2_1_cosx1_plus_x2_depth2, step 1750/4687, train err 826.673, cv err: 807.004 test err 752.163')
('>', 'Opt:Adam, BN False, BN_trainable: False After1750/4687 iteration,Init: data_trunc_norm_kern')
S:  [None, <tf.Tensor 'Const_1:0' shape=(48,) dtype=float64>, <tf.Tensor 'Const_2:0' shape=(48,) dtype=float64>]
('>', 'Mdl*hbf2*-units[2, 48, 48, 1], task: task_f2d_2x2_1_cosx1_plus_x2_depth2, step 1800/4687, train err 839.132, cv err: 822.349 test err 764.297')
('>', 'Opt:Adam, BN False, BN_trainable: False After1800/4687 iteration,Init: data_trunc_norm_kern')
S:  [None, <tf.Tensor 'Const_1:0' shape=(48,) dtype=float64>, <tf.Tensor 'Const_2:0' shape=(48,) dtype=float64>]
('>', 'Mdl*hbf2*-units[2, 48, 48, 1], task: task_f2d_2x2_1_cosx1_plus_x2_depth2, step 1850/4687, train err 849.539, cv err: 835.786 test err 774.686')
('>', 'Opt:Adam, BN False, BN_trainable: False After1850/4687 iteration,Init: data_trunc_norm_kern')
S:  [None, <tf.Tensor 'Const_1:0' shape=(48,) dtype=float64>, <tf.Tensor 'Const_2:0' shape=(48,) dtype=float64>]
('>', 'Mdl*hbf2*-units[2, 48, 48, 1], task: task_f2d_2x2_1_cosx1_plus_x2_depth2, step 1900/4687, train err 856.031, cv err: 845.75 test err 781.873')
('>', 'Opt:Adam, BN False, BN_trainable: False After1900/4687 iteration,Init: data_trunc_norm_kern')
S:  [None, <tf.Tensor 'Const_1:0' shape=(48,) dtype=float64>, <tf.Tensor 'Const_2:0' shape=(48,) dtype=float64>]
('>', 'Mdl*hbf2*-units[2, 48, 48, 1], task: task_f2d_2x2_1_cosx1_plus_x2_depth2, step 1950/4687, train err 870.081, cv err: 862.501 test err 795.726')
('>', 'Opt:Adam, BN False, BN_trainable: False After1950/4687 iteration,Init: data_trunc_norm_kern')
S:  [None, <tf.Tensor 'Const_1:0' shape=(48,) dtype=float64>, <tf.Tensor 'Const_2:0' shape=(48,) dtype=float64>]
('>', 'Mdl*hbf2*-units[2, 48, 48, 1], task: task_f2d_2x2_1_cosx1_plus_x2_depth2, step 2000/4687, train err 875.09, cv err: 871.408 test err 802.131')
('>', 'Opt:Adam, BN False, BN_trainable: False After2000/4687 iteration,Init: data_trunc_norm_kern')
S:  [None, <tf.Tensor 'Const_1:0' shape=(48,) dtype=float64>, <tf.Tensor 'Const_2:0' shape=(48,) dtype=float64>]
('>', 'Mdl*hbf2*-units[2, 48, 48, 1], task: task_f2d_2x2_1_cosx1_plus_x2_depth2, step 2050/4687, train err 880.656, cv err: 880.666 test err 808.989')
('>', 'Opt:Adam, BN False, BN_trainable: False After2050/4687 iteration,Init: data_trunc_norm_kern')
S:  [None, <tf.Tensor 'Const_1:0' shape=(48,) dtype=float64>, <tf.Tensor 'Const_2:0' shape=(48,) dtype=float64>]
('>', 'Mdl*hbf2*-units[2, 48, 48, 1], task: task_f2d_2x2_1_cosx1_plus_x2_depth2, step 2100/4687, train err 884.904, cv err: 888.707 test err 814.685')
('>', 'Opt:Adam, BN False, BN_trainable: False After2100/4687 iteration,Init: data_trunc_norm_kern')
S:  [None, <tf.Tensor 'Const_1:0' shape=(48,) dtype=float64>, <tf.Tensor 'Const_2:0' shape=(48,) dtype=float64>]
('>', 'Mdl*hbf2*-units[2, 48, 48, 1], task: task_f2d_2x2_1_cosx1_plus_x2_depth2, step 2150/4687, train err 894.41, cv err: 900.471 test err 824.394')
('>', 'Opt:Adam, BN False, BN_trainable: False After2150/4687 iteration,Init: data_trunc_norm_kern')
S:  [None, <tf.Tensor 'Const_1:0' shape=(48,) dtype=float64>, <tf.Tensor 'Const_2:0' shape=(48,) dtype=float64>]
('>', 'Mdl*hbf2*-units[2, 48, 48, 1], task: task_f2d_2x2_1_cosx1_plus_x2_depth2, step 2200/4687, train err 904.118, cv err: 913.272 test err 834.579')
('>', 'Opt:Adam, BN False, BN_trainable: False After2200/4687 iteration,Init: data_trunc_norm_kern')
S:  [None, <tf.Tensor 'Const_1:0' shape=(48,) dtype=float64>, <tf.Tensor 'Const_2:0' shape=(48,) dtype=float64>]
('>', 'Mdl*hbf2*-units[2, 48, 48, 1], task: task_f2d_2x2_1_cosx1_plus_x2_depth2, step 2250/4687, train err 909.711, cv err: 921.707 test err 840.899')
('>', 'Opt:Adam, BN False, BN_trainable: False After2250/4687 iteration,Init: data_trunc_norm_kern')
S:  [None, <tf.Tensor 'Const_1:0' shape=(48,) dtype=float64>, <tf.Tensor 'Const_2:0' shape=(48,) dtype=float64>]
('>', 'Mdl*hbf2*-units[2, 48, 48, 1], task: task_f2d_2x2_1_cosx1_plus_x2_depth2, step 2300/4687, train err 917.18, cv err: 931.636 test err 848.872')
('>', 'Opt:Adam, BN False, BN_trainable: False After2300/4687 iteration,Init: data_trunc_norm_kern')
S:  [None, <tf.Tensor 'Const_1:0' shape=(48,) dtype=float64>, <tf.Tensor 'Const_2:0' shape=(48,) dtype=float64>]
('>', 'Mdl*hbf2*-units[2, 48, 48, 1], task: task_f2d_2x2_1_cosx1_plus_x2_depth2, step 2350/4687, train err 924.956, cv err: 942.147 test err 857.17')
('>', 'Opt:Adam, BN False, BN_trainable: False After2350/4687 iteration,Init: data_trunc_norm_kern')
S:  [None, <tf.Tensor 'Const_1:0' shape=(48,) dtype=float64>, <tf.Tensor 'Const_2:0' shape=(48,) dtype=float64>]
('>', 'Mdl*hbf2*-units[2, 48, 48, 1], task: task_f2d_2x2_1_cosx1_plus_x2_depth2, step 2400/4687, train err 929.717, cv err: 948.576 test err 862.387')
('>', 'Opt:Adam, BN False, BN_trainable: False After2400/4687 iteration,Init: data_trunc_norm_kern')
S:  [None, <tf.Tensor 'Const_1:0' shape=(48,) dtype=float64>, <tf.Tensor 'Const_2:0' shape=(48,) dtype=float64>]
('>', 'Mdl*hbf2*-units[2, 48, 48, 1], task: task_f2d_2x2_1_cosx1_plus_x2_depth2, step 2450/4687, train err 936.22, cv err: 957.368 test err 869.342')
('>', 'Opt:Adam, BN False, BN_trainable: False After2450/4687 iteration,Init: data_trunc_norm_kern')
S:  [None, <tf.Tensor 'Const_1:0' shape=(48,) dtype=float64>, <tf.Tensor 'Const_2:0' shape=(48,) dtype=float64>]
('>', 'Mdl*hbf2*-units[2, 48, 48, 1], task: task_f2d_2x2_1_cosx1_plus_x2_depth2, step 2500/4687, train err 943.792, cv err: 967.143 test err 877.177')
('>', 'Opt:Adam, BN False, BN_trainable: False After2500/4687 iteration,Init: data_trunc_norm_kern')
S:  [None, <tf.Tensor 'Const_1:0' shape=(48,) dtype=float64>, <tf.Tensor 'Const_2:0' shape=(48,) dtype=float64>]
('>', 'Mdl*hbf2*-units[2, 48, 48, 1], task: task_f2d_2x2_1_cosx1_plus_x2_depth2, step 2550/4687, train err 949.652, cv err: 974.912 test err 883.342')
('>', 'Opt:Adam, BN False, BN_trainable: False After2550/4687 iteration,Init: data_trunc_norm_kern')
S:  [None, <tf.Tensor 'Const_1:0' shape=(48,) dtype=float64>, <tf.Tensor 'Const_2:0' shape=(48,) dtype=float64>]
('>', 'Mdl*hbf2*-units[2, 48, 48, 1], task: task_f2d_2x2_1_cosx1_plus_x2_depth2, step 2600/4687, train err 951.312, cv err: 978.39 test err 885.599')
('>', 'Opt:Adam, BN False, BN_trainable: False After2600/4687 iteration,Init: data_trunc_norm_kern')
S:  [None, <tf.Tensor 'Const_1:0' shape=(48,) dtype=float64>, <tf.Tensor 'Const_2:0' shape=(48,) dtype=float64>]
('>', 'Mdl*hbf2*-units[2, 48, 48, 1], task: task_f2d_2x2_1_cosx1_plus_x2_depth2, step 2650/4687, train err 956.872, cv err: 984.666 test err 890.755')
('>', 'Opt:Adam, BN False, BN_trainable: False After2650/4687 iteration,Init: data_trunc_norm_kern')
S:  [None, <tf.Tensor 'Const_1:0' shape=(48,) dtype=float64>, <tf.Tensor 'Const_2:0' shape=(48,) dtype=float64>]
('>', 'Mdl*hbf2*-units[2, 48, 48, 1], task: task_f2d_2x2_1_cosx1_plus_x2_depth2, step 2700/4687, train err 962.763, cv err: 992.105 test err 896.603')
('>', 'Opt:Adam, BN False, BN_trainable: False After2700/4687 iteration,Init: data_trunc_norm_kern')
S:  [None, <tf.Tensor 'Const_1:0' shape=(48,) dtype=float64>, <tf.Tensor 'Const_2:0' shape=(48,) dtype=float64>]
('>', 'Mdl*hbf2*-units[2, 48, 48, 1], task: task_f2d_2x2_1_cosx1_plus_x2_depth2, step 2750/4687, train err 963.766, cv err: 994.501 test err 897.893')
('>', 'Opt:Adam, BN False, BN_trainable: False After2750/4687 iteration,Init: data_trunc_norm_kern')
S:  [None, <tf.Tensor 'Const_1:0' shape=(48,) dtype=float64>, <tf.Tensor 'Const_2:0' shape=(48,) dtype=float64>]
('>', 'Mdl*hbf2*-units[2, 48, 48, 1], task: task_f2d_2x2_1_cosx1_plus_x2_depth2, step 2800/4687, train err 965.238, cv err: 997.479 test err 899.618')
('>', 'Opt:Adam, BN False, BN_trainable: False After2800/4687 iteration,Init: data_trunc_norm_kern')
S:  [None, <tf.Tensor 'Const_1:0' shape=(48,) dtype=float64>, <tf.Tensor 'Const_2:0' shape=(48,) dtype=float64>]
('>', 'Mdl*hbf2*-units[2, 48, 48, 1], task: task_f2d_2x2_1_cosx1_plus_x2_depth2, step 2850/4687, train err 968.82, cv err: 1002.58 test err 903.121')
('>', 'Opt:Adam, BN False, BN_trainable: False After2850/4687 iteration,Init: data_trunc_norm_kern')
S:  [None, <tf.Tensor 'Const_1:0' shape=(48,) dtype=float64>, <tf.Tensor 'Const_2:0' shape=(48,) dtype=float64>]
('>', 'Mdl*hbf2*-units[2, 48, 48, 1], task: task_f2d_2x2_1_cosx1_plus_x2_depth2, step 2900/4687, train err 967.62, cv err: 1003.25 test err 902.979')
('>', 'Opt:Adam, BN False, BN_trainable: False After2900/4687 iteration,Init: data_trunc_norm_kern')
S:  [None, <tf.Tensor 'Const_1:0' shape=(48,) dtype=float64>, <tf.Tensor 'Const_2:0' shape=(48,) dtype=float64>]
('>', 'Mdl*hbf2*-units[2, 48, 48, 1], task: task_f2d_2x2_1_cosx1_plus_x2_depth2, step 2950/4687, train err 968.593, cv err: 1005.32 test err 904.113')
('>', 'Opt:Adam, BN False, BN_trainable: False After2950/4687 iteration,Init: data_trunc_norm_kern')
S:  [None, <tf.Tensor 'Const_1:0' shape=(48,) dtype=float64>, <tf.Tensor 'Const_2:0' shape=(48,) dtype=float64>]
('>', 'Mdl*hbf2*-units[2, 48, 48, 1], task: task_f2d_2x2_1_cosx1_plus_x2_depth2, step 3000/4687, train err 971.449, cv err: 1009.36 test err 907.029')
('>', 'Opt:Adam, BN False, BN_trainable: False After3000/4687 iteration,Init: data_trunc_norm_kern')
S:  [None, <tf.Tensor 'Const_1:0' shape=(48,) dtype=float64>, <tf.Tensor 'Const_2:0' shape=(48,) dtype=float64>]
('>', 'Mdl*hbf2*-units[2, 48, 48, 1], task: task_f2d_2x2_1_cosx1_plus_x2_depth2, step 3050/4687, train err 970.725, cv err: 1010.25 test err 906.963')
('>', 'Opt:Adam, BN False, BN_trainable: False After3050/4687 iteration,Init: data_trunc_norm_kern')
S:  [None, <tf.Tensor 'Const_1:0' shape=(48,) dtype=float64>, <tf.Tensor 'Const_2:0' shape=(48,) dtype=float64>]
('>', 'Mdl*hbf2*-units[2, 48, 48, 1], task: task_f2d_2x2_1_cosx1_plus_x2_depth2, step 3100/4687, train err 970.912, cv err: 1012.4 test err 908.065')
('>', 'Opt:Adam, BN False, BN_trainable: False After3100/4687 iteration,Init: data_trunc_norm_kern')
S:  [None, <tf.Tensor 'Const_1:0' shape=(48,) dtype=float64>, <tf.Tensor 'Const_2:0' shape=(48,) dtype=float64>]
('>', 'Mdl*hbf2*-units[2, 48, 48, 1], task: task_f2d_2x2_1_cosx1_plus_x2_depth2, step 3150/4687, train err 974.579, cv err: 1018.83 test err 912.682')
('>', 'Opt:Adam, BN False, BN_trainable: False After3150/4687 iteration,Init: data_trunc_norm_kern')
S:  [None, <tf.Tensor 'Const_1:0' shape=(48,) dtype=float64>, <tf.Tensor 'Const_2:0' shape=(48,) dtype=float64>]
('>', 'Mdl*hbf2*-units[2, 48, 48, 1], task: task_f2d_2x2_1_cosx1_plus_x2_depth2, step 3200/4687, train err 972.165, cv err: 1018.12 test err 911.323')
('>', 'Opt:Adam, BN False, BN_trainable: False After3200/4687 iteration,Init: data_trunc_norm_kern')
S:  [None, <tf.Tensor 'Const_1:0' shape=(48,) dtype=float64>, <tf.Tensor 'Const_2:0' shape=(48,) dtype=float64>]
('>', 'Mdl*hbf2*-units[2, 48, 48, 1], task: task_f2d_2x2_1_cosx1_plus_x2_depth2, step 3250/4687, train err 971.848, cv err: 1020.14 test err 912.258')
('>', 'Opt:Adam, BN False, BN_trainable: False After3250/4687 iteration,Init: data_trunc_norm_kern')
S:  [None, <tf.Tensor 'Const_1:0' shape=(48,) dtype=float64>, <tf.Tensor 'Const_2:0' shape=(48,) dtype=float64>]
('>', 'Mdl*hbf2*-units[2, 48, 48, 1], task: task_f2d_2x2_1_cosx1_plus_x2_depth2, step 3300/4687, train err 973.438, cv err: 1023.24 test err 914.34')
('>', 'Opt:Adam, BN False, BN_trainable: False After3300/4687 iteration,Init: data_trunc_norm_kern')
S:  [None, <tf.Tensor 'Const_1:0' shape=(48,) dtype=float64>, <tf.Tensor 'Const_2:0' shape=(48,) dtype=float64>]
('>', 'Mdl*hbf2*-units[2, 48, 48, 1], task: task_f2d_2x2_1_cosx1_plus_x2_depth2, step 3350/4687, train err 973.537, cv err: 1025.59 test err 915.784')
('>', 'Opt:Adam, BN False, BN_trainable: False After3350/4687 iteration,Init: data_trunc_norm_kern')
S:  [None, <tf.Tensor 'Const_1:0' shape=(48,) dtype=float64>, <tf.Tensor 'Const_2:0' shape=(48,) dtype=float64>]
('>', 'Mdl*hbf2*-units[2, 48, 48, 1], task: task_f2d_2x2_1_cosx1_plus_x2_depth2, step 3400/4687, train err 975.701, cv err: 1028.84 test err 918.111')
('>', 'Opt:Adam, BN False, BN_trainable: False After3400/4687 iteration,Init: data_trunc_norm_kern')
S:  [None, <tf.Tensor 'Const_1:0' shape=(48,) dtype=float64>, <tf.Tensor 'Const_2:0' shape=(48,) dtype=float64>]
('>', 'Mdl*hbf2*-units[2, 48, 48, 1], task: task_f2d_2x2_1_cosx1_plus_x2_depth2, step 3450/4687, train err 971.294, cv err: 1026.48 test err 915.403')
('>', 'Opt:Adam, BN False, BN_trainable: False After3450/4687 iteration,Init: data_trunc_norm_kern')
S:  [None, <tf.Tensor 'Const_1:0' shape=(48,) dtype=float64>, <tf.Tensor 'Const_2:0' shape=(48,) dtype=float64>]
('>', 'Mdl*hbf2*-units[2, 48, 48, 1], task: task_f2d_2x2_1_cosx1_plus_x2_depth2, step 3500/4687, train err 973.908, cv err: 1030.59 test err 918.365')
('>', 'Opt:Adam, BN False, BN_trainable: False After3500/4687 iteration,Init: data_trunc_norm_kern')
S:  [None, <tf.Tensor 'Const_1:0' shape=(48,) dtype=float64>, <tf.Tensor 'Const_2:0' shape=(48,) dtype=float64>]
('>', 'Mdl*hbf2*-units[2, 48, 48, 1], task: task_f2d_2x2_1_cosx1_plus_x2_depth2, step 3550/4687, train err 972.746, cv err: 1032.25 test err 919.149')
('>', 'Opt:Adam, BN False, BN_trainable: False After3550/4687 iteration,Init: data_trunc_norm_kern')
S:  [None, <tf.Tensor 'Const_1:0' shape=(48,) dtype=float64>, <tf.Tensor 'Const_2:0' shape=(48,) dtype=float64>]
('>', 'Mdl*hbf2*-units[2, 48, 48, 1], task: task_f2d_2x2_1_cosx1_plus_x2_depth2, step 3600/4687, train err 973.954, cv err: 1035.44 test err 921.642')
('>', 'Opt:Adam, BN False, BN_trainable: False After3600/4687 iteration,Init: data_trunc_norm_kern')
S:  [None, <tf.Tensor 'Const_1:0' shape=(48,) dtype=float64>, <tf.Tensor 'Const_2:0' shape=(48,) dtype=float64>]
('>', 'Mdl*hbf2*-units[2, 48, 48, 1], task: task_f2d_2x2_1_cosx1_plus_x2_depth2, step 3650/4687, train err 975.029, cv err: 1037.53 test err 923.182')
('>', 'Opt:Adam, BN False, BN_trainable: False After3650/4687 iteration,Init: data_trunc_norm_kern')
S:  [None, <tf.Tensor 'Const_1:0' shape=(48,) dtype=float64>, <tf.Tensor 'Const_2:0' shape=(48,) dtype=float64>]
('>', 'Mdl*hbf2*-units[2, 48, 48, 1], task: task_f2d_2x2_1_cosx1_plus_x2_depth2, step 3700/4687, train err 979.146, cv err: 1044.28 test err 928.703')
('>', 'Opt:Adam, BN False, BN_trainable: False After3700/4687 iteration,Init: data_trunc_norm_kern')
S:  [None, <tf.Tensor 'Const_1:0' shape=(48,) dtype=float64>, <tf.Tensor 'Const_2:0' shape=(48,) dtype=float64>]
('>', 'Mdl*hbf2*-units[2, 48, 48, 1], task: task_f2d_2x2_1_cosx1_plus_x2_depth2, step 3750/4687, train err 980.124, cv err: 1046.8 test err 930.815')
('>', 'Opt:Adam, BN False, BN_trainable: False After3750/4687 iteration,Init: data_trunc_norm_kern')
S:  [None, <tf.Tensor 'Const_1:0' shape=(48,) dtype=float64>, <tf.Tensor 'Const_2:0' shape=(48,) dtype=float64>]
('>', 'Mdl*hbf2*-units[2, 48, 48, 1], task: task_f2d_2x2_1_cosx1_plus_x2_depth2, step 3800/4687, train err 978.353, cv err: 1047.07 test err 930.773')
('>', 'Opt:Adam, BN False, BN_trainable: False After3800/4687 iteration,Init: data_trunc_norm_kern')
S:  [None, <tf.Tensor 'Const_1:0' shape=(48,) dtype=float64>, <tf.Tensor 'Const_2:0' shape=(48,) dtype=float64>]
('>', 'Mdl*hbf2*-units[2, 48, 48, 1], task: task_f2d_2x2_1_cosx1_plus_x2_depth2, step 3850/4687, train err 981.73, cv err: 1052.2 test err 935.264')
('>', 'Opt:Adam, BN False, BN_trainable: False After3850/4687 iteration,Init: data_trunc_norm_kern')
S:  [None, <tf.Tensor 'Const_1:0' shape=(48,) dtype=float64>, <tf.Tensor 'Const_2:0' shape=(48,) dtype=float64>]
('>', 'Mdl*hbf2*-units[2, 48, 48, 1], task: task_f2d_2x2_1_cosx1_plus_x2_depth2, step 3900/4687, train err 984.207, cv err: 1056.23 test err 938.735')
('>', 'Opt:Adam, BN False, BN_trainable: False After3900/4687 iteration,Init: data_trunc_norm_kern')
S:  [None, <tf.Tensor 'Const_1:0' shape=(48,) dtype=float64>, <tf.Tensor 'Const_2:0' shape=(48,) dtype=float64>]
('>', 'Mdl*hbf2*-units[2, 48, 48, 1], task: task_f2d_2x2_1_cosx1_plus_x2_depth2, step 3950/4687, train err 983.818, cv err: 1057.81 test err 939.93')
('>', 'Opt:Adam, BN False, BN_trainable: False After3950/4687 iteration,Init: data_trunc_norm_kern')
S:  [None, <tf.Tensor 'Const_1:0' shape=(48,) dtype=float64>, <tf.Tensor 'Const_2:0' shape=(48,) dtype=float64>]
('>', 'Mdl*hbf2*-units[2, 48, 48, 1], task: task_f2d_2x2_1_cosx1_plus_x2_depth2, step 4000/4687, train err 987.249, cv err: 1063.87 test err 944.912')
('>', 'Opt:Adam, BN False, BN_trainable: False After4000/4687 iteration,Init: data_trunc_norm_kern')
S:  [None, <tf.Tensor 'Const_1:0' shape=(48,) dtype=float64>, <tf.Tensor 'Const_2:0' shape=(48,) dtype=float64>]
('>', 'Mdl*hbf2*-units[2, 48, 48, 1], task: task_f2d_2x2_1_cosx1_plus_x2_depth2, step 4050/4687, train err 990.083, cv err: 1069.12 test err 949.202')
('>', 'Opt:Adam, BN False, BN_trainable: False After4050/4687 iteration,Init: data_trunc_norm_kern')
S:  [None, <tf.Tensor 'Const_1:0' shape=(48,) dtype=float64>, <tf.Tensor 'Const_2:0' shape=(48,) dtype=float64>]
('>', 'Mdl*hbf2*-units[2, 48, 48, 1], task: task_f2d_2x2_1_cosx1_plus_x2_depth2, step 4100/4687, train err 991.343, cv err: 1072.64 test err 952.053')
('>', 'Opt:Adam, BN False, BN_trainable: False After4100/4687 iteration,Init: data_trunc_norm_kern')
S:  [None, <tf.Tensor 'Const_1:0' shape=(48,) dtype=float64>, <tf.Tensor 'Const_2:0' shape=(48,) dtype=float64>]
('>', 'Mdl*hbf2*-units[2, 48, 48, 1], task: task_f2d_2x2_1_cosx1_plus_x2_depth2, step 4150/4687, train err 995.051, cv err: 1078.73 test err 957.291')
('>', 'Opt:Adam, BN False, BN_trainable: False After4150/4687 iteration,Init: data_trunc_norm_kern')
S:  [None, <tf.Tensor 'Const_1:0' shape=(48,) dtype=float64>, <tf.Tensor 'Const_2:0' shape=(48,) dtype=float64>]
('>', 'Mdl*hbf2*-units[2, 48, 48, 1], task: task_f2d_2x2_1_cosx1_plus_x2_depth2, step 4200/4687, train err 995.599, cv err: 1081.13 test err 959.269')
('>', 'Opt:Adam, BN False, BN_trainable: False After4200/4687 iteration,Init: data_trunc_norm_kern')
S:  [None, <tf.Tensor 'Const_1:0' shape=(48,) dtype=float64>, <tf.Tensor 'Const_2:0' shape=(48,) dtype=float64>]
('>', 'Mdl*hbf2*-units[2, 48, 48, 1], task: task_f2d_2x2_1_cosx1_plus_x2_depth2, step 4250/4687, train err 996.477, cv err: 1083.86 test err 961.553')
('>', 'Opt:Adam, BN False, BN_trainable: False After4250/4687 iteration,Init: data_trunc_norm_kern')
S:  [None, <tf.Tensor 'Const_1:0' shape=(48,) dtype=float64>, <tf.Tensor 'Const_2:0' shape=(48,) dtype=float64>]
('>', 'Mdl*hbf2*-units[2, 48, 48, 1], task: task_f2d_2x2_1_cosx1_plus_x2_depth2, step 4300/4687, train err 997.161, cv err: 1088.08 test err 964.617')
('>', 'Opt:Adam, BN False, BN_trainable: False After4300/4687 iteration,Init: data_trunc_norm_kern')
S:  [None, <tf.Tensor 'Const_1:0' shape=(48,) dtype=float64>, <tf.Tensor 'Const_2:0' shape=(48,) dtype=float64>]
('>', 'Mdl*hbf2*-units[2, 48, 48, 1], task: task_f2d_2x2_1_cosx1_plus_x2_depth2, step 4350/4687, train err 1000.82, cv err: 1093.25 test err 969.217')
('>', 'Opt:Adam, BN False, BN_trainable: False After4350/4687 iteration,Init: data_trunc_norm_kern')
S:  [None, <tf.Tensor 'Const_1:0' shape=(48,) dtype=float64>, <tf.Tensor 'Const_2:0' shape=(48,) dtype=float64>]
('>', 'Mdl*hbf2*-units[2, 48, 48, 1], task: task_f2d_2x2_1_cosx1_plus_x2_depth2, step 4400/4687, train err 1008.42, cv err: 1102.15 test err 977.164')
('>', 'Opt:Adam, BN False, BN_trainable: False After4400/4687 iteration,Init: data_trunc_norm_kern')
S:  [None, <tf.Tensor 'Const_1:0' shape=(48,) dtype=float64>, <tf.Tensor 'Const_2:0' shape=(48,) dtype=float64>]
('>', 'Mdl*hbf2*-units[2, 48, 48, 1], task: task_f2d_2x2_1_cosx1_plus_x2_depth2, step 4450/4687, train err 1009.98, cv err: 1106.7 test err 980.586')
('>', 'Opt:Adam, BN False, BN_trainable: False After4450/4687 iteration,Init: data_trunc_norm_kern')
S:  [None, <tf.Tensor 'Const_1:0' shape=(48,) dtype=float64>, <tf.Tensor 'Const_2:0' shape=(48,) dtype=float64>]
('>', 'Mdl*hbf2*-units[2, 48, 48, 1], task: task_f2d_2x2_1_cosx1_plus_x2_depth2, step 4500/4687, train err 1011.48, cv err: 1110.38 test err 983.462')
('>', 'Opt:Adam, BN False, BN_trainable: False After4500/4687 iteration,Init: data_trunc_norm_kern')
S:  [None, <tf.Tensor 'Const_1:0' shape=(48,) dtype=float64>, <tf.Tensor 'Const_2:0' shape=(48,) dtype=float64>]
('>', 'Mdl*hbf2*-units[2, 48, 48, 1], task: task_f2d_2x2_1_cosx1_plus_x2_depth2, step 4550/4687, train err 1012.26, cv err: 1112.83 test err 985.54')
('>', 'Opt:Adam, BN False, BN_trainable: False After4550/4687 iteration,Init: data_trunc_norm_kern')
S:  [None, <tf.Tensor 'Const_1:0' shape=(48,) dtype=float64>, <tf.Tensor 'Const_2:0' shape=(48,) dtype=float64>]
('>', 'Mdl*hbf2*-units[2, 48, 48, 1], task: task_f2d_2x2_1_cosx1_plus_x2_depth2, step 4600/4687, train err 1013.32, cv err: 1115.54 test err 987.825')
('>', 'Opt:Adam, BN False, BN_trainable: False After4600/4687 iteration,Init: data_trunc_norm_kern')
S:  [None, <tf.Tensor 'Const_1:0' shape=(48,) dtype=float64>, <tf.Tensor 'Const_2:0' shape=(48,) dtype=float64>]
('>', 'Mdl*hbf2*-units[2, 48, 48, 1], task: task_f2d_2x2_1_cosx1_plus_x2_depth2, step 4650/4687, train err 1018.14, cv err: 1122.55 test err 993.672')
('>', 'Opt:Adam, BN False, BN_trainable: False After4650/4687 iteration,Init: data_trunc_norm_kern')
S:  [None, <tf.Tensor 'Const_1:0' shape=(48,) dtype=float64>, <tf.Tensor 'Const_2:0' shape=(48,) dtype=float64>]
--- 983.111232042 seconds ---
--- 16.3851872007 minutes ---
--- 0.273086453345 hours ---


