I tensorflow/stream_executor/dso_loader.cc:108] successfully opened CUDA library libcublas.so locally
I tensorflow/stream_executor/dso_loader.cc:102] Couldn't open CUDA library libcudnn.so. LD_LIBRARY_PATH: /cm/shared/openmind/cuda/7.5/lib64:/cm/shared/openmind/cuda/7.5/lib
I tensorflow/stream_executor/cuda/cuda_dnn.cc:2092] Unable to load cuDNN DSO
I tensorflow/stream_executor/dso_loader.cc:108] successfully opened CUDA library libcufft.so locally
I tensorflow/stream_executor/dso_loader.cc:108] successfully opened CUDA library libcuda.so locally
I tensorflow/stream_executor/dso_loader.cc:108] successfully opened CUDA library libcurand.so locally
E tensorflow/stream_executor/cuda/cuda_driver.cc:491] failed call to cuInit: CUDA_ERROR_NO_DEVICE
I tensorflow/stream_executor/cuda/cuda_diagnostics.cc:153] retrieving CUDA diagnostic information for host: node032
I tensorflow/stream_executor/cuda/cuda_diagnostics.cc:160] hostname: node032
I tensorflow/stream_executor/cuda/cuda_diagnostics.cc:185] libcuda reported version is: Not found: was unable to find libcuda.so DSO loaded into this program
I tensorflow/stream_executor/cuda/cuda_diagnostics.cc:347] driver version file contents: """NVRM version: NVIDIA UNIX x86_64 Kernel Module  352.63  Sat Nov  7 21:25:42 PST 2015
GCC version:  gcc version 4.8.3 20140911 (Red Hat 4.8.3-9) (GCC) 
"""
I tensorflow/stream_executor/cuda/cuda_diagnostics.cc:189] kernel reported version is: 352.63.0
I tensorflow/core/common_runtime/gpu/gpu_init.cc:81] No GPU devices available on machine.
print sys.argv = ['main_nn.py', '2917048', '709', 'om_2x2_1_cosx1_plus_x2_depth2', 'task_2_August_HBF2_depth_2_1000_dont_train_S', 'HBF2_24_24_multiple_1000', 'True', '24,24', 'multiple_S', 'task_f2d_2x2_1_cosx1_plus_x2_depth2', 'False', 'False', 'hbf', 'data_trunc_norm_kern', 'dont_normalize', 'dont_train_S']
len(sys.argv) = 16
print argv = ['main_nn.py', '2917048', '709', 'om_2x2_1_cosx1_plus_x2_depth2', 'task_2_August_HBF2_depth_2_1000_dont_train_S', 'HBF2_24_24_multiple_1000', 'True', '24,24', 'multiple_S', 'task_f2d_2x2_1_cosx1_plus_x2_depth2', 'False', 'False', 'hbf', 'data_trunc_norm_kern', 'dont_normalize', 'dont_train_S']
len(argv) = 16
---------> len(argv) 16
['main_nn.py', '2917048', '709', 'om_2x2_1_cosx1_plus_x2_depth2', 'task_2_August_HBF2_depth_2_1000_dont_train_S', 'HBF2_24_24_multiple_1000', 'True', '24,24', 'multiple_S', 'task_f2d_2x2_1_cosx1_plus_x2_depth2', 'False', 'False', 'hbf', 'data_trunc_norm_kern', 'dont_normalize', 'dont_train_S']
2.8
mdl_type:  hbf
['main_nn.py', '2917048', '709', 'om_2x2_1_cosx1_plus_x2_depth2', 'task_2_August_HBF2_depth_2_1000_dont_train_S', 'HBF2_24_24_multiple_1000', 'True', '24,24', 'multiple_S', 'task_f2d_2x2_1_cosx1_plus_x2_depth2', 'False', 'False', 'hbf', 'data_trunc_norm_kern', 'dont_normalize', 'dont_train_S']
use_tensorboard False
experiment_root_dir=om_2x2_1_cosx1_plus_x2_depth2,slurm_jobid=2917048,slurm_array_task_id=709,job_name=HBF2_24_24_multiple_1000
----====> TASK NAME: task_f2d_2x2_1_cosx1_plus_x2_depth2
---> task_name:  task_f2d_2x2_1_cosx1_plus_x2_depth2
(N_train,D) =  (60025, 2)
(N_test,D_out) =  (60025, 1)
CLUSTER:  OM7
++> S/b_init  [None, 0.4177551, 1.1883998509464355]
++++> M (batch size) : 17000
++> starter_learning_rate  0.0382438403727
++> decay_rate  0.487231185279
++> decay_steps  1687
++> staircase  True
-----> Running model: hbf. (nb_hidden_layers = 2, nb_layers = 3)
-----> Units: [2, 24, 24, 1])
train_S_type:  multiple_S
data_trunc_norm_kern
5.67692286469
DONE INITILIZING
[None, <tf.Tensor 'Const:0' shape=(2, 24) dtype=float64>, <tf.Tensor 'truncated_normal:0' shape=(24, 24) dtype=float64>]
isinstance
--> init_S:  Tensor("Const_1:0", shape=(24,), dtype=float64)
--> trainable_S:  False
isinstance
--> init_S:  Tensor("Const_2:0", shape=(24,), dtype=float64)
--> trainable_S:  False
('>', 'Mdl*hbf2*-units[2, 24, 24, 1], task: task_f2d_2x2_1_cosx1_plus_x2_depth2, step 0/5740, train err 7.80735, cv err: 7.51272 test err 7.63752')
('>', 'Opt:Adam, BN False, BN_trainable: False After0/5740 iteration,Init: data_trunc_norm_kern')
S:  [None, <tf.Tensor 'Const_1:0' shape=(24,) dtype=float64>, <tf.Tensor 'Const_2:0' shape=(24,) dtype=float64>]
('>', 'Mdl*hbf2*-units[2, 24, 24, 1], task: task_f2d_2x2_1_cosx1_plus_x2_depth2, step 50/5740, train err 6.77954, cv err: 6.6085 test err 6.69876')
('>', 'Opt:Adam, BN False, BN_trainable: False After50/5740 iteration,Init: data_trunc_norm_kern')
S:  [None, <tf.Tensor 'Const_1:0' shape=(24,) dtype=float64>, <tf.Tensor 'Const_2:0' shape=(24,) dtype=float64>]
('>', 'Mdl*hbf2*-units[2, 24, 24, 1], task: task_f2d_2x2_1_cosx1_plus_x2_depth2, step 100/5740, train err 6.89695, cv err: 6.82698 test err 6.78679')
('>', 'Opt:Adam, BN False, BN_trainable: False After100/5740 iteration,Init: data_trunc_norm_kern')
S:  [None, <tf.Tensor 'Const_1:0' shape=(24,) dtype=float64>, <tf.Tensor 'Const_2:0' shape=(24,) dtype=float64>]
('>', 'Mdl*hbf2*-units[2, 24, 24, 1], task: task_f2d_2x2_1_cosx1_plus_x2_depth2, step 150/5740, train err 5.55962, cv err: 5.59298 test err 5.67367')
('>', 'Opt:Adam, BN False, BN_trainable: False After150/5740 iteration,Init: data_trunc_norm_kern')
S:  [None, <tf.Tensor 'Const_1:0' shape=(24,) dtype=float64>, <tf.Tensor 'Const_2:0' shape=(24,) dtype=float64>]
('>', 'Mdl*hbf2*-units[2, 24, 24, 1], task: task_f2d_2x2_1_cosx1_plus_x2_depth2, step 200/5740, train err 13.7923, cv err: 14.3164 test err 13.8414')
('>', 'Opt:Adam, BN False, BN_trainable: False After200/5740 iteration,Init: data_trunc_norm_kern')
S:  [None, <tf.Tensor 'Const_1:0' shape=(24,) dtype=float64>, <tf.Tensor 'Const_2:0' shape=(24,) dtype=float64>]
('>', 'Mdl*hbf2*-units[2, 24, 24, 1], task: task_f2d_2x2_1_cosx1_plus_x2_depth2, step 250/5740, train err 25.0984, cv err: 26.6167 test err 24.9287')
('>', 'Opt:Adam, BN False, BN_trainable: False After250/5740 iteration,Init: data_trunc_norm_kern')
S:  [None, <tf.Tensor 'Const_1:0' shape=(24,) dtype=float64>, <tf.Tensor 'Const_2:0' shape=(24,) dtype=float64>]
('>', 'Mdl*hbf2*-units[2, 24, 24, 1], task: task_f2d_2x2_1_cosx1_plus_x2_depth2, step 300/5740, train err 32.6472, cv err: 34.8571 test err 32.3887')
('>', 'Opt:Adam, BN False, BN_trainable: False After300/5740 iteration,Init: data_trunc_norm_kern')
S:  [None, <tf.Tensor 'Const_1:0' shape=(24,) dtype=float64>, <tf.Tensor 'Const_2:0' shape=(24,) dtype=float64>]
('>', 'Mdl*hbf2*-units[2, 24, 24, 1], task: task_f2d_2x2_1_cosx1_plus_x2_depth2, step 350/5740, train err 40.7031, cv err: 43.6159 test err 40.309')
('>', 'Opt:Adam, BN False, BN_trainable: False After350/5740 iteration,Init: data_trunc_norm_kern')
S:  [None, <tf.Tensor 'Const_1:0' shape=(24,) dtype=float64>, <tf.Tensor 'Const_2:0' shape=(24,) dtype=float64>]
('>', 'Mdl*hbf2*-units[2, 24, 24, 1], task: task_f2d_2x2_1_cosx1_plus_x2_depth2, step 400/5740, train err 66.6062, cv err: 71.3065 test err 65.6014')
('>', 'Opt:Adam, BN False, BN_trainable: False After400/5740 iteration,Init: data_trunc_norm_kern')
S:  [None, <tf.Tensor 'Const_1:0' shape=(24,) dtype=float64>, <tf.Tensor 'Const_2:0' shape=(24,) dtype=float64>]
('>', 'Mdl*hbf2*-units[2, 24, 24, 1], task: task_f2d_2x2_1_cosx1_plus_x2_depth2, step 450/5740, train err 89.6428, cv err: 95.9712 test err 87.9675')
('>', 'Opt:Adam, BN False, BN_trainable: False After450/5740 iteration,Init: data_trunc_norm_kern')
S:  [None, <tf.Tensor 'Const_1:0' shape=(24,) dtype=float64>, <tf.Tensor 'Const_2:0' shape=(24,) dtype=float64>]
('>', 'Mdl*hbf2*-units[2, 24, 24, 1], task: task_f2d_2x2_1_cosx1_plus_x2_depth2, step 500/5740, train err 116.962, cv err: 125.494 test err 114.837')
('>', 'Opt:Adam, BN False, BN_trainable: False After500/5740 iteration,Init: data_trunc_norm_kern')
S:  [None, <tf.Tensor 'Const_1:0' shape=(24,) dtype=float64>, <tf.Tensor 'Const_2:0' shape=(24,) dtype=float64>]
('>', 'Mdl*hbf2*-units[2, 24, 24, 1], task: task_f2d_2x2_1_cosx1_plus_x2_depth2, step 550/5740, train err 124.346, cv err: 134.233 test err 122.633')
('>', 'Opt:Adam, BN False, BN_trainable: False After550/5740 iteration,Init: data_trunc_norm_kern')
S:  [None, <tf.Tensor 'Const_1:0' shape=(24,) dtype=float64>, <tf.Tensor 'Const_2:0' shape=(24,) dtype=float64>]
('>', 'Mdl*hbf2*-units[2, 24, 24, 1], task: task_f2d_2x2_1_cosx1_plus_x2_depth2, step 600/5740, train err 144.727, cv err: 156.213 test err 142.225')
('>', 'Opt:Adam, BN False, BN_trainable: False After600/5740 iteration,Init: data_trunc_norm_kern')
S:  [None, <tf.Tensor 'Const_1:0' shape=(24,) dtype=float64>, <tf.Tensor 'Const_2:0' shape=(24,) dtype=float64>]
('>', 'Mdl*hbf2*-units[2, 24, 24, 1], task: task_f2d_2x2_1_cosx1_plus_x2_depth2, step 650/5740, train err 149.508, cv err: 161.443 test err 146.935')
('>', 'Opt:Adam, BN False, BN_trainable: False After650/5740 iteration,Init: data_trunc_norm_kern')
S:  [None, <tf.Tensor 'Const_1:0' shape=(24,) dtype=float64>, <tf.Tensor 'Const_2:0' shape=(24,) dtype=float64>]
('>', 'Mdl*hbf2*-units[2, 24, 24, 1], task: task_f2d_2x2_1_cosx1_plus_x2_depth2, step 700/5740, train err 159.345, cv err: 172.198 test err 156.61')
('>', 'Opt:Adam, BN False, BN_trainable: False After700/5740 iteration,Init: data_trunc_norm_kern')
S:  [None, <tf.Tensor 'Const_1:0' shape=(24,) dtype=float64>, <tf.Tensor 'Const_2:0' shape=(24,) dtype=float64>]
('>', 'Mdl*hbf2*-units[2, 24, 24, 1], task: task_f2d_2x2_1_cosx1_plus_x2_depth2, step 750/5740, train err 162.768, cv err: 176.179 test err 159.951')
('>', 'Opt:Adam, BN False, BN_trainable: False After750/5740 iteration,Init: data_trunc_norm_kern')
S:  [None, <tf.Tensor 'Const_1:0' shape=(24,) dtype=float64>, <tf.Tensor 'Const_2:0' shape=(24,) dtype=float64>]
('>', 'Mdl*hbf2*-units[2, 24, 24, 1], task: task_f2d_2x2_1_cosx1_plus_x2_depth2, step 800/5740, train err 211.444, cv err: 228.483 test err 207.773')
('>', 'Opt:Adam, BN False, BN_trainable: False After800/5740 iteration,Init: data_trunc_norm_kern')
S:  [None, <tf.Tensor 'Const_1:0' shape=(24,) dtype=float64>, <tf.Tensor 'Const_2:0' shape=(24,) dtype=float64>]
('>', 'Mdl*hbf2*-units[2, 24, 24, 1], task: task_f2d_2x2_1_cosx1_plus_x2_depth2, step 850/5740, train err 200.136, cv err: 216.416 test err 196.519')
('>', 'Opt:Adam, BN False, BN_trainable: False After850/5740 iteration,Init: data_trunc_norm_kern')
S:  [None, <tf.Tensor 'Const_1:0' shape=(24,) dtype=float64>, <tf.Tensor 'Const_2:0' shape=(24,) dtype=float64>]
('>', 'Mdl*hbf2*-units[2, 24, 24, 1], task: task_f2d_2x2_1_cosx1_plus_x2_depth2, step 900/5740, train err 185.793, cv err: 200.641 test err 182.268')
('>', 'Opt:Adam, BN False, BN_trainable: False After900/5740 iteration,Init: data_trunc_norm_kern')
S:  [None, <tf.Tensor 'Const_1:0' shape=(24,) dtype=float64>, <tf.Tensor 'Const_2:0' shape=(24,) dtype=float64>]
('>', 'Mdl*hbf2*-units[2, 24, 24, 1], task: task_f2d_2x2_1_cosx1_plus_x2_depth2, step 950/5740, train err 218.77, cv err: 236.095 test err 214.541')
('>', 'Opt:Adam, BN False, BN_trainable: False After950/5740 iteration,Init: data_trunc_norm_kern')
S:  [None, <tf.Tensor 'Const_1:0' shape=(24,) dtype=float64>, <tf.Tensor 'Const_2:0' shape=(24,) dtype=float64>]
('>', 'Mdl*hbf2*-units[2, 24, 24, 1], task: task_f2d_2x2_1_cosx1_plus_x2_depth2, step 1000/5740, train err 192.665, cv err: 208.001 test err 188.811')
('>', 'Opt:Adam, BN False, BN_trainable: False After1000/5740 iteration,Init: data_trunc_norm_kern')
S:  [None, <tf.Tensor 'Const_1:0' shape=(24,) dtype=float64>, <tf.Tensor 'Const_2:0' shape=(24,) dtype=float64>]
('>', 'Mdl*hbf2*-units[2, 24, 24, 1], task: task_f2d_2x2_1_cosx1_plus_x2_depth2, step 1050/5740, train err 225.778, cv err: 243.504 test err 221.053')
('>', 'Opt:Adam, BN False, BN_trainable: False After1050/5740 iteration,Init: data_trunc_norm_kern')
S:  [None, <tf.Tensor 'Const_1:0' shape=(24,) dtype=float64>, <tf.Tensor 'Const_2:0' shape=(24,) dtype=float64>]
('>', 'Mdl*hbf2*-units[2, 24, 24, 1], task: task_f2d_2x2_1_cosx1_plus_x2_depth2, step 1100/5740, train err 240.01, cv err: 259.098 test err 235.266')
('>', 'Opt:Adam, BN False, BN_trainable: False After1100/5740 iteration,Init: data_trunc_norm_kern')
S:  [None, <tf.Tensor 'Const_1:0' shape=(24,) dtype=float64>, <tf.Tensor 'Const_2:0' shape=(24,) dtype=float64>]
('>', 'Mdl*hbf2*-units[2, 24, 24, 1], task: task_f2d_2x2_1_cosx1_plus_x2_depth2, step 1150/5740, train err 230.538, cv err: 249.004 test err 225.922')
('>', 'Opt:Adam, BN False, BN_trainable: False After1150/5740 iteration,Init: data_trunc_norm_kern')
S:  [None, <tf.Tensor 'Const_1:0' shape=(24,) dtype=float64>, <tf.Tensor 'Const_2:0' shape=(24,) dtype=float64>]
('>', 'Mdl*hbf2*-units[2, 24, 24, 1], task: task_f2d_2x2_1_cosx1_plus_x2_depth2, step 1200/5740, train err 271.733, cv err: 293.236 test err 266.267')
('>', 'Opt:Adam, BN False, BN_trainable: False After1200/5740 iteration,Init: data_trunc_norm_kern')
S:  [None, <tf.Tensor 'Const_1:0' shape=(24,) dtype=float64>, <tf.Tensor 'Const_2:0' shape=(24,) dtype=float64>]
('>', 'Mdl*hbf2*-units[2, 24, 24, 1], task: task_f2d_2x2_1_cosx1_plus_x2_depth2, step 1250/5740, train err 249.567, cv err: 269.588 test err 244.563')
('>', 'Opt:Adam, BN False, BN_trainable: False After1250/5740 iteration,Init: data_trunc_norm_kern')
S:  [None, <tf.Tensor 'Const_1:0' shape=(24,) dtype=float64>, <tf.Tensor 'Const_2:0' shape=(24,) dtype=float64>]
('>', 'Mdl*hbf2*-units[2, 24, 24, 1], task: task_f2d_2x2_1_cosx1_plus_x2_depth2, step 1300/5740, train err 275.761, cv err: 297.56 test err 270.197')
('>', 'Opt:Adam, BN False, BN_trainable: False After1300/5740 iteration,Init: data_trunc_norm_kern')
S:  [None, <tf.Tensor 'Const_1:0' shape=(24,) dtype=float64>, <tf.Tensor 'Const_2:0' shape=(24,) dtype=float64>]
('>', 'Mdl*hbf2*-units[2, 24, 24, 1], task: task_f2d_2x2_1_cosx1_plus_x2_depth2, step 1350/5740, train err 276.991, cv err: 298.807 test err 271.262')
('>', 'Opt:Adam, BN False, BN_trainable: False After1350/5740 iteration,Init: data_trunc_norm_kern')
S:  [None, <tf.Tensor 'Const_1:0' shape=(24,) dtype=float64>, <tf.Tensor 'Const_2:0' shape=(24,) dtype=float64>]
('>', 'Mdl*hbf2*-units[2, 24, 24, 1], task: task_f2d_2x2_1_cosx1_plus_x2_depth2, step 1400/5740, train err 269.035, cv err: 289.842 test err 263.226')
('>', 'Opt:Adam, BN False, BN_trainable: False After1400/5740 iteration,Init: data_trunc_norm_kern')
S:  [None, <tf.Tensor 'Const_1:0' shape=(24,) dtype=float64>, <tf.Tensor 'Const_2:0' shape=(24,) dtype=float64>]
('>', 'Mdl*hbf2*-units[2, 24, 24, 1], task: task_f2d_2x2_1_cosx1_plus_x2_depth2, step 1450/5740, train err 251.75, cv err: 271.637 test err 246.5')
('>', 'Opt:Adam, BN False, BN_trainable: False After1450/5740 iteration,Init: data_trunc_norm_kern')
S:  [None, <tf.Tensor 'Const_1:0' shape=(24,) dtype=float64>, <tf.Tensor 'Const_2:0' shape=(24,) dtype=float64>]
('>', 'Mdl*hbf2*-units[2, 24, 24, 1], task: task_f2d_2x2_1_cosx1_plus_x2_depth2, step 1500/5740, train err 296.002, cv err: 319.174 test err 289.808')
('>', 'Opt:Adam, BN False, BN_trainable: False After1500/5740 iteration,Init: data_trunc_norm_kern')
S:  [None, <tf.Tensor 'Const_1:0' shape=(24,) dtype=float64>, <tf.Tensor 'Const_2:0' shape=(24,) dtype=float64>]
('>', 'Mdl*hbf2*-units[2, 24, 24, 1], task: task_f2d_2x2_1_cosx1_plus_x2_depth2, step 1550/5740, train err 257.951, cv err: 278.02 test err 252.607')
('>', 'Opt:Adam, BN False, BN_trainable: False After1550/5740 iteration,Init: data_trunc_norm_kern')
S:  [None, <tf.Tensor 'Const_1:0' shape=(24,) dtype=float64>, <tf.Tensor 'Const_2:0' shape=(24,) dtype=float64>]
('>', 'Mdl*hbf2*-units[2, 24, 24, 1], task: task_f2d_2x2_1_cosx1_plus_x2_depth2, step 1600/5740, train err 238.683, cv err: 256.936 test err 233.45')
('>', 'Opt:Adam, BN False, BN_trainable: False After1600/5740 iteration,Init: data_trunc_norm_kern')
S:  [None, <tf.Tensor 'Const_1:0' shape=(24,) dtype=float64>, <tf.Tensor 'Const_2:0' shape=(24,) dtype=float64>]
('>', 'Mdl*hbf2*-units[2, 24, 24, 1], task: task_f2d_2x2_1_cosx1_plus_x2_depth2, step 1650/5740, train err 269.889, cv err: 290.701 test err 264.061')
('>', 'Opt:Adam, BN False, BN_trainable: False After1650/5740 iteration,Init: data_trunc_norm_kern')
S:  [None, <tf.Tensor 'Const_1:0' shape=(24,) dtype=float64>, <tf.Tensor 'Const_2:0' shape=(24,) dtype=float64>]
('>', 'Mdl*hbf2*-units[2, 24, 24, 1], task: task_f2d_2x2_1_cosx1_plus_x2_depth2, step 1700/5740, train err 273.616, cv err: 294.928 test err 267.702')
('>', 'Opt:Adam, BN False, BN_trainable: False After1700/5740 iteration,Init: data_trunc_norm_kern')
S:  [None, <tf.Tensor 'Const_1:0' shape=(24,) dtype=float64>, <tf.Tensor 'Const_2:0' shape=(24,) dtype=float64>]
('>', 'Mdl*hbf2*-units[2, 24, 24, 1], task: task_f2d_2x2_1_cosx1_plus_x2_depth2, step 1750/5740, train err 302.837, cv err: 327.091 test err 296.769')
('>', 'Opt:Adam, BN False, BN_trainable: False After1750/5740 iteration,Init: data_trunc_norm_kern')
S:  [None, <tf.Tensor 'Const_1:0' shape=(24,) dtype=float64>, <tf.Tensor 'Const_2:0' shape=(24,) dtype=float64>]
('>', 'Mdl*hbf2*-units[2, 24, 24, 1], task: task_f2d_2x2_1_cosx1_plus_x2_depth2, step 1800/5740, train err 303.938, cv err: 328.121 test err 297.544')
('>', 'Opt:Adam, BN False, BN_trainable: False After1800/5740 iteration,Init: data_trunc_norm_kern')
S:  [None, <tf.Tensor 'Const_1:0' shape=(24,) dtype=float64>, <tf.Tensor 'Const_2:0' shape=(24,) dtype=float64>]
('>', 'Mdl*hbf2*-units[2, 24, 24, 1], task: task_f2d_2x2_1_cosx1_plus_x2_depth2, step 1850/5740, train err 340.968, cv err: 367.692 test err 333.756')
('>', 'Opt:Adam, BN False, BN_trainable: False After1850/5740 iteration,Init: data_trunc_norm_kern')
S:  [None, <tf.Tensor 'Const_1:0' shape=(24,) dtype=float64>, <tf.Tensor 'Const_2:0' shape=(24,) dtype=float64>]
('>', 'Mdl*hbf2*-units[2, 24, 24, 1], task: task_f2d_2x2_1_cosx1_plus_x2_depth2, step 1900/5740, train err 323.272, cv err: 348.918 test err 316.502')
('>', 'Opt:Adam, BN False, BN_trainable: False After1900/5740 iteration,Init: data_trunc_norm_kern')
S:  [None, <tf.Tensor 'Const_1:0' shape=(24,) dtype=float64>, <tf.Tensor 'Const_2:0' shape=(24,) dtype=float64>]
('>', 'Mdl*hbf2*-units[2, 24, 24, 1], task: task_f2d_2x2_1_cosx1_plus_x2_depth2, step 1950/5740, train err 339.718, cv err: 366.405 test err 332.573')
('>', 'Opt:Adam, BN False, BN_trainable: False After1950/5740 iteration,Init: data_trunc_norm_kern')
S:  [None, <tf.Tensor 'Const_1:0' shape=(24,) dtype=float64>, <tf.Tensor 'Const_2:0' shape=(24,) dtype=float64>]
('>', 'Mdl*hbf2*-units[2, 24, 24, 1], task: task_f2d_2x2_1_cosx1_plus_x2_depth2, step 2000/5740, train err 328.807, cv err: 355.008 test err 322.063')
('>', 'Opt:Adam, BN False, BN_trainable: False After2000/5740 iteration,Init: data_trunc_norm_kern')
S:  [None, <tf.Tensor 'Const_1:0' shape=(24,) dtype=float64>, <tf.Tensor 'Const_2:0' shape=(24,) dtype=float64>]
('>', 'Mdl*hbf2*-units[2, 24, 24, 1], task: task_f2d_2x2_1_cosx1_plus_x2_depth2, step 2050/5740, train err 322.341, cv err: 347.962 test err 315.637')
('>', 'Opt:Adam, BN False, BN_trainable: False After2050/5740 iteration,Init: data_trunc_norm_kern')
S:  [None, <tf.Tensor 'Const_1:0' shape=(24,) dtype=float64>, <tf.Tensor 'Const_2:0' shape=(24,) dtype=float64>]
('>', 'Mdl*hbf2*-units[2, 24, 24, 1], task: task_f2d_2x2_1_cosx1_plus_x2_depth2, step 2100/5740, train err 301.303, cv err: 325.441 test err 295.105')
('>', 'Opt:Adam, BN False, BN_trainable: False After2100/5740 iteration,Init: data_trunc_norm_kern')
S:  [None, <tf.Tensor 'Const_1:0' shape=(24,) dtype=float64>, <tf.Tensor 'Const_2:0' shape=(24,) dtype=float64>]
('>', 'Mdl*hbf2*-units[2, 24, 24, 1], task: task_f2d_2x2_1_cosx1_plus_x2_depth2, step 2150/5740, train err 318.891, cv err: 344.244 test err 312.306')
('>', 'Opt:Adam, BN False, BN_trainable: False After2150/5740 iteration,Init: data_trunc_norm_kern')
S:  [None, <tf.Tensor 'Const_1:0' shape=(24,) dtype=float64>, <tf.Tensor 'Const_2:0' shape=(24,) dtype=float64>]
('>', 'Mdl*hbf2*-units[2, 24, 24, 1], task: task_f2d_2x2_1_cosx1_plus_x2_depth2, step 2200/5740, train err 324.171, cv err: 349.612 test err 317.295')
('>', 'Opt:Adam, BN False, BN_trainable: False After2200/5740 iteration,Init: data_trunc_norm_kern')
S:  [None, <tf.Tensor 'Const_1:0' shape=(24,) dtype=float64>, <tf.Tensor 'Const_2:0' shape=(24,) dtype=float64>]
('>', 'Mdl*hbf2*-units[2, 24, 24, 1], task: task_f2d_2x2_1_cosx1_plus_x2_depth2, step 2250/5740, train err 328.65, cv err: 354.749 test err 321.887')
('>', 'Opt:Adam, BN False, BN_trainable: False After2250/5740 iteration,Init: data_trunc_norm_kern')
S:  [None, <tf.Tensor 'Const_1:0' shape=(24,) dtype=float64>, <tf.Tensor 'Const_2:0' shape=(24,) dtype=float64>]
('>', 'Mdl*hbf2*-units[2, 24, 24, 1], task: task_f2d_2x2_1_cosx1_plus_x2_depth2, step 2300/5740, train err 324.585, cv err: 350.022 test err 317.662')
('>', 'Opt:Adam, BN False, BN_trainable: False After2300/5740 iteration,Init: data_trunc_norm_kern')
S:  [None, <tf.Tensor 'Const_1:0' shape=(24,) dtype=float64>, <tf.Tensor 'Const_2:0' shape=(24,) dtype=float64>]
('>', 'Mdl*hbf2*-units[2, 24, 24, 1], task: task_f2d_2x2_1_cosx1_plus_x2_depth2, step 2350/5740, train err 295.834, cv err: 319.563 test err 289.756')
('>', 'Opt:Adam, BN False, BN_trainable: False After2350/5740 iteration,Init: data_trunc_norm_kern')
S:  [None, <tf.Tensor 'Const_1:0' shape=(24,) dtype=float64>, <tf.Tensor 'Const_2:0' shape=(24,) dtype=float64>]
('>', 'Mdl*hbf2*-units[2, 24, 24, 1], task: task_f2d_2x2_1_cosx1_plus_x2_depth2, step 2400/5740, train err 324.127, cv err: 349.55 test err 317.365')
('>', 'Opt:Adam, BN False, BN_trainable: False After2400/5740 iteration,Init: data_trunc_norm_kern')
S:  [None, <tf.Tensor 'Const_1:0' shape=(24,) dtype=float64>, <tf.Tensor 'Const_2:0' shape=(24,) dtype=float64>]
('>', 'Mdl*hbf2*-units[2, 24, 24, 1], task: task_f2d_2x2_1_cosx1_plus_x2_depth2, step 2450/5740, train err 331.812, cv err: 357.967 test err 324.838')
('>', 'Opt:Adam, BN False, BN_trainable: False After2450/5740 iteration,Init: data_trunc_norm_kern')
S:  [None, <tf.Tensor 'Const_1:0' shape=(24,) dtype=float64>, <tf.Tensor 'Const_2:0' shape=(24,) dtype=float64>]
('>', 'Mdl*hbf2*-units[2, 24, 24, 1], task: task_f2d_2x2_1_cosx1_plus_x2_depth2, step 2500/5740, train err 330.629, cv err: 356.742 test err 323.71')
('>', 'Opt:Adam, BN False, BN_trainable: False After2500/5740 iteration,Init: data_trunc_norm_kern')
S:  [None, <tf.Tensor 'Const_1:0' shape=(24,) dtype=float64>, <tf.Tensor 'Const_2:0' shape=(24,) dtype=float64>]
('>', 'Mdl*hbf2*-units[2, 24, 24, 1], task: task_f2d_2x2_1_cosx1_plus_x2_depth2, step 2550/5740, train err 334.158, cv err: 360.295 test err 327.076')
('>', 'Opt:Adam, BN False, BN_trainable: False After2550/5740 iteration,Init: data_trunc_norm_kern')
S:  [None, <tf.Tensor 'Const_1:0' shape=(24,) dtype=float64>, <tf.Tensor 'Const_2:0' shape=(24,) dtype=float64>]
('>', 'Mdl*hbf2*-units[2, 24, 24, 1], task: task_f2d_2x2_1_cosx1_plus_x2_depth2, step 2600/5740, train err 300.004, cv err: 324.118 test err 293.89')
('>', 'Opt:Adam, BN False, BN_trainable: False After2600/5740 iteration,Init: data_trunc_norm_kern')
S:  [None, <tf.Tensor 'Const_1:0' shape=(24,) dtype=float64>, <tf.Tensor 'Const_2:0' shape=(24,) dtype=float64>]
('>', 'Mdl*hbf2*-units[2, 24, 24, 1], task: task_f2d_2x2_1_cosx1_plus_x2_depth2, step 2650/5740, train err 280.585, cv err: 303.128 test err 274.824')
('>', 'Opt:Adam, BN False, BN_trainable: False After2650/5740 iteration,Init: data_trunc_norm_kern')
S:  [None, <tf.Tensor 'Const_1:0' shape=(24,) dtype=float64>, <tf.Tensor 'Const_2:0' shape=(24,) dtype=float64>]
('>', 'Mdl*hbf2*-units[2, 24, 24, 1], task: task_f2d_2x2_1_cosx1_plus_x2_depth2, step 2700/5740, train err 340.014, cv err: 366.681 test err 332.933')
('>', 'Opt:Adam, BN False, BN_trainable: False After2700/5740 iteration,Init: data_trunc_norm_kern')
S:  [None, <tf.Tensor 'Const_1:0' shape=(24,) dtype=float64>, <tf.Tensor 'Const_2:0' shape=(24,) dtype=float64>]
('>', 'Mdl*hbf2*-units[2, 24, 24, 1], task: task_f2d_2x2_1_cosx1_plus_x2_depth2, step 2750/5740, train err 328.24, cv err: 353.9 test err 321.29')
('>', 'Opt:Adam, BN False, BN_trainable: False After2750/5740 iteration,Init: data_trunc_norm_kern')
S:  [None, <tf.Tensor 'Const_1:0' shape=(24,) dtype=float64>, <tf.Tensor 'Const_2:0' shape=(24,) dtype=float64>]
('>', 'Mdl*hbf2*-units[2, 24, 24, 1], task: task_f2d_2x2_1_cosx1_plus_x2_depth2, step 2800/5740, train err 325.656, cv err: 350.845 test err 318.827')
('>', 'Opt:Adam, BN False, BN_trainable: False After2800/5740 iteration,Init: data_trunc_norm_kern')
S:  [None, <tf.Tensor 'Const_1:0' shape=(24,) dtype=float64>, <tf.Tensor 'Const_2:0' shape=(24,) dtype=float64>]
('>', 'Mdl*hbf2*-units[2, 24, 24, 1], task: task_f2d_2x2_1_cosx1_plus_x2_depth2, step 2850/5740, train err 321.168, cv err: 346.338 test err 314.319')
('>', 'Opt:Adam, BN False, BN_trainable: False After2850/5740 iteration,Init: data_trunc_norm_kern')
S:  [None, <tf.Tensor 'Const_1:0' shape=(24,) dtype=float64>, <tf.Tensor 'Const_2:0' shape=(24,) dtype=float64>]
('>', 'Mdl*hbf2*-units[2, 24, 24, 1], task: task_f2d_2x2_1_cosx1_plus_x2_depth2, step 2900/5740, train err 313.66, cv err: 338.292 test err 307.055')
('>', 'Opt:Adam, BN False, BN_trainable: False After2900/5740 iteration,Init: data_trunc_norm_kern')
S:  [None, <tf.Tensor 'Const_1:0' shape=(24,) dtype=float64>, <tf.Tensor 'Const_2:0' shape=(24,) dtype=float64>]
('>', 'Mdl*hbf2*-units[2, 24, 24, 1], task: task_f2d_2x2_1_cosx1_plus_x2_depth2, step 2950/5740, train err 314.11, cv err: 339.04 test err 307.545')
('>', 'Opt:Adam, BN False, BN_trainable: False After2950/5740 iteration,Init: data_trunc_norm_kern')
S:  [None, <tf.Tensor 'Const_1:0' shape=(24,) dtype=float64>, <tf.Tensor 'Const_2:0' shape=(24,) dtype=float64>]
('>', 'Mdl*hbf2*-units[2, 24, 24, 1], task: task_f2d_2x2_1_cosx1_plus_x2_depth2, step 3000/5740, train err 331.369, cv err: 357.345 test err 324.478')
('>', 'Opt:Adam, BN False, BN_trainable: False After3000/5740 iteration,Init: data_trunc_norm_kern')
S:  [None, <tf.Tensor 'Const_1:0' shape=(24,) dtype=float64>, <tf.Tensor 'Const_2:0' shape=(24,) dtype=float64>]
('>', 'Mdl*hbf2*-units[2, 24, 24, 1], task: task_f2d_2x2_1_cosx1_plus_x2_depth2, step 3050/5740, train err 325.068, cv err: 350.255 test err 318.049')
('>', 'Opt:Adam, BN False, BN_trainable: False After3050/5740 iteration,Init: data_trunc_norm_kern')
S:  [None, <tf.Tensor 'Const_1:0' shape=(24,) dtype=float64>, <tf.Tensor 'Const_2:0' shape=(24,) dtype=float64>]
('>', 'Mdl*hbf2*-units[2, 24, 24, 1], task: task_f2d_2x2_1_cosx1_plus_x2_depth2, step 3100/5740, train err 327.667, cv err: 353.294 test err 320.742')
('>', 'Opt:Adam, BN False, BN_trainable: False After3100/5740 iteration,Init: data_trunc_norm_kern')
S:  [None, <tf.Tensor 'Const_1:0' shape=(24,) dtype=float64>, <tf.Tensor 'Const_2:0' shape=(24,) dtype=float64>]
('>', 'Mdl*hbf2*-units[2, 24, 24, 1], task: task_f2d_2x2_1_cosx1_plus_x2_depth2, step 3150/5740, train err 318.807, cv err: 343.555 test err 311.96')
('>', 'Opt:Adam, BN False, BN_trainable: False After3150/5740 iteration,Init: data_trunc_norm_kern')
S:  [None, <tf.Tensor 'Const_1:0' shape=(24,) dtype=float64>, <tf.Tensor 'Const_2:0' shape=(24,) dtype=float64>]
('>', 'Mdl*hbf2*-units[2, 24, 24, 1], task: task_f2d_2x2_1_cosx1_plus_x2_depth2, step 3200/5740, train err 314.364, cv err: 338.908 test err 307.678')
('>', 'Opt:Adam, BN False, BN_trainable: False After3200/5740 iteration,Init: data_trunc_norm_kern')
S:  [None, <tf.Tensor 'Const_1:0' shape=(24,) dtype=float64>, <tf.Tensor 'Const_2:0' shape=(24,) dtype=float64>]
('>', 'Mdl*hbf2*-units[2, 24, 24, 1], task: task_f2d_2x2_1_cosx1_plus_x2_depth2, step 3250/5740, train err 303.914, cv err: 327.604 test err 297.456')
('>', 'Opt:Adam, BN False, BN_trainable: False After3250/5740 iteration,Init: data_trunc_norm_kern')
S:  [None, <tf.Tensor 'Const_1:0' shape=(24,) dtype=float64>, <tf.Tensor 'Const_2:0' shape=(24,) dtype=float64>]
('>', 'Mdl*hbf2*-units[2, 24, 24, 1], task: task_f2d_2x2_1_cosx1_plus_x2_depth2, step 3300/5740, train err 328.463, cv err: 353.73 test err 321.305')
('>', 'Opt:Adam, BN False, BN_trainable: False After3300/5740 iteration,Init: data_trunc_norm_kern')
S:  [None, <tf.Tensor 'Const_1:0' shape=(24,) dtype=float64>, <tf.Tensor 'Const_2:0' shape=(24,) dtype=float64>]
('>', 'Mdl*hbf2*-units[2, 24, 24, 1], task: task_f2d_2x2_1_cosx1_plus_x2_depth2, step 3350/5740, train err 310.732, cv err: 335.141 test err 304.177')
('>', 'Opt:Adam, BN False, BN_trainable: False After3350/5740 iteration,Init: data_trunc_norm_kern')
S:  [None, <tf.Tensor 'Const_1:0' shape=(24,) dtype=float64>, <tf.Tensor 'Const_2:0' shape=(24,) dtype=float64>]
('>', 'Mdl*hbf2*-units[2, 24, 24, 1], task: task_f2d_2x2_1_cosx1_plus_x2_depth2, step 3400/5740, train err 323.648, cv err: 348.974 test err 316.764')
('>', 'Opt:Adam, BN False, BN_trainable: False After3400/5740 iteration,Init: data_trunc_norm_kern')
S:  [None, <tf.Tensor 'Const_1:0' shape=(24,) dtype=float64>, <tf.Tensor 'Const_2:0' shape=(24,) dtype=float64>]
('>', 'Mdl*hbf2*-units[2, 24, 24, 1], task: task_f2d_2x2_1_cosx1_plus_x2_depth2, step 3450/5740, train err 314.664, cv err: 339.578 test err 308.074')
('>', 'Opt:Adam, BN False, BN_trainable: False After3450/5740 iteration,Init: data_trunc_norm_kern')
S:  [None, <tf.Tensor 'Const_1:0' shape=(24,) dtype=float64>, <tf.Tensor 'Const_2:0' shape=(24,) dtype=float64>]
('>', 'Mdl*hbf2*-units[2, 24, 24, 1], task: task_f2d_2x2_1_cosx1_plus_x2_depth2, step 3500/5740, train err 310.377, cv err: 334.837 test err 303.755')
('>', 'Opt:Adam, BN False, BN_trainable: False After3500/5740 iteration,Init: data_trunc_norm_kern')
S:  [None, <tf.Tensor 'Const_1:0' shape=(24,) dtype=float64>, <tf.Tensor 'Const_2:0' shape=(24,) dtype=float64>]
('>', 'Mdl*hbf2*-units[2, 24, 24, 1], task: task_f2d_2x2_1_cosx1_plus_x2_depth2, step 3550/5740, train err 314.832, cv err: 339.558 test err 308.1')
('>', 'Opt:Adam, BN False, BN_trainable: False After3550/5740 iteration,Init: data_trunc_norm_kern')
S:  [None, <tf.Tensor 'Const_1:0' shape=(24,) dtype=float64>, <tf.Tensor 'Const_2:0' shape=(24,) dtype=float64>]
('>', 'Mdl*hbf2*-units[2, 24, 24, 1], task: task_f2d_2x2_1_cosx1_plus_x2_depth2, step 3600/5740, train err 309.457, cv err: 333.751 test err 302.829')
('>', 'Opt:Adam, BN False, BN_trainable: False After3600/5740 iteration,Init: data_trunc_norm_kern')
S:  [None, <tf.Tensor 'Const_1:0' shape=(24,) dtype=float64>, <tf.Tensor 'Const_2:0' shape=(24,) dtype=float64>]
('>', 'Mdl*hbf2*-units[2, 24, 24, 1], task: task_f2d_2x2_1_cosx1_plus_x2_depth2, step 3650/5740, train err 313.424, cv err: 338.016 test err 306.722')
('>', 'Opt:Adam, BN False, BN_trainable: False After3650/5740 iteration,Init: data_trunc_norm_kern')
S:  [None, <tf.Tensor 'Const_1:0' shape=(24,) dtype=float64>, <tf.Tensor 'Const_2:0' shape=(24,) dtype=float64>]
('>', 'Mdl*hbf2*-units[2, 24, 24, 1], task: task_f2d_2x2_1_cosx1_plus_x2_depth2, step 3700/5740, train err 312.337, cv err: 336.921 test err 305.702')
('>', 'Opt:Adam, BN False, BN_trainable: False After3700/5740 iteration,Init: data_trunc_norm_kern')
S:  [None, <tf.Tensor 'Const_1:0' shape=(24,) dtype=float64>, <tf.Tensor 'Const_2:0' shape=(24,) dtype=float64>]
('>', 'Mdl*hbf2*-units[2, 24, 24, 1], task: task_f2d_2x2_1_cosx1_plus_x2_depth2, step 3750/5740, train err 312.241, cv err: 336.766 test err 305.602')
('>', 'Opt:Adam, BN False, BN_trainable: False After3750/5740 iteration,Init: data_trunc_norm_kern')
S:  [None, <tf.Tensor 'Const_1:0' shape=(24,) dtype=float64>, <tf.Tensor 'Const_2:0' shape=(24,) dtype=float64>]
('>', 'Mdl*hbf2*-units[2, 24, 24, 1], task: task_f2d_2x2_1_cosx1_plus_x2_depth2, step 3800/5740, train err 313.194, cv err: 337.866 test err 306.542')
('>', 'Opt:Adam, BN False, BN_trainable: False After3800/5740 iteration,Init: data_trunc_norm_kern')
S:  [None, <tf.Tensor 'Const_1:0' shape=(24,) dtype=float64>, <tf.Tensor 'Const_2:0' shape=(24,) dtype=float64>]
('>', 'Mdl*hbf2*-units[2, 24, 24, 1], task: task_f2d_2x2_1_cosx1_plus_x2_depth2, step 3850/5740, train err 307.4, cv err: 331.665 test err 300.889')
('>', 'Opt:Adam, BN False, BN_trainable: False After3850/5740 iteration,Init: data_trunc_norm_kern')
S:  [None, <tf.Tensor 'Const_1:0' shape=(24,) dtype=float64>, <tf.Tensor 'Const_2:0' shape=(24,) dtype=float64>]
('>', 'Mdl*hbf2*-units[2, 24, 24, 1], task: task_f2d_2x2_1_cosx1_plus_x2_depth2, step 3900/5740, train err 305.961, cv err: 330.153 test err 299.495')
('>', 'Opt:Adam, BN False, BN_trainable: False After3900/5740 iteration,Init: data_trunc_norm_kern')
S:  [None, <tf.Tensor 'Const_1:0' shape=(24,) dtype=float64>, <tf.Tensor 'Const_2:0' shape=(24,) dtype=float64>]
('>', 'Mdl*hbf2*-units[2, 24, 24, 1], task: task_f2d_2x2_1_cosx1_plus_x2_depth2, step 3950/5740, train err 310.232, cv err: 334.636 test err 303.627')
('>', 'Opt:Adam, BN False, BN_trainable: False After3950/5740 iteration,Init: data_trunc_norm_kern')
S:  [None, <tf.Tensor 'Const_1:0' shape=(24,) dtype=float64>, <tf.Tensor 'Const_2:0' shape=(24,) dtype=float64>]
('>', 'Mdl*hbf2*-units[2, 24, 24, 1], task: task_f2d_2x2_1_cosx1_plus_x2_depth2, step 4000/5740, train err 293.266, cv err: 316.554 test err 287.071')
('>', 'Opt:Adam, BN False, BN_trainable: False After4000/5740 iteration,Init: data_trunc_norm_kern')
S:  [None, <tf.Tensor 'Const_1:0' shape=(24,) dtype=float64>, <tf.Tensor 'Const_2:0' shape=(24,) dtype=float64>]
('>', 'Mdl*hbf2*-units[2, 24, 24, 1], task: task_f2d_2x2_1_cosx1_plus_x2_depth2, step 4050/5740, train err 310.154, cv err: 334.388 test err 303.535')
('>', 'Opt:Adam, BN False, BN_trainable: False After4050/5740 iteration,Init: data_trunc_norm_kern')
S:  [None, <tf.Tensor 'Const_1:0' shape=(24,) dtype=float64>, <tf.Tensor 'Const_2:0' shape=(24,) dtype=float64>]
('>', 'Mdl*hbf2*-units[2, 24, 24, 1], task: task_f2d_2x2_1_cosx1_plus_x2_depth2, step 4100/5740, train err 303.93, cv err: 327.799 test err 297.451')
('>', 'Opt:Adam, BN False, BN_trainable: False After4100/5740 iteration,Init: data_trunc_norm_kern')
S:  [None, <tf.Tensor 'Const_1:0' shape=(24,) dtype=float64>, <tf.Tensor 'Const_2:0' shape=(24,) dtype=float64>]
('>', 'Mdl*hbf2*-units[2, 24, 24, 1], task: task_f2d_2x2_1_cosx1_plus_x2_depth2, step 4150/5740, train err 300.214, cv err: 323.787 test err 293.782')
('>', 'Opt:Adam, BN False, BN_trainable: False After4150/5740 iteration,Init: data_trunc_norm_kern')
S:  [None, <tf.Tensor 'Const_1:0' shape=(24,) dtype=float64>, <tf.Tensor 'Const_2:0' shape=(24,) dtype=float64>]
('>', 'Mdl*hbf2*-units[2, 24, 24, 1], task: task_f2d_2x2_1_cosx1_plus_x2_depth2, step 4200/5740, train err 304.99, cv err: 328.901 test err 298.458')
('>', 'Opt:Adam, BN False, BN_trainable: False After4200/5740 iteration,Init: data_trunc_norm_kern')
S:  [None, <tf.Tensor 'Const_1:0' shape=(24,) dtype=float64>, <tf.Tensor 'Const_2:0' shape=(24,) dtype=float64>]
('>', 'Mdl*hbf2*-units[2, 24, 24, 1], task: task_f2d_2x2_1_cosx1_plus_x2_depth2, step 4250/5740, train err 304.096, cv err: 327.952 test err 297.578')
('>', 'Opt:Adam, BN False, BN_trainable: False After4250/5740 iteration,Init: data_trunc_norm_kern')
S:  [None, <tf.Tensor 'Const_1:0' shape=(24,) dtype=float64>, <tf.Tensor 'Const_2:0' shape=(24,) dtype=float64>]
('>', 'Mdl*hbf2*-units[2, 24, 24, 1], task: task_f2d_2x2_1_cosx1_plus_x2_depth2, step 4300/5740, train err 299.338, cv err: 322.967 test err 293.016')
('>', 'Opt:Adam, BN False, BN_trainable: False After4300/5740 iteration,Init: data_trunc_norm_kern')
S:  [None, <tf.Tensor 'Const_1:0' shape=(24,) dtype=float64>, <tf.Tensor 'Const_2:0' shape=(24,) dtype=float64>]
('>', 'Mdl*hbf2*-units[2, 24, 24, 1], task: task_f2d_2x2_1_cosx1_plus_x2_depth2, step 4350/5740, train err 300.71, cv err: 324.41 test err 294.373')
('>', 'Opt:Adam, BN False, BN_trainable: False After4350/5740 iteration,Init: data_trunc_norm_kern')
S:  [None, <tf.Tensor 'Const_1:0' shape=(24,) dtype=float64>, <tf.Tensor 'Const_2:0' shape=(24,) dtype=float64>]
('>', 'Mdl*hbf2*-units[2, 24, 24, 1], task: task_f2d_2x2_1_cosx1_plus_x2_depth2, step 4400/5740, train err 298.619, cv err: 322.066 test err 292.349')
('>', 'Opt:Adam, BN False, BN_trainable: False After4400/5740 iteration,Init: data_trunc_norm_kern')
S:  [None, <tf.Tensor 'Const_1:0' shape=(24,) dtype=float64>, <tf.Tensor 'Const_2:0' shape=(24,) dtype=float64>]
('>', 'Mdl*hbf2*-units[2, 24, 24, 1], task: task_f2d_2x2_1_cosx1_plus_x2_depth2, step 4450/5740, train err 296.481, cv err: 320.053 test err 290.412')
('>', 'Opt:Adam, BN False, BN_trainable: False After4450/5740 iteration,Init: data_trunc_norm_kern')
S:  [None, <tf.Tensor 'Const_1:0' shape=(24,) dtype=float64>, <tf.Tensor 'Const_2:0' shape=(24,) dtype=float64>]
('>', 'Mdl*hbf2*-units[2, 24, 24, 1], task: task_f2d_2x2_1_cosx1_plus_x2_depth2, step 4500/5740, train err 310.633, cv err: 335.039 test err 304.247')
('>', 'Opt:Adam, BN False, BN_trainable: False After4500/5740 iteration,Init: data_trunc_norm_kern')
S:  [None, <tf.Tensor 'Const_1:0' shape=(24,) dtype=float64>, <tf.Tensor 'Const_2:0' shape=(24,) dtype=float64>]
('>', 'Mdl*hbf2*-units[2, 24, 24, 1], task: task_f2d_2x2_1_cosx1_plus_x2_depth2, step 4550/5740, train err 295.657, cv err: 319.03 test err 289.55')
('>', 'Opt:Adam, BN False, BN_trainable: False After4550/5740 iteration,Init: data_trunc_norm_kern')
S:  [None, <tf.Tensor 'Const_1:0' shape=(24,) dtype=float64>, <tf.Tensor 'Const_2:0' shape=(24,) dtype=float64>]
('>', 'Mdl*hbf2*-units[2, 24, 24, 1], task: task_f2d_2x2_1_cosx1_plus_x2_depth2, step 4600/5740, train err 295.296, cv err: 318.79 test err 289.248')
('>', 'Opt:Adam, BN False, BN_trainable: False After4600/5740 iteration,Init: data_trunc_norm_kern')
S:  [None, <tf.Tensor 'Const_1:0' shape=(24,) dtype=float64>, <tf.Tensor 'Const_2:0' shape=(24,) dtype=float64>]
('>', 'Mdl*hbf2*-units[2, 24, 24, 1], task: task_f2d_2x2_1_cosx1_plus_x2_depth2, step 4650/5740, train err 280.86, cv err: 303.358 test err 275.137')
('>', 'Opt:Adam, BN False, BN_trainable: False After4650/5740 iteration,Init: data_trunc_norm_kern')
S:  [None, <tf.Tensor 'Const_1:0' shape=(24,) dtype=float64>, <tf.Tensor 'Const_2:0' shape=(24,) dtype=float64>]
('>', 'Mdl*hbf2*-units[2, 24, 24, 1], task: task_f2d_2x2_1_cosx1_plus_x2_depth2, step 4700/5740, train err 287.811, cv err: 310.845 test err 281.971')
('>', 'Opt:Adam, BN False, BN_trainable: False After4700/5740 iteration,Init: data_trunc_norm_kern')
S:  [None, <tf.Tensor 'Const_1:0' shape=(24,) dtype=float64>, <tf.Tensor 'Const_2:0' shape=(24,) dtype=float64>]
('>', 'Mdl*hbf2*-units[2, 24, 24, 1], task: task_f2d_2x2_1_cosx1_plus_x2_depth2, step 4750/5740, train err 279.036, cv err: 301.278 test err 273.377')
('>', 'Opt:Adam, BN False, BN_trainable: False After4750/5740 iteration,Init: data_trunc_norm_kern')
S:  [None, <tf.Tensor 'Const_1:0' shape=(24,) dtype=float64>, <tf.Tensor 'Const_2:0' shape=(24,) dtype=float64>]
('>', 'Mdl*hbf2*-units[2, 24, 24, 1], task: task_f2d_2x2_1_cosx1_plus_x2_depth2, step 4800/5740, train err 299.064, cv err: 322.787 test err 292.961')
('>', 'Opt:Adam, BN False, BN_trainable: False After4800/5740 iteration,Init: data_trunc_norm_kern')
S:  [None, <tf.Tensor 'Const_1:0' shape=(24,) dtype=float64>, <tf.Tensor 'Const_2:0' shape=(24,) dtype=float64>]
('>', 'Mdl*hbf2*-units[2, 24, 24, 1], task: task_f2d_2x2_1_cosx1_plus_x2_depth2, step 4850/5740, train err 293.094, cv err: 316.33 test err 287.097')
('>', 'Opt:Adam, BN False, BN_trainable: False After4850/5740 iteration,Init: data_trunc_norm_kern')
S:  [None, <tf.Tensor 'Const_1:0' shape=(24,) dtype=float64>, <tf.Tensor 'Const_2:0' shape=(24,) dtype=float64>]
('>', 'Mdl*hbf2*-units[2, 24, 24, 1], task: task_f2d_2x2_1_cosx1_plus_x2_depth2, step 4900/5740, train err 290.964, cv err: 314.198 test err 285.028')
('>', 'Opt:Adam, BN False, BN_trainable: False After4900/5740 iteration,Init: data_trunc_norm_kern')
S:  [None, <tf.Tensor 'Const_1:0' shape=(24,) dtype=float64>, <tf.Tensor 'Const_2:0' shape=(24,) dtype=float64>]
('>', 'Mdl*hbf2*-units[2, 24, 24, 1], task: task_f2d_2x2_1_cosx1_plus_x2_depth2, step 4950/5740, train err 302.566, cv err: 326.593 test err 296.396')
('>', 'Opt:Adam, BN False, BN_trainable: False After4950/5740 iteration,Init: data_trunc_norm_kern')
S:  [None, <tf.Tensor 'Const_1:0' shape=(24,) dtype=float64>, <tf.Tensor 'Const_2:0' shape=(24,) dtype=float64>]
('>', 'Mdl*hbf2*-units[2, 24, 24, 1], task: task_f2d_2x2_1_cosx1_plus_x2_depth2, step 5000/5740, train err 306.492, cv err: 331.071 test err 300.366')
('>', 'Opt:Adam, BN False, BN_trainable: False After5000/5740 iteration,Init: data_trunc_norm_kern')
S:  [None, <tf.Tensor 'Const_1:0' shape=(24,) dtype=float64>, <tf.Tensor 'Const_2:0' shape=(24,) dtype=float64>]
('>', 'Mdl*hbf2*-units[2, 24, 24, 1], task: task_f2d_2x2_1_cosx1_plus_x2_depth2, step 5050/5740, train err 287.922, cv err: 311.078 test err 282.08')
('>', 'Opt:Adam, BN False, BN_trainable: False After5050/5740 iteration,Init: data_trunc_norm_kern')
S:  [None, <tf.Tensor 'Const_1:0' shape=(24,) dtype=float64>, <tf.Tensor 'Const_2:0' shape=(24,) dtype=float64>]
('>', 'Mdl*hbf2*-units[2, 24, 24, 1], task: task_f2d_2x2_1_cosx1_plus_x2_depth2, step 5100/5740, train err 287.664, cv err: 310.828 test err 281.836')
('>', 'Opt:Adam, BN False, BN_trainable: False After5100/5740 iteration,Init: data_trunc_norm_kern')
S:  [None, <tf.Tensor 'Const_1:0' shape=(24,) dtype=float64>, <tf.Tensor 'Const_2:0' shape=(24,) dtype=float64>]
('>', 'Mdl*hbf2*-units[2, 24, 24, 1], task: task_f2d_2x2_1_cosx1_plus_x2_depth2, step 5150/5740, train err 291.182, cv err: 314.751 test err 285.357')
('>', 'Opt:Adam, BN False, BN_trainable: False After5150/5740 iteration,Init: data_trunc_norm_kern')
S:  [None, <tf.Tensor 'Const_1:0' shape=(24,) dtype=float64>, <tf.Tensor 'Const_2:0' shape=(24,) dtype=float64>]
('>', 'Mdl*hbf2*-units[2, 24, 24, 1], task: task_f2d_2x2_1_cosx1_plus_x2_depth2, step 5200/5740, train err 278.281, cv err: 300.814 test err 272.669')
('>', 'Opt:Adam, BN False, BN_trainable: False After5200/5740 iteration,Init: data_trunc_norm_kern')
S:  [None, <tf.Tensor 'Const_1:0' shape=(24,) dtype=float64>, <tf.Tensor 'Const_2:0' shape=(24,) dtype=float64>]
('>', 'Mdl*hbf2*-units[2, 24, 24, 1], task: task_f2d_2x2_1_cosx1_plus_x2_depth2, step 5250/5740, train err 284.264, cv err: 307.317 test err 278.553')
('>', 'Opt:Adam, BN False, BN_trainable: False After5250/5740 iteration,Init: data_trunc_norm_kern')
S:  [None, <tf.Tensor 'Const_1:0' shape=(24,) dtype=float64>, <tf.Tensor 'Const_2:0' shape=(24,) dtype=float64>]
('>', 'Mdl*hbf2*-units[2, 24, 24, 1], task: task_f2d_2x2_1_cosx1_plus_x2_depth2, step 5300/5740, train err 279.501, cv err: 302.19 test err 273.889')
('>', 'Opt:Adam, BN False, BN_trainable: False After5300/5740 iteration,Init: data_trunc_norm_kern')
S:  [None, <tf.Tensor 'Const_1:0' shape=(24,) dtype=float64>, <tf.Tensor 'Const_2:0' shape=(24,) dtype=float64>]
('>', 'Mdl*hbf2*-units[2, 24, 24, 1], task: task_f2d_2x2_1_cosx1_plus_x2_depth2, step 5350/5740, train err 279.263, cv err: 301.943 test err 273.649')
('>', 'Opt:Adam, BN False, BN_trainable: False After5350/5740 iteration,Init: data_trunc_norm_kern')
S:  [None, <tf.Tensor 'Const_1:0' shape=(24,) dtype=float64>, <tf.Tensor 'Const_2:0' shape=(24,) dtype=float64>]
('>', 'Mdl*hbf2*-units[2, 24, 24, 1], task: task_f2d_2x2_1_cosx1_plus_x2_depth2, step 5400/5740, train err 279.427, cv err: 302.226 test err 273.839')
('>', 'Opt:Adam, BN False, BN_trainable: False After5400/5740 iteration,Init: data_trunc_norm_kern')
S:  [None, <tf.Tensor 'Const_1:0' shape=(24,) dtype=float64>, <tf.Tensor 'Const_2:0' shape=(24,) dtype=float64>]
('>', 'Mdl*hbf2*-units[2, 24, 24, 1], task: task_f2d_2x2_1_cosx1_plus_x2_depth2, step 5450/5740, train err 271.311, cv err: 293.503 test err 265.888')
('>', 'Opt:Adam, BN False, BN_trainable: False After5450/5740 iteration,Init: data_trunc_norm_kern')
S:  [None, <tf.Tensor 'Const_1:0' shape=(24,) dtype=float64>, <tf.Tensor 'Const_2:0' shape=(24,) dtype=float64>]
('>', 'Mdl*hbf2*-units[2, 24, 24, 1], task: task_f2d_2x2_1_cosx1_plus_x2_depth2, step 5500/5740, train err 274.443, cv err: 296.883 test err 268.951')
('>', 'Opt:Adam, BN False, BN_trainable: False After5500/5740 iteration,Init: data_trunc_norm_kern')
S:  [None, <tf.Tensor 'Const_1:0' shape=(24,) dtype=float64>, <tf.Tensor 'Const_2:0' shape=(24,) dtype=float64>]
('>', 'Mdl*hbf2*-units[2, 24, 24, 1], task: task_f2d_2x2_1_cosx1_plus_x2_depth2, step 5550/5740, train err 273.761, cv err: 296.196 test err 268.3')
('>', 'Opt:Adam, BN False, BN_trainable: False After5550/5740 iteration,Init: data_trunc_norm_kern')
S:  [None, <tf.Tensor 'Const_1:0' shape=(24,) dtype=float64>, <tf.Tensor 'Const_2:0' shape=(24,) dtype=float64>]
('>', 'Mdl*hbf2*-units[2, 24, 24, 1], task: task_f2d_2x2_1_cosx1_plus_x2_depth2, step 5600/5740, train err 274.371, cv err: 296.927 test err 268.929')
('>', 'Opt:Adam, BN False, BN_trainable: False After5600/5740 iteration,Init: data_trunc_norm_kern')
S:  [None, <tf.Tensor 'Const_1:0' shape=(24,) dtype=float64>, <tf.Tensor 'Const_2:0' shape=(24,) dtype=float64>]
('>', 'Mdl*hbf2*-units[2, 24, 24, 1], task: task_f2d_2x2_1_cosx1_plus_x2_depth2, step 5650/5740, train err 268.548, cv err: 290.541 test err 263.166')
('>', 'Opt:Adam, BN False, BN_trainable: False After5650/5740 iteration,Init: data_trunc_norm_kern')
S:  [None, <tf.Tensor 'Const_1:0' shape=(24,) dtype=float64>, <tf.Tensor 'Const_2:0' shape=(24,) dtype=float64>]
('>', 'Mdl*hbf2*-units[2, 24, 24, 1], task: task_f2d_2x2_1_cosx1_plus_x2_depth2, step 5700/5740, train err 275.782, cv err: 298.414 test err 270.313')
('>', 'Opt:Adam, BN False, BN_trainable: False After5700/5740 iteration,Init: data_trunc_norm_kern')
S:  [None, <tf.Tensor 'Const_1:0' shape=(24,) dtype=float64>, <tf.Tensor 'Const_2:0' shape=(24,) dtype=float64>]
--- 627.10138607 seconds ---
--- 10.4516897678 minutes ---
--- 0.174194829464 hours ---


