I tensorflow/stream_executor/dso_loader.cc:108] successfully opened CUDA library libcublas.so locally
I tensorflow/stream_executor/dso_loader.cc:102] Couldn't open CUDA library libcudnn.so. LD_LIBRARY_PATH: /cm/shared/openmind/cuda/7.5/lib64:/cm/shared/openmind/cuda/7.5/lib
I tensorflow/stream_executor/cuda/cuda_dnn.cc:2092] Unable to load cuDNN DSO
I tensorflow/stream_executor/dso_loader.cc:108] successfully opened CUDA library libcufft.so locally
I tensorflow/stream_executor/dso_loader.cc:108] successfully opened CUDA library libcuda.so locally
I tensorflow/stream_executor/dso_loader.cc:108] successfully opened CUDA library libcurand.so locally
E tensorflow/stream_executor/cuda/cuda_driver.cc:491] failed call to cuInit: CUDA_ERROR_NO_DEVICE
I tensorflow/stream_executor/cuda/cuda_diagnostics.cc:153] retrieving CUDA diagnostic information for host: node050
I tensorflow/stream_executor/cuda/cuda_diagnostics.cc:160] hostname: node050
I tensorflow/stream_executor/cuda/cuda_diagnostics.cc:185] libcuda reported version is: Not found: was unable to find libcuda.so DSO loaded into this program
I tensorflow/stream_executor/cuda/cuda_diagnostics.cc:347] driver version file contents: """NVRM version: NVIDIA UNIX x86_64 Kernel Module  352.63  Sat Nov  7 21:25:42 PST 2015
GCC version:  gcc version 4.8.3 20140911 (Red Hat 4.8.3-9) (GCC) 
"""
I tensorflow/stream_executor/cuda/cuda_diagnostics.cc:189] kernel reported version is: 352.63.0
I tensorflow/core/common_runtime/gpu/gpu_init.cc:81] No GPU devices available on machine.
print sys.argv = ['main_nn.py', '2918177', '199', 'om_2x2_1_cosx1_plus_x2_depth2', 'task_2_August_HBF2_depth_2_1000_dont_train_S', 'HBF2_48_48_multiple_1000', 'True', '48,48', 'multiple_S', 'task_f2d_2x2_1_cosx1_plus_x2_depth2', 'False', 'False', 'hbf', 'data_trunc_norm_kern', 'dont_normalize', 'dont_train_S']
len(sys.argv) = 16
print argv = ['main_nn.py', '2918177', '199', 'om_2x2_1_cosx1_plus_x2_depth2', 'task_2_August_HBF2_depth_2_1000_dont_train_S', 'HBF2_48_48_multiple_1000', 'True', '48,48', 'multiple_S', 'task_f2d_2x2_1_cosx1_plus_x2_depth2', 'False', 'False', 'hbf', 'data_trunc_norm_kern', 'dont_normalize', 'dont_train_S']
len(argv) = 16
---------> len(argv) 16
['main_nn.py', '2918177', '199', 'om_2x2_1_cosx1_plus_x2_depth2', 'task_2_August_HBF2_depth_2_1000_dont_train_S', 'HBF2_48_48_multiple_1000', 'True', '48,48', 'multiple_S', 'task_f2d_2x2_1_cosx1_plus_x2_depth2', 'False', 'False', 'hbf', 'data_trunc_norm_kern', 'dont_normalize', 'dont_train_S']
2.8
mdl_type:  hbf
['main_nn.py', '2918177', '199', 'om_2x2_1_cosx1_plus_x2_depth2', 'task_2_August_HBF2_depth_2_1000_dont_train_S', 'HBF2_48_48_multiple_1000', 'True', '48,48', 'multiple_S', 'task_f2d_2x2_1_cosx1_plus_x2_depth2', 'False', 'False', 'hbf', 'data_trunc_norm_kern', 'dont_normalize', 'dont_train_S']
use_tensorboard False
experiment_root_dir=om_2x2_1_cosx1_plus_x2_depth2,slurm_jobid=2918177,slurm_array_task_id=199,job_name=HBF2_48_48_multiple_1000
----====> TASK NAME: task_f2d_2x2_1_cosx1_plus_x2_depth2
---> task_name:  task_f2d_2x2_1_cosx1_plus_x2_depth2
(N_train,D) =  (60025, 2)
(N_test,D_out) =  (60025, 1)
CLUSTER:  OM7
++> S/b_init  [None, 0.4177551, 1.7747611527863079]
++++> M (batch size) : 17000
++> starter_learning_rate  1.63937575586e-05
++> decay_rate  0.956888936657
++> decay_steps  214
++> staircase  True
-----> Running model: hbf. (nb_hidden_layers = 2, nb_layers = 3)
-----> Units: [2, 48, 48, 1])
train_S_type:  multiple_S
data_trunc_norm_kern
3.26850176761
DONE INITILIZING
[None, <tf.Tensor 'Const:0' shape=(2, 48) dtype=float64>, <tf.Tensor 'truncated_normal:0' shape=(48, 48) dtype=float64>]
isinstance
--> init_S:  Tensor("Const_1:0", shape=(48,), dtype=float64)
--> trainable_S:  False
isinstance
--> init_S:  Tensor("Const_2:0", shape=(48,), dtype=float64)
--> trainable_S:  False
('>', 'Mdl*hbf2*-units[2, 48, 48, 1], task: task_f2d_2x2_1_cosx1_plus_x2_depth2, step 0/5196, train err 7.70416, cv err: 7.40361 test err 7.51966')
('>', 'Opt:Adam, BN False, BN_trainable: False After0/5196 iteration,Init: data_trunc_norm_kern')
S:  [None, <tf.Tensor 'Const_1:0' shape=(48,) dtype=float64>, <tf.Tensor 'Const_2:0' shape=(48,) dtype=float64>]
('>', 'Mdl*hbf2*-units[2, 48, 48, 1], task: task_f2d_2x2_1_cosx1_plus_x2_depth2, step 50/5196, train err 7.65113, cv err: 7.35275 test err 7.46611')
('>', 'Opt:Adam, BN False, BN_trainable: False After50/5196 iteration,Init: data_trunc_norm_kern')
S:  [None, <tf.Tensor 'Const_1:0' shape=(48,) dtype=float64>, <tf.Tensor 'Const_2:0' shape=(48,) dtype=float64>]
('>', 'Mdl*hbf2*-units[2, 48, 48, 1], task: task_f2d_2x2_1_cosx1_plus_x2_depth2, step 100/5196, train err 7.59897, cv err: 7.30276 test err 7.41351')
('>', 'Opt:Adam, BN False, BN_trainable: False After100/5196 iteration,Init: data_trunc_norm_kern')
S:  [None, <tf.Tensor 'Const_1:0' shape=(48,) dtype=float64>, <tf.Tensor 'Const_2:0' shape=(48,) dtype=float64>]
('>', 'Mdl*hbf2*-units[2, 48, 48, 1], task: task_f2d_2x2_1_cosx1_plus_x2_depth2, step 150/5196, train err 7.54751, cv err: 7.25347 test err 7.36169')
('>', 'Opt:Adam, BN False, BN_trainable: False After150/5196 iteration,Init: data_trunc_norm_kern')
S:  [None, <tf.Tensor 'Const_1:0' shape=(48,) dtype=float64>, <tf.Tensor 'Const_2:0' shape=(48,) dtype=float64>]
('>', 'Mdl*hbf2*-units[2, 48, 48, 1], task: task_f2d_2x2_1_cosx1_plus_x2_depth2, step 200/5196, train err 7.49686, cv err: 7.205 test err 7.31074')
('>', 'Opt:Adam, BN False, BN_trainable: False After200/5196 iteration,Init: data_trunc_norm_kern')
S:  [None, <tf.Tensor 'Const_1:0' shape=(48,) dtype=float64>, <tf.Tensor 'Const_2:0' shape=(48,) dtype=float64>]
('>', 'Mdl*hbf2*-units[2, 48, 48, 1], task: task_f2d_2x2_1_cosx1_plus_x2_depth2, step 250/5196, train err 7.44842, cv err: 7.15867 test err 7.26207')
('>', 'Opt:Adam, BN False, BN_trainable: False After250/5196 iteration,Init: data_trunc_norm_kern')
S:  [None, <tf.Tensor 'Const_1:0' shape=(48,) dtype=float64>, <tf.Tensor 'Const_2:0' shape=(48,) dtype=float64>]
('>', 'Mdl*hbf2*-units[2, 48, 48, 1], task: task_f2d_2x2_1_cosx1_plus_x2_depth2, step 300/5196, train err 7.40122, cv err: 7.11358 test err 7.21472')
('>', 'Opt:Adam, BN False, BN_trainable: False After300/5196 iteration,Init: data_trunc_norm_kern')
S:  [None, <tf.Tensor 'Const_1:0' shape=(48,) dtype=float64>, <tf.Tensor 'Const_2:0' shape=(48,) dtype=float64>]
('>', 'Mdl*hbf2*-units[2, 48, 48, 1], task: task_f2d_2x2_1_cosx1_plus_x2_depth2, step 350/5196, train err 7.35461, cv err: 7.0691 test err 7.16803')
('>', 'Opt:Adam, BN False, BN_trainable: False After350/5196 iteration,Init: data_trunc_norm_kern')
S:  [None, <tf.Tensor 'Const_1:0' shape=(48,) dtype=float64>, <tf.Tensor 'Const_2:0' shape=(48,) dtype=float64>]
('>', 'Mdl*hbf2*-units[2, 48, 48, 1], task: task_f2d_2x2_1_cosx1_plus_x2_depth2, step 400/5196, train err 7.30865, cv err: 7.02527 test err 7.12206')
('>', 'Opt:Adam, BN False, BN_trainable: False After400/5196 iteration,Init: data_trunc_norm_kern')
S:  [None, <tf.Tensor 'Const_1:0' shape=(48,) dtype=float64>, <tf.Tensor 'Const_2:0' shape=(48,) dtype=float64>]
('>', 'Mdl*hbf2*-units[2, 48, 48, 1], task: task_f2d_2x2_1_cosx1_plus_x2_depth2, step 450/5196, train err 7.26411, cv err: 6.98286 test err 7.07758')
('>', 'Opt:Adam, BN False, BN_trainable: False After450/5196 iteration,Init: data_trunc_norm_kern')
S:  [None, <tf.Tensor 'Const_1:0' shape=(48,) dtype=float64>, <tf.Tensor 'Const_2:0' shape=(48,) dtype=float64>]
('>', 'Mdl*hbf2*-units[2, 48, 48, 1], task: task_f2d_2x2_1_cosx1_plus_x2_depth2, step 500/5196, train err 7.22125, cv err: 6.94208 test err 7.03485')
('>', 'Opt:Adam, BN False, BN_trainable: False After500/5196 iteration,Init: data_trunc_norm_kern')
S:  [None, <tf.Tensor 'Const_1:0' shape=(48,) dtype=float64>, <tf.Tensor 'Const_2:0' shape=(48,) dtype=float64>]
('>', 'Mdl*hbf2*-units[2, 48, 48, 1], task: task_f2d_2x2_1_cosx1_plus_x2_depth2, step 550/5196, train err 7.17892, cv err: 6.90186 test err 6.99271')
('>', 'Opt:Adam, BN False, BN_trainable: False After550/5196 iteration,Init: data_trunc_norm_kern')
S:  [None, <tf.Tensor 'Const_1:0' shape=(48,) dtype=float64>, <tf.Tensor 'Const_2:0' shape=(48,) dtype=float64>]
('>', 'Mdl*hbf2*-units[2, 48, 48, 1], task: task_f2d_2x2_1_cosx1_plus_x2_depth2, step 600/5196, train err 7.13713, cv err: 6.86218 test err 6.95116')
('>', 'Opt:Adam, BN False, BN_trainable: False After600/5196 iteration,Init: data_trunc_norm_kern')
S:  [None, <tf.Tensor 'Const_1:0' shape=(48,) dtype=float64>, <tf.Tensor 'Const_2:0' shape=(48,) dtype=float64>]
('>', 'Mdl*hbf2*-units[2, 48, 48, 1], task: task_f2d_2x2_1_cosx1_plus_x2_depth2, step 650/5196, train err 7.09628, cv err: 6.82347 test err 6.91062')
('>', 'Opt:Adam, BN False, BN_trainable: False After650/5196 iteration,Init: data_trunc_norm_kern')
S:  [None, <tf.Tensor 'Const_1:0' shape=(48,) dtype=float64>, <tf.Tensor 'Const_2:0' shape=(48,) dtype=float64>]
('>', 'Mdl*hbf2*-units[2, 48, 48, 1], task: task_f2d_2x2_1_cosx1_plus_x2_depth2, step 700/5196, train err 7.05746, cv err: 6.78671 test err 6.87214')
('>', 'Opt:Adam, BN False, BN_trainable: False After700/5196 iteration,Init: data_trunc_norm_kern')
S:  [None, <tf.Tensor 'Const_1:0' shape=(48,) dtype=float64>, <tf.Tensor 'Const_2:0' shape=(48,) dtype=float64>]
('>', 'Mdl*hbf2*-units[2, 48, 48, 1], task: task_f2d_2x2_1_cosx1_plus_x2_depth2, step 750/5196, train err 7.01908, cv err: 6.7504 test err 6.83413')
('>', 'Opt:Adam, BN False, BN_trainable: False After750/5196 iteration,Init: data_trunc_norm_kern')
S:  [None, <tf.Tensor 'Const_1:0' shape=(48,) dtype=float64>, <tf.Tensor 'Const_2:0' shape=(48,) dtype=float64>]
('>', 'Mdl*hbf2*-units[2, 48, 48, 1], task: task_f2d_2x2_1_cosx1_plus_x2_depth2, step 800/5196, train err 6.98123, cv err: 6.71463 test err 6.79669')
('>', 'Opt:Adam, BN False, BN_trainable: False After800/5196 iteration,Init: data_trunc_norm_kern')
S:  [None, <tf.Tensor 'Const_1:0' shape=(48,) dtype=float64>, <tf.Tensor 'Const_2:0' shape=(48,) dtype=float64>]
('>', 'Mdl*hbf2*-units[2, 48, 48, 1], task: task_f2d_2x2_1_cosx1_plus_x2_depth2, step 850/5196, train err 6.94401, cv err: 6.6795 test err 6.75992')
('>', 'Opt:Adam, BN False, BN_trainable: False After850/5196 iteration,Init: data_trunc_norm_kern')
S:  [None, <tf.Tensor 'Const_1:0' shape=(48,) dtype=float64>, <tf.Tensor 'Const_2:0' shape=(48,) dtype=float64>]
('>', 'Mdl*hbf2*-units[2, 48, 48, 1], task: task_f2d_2x2_1_cosx1_plus_x2_depth2, step 900/5196, train err 6.90858, cv err: 6.64609 test err 6.72496')
('>', 'Opt:Adam, BN False, BN_trainable: False After900/5196 iteration,Init: data_trunc_norm_kern')
S:  [None, <tf.Tensor 'Const_1:0' shape=(48,) dtype=float64>, <tf.Tensor 'Const_2:0' shape=(48,) dtype=float64>]
('>', 'Mdl*hbf2*-units[2, 48, 48, 1], task: task_f2d_2x2_1_cosx1_plus_x2_depth2, step 950/5196, train err 6.87386, cv err: 6.61338 test err 6.69074')
('>', 'Opt:Adam, BN False, BN_trainable: False After950/5196 iteration,Init: data_trunc_norm_kern')
S:  [None, <tf.Tensor 'Const_1:0' shape=(48,) dtype=float64>, <tf.Tensor 'Const_2:0' shape=(48,) dtype=float64>]
('>', 'Mdl*hbf2*-units[2, 48, 48, 1], task: task_f2d_2x2_1_cosx1_plus_x2_depth2, step 1000/5196, train err 6.83961, cv err: 6.58115 test err 6.65703')
('>', 'Opt:Adam, BN False, BN_trainable: False After1000/5196 iteration,Init: data_trunc_norm_kern')
S:  [None, <tf.Tensor 'Const_1:0' shape=(48,) dtype=float64>, <tf.Tensor 'Const_2:0' shape=(48,) dtype=float64>]
('>', 'Mdl*hbf2*-units[2, 48, 48, 1], task: task_f2d_2x2_1_cosx1_plus_x2_depth2, step 1050/5196, train err 6.80576, cv err: 6.54934 test err 6.62376')
('>', 'Opt:Adam, BN False, BN_trainable: False After1050/5196 iteration,Init: data_trunc_norm_kern')
S:  [None, <tf.Tensor 'Const_1:0' shape=(48,) dtype=float64>, <tf.Tensor 'Const_2:0' shape=(48,) dtype=float64>]
('>', 'Mdl*hbf2*-units[2, 48, 48, 1], task: task_f2d_2x2_1_cosx1_plus_x2_depth2, step 1100/5196, train err 6.77332, cv err: 6.51889 test err 6.59192')
('>', 'Opt:Adam, BN False, BN_trainable: False After1100/5196 iteration,Init: data_trunc_norm_kern')
S:  [None, <tf.Tensor 'Const_1:0' shape=(48,) dtype=float64>, <tf.Tensor 'Const_2:0' shape=(48,) dtype=float64>]
('>', 'Mdl*hbf2*-units[2, 48, 48, 1], task: task_f2d_2x2_1_cosx1_plus_x2_depth2, step 1150/5196, train err 6.74181, cv err: 6.48935 test err 6.56103')
('>', 'Opt:Adam, BN False, BN_trainable: False After1150/5196 iteration,Init: data_trunc_norm_kern')
S:  [None, <tf.Tensor 'Const_1:0' shape=(48,) dtype=float64>, <tf.Tensor 'Const_2:0' shape=(48,) dtype=float64>]
('>', 'Mdl*hbf2*-units[2, 48, 48, 1], task: task_f2d_2x2_1_cosx1_plus_x2_depth2, step 1200/5196, train err 6.71082, cv err: 6.46033 test err 6.53069')
('>', 'Opt:Adam, BN False, BN_trainable: False After1200/5196 iteration,Init: data_trunc_norm_kern')
S:  [None, <tf.Tensor 'Const_1:0' shape=(48,) dtype=float64>, <tf.Tensor 'Const_2:0' shape=(48,) dtype=float64>]
('>', 'Mdl*hbf2*-units[2, 48, 48, 1], task: task_f2d_2x2_1_cosx1_plus_x2_depth2, step 1250/5196, train err 6.68019, cv err: 6.43167 test err 6.50074')
('>', 'Opt:Adam, BN False, BN_trainable: False After1250/5196 iteration,Init: data_trunc_norm_kern')
S:  [None, <tf.Tensor 'Const_1:0' shape=(48,) dtype=float64>, <tf.Tensor 'Const_2:0' shape=(48,) dtype=float64>]
('>', 'Mdl*hbf2*-units[2, 48, 48, 1], task: task_f2d_2x2_1_cosx1_plus_x2_depth2, step 1300/5196, train err 6.65049, cv err: 6.40393 test err 6.47176')
('>', 'Opt:Adam, BN False, BN_trainable: False After1300/5196 iteration,Init: data_trunc_norm_kern')
S:  [None, <tf.Tensor 'Const_1:0' shape=(48,) dtype=float64>, <tf.Tensor 'Const_2:0' shape=(48,) dtype=float64>]
('>', 'Mdl*hbf2*-units[2, 48, 48, 1], task: task_f2d_2x2_1_cosx1_plus_x2_depth2, step 1350/5196, train err 6.62208, cv err: 6.37743 test err 6.44408')
('>', 'Opt:Adam, BN False, BN_trainable: False After1350/5196 iteration,Init: data_trunc_norm_kern')
S:  [None, <tf.Tensor 'Const_1:0' shape=(48,) dtype=float64>, <tf.Tensor 'Const_2:0' shape=(48,) dtype=float64>]
('>', 'Mdl*hbf2*-units[2, 48, 48, 1], task: task_f2d_2x2_1_cosx1_plus_x2_depth2, step 1400/5196, train err 6.59406, cv err: 6.35132 test err 6.41681')
('>', 'Opt:Adam, BN False, BN_trainable: False After1400/5196 iteration,Init: data_trunc_norm_kern')
S:  [None, <tf.Tensor 'Const_1:0' shape=(48,) dtype=float64>, <tf.Tensor 'Const_2:0' shape=(48,) dtype=float64>]
('>', 'Mdl*hbf2*-units[2, 48, 48, 1], task: task_f2d_2x2_1_cosx1_plus_x2_depth2, step 1450/5196, train err 6.5665, cv err: 6.32568 test err 6.39004')
('>', 'Opt:Adam, BN False, BN_trainable: False After1450/5196 iteration,Init: data_trunc_norm_kern')
S:  [None, <tf.Tensor 'Const_1:0' shape=(48,) dtype=float64>, <tf.Tensor 'Const_2:0' shape=(48,) dtype=float64>]
('>', 'Mdl*hbf2*-units[2, 48, 48, 1], task: task_f2d_2x2_1_cosx1_plus_x2_depth2, step 1500/5196, train err 6.53934, cv err: 6.30045 test err 6.3637')
('>', 'Opt:Adam, BN False, BN_trainable: False After1500/5196 iteration,Init: data_trunc_norm_kern')
S:  [None, <tf.Tensor 'Const_1:0' shape=(48,) dtype=float64>, <tf.Tensor 'Const_2:0' shape=(48,) dtype=float64>]
('>', 'Mdl*hbf2*-units[2, 48, 48, 1], task: task_f2d_2x2_1_cosx1_plus_x2_depth2, step 1550/5196, train err 6.51375, cv err: 6.27671 test err 6.33893')
('>', 'Opt:Adam, BN False, BN_trainable: False After1550/5196 iteration,Init: data_trunc_norm_kern')
S:  [None, <tf.Tensor 'Const_1:0' shape=(48,) dtype=float64>, <tf.Tensor 'Const_2:0' shape=(48,) dtype=float64>]
('>', 'Mdl*hbf2*-units[2, 48, 48, 1], task: task_f2d_2x2_1_cosx1_plus_x2_depth2, step 1600/5196, train err 6.48844, cv err: 6.25327 test err 6.31447')
('>', 'Opt:Adam, BN False, BN_trainable: False After1600/5196 iteration,Init: data_trunc_norm_kern')
S:  [None, <tf.Tensor 'Const_1:0' shape=(48,) dtype=float64>, <tf.Tensor 'Const_2:0' shape=(48,) dtype=float64>]
('>', 'Mdl*hbf2*-units[2, 48, 48, 1], task: task_f2d_2x2_1_cosx1_plus_x2_depth2, step 1650/5196, train err 6.46361, cv err: 6.23031 test err 6.29052')
('>', 'Opt:Adam, BN False, BN_trainable: False After1650/5196 iteration,Init: data_trunc_norm_kern')
S:  [None, <tf.Tensor 'Const_1:0' shape=(48,) dtype=float64>, <tf.Tensor 'Const_2:0' shape=(48,) dtype=float64>]
('>', 'Mdl*hbf2*-units[2, 48, 48, 1], task: task_f2d_2x2_1_cosx1_plus_x2_depth2, step 1700/5196, train err 6.43906, cv err: 6.20764 test err 6.26688')
('>', 'Opt:Adam, BN False, BN_trainable: False After1700/5196 iteration,Init: data_trunc_norm_kern')
S:  [None, <tf.Tensor 'Const_1:0' shape=(48,) dtype=float64>, <tf.Tensor 'Const_2:0' shape=(48,) dtype=float64>]
('>', 'Mdl*hbf2*-units[2, 48, 48, 1], task: task_f2d_2x2_1_cosx1_plus_x2_depth2, step 1750/5196, train err 6.41566, cv err: 6.18607 test err 6.2444')
('>', 'Opt:Adam, BN False, BN_trainable: False After1750/5196 iteration,Init: data_trunc_norm_kern')
S:  [None, <tf.Tensor 'Const_1:0' shape=(48,) dtype=float64>, <tf.Tensor 'Const_2:0' shape=(48,) dtype=float64>]
('>', 'Mdl*hbf2*-units[2, 48, 48, 1], task: task_f2d_2x2_1_cosx1_plus_x2_depth2, step 1800/5196, train err 6.39292, cv err: 6.16516 test err 6.22261')
('>', 'Opt:Adam, BN False, BN_trainable: False After1800/5196 iteration,Init: data_trunc_norm_kern')
S:  [None, <tf.Tensor 'Const_1:0' shape=(48,) dtype=float64>, <tf.Tensor 'Const_2:0' shape=(48,) dtype=float64>]
('>', 'Mdl*hbf2*-units[2, 48, 48, 1], task: task_f2d_2x2_1_cosx1_plus_x2_depth2, step 1850/5196, train err 6.37051, cv err: 6.14457 test err 6.20118')
('>', 'Opt:Adam, BN False, BN_trainable: False After1850/5196 iteration,Init: data_trunc_norm_kern')
S:  [None, <tf.Tensor 'Const_1:0' shape=(48,) dtype=float64>, <tf.Tensor 'Const_2:0' shape=(48,) dtype=float64>]
('>', 'Mdl*hbf2*-units[2, 48, 48, 1], task: task_f2d_2x2_1_cosx1_plus_x2_depth2, step 1900/5196, train err 6.34851, cv err: 6.12439 test err 6.18019')
('>', 'Opt:Adam, BN False, BN_trainable: False After1900/5196 iteration,Init: data_trunc_norm_kern')
S:  [None, <tf.Tensor 'Const_1:0' shape=(48,) dtype=float64>, <tf.Tensor 'Const_2:0' shape=(48,) dtype=float64>]
('>', 'Mdl*hbf2*-units[2, 48, 48, 1], task: task_f2d_2x2_1_cosx1_plus_x2_depth2, step 1950/5196, train err 6.32733, cv err: 6.10501 test err 6.16002')
('>', 'Opt:Adam, BN False, BN_trainable: False After1950/5196 iteration,Init: data_trunc_norm_kern')
S:  [None, <tf.Tensor 'Const_1:0' shape=(48,) dtype=float64>, <tf.Tensor 'Const_2:0' shape=(48,) dtype=float64>]
('>', 'Mdl*hbf2*-units[2, 48, 48, 1], task: task_f2d_2x2_1_cosx1_plus_x2_depth2, step 2000/5196, train err 6.30695, cv err: 6.0864 test err 6.14065')
('>', 'Opt:Adam, BN False, BN_trainable: False After2000/5196 iteration,Init: data_trunc_norm_kern')
S:  [None, <tf.Tensor 'Const_1:0' shape=(48,) dtype=float64>, <tf.Tensor 'Const_2:0' shape=(48,) dtype=float64>]
('>', 'Mdl*hbf2*-units[2, 48, 48, 1], task: task_f2d_2x2_1_cosx1_plus_x2_depth2, step 2050/5196, train err 6.287, cv err: 6.06822 test err 6.12173')
('>', 'Opt:Adam, BN False, BN_trainable: False After2050/5196 iteration,Init: data_trunc_norm_kern')
S:  [None, <tf.Tensor 'Const_1:0' shape=(48,) dtype=float64>, <tf.Tensor 'Const_2:0' shape=(48,) dtype=float64>]
('>', 'Mdl*hbf2*-units[2, 48, 48, 1], task: task_f2d_2x2_1_cosx1_plus_x2_depth2, step 2100/5196, train err 6.26735, cv err: 6.05036 test err 6.10311')
('>', 'Opt:Adam, BN False, BN_trainable: False After2100/5196 iteration,Init: data_trunc_norm_kern')
S:  [None, <tf.Tensor 'Const_1:0' shape=(48,) dtype=float64>, <tf.Tensor 'Const_2:0' shape=(48,) dtype=float64>]
('>', 'Mdl*hbf2*-units[2, 48, 48, 1], task: task_f2d_2x2_1_cosx1_plus_x2_depth2, step 2150/5196, train err 6.24834, cv err: 6.03313 test err 6.08515')
('>', 'Opt:Adam, BN False, BN_trainable: False After2150/5196 iteration,Init: data_trunc_norm_kern')
S:  [None, <tf.Tensor 'Const_1:0' shape=(48,) dtype=float64>, <tf.Tensor 'Const_2:0' shape=(48,) dtype=float64>]
('>', 'Mdl*hbf2*-units[2, 48, 48, 1], task: task_f2d_2x2_1_cosx1_plus_x2_depth2, step 2200/5196, train err 6.23028, cv err: 6.01678 test err 6.06811')
('>', 'Opt:Adam, BN False, BN_trainable: False After2200/5196 iteration,Init: data_trunc_norm_kern')
S:  [None, <tf.Tensor 'Const_1:0' shape=(48,) dtype=float64>, <tf.Tensor 'Const_2:0' shape=(48,) dtype=float64>]
('>', 'Mdl*hbf2*-units[2, 48, 48, 1], task: task_f2d_2x2_1_cosx1_plus_x2_depth2, step 2250/5196, train err 6.21258, cv err: 6.0008 test err 6.05145')
('>', 'Opt:Adam, BN False, BN_trainable: False After2250/5196 iteration,Init: data_trunc_norm_kern')
S:  [None, <tf.Tensor 'Const_1:0' shape=(48,) dtype=float64>, <tf.Tensor 'Const_2:0' shape=(48,) dtype=float64>]
('>', 'Mdl*hbf2*-units[2, 48, 48, 1], task: task_f2d_2x2_1_cosx1_plus_x2_depth2, step 2300/5196, train err 6.19515, cv err: 5.9851 test err 6.03509')
('>', 'Opt:Adam, BN False, BN_trainable: False After2300/5196 iteration,Init: data_trunc_norm_kern')
S:  [None, <tf.Tensor 'Const_1:0' shape=(48,) dtype=float64>, <tf.Tensor 'Const_2:0' shape=(48,) dtype=float64>]
('>', 'Mdl*hbf2*-units[2, 48, 48, 1], task: task_f2d_2x2_1_cosx1_plus_x2_depth2, step 2350/5196, train err 6.17813, cv err: 5.96981 test err 6.01916')
('>', 'Opt:Adam, BN False, BN_trainable: False After2350/5196 iteration,Init: data_trunc_norm_kern')
S:  [None, <tf.Tensor 'Const_1:0' shape=(48,) dtype=float64>, <tf.Tensor 'Const_2:0' shape=(48,) dtype=float64>]
('>', 'Mdl*hbf2*-units[2, 48, 48, 1], task: task_f2d_2x2_1_cosx1_plus_x2_depth2, step 2400/5196, train err 6.16204, cv err: 5.9554 test err 6.00414')
('>', 'Opt:Adam, BN False, BN_trainable: False After2400/5196 iteration,Init: data_trunc_norm_kern')
S:  [None, <tf.Tensor 'Const_1:0' shape=(48,) dtype=float64>, <tf.Tensor 'Const_2:0' shape=(48,) dtype=float64>]
('>', 'Mdl*hbf2*-units[2, 48, 48, 1], task: task_f2d_2x2_1_cosx1_plus_x2_depth2, step 2450/5196, train err 6.14636, cv err: 5.94138 test err 5.98954')
('>', 'Opt:Adam, BN False, BN_trainable: False After2450/5196 iteration,Init: data_trunc_norm_kern')
S:  [None, <tf.Tensor 'Const_1:0' shape=(48,) dtype=float64>, <tf.Tensor 'Const_2:0' shape=(48,) dtype=float64>]
('>', 'Mdl*hbf2*-units[2, 48, 48, 1], task: task_f2d_2x2_1_cosx1_plus_x2_depth2, step 2500/5196, train err 6.13099, cv err: 5.92767 test err 5.97525')
('>', 'Opt:Adam, BN False, BN_trainable: False After2500/5196 iteration,Init: data_trunc_norm_kern')
S:  [None, <tf.Tensor 'Const_1:0' shape=(48,) dtype=float64>, <tf.Tensor 'Const_2:0' shape=(48,) dtype=float64>]
('>', 'Mdl*hbf2*-units[2, 48, 48, 1], task: task_f2d_2x2_1_cosx1_plus_x2_depth2, step 2550/5196, train err 6.116, cv err: 5.91435 test err 5.96137')
('>', 'Opt:Adam, BN False, BN_trainable: False After2550/5196 iteration,Init: data_trunc_norm_kern')
S:  [None, <tf.Tensor 'Const_1:0' shape=(48,) dtype=float64>, <tf.Tensor 'Const_2:0' shape=(48,) dtype=float64>]
('>', 'Mdl*hbf2*-units[2, 48, 48, 1], task: task_f2d_2x2_1_cosx1_plus_x2_depth2, step 2600/5196, train err 6.10169, cv err: 5.90166 test err 5.94816')
('>', 'Opt:Adam, BN False, BN_trainable: False After2600/5196 iteration,Init: data_trunc_norm_kern')
S:  [None, <tf.Tensor 'Const_1:0' shape=(48,) dtype=float64>, <tf.Tensor 'Const_2:0' shape=(48,) dtype=float64>]
('>', 'Mdl*hbf2*-units[2, 48, 48, 1], task: task_f2d_2x2_1_cosx1_plus_x2_depth2, step 2650/5196, train err 6.08795, cv err: 5.88952 test err 5.93551')
('>', 'Opt:Adam, BN False, BN_trainable: False After2650/5196 iteration,Init: data_trunc_norm_kern')
S:  [None, <tf.Tensor 'Const_1:0' shape=(48,) dtype=float64>, <tf.Tensor 'Const_2:0' shape=(48,) dtype=float64>]
('>', 'Mdl*hbf2*-units[2, 48, 48, 1], task: task_f2d_2x2_1_cosx1_plus_x2_depth2, step 2700/5196, train err 6.07447, cv err: 5.87764 test err 5.92314')
('>', 'Opt:Adam, BN False, BN_trainable: False After2700/5196 iteration,Init: data_trunc_norm_kern')
S:  [None, <tf.Tensor 'Const_1:0' shape=(48,) dtype=float64>, <tf.Tensor 'Const_2:0' shape=(48,) dtype=float64>]
('>', 'Mdl*hbf2*-units[2, 48, 48, 1], task: task_f2d_2x2_1_cosx1_plus_x2_depth2, step 2750/5196, train err 6.06133, cv err: 5.8661 test err 5.91113')
('>', 'Opt:Adam, BN False, BN_trainable: False After2750/5196 iteration,Init: data_trunc_norm_kern')
S:  [None, <tf.Tensor 'Const_1:0' shape=(48,) dtype=float64>, <tf.Tensor 'Const_2:0' shape=(48,) dtype=float64>]
('>', 'Mdl*hbf2*-units[2, 48, 48, 1], task: task_f2d_2x2_1_cosx1_plus_x2_depth2, step 2800/5196, train err 6.04871, cv err: 5.85504 test err 5.89962')
('>', 'Opt:Adam, BN False, BN_trainable: False After2800/5196 iteration,Init: data_trunc_norm_kern')
S:  [None, <tf.Tensor 'Const_1:0' shape=(48,) dtype=float64>, <tf.Tensor 'Const_2:0' shape=(48,) dtype=float64>]
('>', 'Mdl*hbf2*-units[2, 48, 48, 1], task: task_f2d_2x2_1_cosx1_plus_x2_depth2, step 2850/5196, train err 6.03669, cv err: 5.84455 test err 5.8887')
('>', 'Opt:Adam, BN False, BN_trainable: False After2850/5196 iteration,Init: data_trunc_norm_kern')
S:  [None, <tf.Tensor 'Const_1:0' shape=(48,) dtype=float64>, <tf.Tensor 'Const_2:0' shape=(48,) dtype=float64>]
('>', 'Mdl*hbf2*-units[2, 48, 48, 1], task: task_f2d_2x2_1_cosx1_plus_x2_depth2, step 2900/5196, train err 6.02496, cv err: 5.83436 test err 5.8781')
('>', 'Opt:Adam, BN False, BN_trainable: False After2900/5196 iteration,Init: data_trunc_norm_kern')
S:  [None, <tf.Tensor 'Const_1:0' shape=(48,) dtype=float64>, <tf.Tensor 'Const_2:0' shape=(48,) dtype=float64>]
('>', 'Mdl*hbf2*-units[2, 48, 48, 1], task: task_f2d_2x2_1_cosx1_plus_x2_depth2, step 2950/5196, train err 6.01359, cv err: 5.8245 test err 5.86784')
('>', 'Opt:Adam, BN False, BN_trainable: False After2950/5196 iteration,Init: data_trunc_norm_kern')
S:  [None, <tf.Tensor 'Const_1:0' shape=(48,) dtype=float64>, <tf.Tensor 'Const_2:0' shape=(48,) dtype=float64>]
('>', 'Mdl*hbf2*-units[2, 48, 48, 1], task: task_f2d_2x2_1_cosx1_plus_x2_depth2, step 3000/5196, train err 6.00256, cv err: 5.81498 test err 5.85795')
('>', 'Opt:Adam, BN False, BN_trainable: False After3000/5196 iteration,Init: data_trunc_norm_kern')
S:  [None, <tf.Tensor 'Const_1:0' shape=(48,) dtype=float64>, <tf.Tensor 'Const_2:0' shape=(48,) dtype=float64>]
('>', 'Mdl*hbf2*-units[2, 48, 48, 1], task: task_f2d_2x2_1_cosx1_plus_x2_depth2, step 3050/5196, train err 5.99218, cv err: 5.80607 test err 5.84869')
('>', 'Opt:Adam, BN False, BN_trainable: False After3050/5196 iteration,Init: data_trunc_norm_kern')
S:  [None, <tf.Tensor 'Const_1:0' shape=(48,) dtype=float64>, <tf.Tensor 'Const_2:0' shape=(48,) dtype=float64>]
('>', 'Mdl*hbf2*-units[2, 48, 48, 1], task: task_f2d_2x2_1_cosx1_plus_x2_depth2, step 3100/5196, train err 5.98217, cv err: 5.79751 test err 5.83979')
('>', 'Opt:Adam, BN False, BN_trainable: False After3100/5196 iteration,Init: data_trunc_norm_kern')
S:  [None, <tf.Tensor 'Const_1:0' shape=(48,) dtype=float64>, <tf.Tensor 'Const_2:0' shape=(48,) dtype=float64>]
('>', 'Mdl*hbf2*-units[2, 48, 48, 1], task: task_f2d_2x2_1_cosx1_plus_x2_depth2, step 3150/5196, train err 5.97243, cv err: 5.78922 test err 5.83117')
('>', 'Opt:Adam, BN False, BN_trainable: False After3150/5196 iteration,Init: data_trunc_norm_kern')
S:  [None, <tf.Tensor 'Const_1:0' shape=(48,) dtype=float64>, <tf.Tensor 'Const_2:0' shape=(48,) dtype=float64>]
('>', 'Mdl*hbf2*-units[2, 48, 48, 1], task: task_f2d_2x2_1_cosx1_plus_x2_depth2, step 3200/5196, train err 5.96301, cv err: 5.78125 test err 5.82289')
('>', 'Opt:Adam, BN False, BN_trainable: False After3200/5196 iteration,Init: data_trunc_norm_kern')
S:  [None, <tf.Tensor 'Const_1:0' shape=(48,) dtype=float64>, <tf.Tensor 'Const_2:0' shape=(48,) dtype=float64>]
('>', 'Mdl*hbf2*-units[2, 48, 48, 1], task: task_f2d_2x2_1_cosx1_plus_x2_depth2, step 3250/5196, train err 5.95417, cv err: 5.7738 test err 5.81515')
('>', 'Opt:Adam, BN False, BN_trainable: False After3250/5196 iteration,Init: data_trunc_norm_kern')
S:  [None, <tf.Tensor 'Const_1:0' shape=(48,) dtype=float64>, <tf.Tensor 'Const_2:0' shape=(48,) dtype=float64>]
('>', 'Mdl*hbf2*-units[2, 48, 48, 1], task: task_f2d_2x2_1_cosx1_plus_x2_depth2, step 3300/5196, train err 5.94565, cv err: 5.76666 test err 5.80773')
('>', 'Opt:Adam, BN False, BN_trainable: False After3300/5196 iteration,Init: data_trunc_norm_kern')
S:  [None, <tf.Tensor 'Const_1:0' shape=(48,) dtype=float64>, <tf.Tensor 'Const_2:0' shape=(48,) dtype=float64>]
('>', 'Mdl*hbf2*-units[2, 48, 48, 1], task: task_f2d_2x2_1_cosx1_plus_x2_depth2, step 3350/5196, train err 5.93744, cv err: 5.75982 test err 5.80063')
('>', 'Opt:Adam, BN False, BN_trainable: False After3350/5196 iteration,Init: data_trunc_norm_kern')
S:  [None, <tf.Tensor 'Const_1:0' shape=(48,) dtype=float64>, <tf.Tensor 'Const_2:0' shape=(48,) dtype=float64>]
('>', 'Mdl*hbf2*-units[2, 48, 48, 1], task: task_f2d_2x2_1_cosx1_plus_x2_depth2, step 3400/5196, train err 5.92952, cv err: 5.75326 test err 5.79382')
('>', 'Opt:Adam, BN False, BN_trainable: False After3400/5196 iteration,Init: data_trunc_norm_kern')
S:  [None, <tf.Tensor 'Const_1:0' shape=(48,) dtype=float64>, <tf.Tensor 'Const_2:0' shape=(48,) dtype=float64>]
('>', 'Mdl*hbf2*-units[2, 48, 48, 1], task: task_f2d_2x2_1_cosx1_plus_x2_depth2, step 3450/5196, train err 5.92202, cv err: 5.74708 test err 5.78741')
('>', 'Opt:Adam, BN False, BN_trainable: False After3450/5196 iteration,Init: data_trunc_norm_kern')
S:  [None, <tf.Tensor 'Const_1:0' shape=(48,) dtype=float64>, <tf.Tensor 'Const_2:0' shape=(48,) dtype=float64>]
('>', 'Mdl*hbf2*-units[2, 48, 48, 1], task: task_f2d_2x2_1_cosx1_plus_x2_depth2, step 3500/5196, train err 5.91495, cv err: 5.74129 test err 5.78141')
('>', 'Opt:Adam, BN False, BN_trainable: False After3500/5196 iteration,Init: data_trunc_norm_kern')
S:  [None, <tf.Tensor 'Const_1:0' shape=(48,) dtype=float64>, <tf.Tensor 'Const_2:0' shape=(48,) dtype=float64>]
('>', 'Mdl*hbf2*-units[2, 48, 48, 1], task: task_f2d_2x2_1_cosx1_plus_x2_depth2, step 3550/5196, train err 5.90807, cv err: 5.7357 test err 5.77562')
('>', 'Opt:Adam, BN False, BN_trainable: False After3550/5196 iteration,Init: data_trunc_norm_kern')
S:  [None, <tf.Tensor 'Const_1:0' shape=(48,) dtype=float64>, <tf.Tensor 'Const_2:0' shape=(48,) dtype=float64>]
('>', 'Mdl*hbf2*-units[2, 48, 48, 1], task: task_f2d_2x2_1_cosx1_plus_x2_depth2, step 3600/5196, train err 5.90165, cv err: 5.73049 test err 5.77024')
('>', 'Opt:Adam, BN False, BN_trainable: False After3600/5196 iteration,Init: data_trunc_norm_kern')
S:  [None, <tf.Tensor 'Const_1:0' shape=(48,) dtype=float64>, <tf.Tensor 'Const_2:0' shape=(48,) dtype=float64>]
('>', 'Mdl*hbf2*-units[2, 48, 48, 1], task: task_f2d_2x2_1_cosx1_plus_x2_depth2, step 3650/5196, train err 5.89548, cv err: 5.72551 test err 5.7651')
('>', 'Opt:Adam, BN False, BN_trainable: False After3650/5196 iteration,Init: data_trunc_norm_kern')
S:  [None, <tf.Tensor 'Const_1:0' shape=(48,) dtype=float64>, <tf.Tensor 'Const_2:0' shape=(48,) dtype=float64>]
('>', 'Mdl*hbf2*-units[2, 48, 48, 1], task: task_f2d_2x2_1_cosx1_plus_x2_depth2, step 3700/5196, train err 5.88982, cv err: 5.72097 test err 5.76042')
('>', 'Opt:Adam, BN False, BN_trainable: False After3700/5196 iteration,Init: data_trunc_norm_kern')
S:  [None, <tf.Tensor 'Const_1:0' shape=(48,) dtype=float64>, <tf.Tensor 'Const_2:0' shape=(48,) dtype=float64>]
('>', 'Mdl*hbf2*-units[2, 48, 48, 1], task: task_f2d_2x2_1_cosx1_plus_x2_depth2, step 3750/5196, train err 5.88447, cv err: 5.71666 test err 5.756')
('>', 'Opt:Adam, BN False, BN_trainable: False After3750/5196 iteration,Init: data_trunc_norm_kern')
S:  [None, <tf.Tensor 'Const_1:0' shape=(48,) dtype=float64>, <tf.Tensor 'Const_2:0' shape=(48,) dtype=float64>]
('>', 'Mdl*hbf2*-units[2, 48, 48, 1], task: task_f2d_2x2_1_cosx1_plus_x2_depth2, step 3800/5196, train err 5.87928, cv err: 5.71251 test err 5.75174')
('>', 'Opt:Adam, BN False, BN_trainable: False After3800/5196 iteration,Init: data_trunc_norm_kern')
S:  [None, <tf.Tensor 'Const_1:0' shape=(48,) dtype=float64>, <tf.Tensor 'Const_2:0' shape=(48,) dtype=float64>]
('>', 'Mdl*hbf2*-units[2, 48, 48, 1], task: task_f2d_2x2_1_cosx1_plus_x2_depth2, step 3850/5196, train err 5.87439, cv err: 5.70859 test err 5.74774')
('>', 'Opt:Adam, BN False, BN_trainable: False After3850/5196 iteration,Init: data_trunc_norm_kern')
S:  [None, <tf.Tensor 'Const_1:0' shape=(48,) dtype=float64>, <tf.Tensor 'Const_2:0' shape=(48,) dtype=float64>]
('>', 'Mdl*hbf2*-units[2, 48, 48, 1], task: task_f2d_2x2_1_cosx1_plus_x2_depth2, step 3900/5196, train err 5.86976, cv err: 5.70489 test err 5.74396')
('>', 'Opt:Adam, BN False, BN_trainable: False After3900/5196 iteration,Init: data_trunc_norm_kern')
S:  [None, <tf.Tensor 'Const_1:0' shape=(48,) dtype=float64>, <tf.Tensor 'Const_2:0' shape=(48,) dtype=float64>]
('>', 'Mdl*hbf2*-units[2, 48, 48, 1], task: task_f2d_2x2_1_cosx1_plus_x2_depth2, step 3950/5196, train err 5.86532, cv err: 5.70135 test err 5.74034')
('>', 'Opt:Adam, BN False, BN_trainable: False After3950/5196 iteration,Init: data_trunc_norm_kern')
S:  [None, <tf.Tensor 'Const_1:0' shape=(48,) dtype=float64>, <tf.Tensor 'Const_2:0' shape=(48,) dtype=float64>]
('>', 'Mdl*hbf2*-units[2, 48, 48, 1], task: task_f2d_2x2_1_cosx1_plus_x2_depth2, step 4000/5196, train err 5.86099, cv err: 5.69789 test err 5.73683')
('>', 'Opt:Adam, BN False, BN_trainable: False After4000/5196 iteration,Init: data_trunc_norm_kern')
S:  [None, <tf.Tensor 'Const_1:0' shape=(48,) dtype=float64>, <tf.Tensor 'Const_2:0' shape=(48,) dtype=float64>]
('>', 'Mdl*hbf2*-units[2, 48, 48, 1], task: task_f2d_2x2_1_cosx1_plus_x2_depth2, step 4050/5196, train err 5.85679, cv err: 5.69454 test err 5.73344')
('>', 'Opt:Adam, BN False, BN_trainable: False After4050/5196 iteration,Init: data_trunc_norm_kern')
S:  [None, <tf.Tensor 'Const_1:0' shape=(48,) dtype=float64>, <tf.Tensor 'Const_2:0' shape=(48,) dtype=float64>]
('>', 'Mdl*hbf2*-units[2, 48, 48, 1], task: task_f2d_2x2_1_cosx1_plus_x2_depth2, step 4100/5196, train err 5.85289, cv err: 5.69143 test err 5.73029')
('>', 'Opt:Adam, BN False, BN_trainable: False After4100/5196 iteration,Init: data_trunc_norm_kern')
S:  [None, <tf.Tensor 'Const_1:0' shape=(48,) dtype=float64>, <tf.Tensor 'Const_2:0' shape=(48,) dtype=float64>]
('>', 'Mdl*hbf2*-units[2, 48, 48, 1], task: task_f2d_2x2_1_cosx1_plus_x2_depth2, step 4150/5196, train err 5.84903, cv err: 5.68837 test err 5.7272')
('>', 'Opt:Adam, BN False, BN_trainable: False After4150/5196 iteration,Init: data_trunc_norm_kern')
S:  [None, <tf.Tensor 'Const_1:0' shape=(48,) dtype=float64>, <tf.Tensor 'Const_2:0' shape=(48,) dtype=float64>]
('>', 'Mdl*hbf2*-units[2, 48, 48, 1], task: task_f2d_2x2_1_cosx1_plus_x2_depth2, step 4200/5196, train err 5.84536, cv err: 5.68545 test err 5.72425')
('>', 'Opt:Adam, BN False, BN_trainable: False After4200/5196 iteration,Init: data_trunc_norm_kern')
S:  [None, <tf.Tensor 'Const_1:0' shape=(48,) dtype=float64>, <tf.Tensor 'Const_2:0' shape=(48,) dtype=float64>]
('>', 'Mdl*hbf2*-units[2, 48, 48, 1], task: task_f2d_2x2_1_cosx1_plus_x2_depth2, step 4250/5196, train err 5.84174, cv err: 5.68258 test err 5.72136')
('>', 'Opt:Adam, BN False, BN_trainable: False After4250/5196 iteration,Init: data_trunc_norm_kern')
S:  [None, <tf.Tensor 'Const_1:0' shape=(48,) dtype=float64>, <tf.Tensor 'Const_2:0' shape=(48,) dtype=float64>]
('>', 'Mdl*hbf2*-units[2, 48, 48, 1], task: task_f2d_2x2_1_cosx1_plus_x2_depth2, step 4300/5196, train err 5.83825, cv err: 5.67982 test err 5.71858')
('>', 'Opt:Adam, BN False, BN_trainable: False After4300/5196 iteration,Init: data_trunc_norm_kern')
S:  [None, <tf.Tensor 'Const_1:0' shape=(48,) dtype=float64>, <tf.Tensor 'Const_2:0' shape=(48,) dtype=float64>]
('>', 'Mdl*hbf2*-units[2, 48, 48, 1], task: task_f2d_2x2_1_cosx1_plus_x2_depth2, step 4350/5196, train err 5.83502, cv err: 5.67725 test err 5.716')
('>', 'Opt:Adam, BN False, BN_trainable: False After4350/5196 iteration,Init: data_trunc_norm_kern')
S:  [None, <tf.Tensor 'Const_1:0' shape=(48,) dtype=float64>, <tf.Tensor 'Const_2:0' shape=(48,) dtype=float64>]
('>', 'Mdl*hbf2*-units[2, 48, 48, 1], task: task_f2d_2x2_1_cosx1_plus_x2_depth2, step 4400/5196, train err 5.83184, cv err: 5.67473 test err 5.71347')
('>', 'Opt:Adam, BN False, BN_trainable: False After4400/5196 iteration,Init: data_trunc_norm_kern')
S:  [None, <tf.Tensor 'Const_1:0' shape=(48,) dtype=float64>, <tf.Tensor 'Const_2:0' shape=(48,) dtype=float64>]
('>', 'Mdl*hbf2*-units[2, 48, 48, 1], task: task_f2d_2x2_1_cosx1_plus_x2_depth2, step 4450/5196, train err 5.82868, cv err: 5.67222 test err 5.71097')
('>', 'Opt:Adam, BN False, BN_trainable: False After4450/5196 iteration,Init: data_trunc_norm_kern')
S:  [None, <tf.Tensor 'Const_1:0' shape=(48,) dtype=float64>, <tf.Tensor 'Const_2:0' shape=(48,) dtype=float64>]
('>', 'Mdl*hbf2*-units[2, 48, 48, 1], task: task_f2d_2x2_1_cosx1_plus_x2_depth2, step 4500/5196, train err 5.82569, cv err: 5.66983 test err 5.70858')
('>', 'Opt:Adam, BN False, BN_trainable: False After4500/5196 iteration,Init: data_trunc_norm_kern')
S:  [None, <tf.Tensor 'Const_1:0' shape=(48,) dtype=float64>, <tf.Tensor 'Const_2:0' shape=(48,) dtype=float64>]
('>', 'Mdl*hbf2*-units[2, 48, 48, 1], task: task_f2d_2x2_1_cosx1_plus_x2_depth2, step 4550/5196, train err 5.82285, cv err: 5.66754 test err 5.70629')
('>', 'Opt:Adam, BN False, BN_trainable: False After4550/5196 iteration,Init: data_trunc_norm_kern')
S:  [None, <tf.Tensor 'Const_1:0' shape=(48,) dtype=float64>, <tf.Tensor 'Const_2:0' shape=(48,) dtype=float64>]
('>', 'Mdl*hbf2*-units[2, 48, 48, 1], task: task_f2d_2x2_1_cosx1_plus_x2_depth2, step 4600/5196, train err 5.82009, cv err: 5.6653 test err 5.70407')
('>', 'Opt:Adam, BN False, BN_trainable: False After4600/5196 iteration,Init: data_trunc_norm_kern')
S:  [None, <tf.Tensor 'Const_1:0' shape=(48,) dtype=float64>, <tf.Tensor 'Const_2:0' shape=(48,) dtype=float64>]
('>', 'Mdl*hbf2*-units[2, 48, 48, 1], task: task_f2d_2x2_1_cosx1_plus_x2_depth2, step 4650/5196, train err 5.81741, cv err: 5.66308 test err 5.70186')
('>', 'Opt:Adam, BN False, BN_trainable: False After4650/5196 iteration,Init: data_trunc_norm_kern')
S:  [None, <tf.Tensor 'Const_1:0' shape=(48,) dtype=float64>, <tf.Tensor 'Const_2:0' shape=(48,) dtype=float64>]
('>', 'Mdl*hbf2*-units[2, 48, 48, 1], task: task_f2d_2x2_1_cosx1_plus_x2_depth2, step 4700/5196, train err 5.81476, cv err: 5.66088 test err 5.69968')
('>', 'Opt:Adam, BN False, BN_trainable: False After4700/5196 iteration,Init: data_trunc_norm_kern')
S:  [None, <tf.Tensor 'Const_1:0' shape=(48,) dtype=float64>, <tf.Tensor 'Const_2:0' shape=(48,) dtype=float64>]
('>', 'Mdl*hbf2*-units[2, 48, 48, 1], task: task_f2d_2x2_1_cosx1_plus_x2_depth2, step 4750/5196, train err 5.81229, cv err: 5.6588 test err 5.69761')
('>', 'Opt:Adam, BN False, BN_trainable: False After4750/5196 iteration,Init: data_trunc_norm_kern')
S:  [None, <tf.Tensor 'Const_1:0' shape=(48,) dtype=float64>, <tf.Tensor 'Const_2:0' shape=(48,) dtype=float64>]
('>', 'Mdl*hbf2*-units[2, 48, 48, 1], task: task_f2d_2x2_1_cosx1_plus_x2_depth2, step 4800/5196, train err 5.80981, cv err: 5.65673 test err 5.69556')
('>', 'Opt:Adam, BN False, BN_trainable: False After4800/5196 iteration,Init: data_trunc_norm_kern')
S:  [None, <tf.Tensor 'Const_1:0' shape=(48,) dtype=float64>, <tf.Tensor 'Const_2:0' shape=(48,) dtype=float64>]
('>', 'Mdl*hbf2*-units[2, 48, 48, 1], task: task_f2d_2x2_1_cosx1_plus_x2_depth2, step 4850/5196, train err 5.80738, cv err: 5.65468 test err 5.69353')
('>', 'Opt:Adam, BN False, BN_trainable: False After4850/5196 iteration,Init: data_trunc_norm_kern')
S:  [None, <tf.Tensor 'Const_1:0' shape=(48,) dtype=float64>, <tf.Tensor 'Const_2:0' shape=(48,) dtype=float64>]
('>', 'Mdl*hbf2*-units[2, 48, 48, 1], task: task_f2d_2x2_1_cosx1_plus_x2_depth2, step 4900/5196, train err 5.80496, cv err: 5.65265 test err 5.69152')
('>', 'Opt:Adam, BN False, BN_trainable: False After4900/5196 iteration,Init: data_trunc_norm_kern')
S:  [None, <tf.Tensor 'Const_1:0' shape=(48,) dtype=float64>, <tf.Tensor 'Const_2:0' shape=(48,) dtype=float64>]
('>', 'Mdl*hbf2*-units[2, 48, 48, 1], task: task_f2d_2x2_1_cosx1_plus_x2_depth2, step 4950/5196, train err 5.80267, cv err: 5.65071 test err 5.68961')
('>', 'Opt:Adam, BN False, BN_trainable: False After4950/5196 iteration,Init: data_trunc_norm_kern')
S:  [None, <tf.Tensor 'Const_1:0' shape=(48,) dtype=float64>, <tf.Tensor 'Const_2:0' shape=(48,) dtype=float64>]
('>', 'Mdl*hbf2*-units[2, 48, 48, 1], task: task_f2d_2x2_1_cosx1_plus_x2_depth2, step 5000/5196, train err 5.80047, cv err: 5.64883 test err 5.68774')
('>', 'Opt:Adam, BN False, BN_trainable: False After5000/5196 iteration,Init: data_trunc_norm_kern')
S:  [None, <tf.Tensor 'Const_1:0' shape=(48,) dtype=float64>, <tf.Tensor 'Const_2:0' shape=(48,) dtype=float64>]
('>', 'Mdl*hbf2*-units[2, 48, 48, 1], task: task_f2d_2x2_1_cosx1_plus_x2_depth2, step 5050/5196, train err 5.79826, cv err: 5.64695 test err 5.68589')
('>', 'Opt:Adam, BN False, BN_trainable: False After5050/5196 iteration,Init: data_trunc_norm_kern')
S:  [None, <tf.Tensor 'Const_1:0' shape=(48,) dtype=float64>, <tf.Tensor 'Const_2:0' shape=(48,) dtype=float64>]
('>', 'Mdl*hbf2*-units[2, 48, 48, 1], task: task_f2d_2x2_1_cosx1_plus_x2_depth2, step 5100/5196, train err 5.79609, cv err: 5.6451 test err 5.68406')
('>', 'Opt:Adam, BN False, BN_trainable: False After5100/5196 iteration,Init: data_trunc_norm_kern')
S:  [None, <tf.Tensor 'Const_1:0' shape=(48,) dtype=float64>, <tf.Tensor 'Const_2:0' shape=(48,) dtype=float64>]
('>', 'Mdl*hbf2*-units[2, 48, 48, 1], task: task_f2d_2x2_1_cosx1_plus_x2_depth2, step 5150/5196, train err 5.79394, cv err: 5.64328 test err 5.68226')
('>', 'Opt:Adam, BN False, BN_trainable: False After5150/5196 iteration,Init: data_trunc_norm_kern')
S:  [None, <tf.Tensor 'Const_1:0' shape=(48,) dtype=float64>, <tf.Tensor 'Const_2:0' shape=(48,) dtype=float64>]
--- 1078.6794219 seconds ---
--- 17.977990365 minutes ---
--- 0.29963317275 hours ---


