I tensorflow/stream_executor/dso_loader.cc:108] successfully opened CUDA library libcublas.so locally
I tensorflow/stream_executor/dso_loader.cc:102] Couldn't open CUDA library libcudnn.so. LD_LIBRARY_PATH: /cm/shared/openmind/cuda/7.5/lib64:/cm/shared/openmind/cuda/7.5/lib
I tensorflow/stream_executor/cuda/cuda_dnn.cc:2092] Unable to load cuDNN DSO
I tensorflow/stream_executor/dso_loader.cc:108] successfully opened CUDA library libcufft.so locally
I tensorflow/stream_executor/dso_loader.cc:108] successfully opened CUDA library libcuda.so locally
I tensorflow/stream_executor/dso_loader.cc:108] successfully opened CUDA library libcurand.so locally
E tensorflow/stream_executor/cuda/cuda_driver.cc:491] failed call to cuInit: CUDA_ERROR_NO_DEVICE
I tensorflow/stream_executor/cuda/cuda_diagnostics.cc:153] retrieving CUDA diagnostic information for host: node031
I tensorflow/stream_executor/cuda/cuda_diagnostics.cc:160] hostname: node031
I tensorflow/stream_executor/cuda/cuda_diagnostics.cc:185] libcuda reported version is: Not found: was unable to find libcuda.so DSO loaded into this program
I tensorflow/stream_executor/cuda/cuda_diagnostics.cc:347] driver version file contents: """NVRM version: NVIDIA UNIX x86_64 Kernel Module  352.63  Sat Nov  7 21:25:42 PST 2015
GCC version:  gcc version 4.8.3 20140911 (Red Hat 4.8.3-9) (GCC) 
"""
I tensorflow/stream_executor/cuda/cuda_diagnostics.cc:189] kernel reported version is: 352.63.0
I tensorflow/core/common_runtime/gpu/gpu_init.cc:81] No GPU devices available on machine.
print sys.argv = ['main_nn.py', '2916617', '284', 'om_2x2_1_cosx1_plus_x2_depth2', 'task_2_August_HBF2_depth_2_1000_dont_train_S', 'HBF2_24_24_multiple_1000', 'True', '24,24', 'multiple_S', 'task_f2d_2x2_1_cosx1_plus_x2_depth2', 'False', 'False', 'hbf', 'data_trunc_norm_kern', 'dont_normalize', 'dont_train_S']
len(sys.argv) = 16
print argv = ['main_nn.py', '2916617', '284', 'om_2x2_1_cosx1_plus_x2_depth2', 'task_2_August_HBF2_depth_2_1000_dont_train_S', 'HBF2_24_24_multiple_1000', 'True', '24,24', 'multiple_S', 'task_f2d_2x2_1_cosx1_plus_x2_depth2', 'False', 'False', 'hbf', 'data_trunc_norm_kern', 'dont_normalize', 'dont_train_S']
len(argv) = 16
---------> len(argv) 16
['main_nn.py', '2916617', '284', 'om_2x2_1_cosx1_plus_x2_depth2', 'task_2_August_HBF2_depth_2_1000_dont_train_S', 'HBF2_24_24_multiple_1000', 'True', '24,24', 'multiple_S', 'task_f2d_2x2_1_cosx1_plus_x2_depth2', 'False', 'False', 'hbf', 'data_trunc_norm_kern', 'dont_normalize', 'dont_train_S']
2.8
mdl_type:  hbf
['main_nn.py', '2916617', '284', 'om_2x2_1_cosx1_plus_x2_depth2', 'task_2_August_HBF2_depth_2_1000_dont_train_S', 'HBF2_24_24_multiple_1000', 'True', '24,24', 'multiple_S', 'task_f2d_2x2_1_cosx1_plus_x2_depth2', 'False', 'False', 'hbf', 'data_trunc_norm_kern', 'dont_normalize', 'dont_train_S']
use_tensorboard False
experiment_root_dir=om_2x2_1_cosx1_plus_x2_depth2,slurm_jobid=2916617,slurm_array_task_id=284,job_name=HBF2_24_24_multiple_1000
----====> TASK NAME: task_f2d_2x2_1_cosx1_plus_x2_depth2
---> task_name:  task_f2d_2x2_1_cosx1_plus_x2_depth2
(N_train,D) =  (60025, 2)
(N_test,D_out) =  (60025, 1)
CLUSTER:  OM7
++> S/b_init  [None, 0.4177551, 2.199502663097483]
++++> M (batch size) : 17000
++> starter_learning_rate  0.00708283434755
++> decay_rate  0.603015906119
++> decay_steps  2985
++> staircase  True
-----> Running model: hbf. (nb_hidden_layers = 2, nb_layers = 3)
-----> Units: [2, 24, 24, 1])
train_S_type:  multiple_S
data_trunc_norm_kern
5.47273942859
DONE INITILIZING
[None, <tf.Tensor 'Const:0' shape=(2, 24) dtype=float64>, <tf.Tensor 'truncated_normal:0' shape=(24, 24) dtype=float64>]
isinstance
--> init_S:  Tensor("Const_1:0", shape=(24,), dtype=float64)
--> trainable_S:  False
isinstance
--> init_S:  Tensor("Const_2:0", shape=(24,), dtype=float64)
--> trainable_S:  False
('>', 'Mdl*hbf2*-units[2, 24, 24, 1], task: task_f2d_2x2_1_cosx1_plus_x2_depth2, step 0/4332, train err 7.94761, cv err: 7.62307 test err 7.75582')
('>', 'Opt:Adam, BN False, BN_trainable: False After0/4332 iteration,Init: data_trunc_norm_kern')
S:  [None, <tf.Tensor 'Const_1:0' shape=(24,) dtype=float64>, <tf.Tensor 'Const_2:0' shape=(24,) dtype=float64>]
('>', 'Mdl*hbf2*-units[2, 24, 24, 1], task: task_f2d_2x2_1_cosx1_plus_x2_depth2, step 50/4332, train err 5.62998, cv err: 5.47928 test err 5.54792')
('>', 'Opt:Adam, BN False, BN_trainable: False After50/4332 iteration,Init: data_trunc_norm_kern')
S:  [None, <tf.Tensor 'Const_1:0' shape=(24,) dtype=float64>, <tf.Tensor 'Const_2:0' shape=(24,) dtype=float64>]
('>', 'Mdl*hbf2*-units[2, 24, 24, 1], task: task_f2d_2x2_1_cosx1_plus_x2_depth2, step 100/4332, train err 8.49484, cv err: 8.58024 test err 8.3469')
('>', 'Opt:Adam, BN False, BN_trainable: False After100/4332 iteration,Init: data_trunc_norm_kern')
S:  [None, <tf.Tensor 'Const_1:0' shape=(24,) dtype=float64>, <tf.Tensor 'Const_2:0' shape=(24,) dtype=float64>]
('>', 'Mdl*hbf2*-units[2, 24, 24, 1], task: task_f2d_2x2_1_cosx1_plus_x2_depth2, step 150/4332, train err 14.021, cv err: 14.6783 test err 13.7094')
('>', 'Opt:Adam, BN False, BN_trainable: False After150/4332 iteration,Init: data_trunc_norm_kern')
S:  [None, <tf.Tensor 'Const_1:0' shape=(24,) dtype=float64>, <tf.Tensor 'Const_2:0' shape=(24,) dtype=float64>]
('>', 'Mdl*hbf2*-units[2, 24, 24, 1], task: task_f2d_2x2_1_cosx1_plus_x2_depth2, step 200/4332, train err 16.1385, cv err: 17.191 test err 15.9228')
('>', 'Opt:Adam, BN False, BN_trainable: False After200/4332 iteration,Init: data_trunc_norm_kern')
S:  [None, <tf.Tensor 'Const_1:0' shape=(24,) dtype=float64>, <tf.Tensor 'Const_2:0' shape=(24,) dtype=float64>]
('>', 'Mdl*hbf2*-units[2, 24, 24, 1], task: task_f2d_2x2_1_cosx1_plus_x2_depth2, step 250/4332, train err 15.4631, cv err: 16.3373 test err 15.3573')
('>', 'Opt:Adam, BN False, BN_trainable: False After250/4332 iteration,Init: data_trunc_norm_kern')
S:  [None, <tf.Tensor 'Const_1:0' shape=(24,) dtype=float64>, <tf.Tensor 'Const_2:0' shape=(24,) dtype=float64>]
('>', 'Mdl*hbf2*-units[2, 24, 24, 1], task: task_f2d_2x2_1_cosx1_plus_x2_depth2, step 300/4332, train err 14.5845, cv err: 15.4987 test err 14.5754')
('>', 'Opt:Adam, BN False, BN_trainable: False After300/4332 iteration,Init: data_trunc_norm_kern')
S:  [None, <tf.Tensor 'Const_1:0' shape=(24,) dtype=float64>, <tf.Tensor 'Const_2:0' shape=(24,) dtype=float64>]
('>', 'Mdl*hbf2*-units[2, 24, 24, 1], task: task_f2d_2x2_1_cosx1_plus_x2_depth2, step 350/4332, train err 13.5897, cv err: 14.3384 test err 13.602')
('>', 'Opt:Adam, BN False, BN_trainable: False After350/4332 iteration,Init: data_trunc_norm_kern')
S:  [None, <tf.Tensor 'Const_1:0' shape=(24,) dtype=float64>, <tf.Tensor 'Const_2:0' shape=(24,) dtype=float64>]
('>', 'Mdl*hbf2*-units[2, 24, 24, 1], task: task_f2d_2x2_1_cosx1_plus_x2_depth2, step 400/4332, train err 13.2581, cv err: 13.9638 test err 13.278')
('>', 'Opt:Adam, BN False, BN_trainable: False After400/4332 iteration,Init: data_trunc_norm_kern')
S:  [None, <tf.Tensor 'Const_1:0' shape=(24,) dtype=float64>, <tf.Tensor 'Const_2:0' shape=(24,) dtype=float64>]
('>', 'Mdl*hbf2*-units[2, 24, 24, 1], task: task_f2d_2x2_1_cosx1_plus_x2_depth2, step 450/4332, train err 12.4119, cv err: 13.0447 test err 12.4487')
('>', 'Opt:Adam, BN False, BN_trainable: False After450/4332 iteration,Init: data_trunc_norm_kern')
S:  [None, <tf.Tensor 'Const_1:0' shape=(24,) dtype=float64>, <tf.Tensor 'Const_2:0' shape=(24,) dtype=float64>]
('>', 'Mdl*hbf2*-units[2, 24, 24, 1], task: task_f2d_2x2_1_cosx1_plus_x2_depth2, step 500/4332, train err 11.6995, cv err: 12.2795 test err 11.7517')
('>', 'Opt:Adam, BN False, BN_trainable: False After500/4332 iteration,Init: data_trunc_norm_kern')
S:  [None, <tf.Tensor 'Const_1:0' shape=(24,) dtype=float64>, <tf.Tensor 'Const_2:0' shape=(24,) dtype=float64>]
('>', 'Mdl*hbf2*-units[2, 24, 24, 1], task: task_f2d_2x2_1_cosx1_plus_x2_depth2, step 550/4332, train err 11.7958, cv err: 12.3887 test err 11.8482')
('>', 'Opt:Adam, BN False, BN_trainable: False After550/4332 iteration,Init: data_trunc_norm_kern')
S:  [None, <tf.Tensor 'Const_1:0' shape=(24,) dtype=float64>, <tf.Tensor 'Const_2:0' shape=(24,) dtype=float64>]
('>', 'Mdl*hbf2*-units[2, 24, 24, 1], task: task_f2d_2x2_1_cosx1_plus_x2_depth2, step 600/4332, train err 11.8001, cv err: 12.3965 test err 11.8625')
('>', 'Opt:Adam, BN False, BN_trainable: False After600/4332 iteration,Init: data_trunc_norm_kern')
S:  [None, <tf.Tensor 'Const_1:0' shape=(24,) dtype=float64>, <tf.Tensor 'Const_2:0' shape=(24,) dtype=float64>]
('>', 'Mdl*hbf2*-units[2, 24, 24, 1], task: task_f2d_2x2_1_cosx1_plus_x2_depth2, step 650/4332, train err 11.0752, cv err: 11.6169 test err 11.1505')
('>', 'Opt:Adam, BN False, BN_trainable: False After650/4332 iteration,Init: data_trunc_norm_kern')
S:  [None, <tf.Tensor 'Const_1:0' shape=(24,) dtype=float64>, <tf.Tensor 'Const_2:0' shape=(24,) dtype=float64>]
('>', 'Mdl*hbf2*-units[2, 24, 24, 1], task: task_f2d_2x2_1_cosx1_plus_x2_depth2, step 700/4332, train err 10.9726, cv err: 11.4862 test err 11.0507')
('>', 'Opt:Adam, BN False, BN_trainable: False After700/4332 iteration,Init: data_trunc_norm_kern')
S:  [None, <tf.Tensor 'Const_1:0' shape=(24,) dtype=float64>, <tf.Tensor 'Const_2:0' shape=(24,) dtype=float64>]
('>', 'Mdl*hbf2*-units[2, 24, 24, 1], task: task_f2d_2x2_1_cosx1_plus_x2_depth2, step 750/4332, train err 10.9046, cv err: 11.3784 test err 11.0081')
('>', 'Opt:Adam, BN False, BN_trainable: False After750/4332 iteration,Init: data_trunc_norm_kern')
S:  [None, <tf.Tensor 'Const_1:0' shape=(24,) dtype=float64>, <tf.Tensor 'Const_2:0' shape=(24,) dtype=float64>]
('>', 'Mdl*hbf2*-units[2, 24, 24, 1], task: task_f2d_2x2_1_cosx1_plus_x2_depth2, step 800/4332, train err 10.9068, cv err: 11.3811 test err 11.0192')
('>', 'Opt:Adam, BN False, BN_trainable: False After800/4332 iteration,Init: data_trunc_norm_kern')
S:  [None, <tf.Tensor 'Const_1:0' shape=(24,) dtype=float64>, <tf.Tensor 'Const_2:0' shape=(24,) dtype=float64>]
('>', 'Mdl*hbf2*-units[2, 24, 24, 1], task: task_f2d_2x2_1_cosx1_plus_x2_depth2, step 850/4332, train err 10.8302, cv err: 11.2994 test err 10.9544')
('>', 'Opt:Adam, BN False, BN_trainable: False After850/4332 iteration,Init: data_trunc_norm_kern')
S:  [None, <tf.Tensor 'Const_1:0' shape=(24,) dtype=float64>, <tf.Tensor 'Const_2:0' shape=(24,) dtype=float64>]
('>', 'Mdl*hbf2*-units[2, 24, 24, 1], task: task_f2d_2x2_1_cosx1_plus_x2_depth2, step 900/4332, train err 10.3205, cv err: 10.7433 test err 10.4531')
('>', 'Opt:Adam, BN False, BN_trainable: False After900/4332 iteration,Init: data_trunc_norm_kern')
S:  [None, <tf.Tensor 'Const_1:0' shape=(24,) dtype=float64>, <tf.Tensor 'Const_2:0' shape=(24,) dtype=float64>]
('>', 'Mdl*hbf2*-units[2, 24, 24, 1], task: task_f2d_2x2_1_cosx1_plus_x2_depth2, step 950/4332, train err 10.1635, cv err: 10.5826 test err 10.2981')
('>', 'Opt:Adam, BN False, BN_trainable: False After950/4332 iteration,Init: data_trunc_norm_kern')
S:  [None, <tf.Tensor 'Const_1:0' shape=(24,) dtype=float64>, <tf.Tensor 'Const_2:0' shape=(24,) dtype=float64>]
('>', 'Mdl*hbf2*-units[2, 24, 24, 1], task: task_f2d_2x2_1_cosx1_plus_x2_depth2, step 1000/4332, train err 10.0874, cv err: 10.4961 test err 10.226')
('>', 'Opt:Adam, BN False, BN_trainable: False After1000/4332 iteration,Init: data_trunc_norm_kern')
S:  [None, <tf.Tensor 'Const_1:0' shape=(24,) dtype=float64>, <tf.Tensor 'Const_2:0' shape=(24,) dtype=float64>]
('>', 'Mdl*hbf2*-units[2, 24, 24, 1], task: task_f2d_2x2_1_cosx1_plus_x2_depth2, step 1050/4332, train err 9.6704, cv err: 10.0453 test err 9.81686')
('>', 'Opt:Adam, BN False, BN_trainable: False After1050/4332 iteration,Init: data_trunc_norm_kern')
S:  [None, <tf.Tensor 'Const_1:0' shape=(24,) dtype=float64>, <tf.Tensor 'Const_2:0' shape=(24,) dtype=float64>]
('>', 'Mdl*hbf2*-units[2, 24, 24, 1], task: task_f2d_2x2_1_cosx1_plus_x2_depth2, step 1100/4332, train err 9.36377, cv err: 9.71473 test err 9.51227')
('>', 'Opt:Adam, BN False, BN_trainable: False After1100/4332 iteration,Init: data_trunc_norm_kern')
S:  [None, <tf.Tensor 'Const_1:0' shape=(24,) dtype=float64>, <tf.Tensor 'Const_2:0' shape=(24,) dtype=float64>]
('>', 'Mdl*hbf2*-units[2, 24, 24, 1], task: task_f2d_2x2_1_cosx1_plus_x2_depth2, step 1150/4332, train err 8.73876, cv err: 9.04373 test err 8.89862')
('>', 'Opt:Adam, BN False, BN_trainable: False After1150/4332 iteration,Init: data_trunc_norm_kern')
S:  [None, <tf.Tensor 'Const_1:0' shape=(24,) dtype=float64>, <tf.Tensor 'Const_2:0' shape=(24,) dtype=float64>]
('>', 'Mdl*hbf2*-units[2, 24, 24, 1], task: task_f2d_2x2_1_cosx1_plus_x2_depth2, step 1200/4332, train err 8.44844, cv err: 8.72827 test err 8.61388')
('>', 'Opt:Adam, BN False, BN_trainable: False After1200/4332 iteration,Init: data_trunc_norm_kern')
S:  [None, <tf.Tensor 'Const_1:0' shape=(24,) dtype=float64>, <tf.Tensor 'Const_2:0' shape=(24,) dtype=float64>]
('>', 'Mdl*hbf2*-units[2, 24, 24, 1], task: task_f2d_2x2_1_cosx1_plus_x2_depth2, step 1250/4332, train err 7.7972, cv err: 8.01573 test err 7.98077')
('>', 'Opt:Adam, BN False, BN_trainable: False After1250/4332 iteration,Init: data_trunc_norm_kern')
S:  [None, <tf.Tensor 'Const_1:0' shape=(24,) dtype=float64>, <tf.Tensor 'Const_2:0' shape=(24,) dtype=float64>]
('>', 'Mdl*hbf2*-units[2, 24, 24, 1], task: task_f2d_2x2_1_cosx1_plus_x2_depth2, step 1300/4332, train err 7.24102, cv err: 7.40398 test err 7.44126')
('>', 'Opt:Adam, BN False, BN_trainable: False After1300/4332 iteration,Init: data_trunc_norm_kern')
S:  [None, <tf.Tensor 'Const_1:0' shape=(24,) dtype=float64>, <tf.Tensor 'Const_2:0' shape=(24,) dtype=float64>]
('>', 'Mdl*hbf2*-units[2, 24, 24, 1], task: task_f2d_2x2_1_cosx1_plus_x2_depth2, step 1350/4332, train err 7.03665, cv err: 7.17621 test err 7.25359')
('>', 'Opt:Adam, BN False, BN_trainable: False After1350/4332 iteration,Init: data_trunc_norm_kern')
S:  [None, <tf.Tensor 'Const_1:0' shape=(24,) dtype=float64>, <tf.Tensor 'Const_2:0' shape=(24,) dtype=float64>]
('>', 'Mdl*hbf2*-units[2, 24, 24, 1], task: task_f2d_2x2_1_cosx1_plus_x2_depth2, step 1400/4332, train err 6.94093, cv err: 7.05816 test err 7.19568')
('>', 'Opt:Adam, BN False, BN_trainable: False After1400/4332 iteration,Init: data_trunc_norm_kern')
S:  [None, <tf.Tensor 'Const_1:0' shape=(24,) dtype=float64>, <tf.Tensor 'Const_2:0' shape=(24,) dtype=float64>]
('>', 'Mdl*hbf2*-units[2, 24, 24, 1], task: task_f2d_2x2_1_cosx1_plus_x2_depth2, step 1450/4332, train err 6.65468, cv err: 6.74396 test err 6.94578')
('>', 'Opt:Adam, BN False, BN_trainable: False After1450/4332 iteration,Init: data_trunc_norm_kern')
S:  [None, <tf.Tensor 'Const_1:0' shape=(24,) dtype=float64>, <tf.Tensor 'Const_2:0' shape=(24,) dtype=float64>]
('>', 'Mdl*hbf2*-units[2, 24, 24, 1], task: task_f2d_2x2_1_cosx1_plus_x2_depth2, step 1500/4332, train err 6.41153, cv err: 6.48804 test err 6.71754')
('>', 'Opt:Adam, BN False, BN_trainable: False After1500/4332 iteration,Init: data_trunc_norm_kern')
S:  [None, <tf.Tensor 'Const_1:0' shape=(24,) dtype=float64>, <tf.Tensor 'Const_2:0' shape=(24,) dtype=float64>]
('>', 'Mdl*hbf2*-units[2, 24, 24, 1], task: task_f2d_2x2_1_cosx1_plus_x2_depth2, step 1550/4332, train err 6.23837, cv err: 6.30214 test err 6.54259')
('>', 'Opt:Adam, BN False, BN_trainable: False After1550/4332 iteration,Init: data_trunc_norm_kern')
S:  [None, <tf.Tensor 'Const_1:0' shape=(24,) dtype=float64>, <tf.Tensor 'Const_2:0' shape=(24,) dtype=float64>]
('>', 'Mdl*hbf2*-units[2, 24, 24, 1], task: task_f2d_2x2_1_cosx1_plus_x2_depth2, step 1600/4332, train err 5.96839, cv err: 5.99982 test err 6.27598')
('>', 'Opt:Adam, BN False, BN_trainable: False After1600/4332 iteration,Init: data_trunc_norm_kern')
S:  [None, <tf.Tensor 'Const_1:0' shape=(24,) dtype=float64>, <tf.Tensor 'Const_2:0' shape=(24,) dtype=float64>]
('>', 'Mdl*hbf2*-units[2, 24, 24, 1], task: task_f2d_2x2_1_cosx1_plus_x2_depth2, step 1650/4332, train err 5.82461, cv err: 5.8364 test err 6.1124')
('>', 'Opt:Adam, BN False, BN_trainable: False After1650/4332 iteration,Init: data_trunc_norm_kern')
S:  [None, <tf.Tensor 'Const_1:0' shape=(24,) dtype=float64>, <tf.Tensor 'Const_2:0' shape=(24,) dtype=float64>]
('>', 'Mdl*hbf2*-units[2, 24, 24, 1], task: task_f2d_2x2_1_cosx1_plus_x2_depth2, step 1700/4332, train err 5.68024, cv err: 5.66977 test err 5.93926')
('>', 'Opt:Adam, BN False, BN_trainable: False After1700/4332 iteration,Init: data_trunc_norm_kern')
S:  [None, <tf.Tensor 'Const_1:0' shape=(24,) dtype=float64>, <tf.Tensor 'Const_2:0' shape=(24,) dtype=float64>]
('>', 'Mdl*hbf2*-units[2, 24, 24, 1], task: task_f2d_2x2_1_cosx1_plus_x2_depth2, step 1750/4332, train err 5.6105, cv err: 5.58304 test err 5.84393')
('>', 'Opt:Adam, BN False, BN_trainable: False After1750/4332 iteration,Init: data_trunc_norm_kern')
S:  [None, <tf.Tensor 'Const_1:0' shape=(24,) dtype=float64>, <tf.Tensor 'Const_2:0' shape=(24,) dtype=float64>]
('>', 'Mdl*hbf2*-units[2, 24, 24, 1], task: task_f2d_2x2_1_cosx1_plus_x2_depth2, step 1800/4332, train err 5.56564, cv err: 5.51798 test err 5.77492')
('>', 'Opt:Adam, BN False, BN_trainable: False After1800/4332 iteration,Init: data_trunc_norm_kern')
S:  [None, <tf.Tensor 'Const_1:0' shape=(24,) dtype=float64>, <tf.Tensor 'Const_2:0' shape=(24,) dtype=float64>]
('>', 'Mdl*hbf2*-units[2, 24, 24, 1], task: task_f2d_2x2_1_cosx1_plus_x2_depth2, step 1850/4332, train err 5.59338, cv err: 5.52686 test err 5.76769')
('>', 'Opt:Adam, BN False, BN_trainable: False After1850/4332 iteration,Init: data_trunc_norm_kern')
S:  [None, <tf.Tensor 'Const_1:0' shape=(24,) dtype=float64>, <tf.Tensor 'Const_2:0' shape=(24,) dtype=float64>]
('>', 'Mdl*hbf2*-units[2, 24, 24, 1], task: task_f2d_2x2_1_cosx1_plus_x2_depth2, step 1900/4332, train err 5.65659, cv err: 5.58033 test err 5.80812')
('>', 'Opt:Adam, BN False, BN_trainable: False After1900/4332 iteration,Init: data_trunc_norm_kern')
S:  [None, <tf.Tensor 'Const_1:0' shape=(24,) dtype=float64>, <tf.Tensor 'Const_2:0' shape=(24,) dtype=float64>]
('>', 'Mdl*hbf2*-units[2, 24, 24, 1], task: task_f2d_2x2_1_cosx1_plus_x2_depth2, step 1950/4332, train err 5.87793, cv err: 5.80445 test err 6.00351')
('>', 'Opt:Adam, BN False, BN_trainable: False After1950/4332 iteration,Init: data_trunc_norm_kern')
S:  [None, <tf.Tensor 'Const_1:0' shape=(24,) dtype=float64>, <tf.Tensor 'Const_2:0' shape=(24,) dtype=float64>]
('>', 'Mdl*hbf2*-units[2, 24, 24, 1], task: task_f2d_2x2_1_cosx1_plus_x2_depth2, step 2000/4332, train err 5.99833, cv err: 5.92357 test err 6.12289')
('>', 'Opt:Adam, BN False, BN_trainable: False After2000/4332 iteration,Init: data_trunc_norm_kern')
S:  [None, <tf.Tensor 'Const_1:0' shape=(24,) dtype=float64>, <tf.Tensor 'Const_2:0' shape=(24,) dtype=float64>]
('>', 'Mdl*hbf2*-units[2, 24, 24, 1], task: task_f2d_2x2_1_cosx1_plus_x2_depth2, step 2050/4332, train err 6.57274, cv err: 6.52509 test err 6.69127')
('>', 'Opt:Adam, BN False, BN_trainable: False After2050/4332 iteration,Init: data_trunc_norm_kern')
S:  [None, <tf.Tensor 'Const_1:0' shape=(24,) dtype=float64>, <tf.Tensor 'Const_2:0' shape=(24,) dtype=float64>]
('>', 'Mdl*hbf2*-units[2, 24, 24, 1], task: task_f2d_2x2_1_cosx1_plus_x2_depth2, step 2100/4332, train err 6.79136, cv err: 6.7517 test err 6.90741')
('>', 'Opt:Adam, BN False, BN_trainable: False After2100/4332 iteration,Init: data_trunc_norm_kern')
S:  [None, <tf.Tensor 'Const_1:0' shape=(24,) dtype=float64>, <tf.Tensor 'Const_2:0' shape=(24,) dtype=float64>]
('>', 'Mdl*hbf2*-units[2, 24, 24, 1], task: task_f2d_2x2_1_cosx1_plus_x2_depth2, step 2150/4332, train err 7.10489, cv err: 7.0944 test err 7.22048')
('>', 'Opt:Adam, BN False, BN_trainable: False After2150/4332 iteration,Init: data_trunc_norm_kern')
S:  [None, <tf.Tensor 'Const_1:0' shape=(24,) dtype=float64>, <tf.Tensor 'Const_2:0' shape=(24,) dtype=float64>]
('>', 'Mdl*hbf2*-units[2, 24, 24, 1], task: task_f2d_2x2_1_cosx1_plus_x2_depth2, step 2200/4332, train err 7.54126, cv err: 7.55603 test err 7.65325')
('>', 'Opt:Adam, BN False, BN_trainable: False After2200/4332 iteration,Init: data_trunc_norm_kern')
S:  [None, <tf.Tensor 'Const_1:0' shape=(24,) dtype=float64>, <tf.Tensor 'Const_2:0' shape=(24,) dtype=float64>]
('>', 'Mdl*hbf2*-units[2, 24, 24, 1], task: task_f2d_2x2_1_cosx1_plus_x2_depth2, step 2250/4332, train err 7.85871, cv err: 7.89019 test err 7.96498')
('>', 'Opt:Adam, BN False, BN_trainable: False After2250/4332 iteration,Init: data_trunc_norm_kern')
S:  [None, <tf.Tensor 'Const_1:0' shape=(24,) dtype=float64>, <tf.Tensor 'Const_2:0' shape=(24,) dtype=float64>]
('>', 'Mdl*hbf2*-units[2, 24, 24, 1], task: task_f2d_2x2_1_cosx1_plus_x2_depth2, step 2300/4332, train err 8.54418, cv err: 8.62659 test err 8.65638')
('>', 'Opt:Adam, BN False, BN_trainable: False After2300/4332 iteration,Init: data_trunc_norm_kern')
S:  [None, <tf.Tensor 'Const_1:0' shape=(24,) dtype=float64>, <tf.Tensor 'Const_2:0' shape=(24,) dtype=float64>]
('>', 'Mdl*hbf2*-units[2, 24, 24, 1], task: task_f2d_2x2_1_cosx1_plus_x2_depth2, step 2350/4332, train err 8.96367, cv err: 9.06231 test err 9.06788')
('>', 'Opt:Adam, BN False, BN_trainable: False After2350/4332 iteration,Init: data_trunc_norm_kern')
S:  [None, <tf.Tensor 'Const_1:0' shape=(24,) dtype=float64>, <tf.Tensor 'Const_2:0' shape=(24,) dtype=float64>]
('>', 'Mdl*hbf2*-units[2, 24, 24, 1], task: task_f2d_2x2_1_cosx1_plus_x2_depth2, step 2400/4332, train err 8.89692, cv err: 9.00236 test err 9.00329')
('>', 'Opt:Adam, BN False, BN_trainable: False After2400/4332 iteration,Init: data_trunc_norm_kern')
S:  [None, <tf.Tensor 'Const_1:0' shape=(24,) dtype=float64>, <tf.Tensor 'Const_2:0' shape=(24,) dtype=float64>]
('>', 'Mdl*hbf2*-units[2, 24, 24, 1], task: task_f2d_2x2_1_cosx1_plus_x2_depth2, step 2450/4332, train err 9.59771, cv err: 9.74118 test err 9.68084')
('>', 'Opt:Adam, BN False, BN_trainable: False After2450/4332 iteration,Init: data_trunc_norm_kern')
S:  [None, <tf.Tensor 'Const_1:0' shape=(24,) dtype=float64>, <tf.Tensor 'Const_2:0' shape=(24,) dtype=float64>]
('>', 'Mdl*hbf2*-units[2, 24, 24, 1], task: task_f2d_2x2_1_cosx1_plus_x2_depth2, step 2500/4332, train err 9.89696, cv err: 10.0583 test err 9.98194')
('>', 'Opt:Adam, BN False, BN_trainable: False After2500/4332 iteration,Init: data_trunc_norm_kern')
S:  [None, <tf.Tensor 'Const_1:0' shape=(24,) dtype=float64>, <tf.Tensor 'Const_2:0' shape=(24,) dtype=float64>]
('>', 'Mdl*hbf2*-units[2, 24, 24, 1], task: task_f2d_2x2_1_cosx1_plus_x2_depth2, step 2550/4332, train err 9.91198, cv err: 10.0771 test err 9.99034')
('>', 'Opt:Adam, BN False, BN_trainable: False After2550/4332 iteration,Init: data_trunc_norm_kern')
S:  [None, <tf.Tensor 'Const_1:0' shape=(24,) dtype=float64>, <tf.Tensor 'Const_2:0' shape=(24,) dtype=float64>]
('>', 'Mdl*hbf2*-units[2, 24, 24, 1], task: task_f2d_2x2_1_cosx1_plus_x2_depth2, step 2600/4332, train err 10.6598, cv err: 10.8705 test err 10.7219')
('>', 'Opt:Adam, BN False, BN_trainable: False After2600/4332 iteration,Init: data_trunc_norm_kern')
S:  [None, <tf.Tensor 'Const_1:0' shape=(24,) dtype=float64>, <tf.Tensor 'Const_2:0' shape=(24,) dtype=float64>]
('>', 'Mdl*hbf2*-units[2, 24, 24, 1], task: task_f2d_2x2_1_cosx1_plus_x2_depth2, step 2650/4332, train err 10.8737, cv err: 11.0988 test err 10.9384')
('>', 'Opt:Adam, BN False, BN_trainable: False After2650/4332 iteration,Init: data_trunc_norm_kern')
S:  [None, <tf.Tensor 'Const_1:0' shape=(24,) dtype=float64>, <tf.Tensor 'Const_2:0' shape=(24,) dtype=float64>]
('>', 'Mdl*hbf2*-units[2, 24, 24, 1], task: task_f2d_2x2_1_cosx1_plus_x2_depth2, step 2700/4332, train err 11.421, cv err: 11.6834 test err 11.4758')
('>', 'Opt:Adam, BN False, BN_trainable: False After2700/4332 iteration,Init: data_trunc_norm_kern')
S:  [None, <tf.Tensor 'Const_1:0' shape=(24,) dtype=float64>, <tf.Tensor 'Const_2:0' shape=(24,) dtype=float64>]
('>', 'Mdl*hbf2*-units[2, 24, 24, 1], task: task_f2d_2x2_1_cosx1_plus_x2_depth2, step 2750/4332, train err 11.4623, cv err: 11.7366 test err 11.5036')
('>', 'Opt:Adam, BN False, BN_trainable: False After2750/4332 iteration,Init: data_trunc_norm_kern')
S:  [None, <tf.Tensor 'Const_1:0' shape=(24,) dtype=float64>, <tf.Tensor 'Const_2:0' shape=(24,) dtype=float64>]
('>', 'Mdl*hbf2*-units[2, 24, 24, 1], task: task_f2d_2x2_1_cosx1_plus_x2_depth2, step 2800/4332, train err 11.8121, cv err: 12.1059 test err 11.8562')
('>', 'Opt:Adam, BN False, BN_trainable: False After2800/4332 iteration,Init: data_trunc_norm_kern')
S:  [None, <tf.Tensor 'Const_1:0' shape=(24,) dtype=float64>, <tf.Tensor 'Const_2:0' shape=(24,) dtype=float64>]
('>', 'Mdl*hbf2*-units[2, 24, 24, 1], task: task_f2d_2x2_1_cosx1_plus_x2_depth2, step 2850/4332, train err 12.2572, cv err: 12.587 test err 12.2959')
('>', 'Opt:Adam, BN False, BN_trainable: False After2850/4332 iteration,Init: data_trunc_norm_kern')
S:  [None, <tf.Tensor 'Const_1:0' shape=(24,) dtype=float64>, <tf.Tensor 'Const_2:0' shape=(24,) dtype=float64>]
('>', 'Mdl*hbf2*-units[2, 24, 24, 1], task: task_f2d_2x2_1_cosx1_plus_x2_depth2, step 2900/4332, train err 12.9166, cv err: 13.278 test err 12.939')
('>', 'Opt:Adam, BN False, BN_trainable: False After2900/4332 iteration,Init: data_trunc_norm_kern')
S:  [None, <tf.Tensor 'Const_1:0' shape=(24,) dtype=float64>, <tf.Tensor 'Const_2:0' shape=(24,) dtype=float64>]
('>', 'Mdl*hbf2*-units[2, 24, 24, 1], task: task_f2d_2x2_1_cosx1_plus_x2_depth2, step 2950/4332, train err 13.5183, cv err: 13.9214 test err 13.5267')
('>', 'Opt:Adam, BN False, BN_trainable: False After2950/4332 iteration,Init: data_trunc_norm_kern')
S:  [None, <tf.Tensor 'Const_1:0' shape=(24,) dtype=float64>, <tf.Tensor 'Const_2:0' shape=(24,) dtype=float64>]
('>', 'Mdl*hbf2*-units[2, 24, 24, 1], task: task_f2d_2x2_1_cosx1_plus_x2_depth2, step 3000/4332, train err 13.717, cv err: 14.1402 test err 13.7288')
('>', 'Opt:Adam, BN False, BN_trainable: False After3000/4332 iteration,Init: data_trunc_norm_kern')
S:  [None, <tf.Tensor 'Const_1:0' shape=(24,) dtype=float64>, <tf.Tensor 'Const_2:0' shape=(24,) dtype=float64>]
('>', 'Mdl*hbf2*-units[2, 24, 24, 1], task: task_f2d_2x2_1_cosx1_plus_x2_depth2, step 3050/4332, train err 14.1643, cv err: 14.6208 test err 14.1616')
('>', 'Opt:Adam, BN False, BN_trainable: False After3050/4332 iteration,Init: data_trunc_norm_kern')
S:  [None, <tf.Tensor 'Const_1:0' shape=(24,) dtype=float64>, <tf.Tensor 'Const_2:0' shape=(24,) dtype=float64>]
('>', 'Mdl*hbf2*-units[2, 24, 24, 1], task: task_f2d_2x2_1_cosx1_plus_x2_depth2, step 3100/4332, train err 14.0311, cv err: 14.4801 test err 14.0246')
('>', 'Opt:Adam, BN False, BN_trainable: False After3100/4332 iteration,Init: data_trunc_norm_kern')
S:  [None, <tf.Tensor 'Const_1:0' shape=(24,) dtype=float64>, <tf.Tensor 'Const_2:0' shape=(24,) dtype=float64>]
('>', 'Mdl*hbf2*-units[2, 24, 24, 1], task: task_f2d_2x2_1_cosx1_plus_x2_depth2, step 3150/4332, train err 14.5907, cv err: 15.072 test err 14.5717')
('>', 'Opt:Adam, BN False, BN_trainable: False After3150/4332 iteration,Init: data_trunc_norm_kern')
S:  [None, <tf.Tensor 'Const_1:0' shape=(24,) dtype=float64>, <tf.Tensor 'Const_2:0' shape=(24,) dtype=float64>]
('>', 'Mdl*hbf2*-units[2, 24, 24, 1], task: task_f2d_2x2_1_cosx1_plus_x2_depth2, step 3200/4332, train err 14.3471, cv err: 14.8134 test err 14.3264')
('>', 'Opt:Adam, BN False, BN_trainable: False After3200/4332 iteration,Init: data_trunc_norm_kern')
S:  [None, <tf.Tensor 'Const_1:0' shape=(24,) dtype=float64>, <tf.Tensor 'Const_2:0' shape=(24,) dtype=float64>]
('>', 'Mdl*hbf2*-units[2, 24, 24, 1], task: task_f2d_2x2_1_cosx1_plus_x2_depth2, step 3250/4332, train err 14.8149, cv err: 15.3224 test err 14.7907')
('>', 'Opt:Adam, BN False, BN_trainable: False After3250/4332 iteration,Init: data_trunc_norm_kern')
S:  [None, <tf.Tensor 'Const_1:0' shape=(24,) dtype=float64>, <tf.Tensor 'Const_2:0' shape=(24,) dtype=float64>]
('>', 'Mdl*hbf2*-units[2, 24, 24, 1], task: task_f2d_2x2_1_cosx1_plus_x2_depth2, step 3300/4332, train err 15.33, cv err: 15.8664 test err 15.2912')
('>', 'Opt:Adam, BN False, BN_trainable: False After3300/4332 iteration,Init: data_trunc_norm_kern')
S:  [None, <tf.Tensor 'Const_1:0' shape=(24,) dtype=float64>, <tf.Tensor 'Const_2:0' shape=(24,) dtype=float64>]
('>', 'Mdl*hbf2*-units[2, 24, 24, 1], task: task_f2d_2x2_1_cosx1_plus_x2_depth2, step 3350/4332, train err 15.6028, cv err: 16.1848 test err 15.5675')
('>', 'Opt:Adam, BN False, BN_trainable: False After3350/4332 iteration,Init: data_trunc_norm_kern')
S:  [None, <tf.Tensor 'Const_1:0' shape=(24,) dtype=float64>, <tf.Tensor 'Const_2:0' shape=(24,) dtype=float64>]
('>', 'Mdl*hbf2*-units[2, 24, 24, 1], task: task_f2d_2x2_1_cosx1_plus_x2_depth2, step 3400/4332, train err 16.0083, cv err: 16.6077 test err 15.9585')
('>', 'Opt:Adam, BN False, BN_trainable: False After3400/4332 iteration,Init: data_trunc_norm_kern')
S:  [None, <tf.Tensor 'Const_1:0' shape=(24,) dtype=float64>, <tf.Tensor 'Const_2:0' shape=(24,) dtype=float64>]
('>', 'Mdl*hbf2*-units[2, 24, 24, 1], task: task_f2d_2x2_1_cosx1_plus_x2_depth2, step 3450/4332, train err 16.5648, cv err: 17.1954 test err 16.5029')
('>', 'Opt:Adam, BN False, BN_trainable: False After3450/4332 iteration,Init: data_trunc_norm_kern')
S:  [None, <tf.Tensor 'Const_1:0' shape=(24,) dtype=float64>, <tf.Tensor 'Const_2:0' shape=(24,) dtype=float64>]
('>', 'Mdl*hbf2*-units[2, 24, 24, 1], task: task_f2d_2x2_1_cosx1_plus_x2_depth2, step 3500/4332, train err 16.6436, cv err: 17.2846 test err 16.582')
('>', 'Opt:Adam, BN False, BN_trainable: False After3500/4332 iteration,Init: data_trunc_norm_kern')
S:  [None, <tf.Tensor 'Const_1:0' shape=(24,) dtype=float64>, <tf.Tensor 'Const_2:0' shape=(24,) dtype=float64>]
('>', 'Mdl*hbf2*-units[2, 24, 24, 1], task: task_f2d_2x2_1_cosx1_plus_x2_depth2, step 3550/4332, train err 17.061, cv err: 17.7291 test err 16.9895')
('>', 'Opt:Adam, BN False, BN_trainable: False After3550/4332 iteration,Init: data_trunc_norm_kern')
S:  [None, <tf.Tensor 'Const_1:0' shape=(24,) dtype=float64>, <tf.Tensor 'Const_2:0' shape=(24,) dtype=float64>]
('>', 'Mdl*hbf2*-units[2, 24, 24, 1], task: task_f2d_2x2_1_cosx1_plus_x2_depth2, step 3600/4332, train err 17.4483, cv err: 18.1421 test err 17.3553')
('>', 'Opt:Adam, BN False, BN_trainable: False After3600/4332 iteration,Init: data_trunc_norm_kern')
S:  [None, <tf.Tensor 'Const_1:0' shape=(24,) dtype=float64>, <tf.Tensor 'Const_2:0' shape=(24,) dtype=float64>]
('>', 'Mdl*hbf2*-units[2, 24, 24, 1], task: task_f2d_2x2_1_cosx1_plus_x2_depth2, step 3650/4332, train err 17.609, cv err: 18.3265 test err 17.5179')
('>', 'Opt:Adam, BN False, BN_trainable: False After3650/4332 iteration,Init: data_trunc_norm_kern')
S:  [None, <tf.Tensor 'Const_1:0' shape=(24,) dtype=float64>, <tf.Tensor 'Const_2:0' shape=(24,) dtype=float64>]
('>', 'Mdl*hbf2*-units[2, 24, 24, 1], task: task_f2d_2x2_1_cosx1_plus_x2_depth2, step 3700/4332, train err 17.8632, cv err: 18.592 test err 17.7662')
('>', 'Opt:Adam, BN False, BN_trainable: False After3700/4332 iteration,Init: data_trunc_norm_kern')
S:  [None, <tf.Tensor 'Const_1:0' shape=(24,) dtype=float64>, <tf.Tensor 'Const_2:0' shape=(24,) dtype=float64>]
('>', 'Mdl*hbf2*-units[2, 24, 24, 1], task: task_f2d_2x2_1_cosx1_plus_x2_depth2, step 3750/4332, train err 18.4327, cv err: 19.2031 test err 18.321')
('>', 'Opt:Adam, BN False, BN_trainable: False After3750/4332 iteration,Init: data_trunc_norm_kern')
S:  [None, <tf.Tensor 'Const_1:0' shape=(24,) dtype=float64>, <tf.Tensor 'Const_2:0' shape=(24,) dtype=float64>]
('>', 'Mdl*hbf2*-units[2, 24, 24, 1], task: task_f2d_2x2_1_cosx1_plus_x2_depth2, step 3800/4332, train err 19.0671, cv err: 19.8902 test err 18.9486')
('>', 'Opt:Adam, BN False, BN_trainable: False After3800/4332 iteration,Init: data_trunc_norm_kern')
S:  [None, <tf.Tensor 'Const_1:0' shape=(24,) dtype=float64>, <tf.Tensor 'Const_2:0' shape=(24,) dtype=float64>]
('>', 'Mdl*hbf2*-units[2, 24, 24, 1], task: task_f2d_2x2_1_cosx1_plus_x2_depth2, step 3850/4332, train err 19.333, cv err: 20.1712 test err 19.2022')
('>', 'Opt:Adam, BN False, BN_trainable: False After3850/4332 iteration,Init: data_trunc_norm_kern')
S:  [None, <tf.Tensor 'Const_1:0' shape=(24,) dtype=float64>, <tf.Tensor 'Const_2:0' shape=(24,) dtype=float64>]
('>', 'Mdl*hbf2*-units[2, 24, 24, 1], task: task_f2d_2x2_1_cosx1_plus_x2_depth2, step 3900/4332, train err 19.3067, cv err: 20.1404 test err 19.1619')
('>', 'Opt:Adam, BN False, BN_trainable: False After3900/4332 iteration,Init: data_trunc_norm_kern')
S:  [None, <tf.Tensor 'Const_1:0' shape=(24,) dtype=float64>, <tf.Tensor 'Const_2:0' shape=(24,) dtype=float64>]
('>', 'Mdl*hbf2*-units[2, 24, 24, 1], task: task_f2d_2x2_1_cosx1_plus_x2_depth2, step 3950/4332, train err 19.2712, cv err: 20.1088 test err 19.1253')
('>', 'Opt:Adam, BN False, BN_trainable: False After3950/4332 iteration,Init: data_trunc_norm_kern')
S:  [None, <tf.Tensor 'Const_1:0' shape=(24,) dtype=float64>, <tf.Tensor 'Const_2:0' shape=(24,) dtype=float64>]
('>', 'Mdl*hbf2*-units[2, 24, 24, 1], task: task_f2d_2x2_1_cosx1_plus_x2_depth2, step 4000/4332, train err 19.7855, cv err: 20.6684 test err 19.6427')
('>', 'Opt:Adam, BN False, BN_trainable: False After4000/4332 iteration,Init: data_trunc_norm_kern')
S:  [None, <tf.Tensor 'Const_1:0' shape=(24,) dtype=float64>, <tf.Tensor 'Const_2:0' shape=(24,) dtype=float64>]
('>', 'Mdl*hbf2*-units[2, 24, 24, 1], task: task_f2d_2x2_1_cosx1_plus_x2_depth2, step 4050/4332, train err 20.4161, cv err: 21.3336 test err 20.2585')
('>', 'Opt:Adam, BN False, BN_trainable: False After4050/4332 iteration,Init: data_trunc_norm_kern')
S:  [None, <tf.Tensor 'Const_1:0' shape=(24,) dtype=float64>, <tf.Tensor 'Const_2:0' shape=(24,) dtype=float64>]
('>', 'Mdl*hbf2*-units[2, 24, 24, 1], task: task_f2d_2x2_1_cosx1_plus_x2_depth2, step 4100/4332, train err 20.9996, cv err: 21.9592 test err 20.8298')
('>', 'Opt:Adam, BN False, BN_trainable: False After4100/4332 iteration,Init: data_trunc_norm_kern')
S:  [None, <tf.Tensor 'Const_1:0' shape=(24,) dtype=float64>, <tf.Tensor 'Const_2:0' shape=(24,) dtype=float64>]
('>', 'Mdl*hbf2*-units[2, 24, 24, 1], task: task_f2d_2x2_1_cosx1_plus_x2_depth2, step 4150/4332, train err 20.6967, cv err: 21.6532 test err 20.5334')
('>', 'Opt:Adam, BN False, BN_trainable: False After4150/4332 iteration,Init: data_trunc_norm_kern')
S:  [None, <tf.Tensor 'Const_1:0' shape=(24,) dtype=float64>, <tf.Tensor 'Const_2:0' shape=(24,) dtype=float64>]
('>', 'Mdl*hbf2*-units[2, 24, 24, 1], task: task_f2d_2x2_1_cosx1_plus_x2_depth2, step 4200/4332, train err 20.6651, cv err: 21.606 test err 20.487')
('>', 'Opt:Adam, BN False, BN_trainable: False After4200/4332 iteration,Init: data_trunc_norm_kern')
S:  [None, <tf.Tensor 'Const_1:0' shape=(24,) dtype=float64>, <tf.Tensor 'Const_2:0' shape=(24,) dtype=float64>]
('>', 'Mdl*hbf2*-units[2, 24, 24, 1], task: task_f2d_2x2_1_cosx1_plus_x2_depth2, step 4250/4332, train err 22.1258, cv err: 23.1594 test err 21.926')
('>', 'Opt:Adam, BN False, BN_trainable: False After4250/4332 iteration,Init: data_trunc_norm_kern')
S:  [None, <tf.Tensor 'Const_1:0' shape=(24,) dtype=float64>, <tf.Tensor 'Const_2:0' shape=(24,) dtype=float64>]
('>', 'Mdl*hbf2*-units[2, 24, 24, 1], task: task_f2d_2x2_1_cosx1_plus_x2_depth2, step 4300/4332, train err 21.2218, cv err: 22.2128 test err 21.0376')
('>', 'Opt:Adam, BN False, BN_trainable: False After4300/4332 iteration,Init: data_trunc_norm_kern')
S:  [None, <tf.Tensor 'Const_1:0' shape=(24,) dtype=float64>, <tf.Tensor 'Const_2:0' shape=(24,) dtype=float64>]
--- 473.61740303 seconds ---
--- 7.89362338384 minutes ---
--- 0.131560389731 hours ---


