I tensorflow/stream_executor/dso_loader.cc:108] successfully opened CUDA library libcublas.so locally
I tensorflow/stream_executor/dso_loader.cc:102] Couldn't open CUDA library libcudnn.so. LD_LIBRARY_PATH: /cm/shared/openmind/cuda/7.5/lib64:/cm/shared/openmind/cuda/7.5/lib
I tensorflow/stream_executor/cuda/cuda_dnn.cc:2092] Unable to load cuDNN DSO
I tensorflow/stream_executor/dso_loader.cc:108] successfully opened CUDA library libcufft.so locally
I tensorflow/stream_executor/dso_loader.cc:108] successfully opened CUDA library libcuda.so locally
I tensorflow/stream_executor/dso_loader.cc:108] successfully opened CUDA library libcurand.so locally
E tensorflow/stream_executor/cuda/cuda_driver.cc:491] failed call to cuInit: CUDA_ERROR_NO_DEVICE
I tensorflow/stream_executor/cuda/cuda_diagnostics.cc:153] retrieving CUDA diagnostic information for host: node045
I tensorflow/stream_executor/cuda/cuda_diagnostics.cc:160] hostname: node045
I tensorflow/stream_executor/cuda/cuda_diagnostics.cc:185] libcuda reported version is: Not found: was unable to find libcuda.so DSO loaded into this program
I tensorflow/stream_executor/cuda/cuda_diagnostics.cc:347] driver version file contents: """NVRM version: NVIDIA UNIX x86_64 Kernel Module  352.63  Sat Nov  7 21:25:42 PST 2015
GCC version:  gcc version 4.8.3 20140911 (Red Hat 4.8.3-9) (GCC) 
"""
I tensorflow/stream_executor/cuda/cuda_diagnostics.cc:189] kernel reported version is: 352.63.0
I tensorflow/core/common_runtime/gpu/gpu_init.cc:81] No GPU devices available on machine.
print sys.argv = ['main_nn.py', '2918763', '668', 'om_2x2_1_cosx1_plus_x2_depth2', 'task_2_August_HBF2_depth_2_1000_dont_train_S', 'HBF2_48_48_multiple_1000', 'True', '48,48', 'multiple_S', 'task_f2d_2x2_1_cosx1_plus_x2_depth2', 'False', 'False', 'hbf', 'data_trunc_norm_kern', 'dont_normalize', 'dont_train_S']
len(sys.argv) = 16
print argv = ['main_nn.py', '2918763', '668', 'om_2x2_1_cosx1_plus_x2_depth2', 'task_2_August_HBF2_depth_2_1000_dont_train_S', 'HBF2_48_48_multiple_1000', 'True', '48,48', 'multiple_S', 'task_f2d_2x2_1_cosx1_plus_x2_depth2', 'False', 'False', 'hbf', 'data_trunc_norm_kern', 'dont_normalize', 'dont_train_S']
len(argv) = 16
---------> len(argv) 16
['main_nn.py', '2918763', '668', 'om_2x2_1_cosx1_plus_x2_depth2', 'task_2_August_HBF2_depth_2_1000_dont_train_S', 'HBF2_48_48_multiple_1000', 'True', '48,48', 'multiple_S', 'task_f2d_2x2_1_cosx1_plus_x2_depth2', 'False', 'False', 'hbf', 'data_trunc_norm_kern', 'dont_normalize', 'dont_train_S']
2.8
mdl_type:  hbf
['main_nn.py', '2918763', '668', 'om_2x2_1_cosx1_plus_x2_depth2', 'task_2_August_HBF2_depth_2_1000_dont_train_S', 'HBF2_48_48_multiple_1000', 'True', '48,48', 'multiple_S', 'task_f2d_2x2_1_cosx1_plus_x2_depth2', 'False', 'False', 'hbf', 'data_trunc_norm_kern', 'dont_normalize', 'dont_train_S']
use_tensorboard False
experiment_root_dir=om_2x2_1_cosx1_plus_x2_depth2,slurm_jobid=2918763,slurm_array_task_id=668,job_name=HBF2_48_48_multiple_1000
----====> TASK NAME: task_f2d_2x2_1_cosx1_plus_x2_depth2
---> task_name:  task_f2d_2x2_1_cosx1_plus_x2_depth2
(N_train,D) =  (60025, 2)
(N_test,D_out) =  (60025, 1)
CLUSTER:  OM7
++> S/b_init  [None, 0.4177551, 2.396147074233194]
++++> M (batch size) : 17000
++> starter_learning_rate  0.03518132494
++> decay_rate  0.297292962112
++> decay_steps  3835
++> staircase  True
-----> Running model: hbf. (nb_hidden_layers = 2, nb_layers = 3)
-----> Units: [2, 48, 48, 1])
train_S_type:  multiple_S
data_trunc_norm_kern
3.32791566385
DONE INITILIZING
[None, <tf.Tensor 'Const:0' shape=(2, 48) dtype=float64>, <tf.Tensor 'truncated_normal:0' shape=(48, 48) dtype=float64>]
isinstance
--> init_S:  Tensor("Const_1:0", shape=(48,), dtype=float64)
--> trainable_S:  False
isinstance
--> init_S:  Tensor("Const_2:0", shape=(48,), dtype=float64)
--> trainable_S:  False
('>', 'Mdl*hbf2*-units[2, 48, 48, 1], task: task_f2d_2x2_1_cosx1_plus_x2_depth2, step 0/3283, train err 12335.9, cv err: 12695.9 test err 12728.5')
('>', 'Opt:Adam, BN False, BN_trainable: False After0/3283 iteration,Init: data_trunc_norm_kern')
S:  [None, <tf.Tensor 'Const_1:0' shape=(48,) dtype=float64>, <tf.Tensor 'Const_2:0' shape=(48,) dtype=float64>]
('>', 'Mdl*hbf2*-units[2, 48, 48, 1], task: task_f2d_2x2_1_cosx1_plus_x2_depth2, step 50/3283, train err 6.36683, cv err: 6.14532 test err 6.24016')
('>', 'Opt:Adam, BN False, BN_trainable: False After50/3283 iteration,Init: data_trunc_norm_kern')
S:  [None, <tf.Tensor 'Const_1:0' shape=(48,) dtype=float64>, <tf.Tensor 'Const_2:0' shape=(48,) dtype=float64>]
('>', 'Mdl*hbf2*-units[2, 48, 48, 1], task: task_f2d_2x2_1_cosx1_plus_x2_depth2, step 100/3283, train err 5.54728, cv err: 5.39411 test err 5.44909')
('>', 'Opt:Adam, BN False, BN_trainable: False After100/3283 iteration,Init: data_trunc_norm_kern')
S:  [None, <tf.Tensor 'Const_1:0' shape=(48,) dtype=float64>, <tf.Tensor 'Const_2:0' shape=(48,) dtype=float64>]
('>', 'Mdl*hbf2*-units[2, 48, 48, 1], task: task_f2d_2x2_1_cosx1_plus_x2_depth2, step 150/3283, train err 5.66645, cv err: 5.54411 test err 5.58027')
('>', 'Opt:Adam, BN False, BN_trainable: False After150/3283 iteration,Init: data_trunc_norm_kern')
S:  [None, <tf.Tensor 'Const_1:0' shape=(48,) dtype=float64>, <tf.Tensor 'Const_2:0' shape=(48,) dtype=float64>]
('>', 'Mdl*hbf2*-units[2, 48, 48, 1], task: task_f2d_2x2_1_cosx1_plus_x2_depth2, step 200/3283, train err 5.59562, cv err: 5.46223 test err 5.50421')
('>', 'Opt:Adam, BN False, BN_trainable: False After200/3283 iteration,Init: data_trunc_norm_kern')
S:  [None, <tf.Tensor 'Const_1:0' shape=(48,) dtype=float64>, <tf.Tensor 'Const_2:0' shape=(48,) dtype=float64>]
('>', 'Mdl*hbf2*-units[2, 48, 48, 1], task: task_f2d_2x2_1_cosx1_plus_x2_depth2, step 250/3283, train err 5.53984, cv err: 5.38745 test err 5.43943')
('>', 'Opt:Adam, BN False, BN_trainable: False After250/3283 iteration,Init: data_trunc_norm_kern')
S:  [None, <tf.Tensor 'Const_1:0' shape=(48,) dtype=float64>, <tf.Tensor 'Const_2:0' shape=(48,) dtype=float64>]
('>', 'Mdl*hbf2*-units[2, 48, 48, 1], task: task_f2d_2x2_1_cosx1_plus_x2_depth2, step 300/3283, train err 5.54082, cv err: 5.38957 test err 5.44095')
('>', 'Opt:Adam, BN False, BN_trainable: False After300/3283 iteration,Init: data_trunc_norm_kern')
S:  [None, <tf.Tensor 'Const_1:0' shape=(48,) dtype=float64>, <tf.Tensor 'Const_2:0' shape=(48,) dtype=float64>]
('>', 'Mdl*hbf2*-units[2, 48, 48, 1], task: task_f2d_2x2_1_cosx1_plus_x2_depth2, step 350/3283, train err 5.57125, cv err: 5.43246 test err 5.47727')
('>', 'Opt:Adam, BN False, BN_trainable: False After350/3283 iteration,Init: data_trunc_norm_kern')
S:  [None, <tf.Tensor 'Const_1:0' shape=(48,) dtype=float64>, <tf.Tensor 'Const_2:0' shape=(48,) dtype=float64>]
('>', 'Mdl*hbf2*-units[2, 48, 48, 1], task: task_f2d_2x2_1_cosx1_plus_x2_depth2, step 400/3283, train err 5.54062, cv err: 5.38916 test err 5.44065')
('>', 'Opt:Adam, BN False, BN_trainable: False After400/3283 iteration,Init: data_trunc_norm_kern')
S:  [None, <tf.Tensor 'Const_1:0' shape=(48,) dtype=float64>, <tf.Tensor 'Const_2:0' shape=(48,) dtype=float64>]
('>', 'Mdl*hbf2*-units[2, 48, 48, 1], task: task_f2d_2x2_1_cosx1_plus_x2_depth2, step 450/3283, train err 5.53917, cv err: 5.38569 test err 5.43824')
('>', 'Opt:Adam, BN False, BN_trainable: False After450/3283 iteration,Init: data_trunc_norm_kern')
S:  [None, <tf.Tensor 'Const_1:0' shape=(48,) dtype=float64>, <tf.Tensor 'Const_2:0' shape=(48,) dtype=float64>]
('>', 'Mdl*hbf2*-units[2, 48, 48, 1], task: task_f2d_2x2_1_cosx1_plus_x2_depth2, step 500/3283, train err 5.55501, cv err: 5.41131 test err 5.45871')
('>', 'Opt:Adam, BN False, BN_trainable: False After500/3283 iteration,Init: data_trunc_norm_kern')
S:  [None, <tf.Tensor 'Const_1:0' shape=(48,) dtype=float64>, <tf.Tensor 'Const_2:0' shape=(48,) dtype=float64>]
('>', 'Mdl*hbf2*-units[2, 48, 48, 1], task: task_f2d_2x2_1_cosx1_plus_x2_depth2, step 550/3283, train err 5.54278, cv err: 5.39317 test err 5.44368')
('>', 'Opt:Adam, BN False, BN_trainable: False After550/3283 iteration,Init: data_trunc_norm_kern')
S:  [None, <tf.Tensor 'Const_1:0' shape=(48,) dtype=float64>, <tf.Tensor 'Const_2:0' shape=(48,) dtype=float64>]
('>', 'Mdl*hbf2*-units[2, 48, 48, 1], task: task_f2d_2x2_1_cosx1_plus_x2_depth2, step 600/3283, train err 5.57613, cv err: 5.43855 test err 5.48273')
('>', 'Opt:Adam, BN False, BN_trainable: False After600/3283 iteration,Init: data_trunc_norm_kern')
S:  [None, <tf.Tensor 'Const_1:0' shape=(48,) dtype=float64>, <tf.Tensor 'Const_2:0' shape=(48,) dtype=float64>]
('>', 'Mdl*hbf2*-units[2, 48, 48, 1], task: task_f2d_2x2_1_cosx1_plus_x2_depth2, step 650/3283, train err 5.5501, cv err: 5.40446 test err 5.45288')
('>', 'Opt:Adam, BN False, BN_trainable: False After650/3283 iteration,Init: data_trunc_norm_kern')
S:  [None, <tf.Tensor 'Const_1:0' shape=(48,) dtype=float64>, <tf.Tensor 'Const_2:0' shape=(48,) dtype=float64>]
('>', 'Mdl*hbf2*-units[2, 48, 48, 1], task: task_f2d_2x2_1_cosx1_plus_x2_depth2, step 700/3283, train err 5.55324, cv err: 5.40889 test err 5.45663')
('>', 'Opt:Adam, BN False, BN_trainable: False After700/3283 iteration,Init: data_trunc_norm_kern')
S:  [None, <tf.Tensor 'Const_1:0' shape=(48,) dtype=float64>, <tf.Tensor 'Const_2:0' shape=(48,) dtype=float64>]
('>', 'Mdl*hbf2*-units[2, 48, 48, 1], task: task_f2d_2x2_1_cosx1_plus_x2_depth2, step 750/3283, train err 5.5697, cv err: 5.43049 test err 5.47553')
('>', 'Opt:Adam, BN False, BN_trainable: False After750/3283 iteration,Init: data_trunc_norm_kern')
S:  [None, <tf.Tensor 'Const_1:0' shape=(48,) dtype=float64>, <tf.Tensor 'Const_2:0' shape=(48,) dtype=float64>]
('>', 'Mdl*hbf2*-units[2, 48, 48, 1], task: task_f2d_2x2_1_cosx1_plus_x2_depth2, step 800/3283, train err 5.54655, cv err: 5.39923 test err 5.44854')
('>', 'Opt:Adam, BN False, BN_trainable: False After800/3283 iteration,Init: data_trunc_norm_kern')
S:  [None, <tf.Tensor 'Const_1:0' shape=(48,) dtype=float64>, <tf.Tensor 'Const_2:0' shape=(48,) dtype=float64>]
('>', 'Mdl*hbf2*-units[2, 48, 48, 1], task: task_f2d_2x2_1_cosx1_plus_x2_depth2, step 850/3283, train err 5.54702, cv err: 5.39995 test err 5.44913')
('>', 'Opt:Adam, BN False, BN_trainable: False After850/3283 iteration,Init: data_trunc_norm_kern')
S:  [None, <tf.Tensor 'Const_1:0' shape=(48,) dtype=float64>, <tf.Tensor 'Const_2:0' shape=(48,) dtype=float64>]
('>', 'Mdl*hbf2*-units[2, 48, 48, 1], task: task_f2d_2x2_1_cosx1_plus_x2_depth2, step 900/3283, train err 5.55668, cv err: 5.41358 test err 5.46067')
('>', 'Opt:Adam, BN False, BN_trainable: False After900/3283 iteration,Init: data_trunc_norm_kern')
S:  [None, <tf.Tensor 'Const_1:0' shape=(48,) dtype=float64>, <tf.Tensor 'Const_2:0' shape=(48,) dtype=float64>]
('>', 'Mdl*hbf2*-units[2, 48, 48, 1], task: task_f2d_2x2_1_cosx1_plus_x2_depth2, step 950/3283, train err 5.57182, cv err: 5.43317 test err 5.47791')
('>', 'Opt:Adam, BN False, BN_trainable: False After950/3283 iteration,Init: data_trunc_norm_kern')
S:  [None, <tf.Tensor 'Const_1:0' shape=(48,) dtype=float64>, <tf.Tensor 'Const_2:0' shape=(48,) dtype=float64>]
('>', 'Mdl*hbf2*-units[2, 48, 48, 1], task: task_f2d_2x2_1_cosx1_plus_x2_depth2, step 1000/3283, train err 5.54595, cv err: 5.3983 test err 5.44778')
('>', 'Opt:Adam, BN False, BN_trainable: False After1000/3283 iteration,Init: data_trunc_norm_kern')
S:  [None, <tf.Tensor 'Const_1:0' shape=(48,) dtype=float64>, <tf.Tensor 'Const_2:0' shape=(48,) dtype=float64>]
('>', 'Mdl*hbf2*-units[2, 48, 48, 1], task: task_f2d_2x2_1_cosx1_plus_x2_depth2, step 1050/3283, train err 5.54691, cv err: 5.39977 test err 5.44898')
('>', 'Opt:Adam, BN False, BN_trainable: False After1050/3283 iteration,Init: data_trunc_norm_kern')
S:  [None, <tf.Tensor 'Const_1:0' shape=(48,) dtype=float64>, <tf.Tensor 'Const_2:0' shape=(48,) dtype=float64>]
('>', 'Mdl*hbf2*-units[2, 48, 48, 1], task: task_f2d_2x2_1_cosx1_plus_x2_depth2, step 1100/3283, train err 5.58359, cv err: 5.44772 test err 5.491')
('>', 'Opt:Adam, BN False, BN_trainable: False After1100/3283 iteration,Init: data_trunc_norm_kern')
S:  [None, <tf.Tensor 'Const_1:0' shape=(48,) dtype=float64>, <tf.Tensor 'Const_2:0' shape=(48,) dtype=float64>]
('>', 'Mdl*hbf2*-units[2, 48, 48, 1], task: task_f2d_2x2_1_cosx1_plus_x2_depth2, step 1150/3283, train err 5.57795, cv err: 5.4408 test err 5.48475')
('>', 'Opt:Adam, BN False, BN_trainable: False After1150/3283 iteration,Init: data_trunc_norm_kern')
S:  [None, <tf.Tensor 'Const_1:0' shape=(48,) dtype=float64>, <tf.Tensor 'Const_2:0' shape=(48,) dtype=float64>]
('>', 'Mdl*hbf2*-units[2, 48, 48, 1], task: task_f2d_2x2_1_cosx1_plus_x2_depth2, step 1200/3283, train err 5.57796, cv err: 5.44082 test err 5.48477')
('>', 'Opt:Adam, BN False, BN_trainable: False After1200/3283 iteration,Init: data_trunc_norm_kern')
S:  [None, <tf.Tensor 'Const_1:0' shape=(48,) dtype=float64>, <tf.Tensor 'Const_2:0' shape=(48,) dtype=float64>]
('>', 'Mdl*hbf2*-units[2, 48, 48, 1], task: task_f2d_2x2_1_cosx1_plus_x2_depth2, step 1250/3283, train err 5.57309, cv err: 5.43476 test err 5.47934')
('>', 'Opt:Adam, BN False, BN_trainable: False After1250/3283 iteration,Init: data_trunc_norm_kern')
S:  [None, <tf.Tensor 'Const_1:0' shape=(48,) dtype=float64>, <tf.Tensor 'Const_2:0' shape=(48,) dtype=float64>]
('>', 'Mdl*hbf2*-units[2, 48, 48, 1], task: task_f2d_2x2_1_cosx1_plus_x2_depth2, step 1300/3283, train err 5.60372, cv err: 5.47186 test err 5.51303')
('>', 'Opt:Adam, BN False, BN_trainable: False After1300/3283 iteration,Init: data_trunc_norm_kern')
S:  [None, <tf.Tensor 'Const_1:0' shape=(48,) dtype=float64>, <tf.Tensor 'Const_2:0' shape=(48,) dtype=float64>]
('>', 'Mdl*hbf2*-units[2, 48, 48, 1], task: task_f2d_2x2_1_cosx1_plus_x2_depth2, step 1350/3283, train err 5.5918, cv err: 5.45765 test err 5.50002')
('>', 'Opt:Adam, BN False, BN_trainable: False After1350/3283 iteration,Init: data_trunc_norm_kern')
S:  [None, <tf.Tensor 'Const_1:0' shape=(48,) dtype=float64>, <tf.Tensor 'Const_2:0' shape=(48,) dtype=float64>]
('>', 'Mdl*hbf2*-units[2, 48, 48, 1], task: task_f2d_2x2_1_cosx1_plus_x2_depth2, step 1400/3283, train err 5.56574, cv err: 5.42547 test err 5.47107')
('>', 'Opt:Adam, BN False, BN_trainable: False After1400/3283 iteration,Init: data_trunc_norm_kern')
S:  [None, <tf.Tensor 'Const_1:0' shape=(48,) dtype=float64>, <tf.Tensor 'Const_2:0' shape=(48,) dtype=float64>]
('>', 'Mdl*hbf2*-units[2, 48, 48, 1], task: task_f2d_2x2_1_cosx1_plus_x2_depth2, step 1450/3283, train err 5.55259, cv err: 5.40798 test err 5.45586')
('>', 'Opt:Adam, BN False, BN_trainable: False After1450/3283 iteration,Init: data_trunc_norm_kern')
S:  [None, <tf.Tensor 'Const_1:0' shape=(48,) dtype=float64>, <tf.Tensor 'Const_2:0' shape=(48,) dtype=float64>]
('>', 'Mdl*hbf2*-units[2, 48, 48, 1], task: task_f2d_2x2_1_cosx1_plus_x2_depth2, step 1500/3283, train err 5.54053, cv err: 5.38897 test err 5.44051')
('>', 'Opt:Adam, BN False, BN_trainable: False After1500/3283 iteration,Init: data_trunc_norm_kern')
S:  [None, <tf.Tensor 'Const_1:0' shape=(48,) dtype=float64>, <tf.Tensor 'Const_2:0' shape=(48,) dtype=float64>]
('>', 'Mdl*hbf2*-units[2, 48, 48, 1], task: task_f2d_2x2_1_cosx1_plus_x2_depth2, step 1550/3283, train err 5.56604, cv err: 5.42585 test err 5.4714')
('>', 'Opt:Adam, BN False, BN_trainable: False After1550/3283 iteration,Init: data_trunc_norm_kern')
S:  [None, <tf.Tensor 'Const_1:0' shape=(48,) dtype=float64>, <tf.Tensor 'Const_2:0' shape=(48,) dtype=float64>]
('>', 'Mdl*hbf2*-units[2, 48, 48, 1], task: task_f2d_2x2_1_cosx1_plus_x2_depth2, step 1600/3283, train err 5.54774, cv err: 5.40102 test err 5.45001')
('>', 'Opt:Adam, BN False, BN_trainable: False After1600/3283 iteration,Init: data_trunc_norm_kern')
S:  [None, <tf.Tensor 'Const_1:0' shape=(48,) dtype=float64>, <tf.Tensor 'Const_2:0' shape=(48,) dtype=float64>]
('>', 'Mdl*hbf2*-units[2, 48, 48, 1], task: task_f2d_2x2_1_cosx1_plus_x2_depth2, step 1650/3283, train err 5.55468, cv err: 5.41087 test err 5.45833')
('>', 'Opt:Adam, BN False, BN_trainable: False After1650/3283 iteration,Init: data_trunc_norm_kern')
S:  [None, <tf.Tensor 'Const_1:0' shape=(48,) dtype=float64>, <tf.Tensor 'Const_2:0' shape=(48,) dtype=float64>]
('>', 'Mdl*hbf2*-units[2, 48, 48, 1], task: task_f2d_2x2_1_cosx1_plus_x2_depth2, step 1700/3283, train err 5.5795, cv err: 5.44271 test err 5.48647')
('>', 'Opt:Adam, BN False, BN_trainable: False After1700/3283 iteration,Init: data_trunc_norm_kern')
S:  [None, <tf.Tensor 'Const_1:0' shape=(48,) dtype=float64>, <tf.Tensor 'Const_2:0' shape=(48,) dtype=float64>]
('>', 'Mdl*hbf2*-units[2, 48, 48, 1], task: task_f2d_2x2_1_cosx1_plus_x2_depth2, step 1750/3283, train err 5.56128, cv err: 5.41968 test err 5.46598')
('>', 'Opt:Adam, BN False, BN_trainable: False After1750/3283 iteration,Init: data_trunc_norm_kern')
S:  [None, <tf.Tensor 'Const_1:0' shape=(48,) dtype=float64>, <tf.Tensor 'Const_2:0' shape=(48,) dtype=float64>]
('>', 'Mdl*hbf2*-units[2, 48, 48, 1], task: task_f2d_2x2_1_cosx1_plus_x2_depth2, step 1800/3283, train err 5.54343, cv err: 5.39426 test err 5.44454')
('>', 'Opt:Adam, BN False, BN_trainable: False After1800/3283 iteration,Init: data_trunc_norm_kern')
S:  [None, <tf.Tensor 'Const_1:0' shape=(48,) dtype=float64>, <tf.Tensor 'Const_2:0' shape=(48,) dtype=float64>]
('>', 'Mdl*hbf2*-units[2, 48, 48, 1], task: task_f2d_2x2_1_cosx1_plus_x2_depth2, step 1850/3283, train err 5.54456, cv err: 5.39612 test err 5.44601')
('>', 'Opt:Adam, BN False, BN_trainable: False After1850/3283 iteration,Init: data_trunc_norm_kern')
S:  [None, <tf.Tensor 'Const_1:0' shape=(48,) dtype=float64>, <tf.Tensor 'Const_2:0' shape=(48,) dtype=float64>]
('>', 'Mdl*hbf2*-units[2, 48, 48, 1], task: task_f2d_2x2_1_cosx1_plus_x2_depth2, step 1900/3283, train err 5.55227, cv err: 5.40754 test err 5.45549')
('>', 'Opt:Adam, BN False, BN_trainable: False After1900/3283 iteration,Init: data_trunc_norm_kern')
S:  [None, <tf.Tensor 'Const_1:0' shape=(48,) dtype=float64>, <tf.Tensor 'Const_2:0' shape=(48,) dtype=float64>]
('>', 'Mdl*hbf2*-units[2, 48, 48, 1], task: task_f2d_2x2_1_cosx1_plus_x2_depth2, step 1950/3283, train err 5.56027, cv err: 5.41835 test err 5.46481')
('>', 'Opt:Adam, BN False, BN_trainable: False After1950/3283 iteration,Init: data_trunc_norm_kern')
S:  [None, <tf.Tensor 'Const_1:0' shape=(48,) dtype=float64>, <tf.Tensor 'Const_2:0' shape=(48,) dtype=float64>]
('>', 'Mdl*hbf2*-units[2, 48, 48, 1], task: task_f2d_2x2_1_cosx1_plus_x2_depth2, step 2000/3283, train err 5.55501, cv err: 5.41132 test err 5.45872')
('>', 'Opt:Adam, BN False, BN_trainable: False After2000/3283 iteration,Init: data_trunc_norm_kern')
S:  [None, <tf.Tensor 'Const_1:0' shape=(48,) dtype=float64>, <tf.Tensor 'Const_2:0' shape=(48,) dtype=float64>]
('>', 'Mdl*hbf2*-units[2, 48, 48, 1], task: task_f2d_2x2_1_cosx1_plus_x2_depth2, step 2050/3283, train err 5.54344, cv err: 5.39428 test err 5.44456')
('>', 'Opt:Adam, BN False, BN_trainable: False After2050/3283 iteration,Init: data_trunc_norm_kern')
S:  [None, <tf.Tensor 'Const_1:0' shape=(48,) dtype=float64>, <tf.Tensor 'Const_2:0' shape=(48,) dtype=float64>]
('>', 'Mdl*hbf2*-units[2, 48, 48, 1], task: task_f2d_2x2_1_cosx1_plus_x2_depth2, step 2100/3283, train err 5.56051, cv err: 5.41868 test err 5.4651')
('>', 'Opt:Adam, BN False, BN_trainable: False After2100/3283 iteration,Init: data_trunc_norm_kern')
S:  [None, <tf.Tensor 'Const_1:0' shape=(48,) dtype=float64>, <tf.Tensor 'Const_2:0' shape=(48,) dtype=float64>]
('>', 'Mdl*hbf2*-units[2, 48, 48, 1], task: task_f2d_2x2_1_cosx1_plus_x2_depth2, step 2150/3283, train err 5.55475, cv err: 5.41096 test err 5.45841')
('>', 'Opt:Adam, BN False, BN_trainable: False After2150/3283 iteration,Init: data_trunc_norm_kern')
S:  [None, <tf.Tensor 'Const_1:0' shape=(48,) dtype=float64>, <tf.Tensor 'Const_2:0' shape=(48,) dtype=float64>]
('>', 'Mdl*hbf2*-units[2, 48, 48, 1], task: task_f2d_2x2_1_cosx1_plus_x2_depth2, step 2200/3283, train err 5.54064, cv err: 5.3892 test err 5.44068')
('>', 'Opt:Adam, BN False, BN_trainable: False After2200/3283 iteration,Init: data_trunc_norm_kern')
S:  [None, <tf.Tensor 'Const_1:0' shape=(48,) dtype=float64>, <tf.Tensor 'Const_2:0' shape=(48,) dtype=float64>]
('>', 'Mdl*hbf2*-units[2, 48, 48, 1], task: task_f2d_2x2_1_cosx1_plus_x2_depth2, step 2250/3283, train err 5.54657, cv err: 5.39926 test err 5.44856')
('>', 'Opt:Adam, BN False, BN_trainable: False After2250/3283 iteration,Init: data_trunc_norm_kern')
S:  [None, <tf.Tensor 'Const_1:0' shape=(48,) dtype=float64>, <tf.Tensor 'Const_2:0' shape=(48,) dtype=float64>]
('>', 'Mdl*hbf2*-units[2, 48, 48, 1], task: task_f2d_2x2_1_cosx1_plus_x2_depth2, step 2300/3283, train err 5.54911, cv err: 5.40303 test err 5.45168')
('>', 'Opt:Adam, BN False, BN_trainable: False After2300/3283 iteration,Init: data_trunc_norm_kern')
S:  [None, <tf.Tensor 'Const_1:0' shape=(48,) dtype=float64>, <tf.Tensor 'Const_2:0' shape=(48,) dtype=float64>]
('>', 'Mdl*hbf2*-units[2, 48, 48, 1], task: task_f2d_2x2_1_cosx1_plus_x2_depth2, step 2350/3283, train err 5.5734, cv err: 5.43515 test err 5.47968')
('>', 'Opt:Adam, BN False, BN_trainable: False After2350/3283 iteration,Init: data_trunc_norm_kern')
S:  [None, <tf.Tensor 'Const_1:0' shape=(48,) dtype=float64>, <tf.Tensor 'Const_2:0' shape=(48,) dtype=float64>]
('>', 'Mdl*hbf2*-units[2, 48, 48, 1], task: task_f2d_2x2_1_cosx1_plus_x2_depth2, step 2400/3283, train err 5.54809, cv err: 5.40153 test err 5.45044')
('>', 'Opt:Adam, BN False, BN_trainable: False After2400/3283 iteration,Init: data_trunc_norm_kern')
S:  [None, <tf.Tensor 'Const_1:0' shape=(48,) dtype=float64>, <tf.Tensor 'Const_2:0' shape=(48,) dtype=float64>]
('>', 'Mdl*hbf2*-units[2, 48, 48, 1], task: task_f2d_2x2_1_cosx1_plus_x2_depth2, step 2450/3283, train err 5.54489, cv err: 5.39664 test err 5.44643')
('>', 'Opt:Adam, BN False, BN_trainable: False After2450/3283 iteration,Init: data_trunc_norm_kern')
S:  [None, <tf.Tensor 'Const_1:0' shape=(48,) dtype=float64>, <tf.Tensor 'Const_2:0' shape=(48,) dtype=float64>]
('>', 'Mdl*hbf2*-units[2, 48, 48, 1], task: task_f2d_2x2_1_cosx1_plus_x2_depth2, step 2500/3283, train err 5.56119, cv err: 5.41956 test err 5.46587')
('>', 'Opt:Adam, BN False, BN_trainable: False After2500/3283 iteration,Init: data_trunc_norm_kern')
S:  [None, <tf.Tensor 'Const_1:0' shape=(48,) dtype=float64>, <tf.Tensor 'Const_2:0' shape=(48,) dtype=float64>]
('>', 'Mdl*hbf2*-units[2, 48, 48, 1], task: task_f2d_2x2_1_cosx1_plus_x2_depth2, step 2550/3283, train err 5.56001, cv err: 5.41802 test err 5.46452')
('>', 'Opt:Adam, BN False, BN_trainable: False After2550/3283 iteration,Init: data_trunc_norm_kern')
S:  [None, <tf.Tensor 'Const_1:0' shape=(48,) dtype=float64>, <tf.Tensor 'Const_2:0' shape=(48,) dtype=float64>]
('>', 'Mdl*hbf2*-units[2, 48, 48, 1], task: task_f2d_2x2_1_cosx1_plus_x2_depth2, step 2600/3283, train err 5.5663, cv err: 5.42618 test err 5.47169')
('>', 'Opt:Adam, BN False, BN_trainable: False After2600/3283 iteration,Init: data_trunc_norm_kern')
S:  [None, <tf.Tensor 'Const_1:0' shape=(48,) dtype=float64>, <tf.Tensor 'Const_2:0' shape=(48,) dtype=float64>]
('>', 'Mdl*hbf2*-units[2, 48, 48, 1], task: task_f2d_2x2_1_cosx1_plus_x2_depth2, step 2650/3283, train err 5.55174, cv err: 5.40679 test err 5.45485')
('>', 'Opt:Adam, BN False, BN_trainable: False After2650/3283 iteration,Init: data_trunc_norm_kern')
S:  [None, <tf.Tensor 'Const_1:0' shape=(48,) dtype=float64>, <tf.Tensor 'Const_2:0' shape=(48,) dtype=float64>]
('>', 'Mdl*hbf2*-units[2, 48, 48, 1], task: task_f2d_2x2_1_cosx1_plus_x2_depth2, step 2700/3283, train err 5.54296, cv err: 5.39347 test err 5.44392')
('>', 'Opt:Adam, BN False, BN_trainable: False After2700/3283 iteration,Init: data_trunc_norm_kern')
S:  [None, <tf.Tensor 'Const_1:0' shape=(48,) dtype=float64>, <tf.Tensor 'Const_2:0' shape=(48,) dtype=float64>]
('>', 'Mdl*hbf2*-units[2, 48, 48, 1], task: task_f2d_2x2_1_cosx1_plus_x2_depth2, step 2750/3283, train err 5.5599, cv err: 5.41787 test err 5.46439')
('>', 'Opt:Adam, BN False, BN_trainable: False After2750/3283 iteration,Init: data_trunc_norm_kern')
S:  [None, <tf.Tensor 'Const_1:0' shape=(48,) dtype=float64>, <tf.Tensor 'Const_2:0' shape=(48,) dtype=float64>]
('>', 'Mdl*hbf2*-units[2, 48, 48, 1], task: task_f2d_2x2_1_cosx1_plus_x2_depth2, step 2800/3283, train err 5.56483, cv err: 5.42429 test err 5.47003')
('>', 'Opt:Adam, BN False, BN_trainable: False After2800/3283 iteration,Init: data_trunc_norm_kern')
S:  [None, <tf.Tensor 'Const_1:0' shape=(48,) dtype=float64>, <tf.Tensor 'Const_2:0' shape=(48,) dtype=float64>]
('>', 'Mdl*hbf2*-units[2, 48, 48, 1], task: task_f2d_2x2_1_cosx1_plus_x2_depth2, step 2850/3283, train err 5.54778, cv err: 5.40108 test err 5.45006')
('>', 'Opt:Adam, BN False, BN_trainable: False After2850/3283 iteration,Init: data_trunc_norm_kern')
S:  [None, <tf.Tensor 'Const_1:0' shape=(48,) dtype=float64>, <tf.Tensor 'Const_2:0' shape=(48,) dtype=float64>]
('>', 'Mdl*hbf2*-units[2, 48, 48, 1], task: task_f2d_2x2_1_cosx1_plus_x2_depth2, step 2900/3283, train err 5.5504, cv err: 5.40489 test err 5.45324')
('>', 'Opt:Adam, BN False, BN_trainable: False After2900/3283 iteration,Init: data_trunc_norm_kern')
S:  [None, <tf.Tensor 'Const_1:0' shape=(48,) dtype=float64>, <tf.Tensor 'Const_2:0' shape=(48,) dtype=float64>]
('>', 'Mdl*hbf2*-units[2, 48, 48, 1], task: task_f2d_2x2_1_cosx1_plus_x2_depth2, step 2950/3283, train err 5.56429, cv err: 5.4236 test err 5.46942')
('>', 'Opt:Adam, BN False, BN_trainable: False After2950/3283 iteration,Init: data_trunc_norm_kern')
S:  [None, <tf.Tensor 'Const_1:0' shape=(48,) dtype=float64>, <tf.Tensor 'Const_2:0' shape=(48,) dtype=float64>]
('>', 'Mdl*hbf2*-units[2, 48, 48, 1], task: task_f2d_2x2_1_cosx1_plus_x2_depth2, step 3000/3283, train err 5.5485, cv err: 5.40214 test err 5.45094')
('>', 'Opt:Adam, BN False, BN_trainable: False After3000/3283 iteration,Init: data_trunc_norm_kern')
S:  [None, <tf.Tensor 'Const_1:0' shape=(48,) dtype=float64>, <tf.Tensor 'Const_2:0' shape=(48,) dtype=float64>]
('>', 'Mdl*hbf2*-units[2, 48, 48, 1], task: task_f2d_2x2_1_cosx1_plus_x2_depth2, step 3050/3283, train err 5.54675, cv err: 5.39953 test err 5.44878')
('>', 'Opt:Adam, BN False, BN_trainable: False After3050/3283 iteration,Init: data_trunc_norm_kern')
S:  [None, <tf.Tensor 'Const_1:0' shape=(48,) dtype=float64>, <tf.Tensor 'Const_2:0' shape=(48,) dtype=float64>]
('>', 'Mdl*hbf2*-units[2, 48, 48, 1], task: task_f2d_2x2_1_cosx1_plus_x2_depth2, step 3100/3283, train err 5.57251, cv err: 5.43403 test err 5.47868')
('>', 'Opt:Adam, BN False, BN_trainable: False After3100/3283 iteration,Init: data_trunc_norm_kern')
S:  [None, <tf.Tensor 'Const_1:0' shape=(48,) dtype=float64>, <tf.Tensor 'Const_2:0' shape=(48,) dtype=float64>]
('>', 'Mdl*hbf2*-units[2, 48, 48, 1], task: task_f2d_2x2_1_cosx1_plus_x2_depth2, step 3150/3283, train err 5.55186, cv err: 5.40696 test err 5.455')
('>', 'Opt:Adam, BN False, BN_trainable: False After3150/3283 iteration,Init: data_trunc_norm_kern')
S:  [None, <tf.Tensor 'Const_1:0' shape=(48,) dtype=float64>, <tf.Tensor 'Const_2:0' shape=(48,) dtype=float64>]
('>', 'Mdl*hbf2*-units[2, 48, 48, 1], task: task_f2d_2x2_1_cosx1_plus_x2_depth2, step 3200/3283, train err 5.56059, cv err: 5.41878 test err 5.46518')
('>', 'Opt:Adam, BN False, BN_trainable: False After3200/3283 iteration,Init: data_trunc_norm_kern')
S:  [None, <tf.Tensor 'Const_1:0' shape=(48,) dtype=float64>, <tf.Tensor 'Const_2:0' shape=(48,) dtype=float64>]
('>', 'Mdl*hbf2*-units[2, 48, 48, 1], task: task_f2d_2x2_1_cosx1_plus_x2_depth2, step 3250/3283, train err 5.54146, cv err: 5.39079 test err 5.44186')
('>', 'Opt:Adam, BN False, BN_trainable: False After3250/3283 iteration,Init: data_trunc_norm_kern')
S:  [None, <tf.Tensor 'Const_1:0' shape=(48,) dtype=float64>, <tf.Tensor 'Const_2:0' shape=(48,) dtype=float64>]
--- 691.890715837 seconds ---
--- 11.5315119306 minutes ---
--- 0.19219186551 hours ---


