I tensorflow/stream_executor/dso_loader.cc:108] successfully opened CUDA library libcublas.so locally
I tensorflow/stream_executor/dso_loader.cc:102] Couldn't open CUDA library libcudnn.so. LD_LIBRARY_PATH: /cm/shared/openmind/cuda/7.5/lib64:/cm/shared/openmind/cuda/7.5/lib
I tensorflow/stream_executor/cuda/cuda_dnn.cc:2092] Unable to load cuDNN DSO
I tensorflow/stream_executor/dso_loader.cc:108] successfully opened CUDA library libcufft.so locally
I tensorflow/stream_executor/dso_loader.cc:108] successfully opened CUDA library libcuda.so locally
I tensorflow/stream_executor/dso_loader.cc:108] successfully opened CUDA library libcurand.so locally
E tensorflow/stream_executor/cuda/cuda_driver.cc:491] failed call to cuInit: CUDA_ERROR_NO_DEVICE
I tensorflow/stream_executor/cuda/cuda_diagnostics.cc:153] retrieving CUDA diagnostic information for host: node002.cm.cluster
I tensorflow/stream_executor/cuda/cuda_diagnostics.cc:160] hostname: node002.cm.cluster
I tensorflow/stream_executor/cuda/cuda_diagnostics.cc:185] libcuda reported version is: Not found: was unable to find libcuda.so DSO loaded into this program
I tensorflow/stream_executor/cuda/cuda_diagnostics.cc:347] driver version file contents: """NVRM version: NVIDIA UNIX x86_64 Kernel Module  352.63  Sat Nov  7 21:25:42 PST 2015
GCC version:  gcc version 4.8.5 20150623 (Red Hat 4.8.5-4) (GCC) 
"""
I tensorflow/stream_executor/cuda/cuda_diagnostics.cc:189] kernel reported version is: 352.63.0
I tensorflow/core/common_runtime/gpu/gpu_init.cc:81] No GPU devices available on machine.
print sys.argv = ['main_nn.py', '2916403', '70', 'om_2x2_1_cosx1_plus_x2_depth2', 'task_2_August_HBF2_depth_2_1000_dont_train_S', 'HBF2_24_24_multiple_1000', 'True', '24,24', 'multiple_S', 'task_f2d_2x2_1_cosx1_plus_x2_depth2', 'False', 'False', 'hbf', 'data_trunc_norm_kern', 'dont_normalize', 'dont_train_S']
len(sys.argv) = 16
print argv = ['main_nn.py', '2916403', '70', 'om_2x2_1_cosx1_plus_x2_depth2', 'task_2_August_HBF2_depth_2_1000_dont_train_S', 'HBF2_24_24_multiple_1000', 'True', '24,24', 'multiple_S', 'task_f2d_2x2_1_cosx1_plus_x2_depth2', 'False', 'False', 'hbf', 'data_trunc_norm_kern', 'dont_normalize', 'dont_train_S']
len(argv) = 16
---------> len(argv) 16
['main_nn.py', '2916403', '70', 'om_2x2_1_cosx1_plus_x2_depth2', 'task_2_August_HBF2_depth_2_1000_dont_train_S', 'HBF2_24_24_multiple_1000', 'True', '24,24', 'multiple_S', 'task_f2d_2x2_1_cosx1_plus_x2_depth2', 'False', 'False', 'hbf', 'data_trunc_norm_kern', 'dont_normalize', 'dont_train_S']
2.8
mdl_type:  hbf
['main_nn.py', '2916403', '70', 'om_2x2_1_cosx1_plus_x2_depth2', 'task_2_August_HBF2_depth_2_1000_dont_train_S', 'HBF2_24_24_multiple_1000', 'True', '24,24', 'multiple_S', 'task_f2d_2x2_1_cosx1_plus_x2_depth2', 'False', 'False', 'hbf', 'data_trunc_norm_kern', 'dont_normalize', 'dont_train_S']
use_tensorboard False
experiment_root_dir=om_2x2_1_cosx1_plus_x2_depth2,slurm_jobid=2916403,slurm_array_task_id=70,job_name=HBF2_24_24_multiple_1000
----====> TASK NAME: task_f2d_2x2_1_cosx1_plus_x2_depth2
---> task_name:  task_f2d_2x2_1_cosx1_plus_x2_depth2
(N_train,D) =  (60025, 2)
(N_test,D_out) =  (60025, 1)
CLUSTER:  OM7
++> S/b_init  [None, 0.4177551, 2.2083914084721625]
++++> M (batch size) : 17000
++> starter_learning_rate  0.000261314851336
++> decay_rate  0.853531636733
++> decay_steps  12547
++> staircase  True
-----> Running model: hbf. (nb_hidden_layers = 2, nb_layers = 3)
-----> Units: [2, 24, 24, 1])
train_S_type:  multiple_S
data_trunc_norm_kern
5.16701256882
DONE INITILIZING
[None, <tf.Tensor 'Const:0' shape=(2, 24) dtype=float64>, <tf.Tensor 'truncated_normal:0' shape=(24, 24) dtype=float64>]
isinstance
--> init_S:  Tensor("Const_1:0", shape=(24,), dtype=float64)
--> trainable_S:  False
isinstance
--> init_S:  Tensor("Const_2:0", shape=(24,), dtype=float64)
--> trainable_S:  False
('>', 'Mdl*hbf2*-units[2, 24, 24, 1], task: task_f2d_2x2_1_cosx1_plus_x2_depth2, step 0/5162, train err 7.34116, cv err: 6.95894 test err 7.24263')
('>', 'Opt:Adam, BN False, BN_trainable: False After0/5162 iteration,Init: data_trunc_norm_kern')
S:  [None, <tf.Tensor 'Const_1:0' shape=(24,) dtype=float64>, <tf.Tensor 'Const_2:0' shape=(24,) dtype=float64>]
('>', 'Mdl*hbf2*-units[2, 24, 24, 1], task: task_f2d_2x2_1_cosx1_plus_x2_depth2, step 50/5162, train err 6.85491, cv err: 6.55082 test err 6.77831')
('>', 'Opt:Adam, BN False, BN_trainable: False After50/5162 iteration,Init: data_trunc_norm_kern')
S:  [None, <tf.Tensor 'Const_1:0' shape=(24,) dtype=float64>, <tf.Tensor 'Const_2:0' shape=(24,) dtype=float64>]
('>', 'Mdl*hbf2*-units[2, 24, 24, 1], task: task_f2d_2x2_1_cosx1_plus_x2_depth2, step 100/5162, train err 6.58161, cv err: 6.31957 test err 6.50634')
('>', 'Opt:Adam, BN False, BN_trainable: False After100/5162 iteration,Init: data_trunc_norm_kern')
S:  [None, <tf.Tensor 'Const_1:0' shape=(24,) dtype=float64>, <tf.Tensor 'Const_2:0' shape=(24,) dtype=float64>]
('>', 'Mdl*hbf2*-units[2, 24, 24, 1], task: task_f2d_2x2_1_cosx1_plus_x2_depth2, step 150/5162, train err 6.37046, cv err: 6.14045 test err 6.29813')
('>', 'Opt:Adam, BN False, BN_trainable: False After150/5162 iteration,Init: data_trunc_norm_kern')
S:  [None, <tf.Tensor 'Const_1:0' shape=(24,) dtype=float64>, <tf.Tensor 'Const_2:0' shape=(24,) dtype=float64>]
('>', 'Mdl*hbf2*-units[2, 24, 24, 1], task: task_f2d_2x2_1_cosx1_plus_x2_depth2, step 200/5162, train err 6.22062, cv err: 6.01209 test err 6.15185')
('>', 'Opt:Adam, BN False, BN_trainable: False After200/5162 iteration,Init: data_trunc_norm_kern')
S:  [None, <tf.Tensor 'Const_1:0' shape=(24,) dtype=float64>, <tf.Tensor 'Const_2:0' shape=(24,) dtype=float64>]
('>', 'Mdl*hbf2*-units[2, 24, 24, 1], task: task_f2d_2x2_1_cosx1_plus_x2_depth2, step 250/5162, train err 6.09668, cv err: 5.90288 test err 6.03692')
('>', 'Opt:Adam, BN False, BN_trainable: False After250/5162 iteration,Init: data_trunc_norm_kern')
S:  [None, <tf.Tensor 'Const_1:0' shape=(24,) dtype=float64>, <tf.Tensor 'Const_2:0' shape=(24,) dtype=float64>]
('>', 'Mdl*hbf2*-units[2, 24, 24, 1], task: task_f2d_2x2_1_cosx1_plus_x2_depth2, step 300/5162, train err 6.04545, cv err: 5.85685 test err 5.99722')
('>', 'Opt:Adam, BN False, BN_trainable: False After300/5162 iteration,Init: data_trunc_norm_kern')
S:  [None, <tf.Tensor 'Const_1:0' shape=(24,) dtype=float64>, <tf.Tensor 'Const_2:0' shape=(24,) dtype=float64>]
('>', 'Mdl*hbf2*-units[2, 24, 24, 1], task: task_f2d_2x2_1_cosx1_plus_x2_depth2, step 350/5162, train err 5.99837, cv err: 5.81669 test err 5.96761')
('>', 'Opt:Adam, BN False, BN_trainable: False After350/5162 iteration,Init: data_trunc_norm_kern')
S:  [None, <tf.Tensor 'Const_1:0' shape=(24,) dtype=float64>, <tf.Tensor 'Const_2:0' shape=(24,) dtype=float64>]
('>', 'Mdl*hbf2*-units[2, 24, 24, 1], task: task_f2d_2x2_1_cosx1_plus_x2_depth2, step 400/5162, train err 5.99846, cv err: 5.8231 test err 5.98848')
('>', 'Opt:Adam, BN False, BN_trainable: False After400/5162 iteration,Init: data_trunc_norm_kern')
S:  [None, <tf.Tensor 'Const_1:0' shape=(24,) dtype=float64>, <tf.Tensor 'Const_2:0' shape=(24,) dtype=float64>]
('>', 'Mdl*hbf2*-units[2, 24, 24, 1], task: task_f2d_2x2_1_cosx1_plus_x2_depth2, step 450/5162, train err 6.01953, cv err: 5.84908 test err 6.03116')
('>', 'Opt:Adam, BN False, BN_trainable: False After450/5162 iteration,Init: data_trunc_norm_kern')
S:  [None, <tf.Tensor 'Const_1:0' shape=(24,) dtype=float64>, <tf.Tensor 'Const_2:0' shape=(24,) dtype=float64>]
('>', 'Mdl*hbf2*-units[2, 24, 24, 1], task: task_f2d_2x2_1_cosx1_plus_x2_depth2, step 500/5162, train err 6.0449, cv err: 5.87988 test err 6.07811')
('>', 'Opt:Adam, BN False, BN_trainable: False After500/5162 iteration,Init: data_trunc_norm_kern')
S:  [None, <tf.Tensor 'Const_1:0' shape=(24,) dtype=float64>, <tf.Tensor 'Const_2:0' shape=(24,) dtype=float64>]
('>', 'Mdl*hbf2*-units[2, 24, 24, 1], task: task_f2d_2x2_1_cosx1_plus_x2_depth2, step 550/5162, train err 6.06374, cv err: 5.90335 test err 6.11718')
('>', 'Opt:Adam, BN False, BN_trainable: False After550/5162 iteration,Init: data_trunc_norm_kern')
S:  [None, <tf.Tensor 'Const_1:0' shape=(24,) dtype=float64>, <tf.Tensor 'Const_2:0' shape=(24,) dtype=float64>]
('>', 'Mdl*hbf2*-units[2, 24, 24, 1], task: task_f2d_2x2_1_cosx1_plus_x2_depth2, step 600/5162, train err 6.09463, cv err: 5.93681 test err 6.16657')
('>', 'Opt:Adam, BN False, BN_trainable: False After600/5162 iteration,Init: data_trunc_norm_kern')
S:  [None, <tf.Tensor 'Const_1:0' shape=(24,) dtype=float64>, <tf.Tensor 'Const_2:0' shape=(24,) dtype=float64>]
('>', 'Mdl*hbf2*-units[2, 24, 24, 1], task: task_f2d_2x2_1_cosx1_plus_x2_depth2, step 650/5162, train err 6.13214, cv err: 5.97641 test err 6.22173')
('>', 'Opt:Adam, BN False, BN_trainable: False After650/5162 iteration,Init: data_trunc_norm_kern')
S:  [None, <tf.Tensor 'Const_1:0' shape=(24,) dtype=float64>, <tf.Tensor 'Const_2:0' shape=(24,) dtype=float64>]
('>', 'Mdl*hbf2*-units[2, 24, 24, 1], task: task_f2d_2x2_1_cosx1_plus_x2_depth2, step 700/5162, train err 6.17849, cv err: 6.02281 test err 6.28377')
('>', 'Opt:Adam, BN False, BN_trainable: False After700/5162 iteration,Init: data_trunc_norm_kern')
S:  [None, <tf.Tensor 'Const_1:0' shape=(24,) dtype=float64>, <tf.Tensor 'Const_2:0' shape=(24,) dtype=float64>]
('>', 'Mdl*hbf2*-units[2, 24, 24, 1], task: task_f2d_2x2_1_cosx1_plus_x2_depth2, step 750/5162, train err 6.2515, cv err: 6.09279 test err 6.36952')
('>', 'Opt:Adam, BN False, BN_trainable: False After750/5162 iteration,Init: data_trunc_norm_kern')
S:  [None, <tf.Tensor 'Const_1:0' shape=(24,) dtype=float64>, <tf.Tensor 'Const_2:0' shape=(24,) dtype=float64>]
('>', 'Mdl*hbf2*-units[2, 24, 24, 1], task: task_f2d_2x2_1_cosx1_plus_x2_depth2, step 800/5162, train err 6.29638, cv err: 6.13702 test err 6.42536')
('>', 'Opt:Adam, BN False, BN_trainable: False After800/5162 iteration,Init: data_trunc_norm_kern')
S:  [None, <tf.Tensor 'Const_1:0' shape=(24,) dtype=float64>, <tf.Tensor 'Const_2:0' shape=(24,) dtype=float64>]
('>', 'Mdl*hbf2*-units[2, 24, 24, 1], task: task_f2d_2x2_1_cosx1_plus_x2_depth2, step 850/5162, train err 6.34479, cv err: 6.18536 test err 6.48349')
('>', 'Opt:Adam, BN False, BN_trainable: False After850/5162 iteration,Init: data_trunc_norm_kern')
S:  [None, <tf.Tensor 'Const_1:0' shape=(24,) dtype=float64>, <tf.Tensor 'Const_2:0' shape=(24,) dtype=float64>]
('>', 'Mdl*hbf2*-units[2, 24, 24, 1], task: task_f2d_2x2_1_cosx1_plus_x2_depth2, step 900/5162, train err 6.40983, cv err: 6.24645 test err 6.55486')
('>', 'Opt:Adam, BN False, BN_trainable: False After900/5162 iteration,Init: data_trunc_norm_kern')
S:  [None, <tf.Tensor 'Const_1:0' shape=(24,) dtype=float64>, <tf.Tensor 'Const_2:0' shape=(24,) dtype=float64>]
('>', 'Mdl*hbf2*-units[2, 24, 24, 1], task: task_f2d_2x2_1_cosx1_plus_x2_depth2, step 950/5162, train err 6.45895, cv err: 6.29494 test err 6.61192')
('>', 'Opt:Adam, BN False, BN_trainable: False After950/5162 iteration,Init: data_trunc_norm_kern')
S:  [None, <tf.Tensor 'Const_1:0' shape=(24,) dtype=float64>, <tf.Tensor 'Const_2:0' shape=(24,) dtype=float64>]
('>', 'Mdl*hbf2*-units[2, 24, 24, 1], task: task_f2d_2x2_1_cosx1_plus_x2_depth2, step 1000/5162, train err 6.52539, cv err: 6.3581 test err 6.68271')
('>', 'Opt:Adam, BN False, BN_trainable: False After1000/5162 iteration,Init: data_trunc_norm_kern')
S:  [None, <tf.Tensor 'Const_1:0' shape=(24,) dtype=float64>, <tf.Tensor 'Const_2:0' shape=(24,) dtype=float64>]
('>', 'Mdl*hbf2*-units[2, 24, 24, 1], task: task_f2d_2x2_1_cosx1_plus_x2_depth2, step 1050/5162, train err 6.56361, cv err: 6.39736 test err 6.72589')
('>', 'Opt:Adam, BN False, BN_trainable: False After1050/5162 iteration,Init: data_trunc_norm_kern')
S:  [None, <tf.Tensor 'Const_1:0' shape=(24,) dtype=float64>, <tf.Tensor 'Const_2:0' shape=(24,) dtype=float64>]
('>', 'Mdl*hbf2*-units[2, 24, 24, 1], task: task_f2d_2x2_1_cosx1_plus_x2_depth2, step 1100/5162, train err 6.60446, cv err: 6.43872 test err 6.76907')
('>', 'Opt:Adam, BN False, BN_trainable: False After1100/5162 iteration,Init: data_trunc_norm_kern')
S:  [None, <tf.Tensor 'Const_1:0' shape=(24,) dtype=float64>, <tf.Tensor 'Const_2:0' shape=(24,) dtype=float64>]
('>', 'Mdl*hbf2*-units[2, 24, 24, 1], task: task_f2d_2x2_1_cosx1_plus_x2_depth2, step 1150/5162, train err 6.66211, cv err: 6.49523 test err 6.82778')
('>', 'Opt:Adam, BN False, BN_trainable: False After1150/5162 iteration,Init: data_trunc_norm_kern')
S:  [None, <tf.Tensor 'Const_1:0' shape=(24,) dtype=float64>, <tf.Tensor 'Const_2:0' shape=(24,) dtype=float64>]
('>', 'Mdl*hbf2*-units[2, 24, 24, 1], task: task_f2d_2x2_1_cosx1_plus_x2_depth2, step 1200/5162, train err 6.72832, cv err: 6.56174 test err 6.89494')
('>', 'Opt:Adam, BN False, BN_trainable: False After1200/5162 iteration,Init: data_trunc_norm_kern')
S:  [None, <tf.Tensor 'Const_1:0' shape=(24,) dtype=float64>, <tf.Tensor 'Const_2:0' shape=(24,) dtype=float64>]
('>', 'Mdl*hbf2*-units[2, 24, 24, 1], task: task_f2d_2x2_1_cosx1_plus_x2_depth2, step 1250/5162, train err 6.7941, cv err: 6.62691 test err 6.95801')
('>', 'Opt:Adam, BN False, BN_trainable: False After1250/5162 iteration,Init: data_trunc_norm_kern')
S:  [None, <tf.Tensor 'Const_1:0' shape=(24,) dtype=float64>, <tf.Tensor 'Const_2:0' shape=(24,) dtype=float64>]
('>', 'Mdl*hbf2*-units[2, 24, 24, 1], task: task_f2d_2x2_1_cosx1_plus_x2_depth2, step 1300/5162, train err 6.86692, cv err: 6.70551 test err 7.03033')
('>', 'Opt:Adam, BN False, BN_trainable: False After1300/5162 iteration,Init: data_trunc_norm_kern')
S:  [None, <tf.Tensor 'Const_1:0' shape=(24,) dtype=float64>, <tf.Tensor 'Const_2:0' shape=(24,) dtype=float64>]
('>', 'Mdl*hbf2*-units[2, 24, 24, 1], task: task_f2d_2x2_1_cosx1_plus_x2_depth2, step 1350/5162, train err 6.95364, cv err: 6.79323 test err 7.11288')
('>', 'Opt:Adam, BN False, BN_trainable: False After1350/5162 iteration,Init: data_trunc_norm_kern')
S:  [None, <tf.Tensor 'Const_1:0' shape=(24,) dtype=float64>, <tf.Tensor 'Const_2:0' shape=(24,) dtype=float64>]
('>', 'Mdl*hbf2*-units[2, 24, 24, 1], task: task_f2d_2x2_1_cosx1_plus_x2_depth2, step 1400/5162, train err 7.04205, cv err: 6.88773 test err 7.20267')
('>', 'Opt:Adam, BN False, BN_trainable: False After1400/5162 iteration,Init: data_trunc_norm_kern')
S:  [None, <tf.Tensor 'Const_1:0' shape=(24,) dtype=float64>, <tf.Tensor 'Const_2:0' shape=(24,) dtype=float64>]
('>', 'Mdl*hbf2*-units[2, 24, 24, 1], task: task_f2d_2x2_1_cosx1_plus_x2_depth2, step 1450/5162, train err 7.16457, cv err: 7.01095 test err 7.31909')
('>', 'Opt:Adam, BN False, BN_trainable: False After1450/5162 iteration,Init: data_trunc_norm_kern')
S:  [None, <tf.Tensor 'Const_1:0' shape=(24,) dtype=float64>, <tf.Tensor 'Const_2:0' shape=(24,) dtype=float64>]
('>', 'Mdl*hbf2*-units[2, 24, 24, 1], task: task_f2d_2x2_1_cosx1_plus_x2_depth2, step 1500/5162, train err 7.26133, cv err: 7.1155 test err 7.40937')
('>', 'Opt:Adam, BN False, BN_trainable: False After1500/5162 iteration,Init: data_trunc_norm_kern')
S:  [None, <tf.Tensor 'Const_1:0' shape=(24,) dtype=float64>, <tf.Tensor 'Const_2:0' shape=(24,) dtype=float64>]
('>', 'Mdl*hbf2*-units[2, 24, 24, 1], task: task_f2d_2x2_1_cosx1_plus_x2_depth2, step 1550/5162, train err 7.35846, cv err: 7.22082 test err 7.50456')
('>', 'Opt:Adam, BN False, BN_trainable: False After1550/5162 iteration,Init: data_trunc_norm_kern')
S:  [None, <tf.Tensor 'Const_1:0' shape=(24,) dtype=float64>, <tf.Tensor 'Const_2:0' shape=(24,) dtype=float64>]
('>', 'Mdl*hbf2*-units[2, 24, 24, 1], task: task_f2d_2x2_1_cosx1_plus_x2_depth2, step 1600/5162, train err 7.4698, cv err: 7.33848 test err 7.60914')
('>', 'Opt:Adam, BN False, BN_trainable: False After1600/5162 iteration,Init: data_trunc_norm_kern')
S:  [None, <tf.Tensor 'Const_1:0' shape=(24,) dtype=float64>, <tf.Tensor 'Const_2:0' shape=(24,) dtype=float64>]
('>', 'Mdl*hbf2*-units[2, 24, 24, 1], task: task_f2d_2x2_1_cosx1_plus_x2_depth2, step 1650/5162, train err 7.5744, cv err: 7.44632 test err 7.71031')
('>', 'Opt:Adam, BN False, BN_trainable: False After1650/5162 iteration,Init: data_trunc_norm_kern')
S:  [None, <tf.Tensor 'Const_1:0' shape=(24,) dtype=float64>, <tf.Tensor 'Const_2:0' shape=(24,) dtype=float64>]
('>', 'Mdl*hbf2*-units[2, 24, 24, 1], task: task_f2d_2x2_1_cosx1_plus_x2_depth2, step 1700/5162, train err 7.66077, cv err: 7.54401 test err 7.79112')
('>', 'Opt:Adam, BN False, BN_trainable: False After1700/5162 iteration,Init: data_trunc_norm_kern')
S:  [None, <tf.Tensor 'Const_1:0' shape=(24,) dtype=float64>, <tf.Tensor 'Const_2:0' shape=(24,) dtype=float64>]
('>', 'Mdl*hbf2*-units[2, 24, 24, 1], task: task_f2d_2x2_1_cosx1_plus_x2_depth2, step 1750/5162, train err 7.7544, cv err: 7.64414 test err 7.88097')
('>', 'Opt:Adam, BN False, BN_trainable: False After1750/5162 iteration,Init: data_trunc_norm_kern')
S:  [None, <tf.Tensor 'Const_1:0' shape=(24,) dtype=float64>, <tf.Tensor 'Const_2:0' shape=(24,) dtype=float64>]
('>', 'Mdl*hbf2*-units[2, 24, 24, 1], task: task_f2d_2x2_1_cosx1_plus_x2_depth2, step 1800/5162, train err 7.83865, cv err: 7.73824 test err 7.96094')
('>', 'Opt:Adam, BN False, BN_trainable: False After1800/5162 iteration,Init: data_trunc_norm_kern')
S:  [None, <tf.Tensor 'Const_1:0' shape=(24,) dtype=float64>, <tf.Tensor 'Const_2:0' shape=(24,) dtype=float64>]
('>', 'Mdl*hbf2*-units[2, 24, 24, 1], task: task_f2d_2x2_1_cosx1_plus_x2_depth2, step 1850/5162, train err 7.91364, cv err: 7.82259 test err 8.03479')
('>', 'Opt:Adam, BN False, BN_trainable: False After1850/5162 iteration,Init: data_trunc_norm_kern')
S:  [None, <tf.Tensor 'Const_1:0' shape=(24,) dtype=float64>, <tf.Tensor 'Const_2:0' shape=(24,) dtype=float64>]
('>', 'Mdl*hbf2*-units[2, 24, 24, 1], task: task_f2d_2x2_1_cosx1_plus_x2_depth2, step 1900/5162, train err 7.9974, cv err: 7.92191 test err 8.1141')
('>', 'Opt:Adam, BN False, BN_trainable: False After1900/5162 iteration,Init: data_trunc_norm_kern')
S:  [None, <tf.Tensor 'Const_1:0' shape=(24,) dtype=float64>, <tf.Tensor 'Const_2:0' shape=(24,) dtype=float64>]
('>', 'Mdl*hbf2*-units[2, 24, 24, 1], task: task_f2d_2x2_1_cosx1_plus_x2_depth2, step 1950/5162, train err 8.08206, cv err: 8.01675 test err 8.19657')
('>', 'Opt:Adam, BN False, BN_trainable: False After1950/5162 iteration,Init: data_trunc_norm_kern')
S:  [None, <tf.Tensor 'Const_1:0' shape=(24,) dtype=float64>, <tf.Tensor 'Const_2:0' shape=(24,) dtype=float64>]
('>', 'Mdl*hbf2*-units[2, 24, 24, 1], task: task_f2d_2x2_1_cosx1_plus_x2_depth2, step 2000/5162, train err 8.19956, cv err: 8.14143 test err 8.30712')
('>', 'Opt:Adam, BN False, BN_trainable: False After2000/5162 iteration,Init: data_trunc_norm_kern')
S:  [None, <tf.Tensor 'Const_1:0' shape=(24,) dtype=float64>, <tf.Tensor 'Const_2:0' shape=(24,) dtype=float64>]
('>', 'Mdl*hbf2*-units[2, 24, 24, 1], task: task_f2d_2x2_1_cosx1_plus_x2_depth2, step 2050/5162, train err 8.27958, cv err: 8.2285 test err 8.37699')
('>', 'Opt:Adam, BN False, BN_trainable: False After2050/5162 iteration,Init: data_trunc_norm_kern')
S:  [None, <tf.Tensor 'Const_1:0' shape=(24,) dtype=float64>, <tf.Tensor 'Const_2:0' shape=(24,) dtype=float64>]
('>', 'Mdl*hbf2*-units[2, 24, 24, 1], task: task_f2d_2x2_1_cosx1_plus_x2_depth2, step 2100/5162, train err 8.3272, cv err: 8.3004 test err 8.42729')
('>', 'Opt:Adam, BN False, BN_trainable: False After2100/5162 iteration,Init: data_trunc_norm_kern')
S:  [None, <tf.Tensor 'Const_1:0' shape=(24,) dtype=float64>, <tf.Tensor 'Const_2:0' shape=(24,) dtype=float64>]
('>', 'Mdl*hbf2*-units[2, 24, 24, 1], task: task_f2d_2x2_1_cosx1_plus_x2_depth2, step 2150/5162, train err 8.4182, cv err: 8.39607 test err 8.50873')
('>', 'Opt:Adam, BN False, BN_trainable: False After2150/5162 iteration,Init: data_trunc_norm_kern')
S:  [None, <tf.Tensor 'Const_1:0' shape=(24,) dtype=float64>, <tf.Tensor 'Const_2:0' shape=(24,) dtype=float64>]
('>', 'Mdl*hbf2*-units[2, 24, 24, 1], task: task_f2d_2x2_1_cosx1_plus_x2_depth2, step 2200/5162, train err 8.49626, cv err: 8.48716 test err 8.58165')
('>', 'Opt:Adam, BN False, BN_trainable: False After2200/5162 iteration,Init: data_trunc_norm_kern')
S:  [None, <tf.Tensor 'Const_1:0' shape=(24,) dtype=float64>, <tf.Tensor 'Const_2:0' shape=(24,) dtype=float64>]
('>', 'Mdl*hbf2*-units[2, 24, 24, 1], task: task_f2d_2x2_1_cosx1_plus_x2_depth2, step 2250/5162, train err 8.54496, cv err: 8.5536 test err 8.62523')
('>', 'Opt:Adam, BN False, BN_trainable: False After2250/5162 iteration,Init: data_trunc_norm_kern')
S:  [None, <tf.Tensor 'Const_1:0' shape=(24,) dtype=float64>, <tf.Tensor 'Const_2:0' shape=(24,) dtype=float64>]
('>', 'Mdl*hbf2*-units[2, 24, 24, 1], task: task_f2d_2x2_1_cosx1_plus_x2_depth2, step 2300/5162, train err 8.61812, cv err: 8.6412 test err 8.69376')
('>', 'Opt:Adam, BN False, BN_trainable: False After2300/5162 iteration,Init: data_trunc_norm_kern')
S:  [None, <tf.Tensor 'Const_1:0' shape=(24,) dtype=float64>, <tf.Tensor 'Const_2:0' shape=(24,) dtype=float64>]
('>', 'Mdl*hbf2*-units[2, 24, 24, 1], task: task_f2d_2x2_1_cosx1_plus_x2_depth2, step 2350/5162, train err 8.67362, cv err: 8.71281 test err 8.74375')
('>', 'Opt:Adam, BN False, BN_trainable: False After2350/5162 iteration,Init: data_trunc_norm_kern')
S:  [None, <tf.Tensor 'Const_1:0' shape=(24,) dtype=float64>, <tf.Tensor 'Const_2:0' shape=(24,) dtype=float64>]
('>', 'Mdl*hbf2*-units[2, 24, 24, 1], task: task_f2d_2x2_1_cosx1_plus_x2_depth2, step 2400/5162, train err 8.74689, cv err: 8.78385 test err 8.80547')
('>', 'Opt:Adam, BN False, BN_trainable: False After2400/5162 iteration,Init: data_trunc_norm_kern')
S:  [None, <tf.Tensor 'Const_1:0' shape=(24,) dtype=float64>, <tf.Tensor 'Const_2:0' shape=(24,) dtype=float64>]
('>', 'Mdl*hbf2*-units[2, 24, 24, 1], task: task_f2d_2x2_1_cosx1_plus_x2_depth2, step 2450/5162, train err 8.80935, cv err: 8.86606 test err 8.86275')
('>', 'Opt:Adam, BN False, BN_trainable: False After2450/5162 iteration,Init: data_trunc_norm_kern')
S:  [None, <tf.Tensor 'Const_1:0' shape=(24,) dtype=float64>, <tf.Tensor 'Const_2:0' shape=(24,) dtype=float64>]
('>', 'Mdl*hbf2*-units[2, 24, 24, 1], task: task_f2d_2x2_1_cosx1_plus_x2_depth2, step 2500/5162, train err 8.87987, cv err: 8.95662 test err 8.93073')
('>', 'Opt:Adam, BN False, BN_trainable: False After2500/5162 iteration,Init: data_trunc_norm_kern')
S:  [None, <tf.Tensor 'Const_1:0' shape=(24,) dtype=float64>, <tf.Tensor 'Const_2:0' shape=(24,) dtype=float64>]
('>', 'Mdl*hbf2*-units[2, 24, 24, 1], task: task_f2d_2x2_1_cosx1_plus_x2_depth2, step 2550/5162, train err 8.94884, cv err: 9.0362 test err 8.99343')
('>', 'Opt:Adam, BN False, BN_trainable: False After2550/5162 iteration,Init: data_trunc_norm_kern')
S:  [None, <tf.Tensor 'Const_1:0' shape=(24,) dtype=float64>, <tf.Tensor 'Const_2:0' shape=(24,) dtype=float64>]
('>', 'Mdl*hbf2*-units[2, 24, 24, 1], task: task_f2d_2x2_1_cosx1_plus_x2_depth2, step 2600/5162, train err 9.00722, cv err: 9.10273 test err 9.04904')
('>', 'Opt:Adam, BN False, BN_trainable: False After2600/5162 iteration,Init: data_trunc_norm_kern')
S:  [None, <tf.Tensor 'Const_1:0' shape=(24,) dtype=float64>, <tf.Tensor 'Const_2:0' shape=(24,) dtype=float64>]
('>', 'Mdl*hbf2*-units[2, 24, 24, 1], task: task_f2d_2x2_1_cosx1_plus_x2_depth2, step 2650/5162, train err 9.05067, cv err: 9.15571 test err 9.08463')
('>', 'Opt:Adam, BN False, BN_trainable: False After2650/5162 iteration,Init: data_trunc_norm_kern')
S:  [None, <tf.Tensor 'Const_1:0' shape=(24,) dtype=float64>, <tf.Tensor 'Const_2:0' shape=(24,) dtype=float64>]
('>', 'Mdl*hbf2*-units[2, 24, 24, 1], task: task_f2d_2x2_1_cosx1_plus_x2_depth2, step 2700/5162, train err 9.09855, cv err: 9.21004 test err 9.12873')
('>', 'Opt:Adam, BN False, BN_trainable: False After2700/5162 iteration,Init: data_trunc_norm_kern')
S:  [None, <tf.Tensor 'Const_1:0' shape=(24,) dtype=float64>, <tf.Tensor 'Const_2:0' shape=(24,) dtype=float64>]
('>', 'Mdl*hbf2*-units[2, 24, 24, 1], task: task_f2d_2x2_1_cosx1_plus_x2_depth2, step 2750/5162, train err 9.18306, cv err: 9.30446 test err 9.21159')
('>', 'Opt:Adam, BN False, BN_trainable: False After2750/5162 iteration,Init: data_trunc_norm_kern')
S:  [None, <tf.Tensor 'Const_1:0' shape=(24,) dtype=float64>, <tf.Tensor 'Const_2:0' shape=(24,) dtype=float64>]
('>', 'Mdl*hbf2*-units[2, 24, 24, 1], task: task_f2d_2x2_1_cosx1_plus_x2_depth2, step 2800/5162, train err 9.24859, cv err: 9.37993 test err 9.27726')
('>', 'Opt:Adam, BN False, BN_trainable: False After2800/5162 iteration,Init: data_trunc_norm_kern')
S:  [None, <tf.Tensor 'Const_1:0' shape=(24,) dtype=float64>, <tf.Tensor 'Const_2:0' shape=(24,) dtype=float64>]
('>', 'Mdl*hbf2*-units[2, 24, 24, 1], task: task_f2d_2x2_1_cosx1_plus_x2_depth2, step 2850/5162, train err 9.33901, cv err: 9.4771 test err 9.36868')
('>', 'Opt:Adam, BN False, BN_trainable: False After2850/5162 iteration,Init: data_trunc_norm_kern')
S:  [None, <tf.Tensor 'Const_1:0' shape=(24,) dtype=float64>, <tf.Tensor 'Const_2:0' shape=(24,) dtype=float64>]
('>', 'Mdl*hbf2*-units[2, 24, 24, 1], task: task_f2d_2x2_1_cosx1_plus_x2_depth2, step 2900/5162, train err 9.39965, cv err: 9.54732 test err 9.4282')
('>', 'Opt:Adam, BN False, BN_trainable: False After2900/5162 iteration,Init: data_trunc_norm_kern')
S:  [None, <tf.Tensor 'Const_1:0' shape=(24,) dtype=float64>, <tf.Tensor 'Const_2:0' shape=(24,) dtype=float64>]
('>', 'Mdl*hbf2*-units[2, 24, 24, 1], task: task_f2d_2x2_1_cosx1_plus_x2_depth2, step 2950/5162, train err 9.45347, cv err: 9.61013 test err 9.48263')
('>', 'Opt:Adam, BN False, BN_trainable: False After2950/5162 iteration,Init: data_trunc_norm_kern')
S:  [None, <tf.Tensor 'Const_1:0' shape=(24,) dtype=float64>, <tf.Tensor 'Const_2:0' shape=(24,) dtype=float64>]
('>', 'Mdl*hbf2*-units[2, 24, 24, 1], task: task_f2d_2x2_1_cosx1_plus_x2_depth2, step 3000/5162, train err 9.53398, cv err: 9.67473 test err 9.56043')
('>', 'Opt:Adam, BN False, BN_trainable: False After3000/5162 iteration,Init: data_trunc_norm_kern')
S:  [None, <tf.Tensor 'Const_1:0' shape=(24,) dtype=float64>, <tf.Tensor 'Const_2:0' shape=(24,) dtype=float64>]
('>', 'Mdl*hbf2*-units[2, 24, 24, 1], task: task_f2d_2x2_1_cosx1_plus_x2_depth2, step 3050/5162, train err 9.57858, cv err: 9.73189 test err 9.60666')
('>', 'Opt:Adam, BN False, BN_trainable: False After3050/5162 iteration,Init: data_trunc_norm_kern')
S:  [None, <tf.Tensor 'Const_1:0' shape=(24,) dtype=float64>, <tf.Tensor 'Const_2:0' shape=(24,) dtype=float64>]
('>', 'Mdl*hbf2*-units[2, 24, 24, 1], task: task_f2d_2x2_1_cosx1_plus_x2_depth2, step 3100/5162, train err 9.65579, cv err: 9.80423 test err 9.68456')
('>', 'Opt:Adam, BN False, BN_trainable: False After3100/5162 iteration,Init: data_trunc_norm_kern')
S:  [None, <tf.Tensor 'Const_1:0' shape=(24,) dtype=float64>, <tf.Tensor 'Const_2:0' shape=(24,) dtype=float64>]
('>', 'Mdl*hbf2*-units[2, 24, 24, 1], task: task_f2d_2x2_1_cosx1_plus_x2_depth2, step 3150/5162, train err 9.71098, cv err: 9.86577 test err 9.74205')
('>', 'Opt:Adam, BN False, BN_trainable: False After3150/5162 iteration,Init: data_trunc_norm_kern')
S:  [None, <tf.Tensor 'Const_1:0' shape=(24,) dtype=float64>, <tf.Tensor 'Const_2:0' shape=(24,) dtype=float64>]
('>', 'Mdl*hbf2*-units[2, 24, 24, 1], task: task_f2d_2x2_1_cosx1_plus_x2_depth2, step 3200/5162, train err 9.79186, cv err: 9.94213 test err 9.82659')
('>', 'Opt:Adam, BN False, BN_trainable: False After3200/5162 iteration,Init: data_trunc_norm_kern')
S:  [None, <tf.Tensor 'Const_1:0' shape=(24,) dtype=float64>, <tf.Tensor 'Const_2:0' shape=(24,) dtype=float64>]
('>', 'Mdl*hbf2*-units[2, 24, 24, 1], task: task_f2d_2x2_1_cosx1_plus_x2_depth2, step 3250/5162, train err 9.84904, cv err: 9.99743 test err 9.88249')
('>', 'Opt:Adam, BN False, BN_trainable: False After3250/5162 iteration,Init: data_trunc_norm_kern')
S:  [None, <tf.Tensor 'Const_1:0' shape=(24,) dtype=float64>, <tf.Tensor 'Const_2:0' shape=(24,) dtype=float64>]
('>', 'Mdl*hbf2*-units[2, 24, 24, 1], task: task_f2d_2x2_1_cosx1_plus_x2_depth2, step 3300/5162, train err 9.94194, cv err: 10.0817 test err 9.97724')
('>', 'Opt:Adam, BN False, BN_trainable: False After3300/5162 iteration,Init: data_trunc_norm_kern')
S:  [None, <tf.Tensor 'Const_1:0' shape=(24,) dtype=float64>, <tf.Tensor 'Const_2:0' shape=(24,) dtype=float64>]
('>', 'Mdl*hbf2*-units[2, 24, 24, 1], task: task_f2d_2x2_1_cosx1_plus_x2_depth2, step 3350/5162, train err 10.0318, cv err: 10.1836 test err 10.0696')
('>', 'Opt:Adam, BN False, BN_trainable: False After3350/5162 iteration,Init: data_trunc_norm_kern')
S:  [None, <tf.Tensor 'Const_1:0' shape=(24,) dtype=float64>, <tf.Tensor 'Const_2:0' shape=(24,) dtype=float64>]
('>', 'Mdl*hbf2*-units[2, 24, 24, 1], task: task_f2d_2x2_1_cosx1_plus_x2_depth2, step 3400/5162, train err 10.1292, cv err: 10.2709 test err 10.1678')
('>', 'Opt:Adam, BN False, BN_trainable: False After3400/5162 iteration,Init: data_trunc_norm_kern')
S:  [None, <tf.Tensor 'Const_1:0' shape=(24,) dtype=float64>, <tf.Tensor 'Const_2:0' shape=(24,) dtype=float64>]
('>', 'Mdl*hbf2*-units[2, 24, 24, 1], task: task_f2d_2x2_1_cosx1_plus_x2_depth2, step 3450/5162, train err 10.158, cv err: 10.3021 test err 10.2001')
('>', 'Opt:Adam, BN False, BN_trainable: False After3450/5162 iteration,Init: data_trunc_norm_kern')
S:  [None, <tf.Tensor 'Const_1:0' shape=(24,) dtype=float64>, <tf.Tensor 'Const_2:0' shape=(24,) dtype=float64>]
('>', 'Mdl*hbf2*-units[2, 24, 24, 1], task: task_f2d_2x2_1_cosx1_plus_x2_depth2, step 3500/5162, train err 10.2449, cv err: 10.3843 test err 10.2873')
('>', 'Opt:Adam, BN False, BN_trainable: False After3500/5162 iteration,Init: data_trunc_norm_kern')
S:  [None, <tf.Tensor 'Const_1:0' shape=(24,) dtype=float64>, <tf.Tensor 'Const_2:0' shape=(24,) dtype=float64>]
('>', 'Mdl*hbf2*-units[2, 24, 24, 1], task: task_f2d_2x2_1_cosx1_plus_x2_depth2, step 3550/5162, train err 10.3467, cv err: 10.4827 test err 10.392')
('>', 'Opt:Adam, BN False, BN_trainable: False After3550/5162 iteration,Init: data_trunc_norm_kern')
S:  [None, <tf.Tensor 'Const_1:0' shape=(24,) dtype=float64>, <tf.Tensor 'Const_2:0' shape=(24,) dtype=float64>]
('>', 'Mdl*hbf2*-units[2, 24, 24, 1], task: task_f2d_2x2_1_cosx1_plus_x2_depth2, step 3600/5162, train err 10.3994, cv err: 10.5129 test err 10.4417')
('>', 'Opt:Adam, BN False, BN_trainable: False After3600/5162 iteration,Init: data_trunc_norm_kern')
S:  [None, <tf.Tensor 'Const_1:0' shape=(24,) dtype=float64>, <tf.Tensor 'Const_2:0' shape=(24,) dtype=float64>]
('>', 'Mdl*hbf2*-units[2, 24, 24, 1], task: task_f2d_2x2_1_cosx1_plus_x2_depth2, step 3650/5162, train err 10.4729, cv err: 10.5858 test err 10.5155')
('>', 'Opt:Adam, BN False, BN_trainable: False After3650/5162 iteration,Init: data_trunc_norm_kern')
S:  [None, <tf.Tensor 'Const_1:0' shape=(24,) dtype=float64>, <tf.Tensor 'Const_2:0' shape=(24,) dtype=float64>]
('>', 'Mdl*hbf2*-units[2, 24, 24, 1], task: task_f2d_2x2_1_cosx1_plus_x2_depth2, step 3700/5162, train err 10.5058, cv err: 10.6058 test err 10.5482')
('>', 'Opt:Adam, BN False, BN_trainable: False After3700/5162 iteration,Init: data_trunc_norm_kern')
S:  [None, <tf.Tensor 'Const_1:0' shape=(24,) dtype=float64>, <tf.Tensor 'Const_2:0' shape=(24,) dtype=float64>]
('>', 'Mdl*hbf2*-units[2, 24, 24, 1], task: task_f2d_2x2_1_cosx1_plus_x2_depth2, step 3750/5162, train err 10.5534, cv err: 10.6517 test err 10.5951')
('>', 'Opt:Adam, BN False, BN_trainable: False After3750/5162 iteration,Init: data_trunc_norm_kern')
S:  [None, <tf.Tensor 'Const_1:0' shape=(24,) dtype=float64>, <tf.Tensor 'Const_2:0' shape=(24,) dtype=float64>]
('>', 'Mdl*hbf2*-units[2, 24, 24, 1], task: task_f2d_2x2_1_cosx1_plus_x2_depth2, step 3800/5162, train err 10.5554, cv err: 10.6406 test err 10.5962')
('>', 'Opt:Adam, BN False, BN_trainable: False After3800/5162 iteration,Init: data_trunc_norm_kern')
S:  [None, <tf.Tensor 'Const_1:0' shape=(24,) dtype=float64>, <tf.Tensor 'Const_2:0' shape=(24,) dtype=float64>]
('>', 'Mdl*hbf2*-units[2, 24, 24, 1], task: task_f2d_2x2_1_cosx1_plus_x2_depth2, step 3850/5162, train err 10.6456, cv err: 10.7188 test err 10.6858')
('>', 'Opt:Adam, BN False, BN_trainable: False After3850/5162 iteration,Init: data_trunc_norm_kern')
S:  [None, <tf.Tensor 'Const_1:0' shape=(24,) dtype=float64>, <tf.Tensor 'Const_2:0' shape=(24,) dtype=float64>]
('>', 'Mdl*hbf2*-units[2, 24, 24, 1], task: task_f2d_2x2_1_cosx1_plus_x2_depth2, step 3900/5162, train err 10.7471, cv err: 10.8252 test err 10.7874')
('>', 'Opt:Adam, BN False, BN_trainable: False After3900/5162 iteration,Init: data_trunc_norm_kern')
S:  [None, <tf.Tensor 'Const_1:0' shape=(24,) dtype=float64>, <tf.Tensor 'Const_2:0' shape=(24,) dtype=float64>]
('>', 'Mdl*hbf2*-units[2, 24, 24, 1], task: task_f2d_2x2_1_cosx1_plus_x2_depth2, step 3950/5162, train err 10.7962, cv err: 10.8454 test err 10.8325')
('>', 'Opt:Adam, BN False, BN_trainable: False After3950/5162 iteration,Init: data_trunc_norm_kern')
S:  [None, <tf.Tensor 'Const_1:0' shape=(24,) dtype=float64>, <tf.Tensor 'Const_2:0' shape=(24,) dtype=float64>]
('>', 'Mdl*hbf2*-units[2, 24, 24, 1], task: task_f2d_2x2_1_cosx1_plus_x2_depth2, step 4000/5162, train err 10.8084, cv err: 10.8571 test err 10.8439')
('>', 'Opt:Adam, BN False, BN_trainable: False After4000/5162 iteration,Init: data_trunc_norm_kern')
S:  [None, <tf.Tensor 'Const_1:0' shape=(24,) dtype=float64>, <tf.Tensor 'Const_2:0' shape=(24,) dtype=float64>]
('>', 'Mdl*hbf2*-units[2, 24, 24, 1], task: task_f2d_2x2_1_cosx1_plus_x2_depth2, step 4050/5162, train err 10.9098, cv err: 10.9726 test err 10.951')
('>', 'Opt:Adam, BN False, BN_trainable: False After4050/5162 iteration,Init: data_trunc_norm_kern')
S:  [None, <tf.Tensor 'Const_1:0' shape=(24,) dtype=float64>, <tf.Tensor 'Const_2:0' shape=(24,) dtype=float64>]
('>', 'Mdl*hbf2*-units[2, 24, 24, 1], task: task_f2d_2x2_1_cosx1_plus_x2_depth2, step 4100/5162, train err 10.8713, cv err: 10.9344 test err 10.9113')
('>', 'Opt:Adam, BN False, BN_trainable: False After4100/5162 iteration,Init: data_trunc_norm_kern')
S:  [None, <tf.Tensor 'Const_1:0' shape=(24,) dtype=float64>, <tf.Tensor 'Const_2:0' shape=(24,) dtype=float64>]
('>', 'Mdl*hbf2*-units[2, 24, 24, 1], task: task_f2d_2x2_1_cosx1_plus_x2_depth2, step 4150/5162, train err 10.8429, cv err: 10.8772 test err 10.8803')
('>', 'Opt:Adam, BN False, BN_trainable: False After4150/5162 iteration,Init: data_trunc_norm_kern')
S:  [None, <tf.Tensor 'Const_1:0' shape=(24,) dtype=float64>, <tf.Tensor 'Const_2:0' shape=(24,) dtype=float64>]
('>', 'Mdl*hbf2*-units[2, 24, 24, 1], task: task_f2d_2x2_1_cosx1_plus_x2_depth2, step 4200/5162, train err 10.8449, cv err: 10.8823 test err 10.8829')
('>', 'Opt:Adam, BN False, BN_trainable: False After4200/5162 iteration,Init: data_trunc_norm_kern')
S:  [None, <tf.Tensor 'Const_1:0' shape=(24,) dtype=float64>, <tf.Tensor 'Const_2:0' shape=(24,) dtype=float64>]
('>', 'Mdl*hbf2*-units[2, 24, 24, 1], task: task_f2d_2x2_1_cosx1_plus_x2_depth2, step 4250/5162, train err 10.8325, cv err: 10.8592 test err 10.8681')
('>', 'Opt:Adam, BN False, BN_trainable: False After4250/5162 iteration,Init: data_trunc_norm_kern')
S:  [None, <tf.Tensor 'Const_1:0' shape=(24,) dtype=float64>, <tf.Tensor 'Const_2:0' shape=(24,) dtype=float64>]
('>', 'Mdl*hbf2*-units[2, 24, 24, 1], task: task_f2d_2x2_1_cosx1_plus_x2_depth2, step 4300/5162, train err 10.8917, cv err: 10.9349 test err 10.9307')
('>', 'Opt:Adam, BN False, BN_trainable: False After4300/5162 iteration,Init: data_trunc_norm_kern')
S:  [None, <tf.Tensor 'Const_1:0' shape=(24,) dtype=float64>, <tf.Tensor 'Const_2:0' shape=(24,) dtype=float64>]
('>', 'Mdl*hbf2*-units[2, 24, 24, 1], task: task_f2d_2x2_1_cosx1_plus_x2_depth2, step 4350/5162, train err 10.8511, cv err: 10.8838 test err 10.889')
('>', 'Opt:Adam, BN False, BN_trainable: False After4350/5162 iteration,Init: data_trunc_norm_kern')
S:  [None, <tf.Tensor 'Const_1:0' shape=(24,) dtype=float64>, <tf.Tensor 'Const_2:0' shape=(24,) dtype=float64>]
('>', 'Mdl*hbf2*-units[2, 24, 24, 1], task: task_f2d_2x2_1_cosx1_plus_x2_depth2, step 4400/5162, train err 10.847, cv err: 10.8787 test err 10.8854')
('>', 'Opt:Adam, BN False, BN_trainable: False After4400/5162 iteration,Init: data_trunc_norm_kern')
S:  [None, <tf.Tensor 'Const_1:0' shape=(24,) dtype=float64>, <tf.Tensor 'Const_2:0' shape=(24,) dtype=float64>]
('>', 'Mdl*hbf2*-units[2, 24, 24, 1], task: task_f2d_2x2_1_cosx1_plus_x2_depth2, step 4450/5162, train err 10.841, cv err: 10.8764 test err 10.8817')
('>', 'Opt:Adam, BN False, BN_trainable: False After4450/5162 iteration,Init: data_trunc_norm_kern')
S:  [None, <tf.Tensor 'Const_1:0' shape=(24,) dtype=float64>, <tf.Tensor 'Const_2:0' shape=(24,) dtype=float64>]
('>', 'Mdl*hbf2*-units[2, 24, 24, 1], task: task_f2d_2x2_1_cosx1_plus_x2_depth2, step 4500/5162, train err 10.8873, cv err: 10.9364 test err 10.9278')
('>', 'Opt:Adam, BN False, BN_trainable: False After4500/5162 iteration,Init: data_trunc_norm_kern')
S:  [None, <tf.Tensor 'Const_1:0' shape=(24,) dtype=float64>, <tf.Tensor 'Const_2:0' shape=(24,) dtype=float64>]
('>', 'Mdl*hbf2*-units[2, 24, 24, 1], task: task_f2d_2x2_1_cosx1_plus_x2_depth2, step 4550/5162, train err 10.859, cv err: 10.8914 test err 10.903')
('>', 'Opt:Adam, BN False, BN_trainable: False After4550/5162 iteration,Init: data_trunc_norm_kern')
S:  [None, <tf.Tensor 'Const_1:0' shape=(24,) dtype=float64>, <tf.Tensor 'Const_2:0' shape=(24,) dtype=float64>]
('>', 'Mdl*hbf2*-units[2, 24, 24, 1], task: task_f2d_2x2_1_cosx1_plus_x2_depth2, step 4600/5162, train err 10.8795, cv err: 10.936 test err 10.9268')
('>', 'Opt:Adam, BN False, BN_trainable: False After4600/5162 iteration,Init: data_trunc_norm_kern')
S:  [None, <tf.Tensor 'Const_1:0' shape=(24,) dtype=float64>, <tf.Tensor 'Const_2:0' shape=(24,) dtype=float64>]
('>', 'Mdl*hbf2*-units[2, 24, 24, 1], task: task_f2d_2x2_1_cosx1_plus_x2_depth2, step 4650/5162, train err 10.7816, cv err: 10.8148 test err 10.8311')
('>', 'Opt:Adam, BN False, BN_trainable: False After4650/5162 iteration,Init: data_trunc_norm_kern')
S:  [None, <tf.Tensor 'Const_1:0' shape=(24,) dtype=float64>, <tf.Tensor 'Const_2:0' shape=(24,) dtype=float64>]
('>', 'Mdl*hbf2*-units[2, 24, 24, 1], task: task_f2d_2x2_1_cosx1_plus_x2_depth2, step 4700/5162, train err 10.8602, cv err: 10.9173 test err 10.9102')
('>', 'Opt:Adam, BN False, BN_trainable: False After4700/5162 iteration,Init: data_trunc_norm_kern')
S:  [None, <tf.Tensor 'Const_1:0' shape=(24,) dtype=float64>, <tf.Tensor 'Const_2:0' shape=(24,) dtype=float64>]
('>', 'Mdl*hbf2*-units[2, 24, 24, 1], task: task_f2d_2x2_1_cosx1_plus_x2_depth2, step 4750/5162, train err 10.8346, cv err: 10.8827 test err 10.8895')
('>', 'Opt:Adam, BN False, BN_trainable: False After4750/5162 iteration,Init: data_trunc_norm_kern')
S:  [None, <tf.Tensor 'Const_1:0' shape=(24,) dtype=float64>, <tf.Tensor 'Const_2:0' shape=(24,) dtype=float64>]
('>', 'Mdl*hbf2*-units[2, 24, 24, 1], task: task_f2d_2x2_1_cosx1_plus_x2_depth2, step 4800/5162, train err 10.8259, cv err: 10.8819 test err 10.8827')
('>', 'Opt:Adam, BN False, BN_trainable: False After4800/5162 iteration,Init: data_trunc_norm_kern')
S:  [None, <tf.Tensor 'Const_1:0' shape=(24,) dtype=float64>, <tf.Tensor 'Const_2:0' shape=(24,) dtype=float64>]
('>', 'Mdl*hbf2*-units[2, 24, 24, 1], task: task_f2d_2x2_1_cosx1_plus_x2_depth2, step 4850/5162, train err 10.851, cv err: 10.9179 test err 10.9102')
('>', 'Opt:Adam, BN False, BN_trainable: False After4850/5162 iteration,Init: data_trunc_norm_kern')
S:  [None, <tf.Tensor 'Const_1:0' shape=(24,) dtype=float64>, <tf.Tensor 'Const_2:0' shape=(24,) dtype=float64>]
('>', 'Mdl*hbf2*-units[2, 24, 24, 1], task: task_f2d_2x2_1_cosx1_plus_x2_depth2, step 4900/5162, train err 10.8315, cv err: 10.9002 test err 10.8909')
('>', 'Opt:Adam, BN False, BN_trainable: False After4900/5162 iteration,Init: data_trunc_norm_kern')
S:  [None, <tf.Tensor 'Const_1:0' shape=(24,) dtype=float64>, <tf.Tensor 'Const_2:0' shape=(24,) dtype=float64>]
('>', 'Mdl*hbf2*-units[2, 24, 24, 1], task: task_f2d_2x2_1_cosx1_plus_x2_depth2, step 4950/5162, train err 10.8161, cv err: 10.8834 test err 10.8786')
('>', 'Opt:Adam, BN False, BN_trainable: False After4950/5162 iteration,Init: data_trunc_norm_kern')
S:  [None, <tf.Tensor 'Const_1:0' shape=(24,) dtype=float64>, <tf.Tensor 'Const_2:0' shape=(24,) dtype=float64>]
('>', 'Mdl*hbf2*-units[2, 24, 24, 1], task: task_f2d_2x2_1_cosx1_plus_x2_depth2, step 5000/5162, train err 10.7513, cv err: 10.8237 test err 10.817')
('>', 'Opt:Adam, BN False, BN_trainable: False After5000/5162 iteration,Init: data_trunc_norm_kern')
S:  [None, <tf.Tensor 'Const_1:0' shape=(24,) dtype=float64>, <tf.Tensor 'Const_2:0' shape=(24,) dtype=float64>]
('>', 'Mdl*hbf2*-units[2, 24, 24, 1], task: task_f2d_2x2_1_cosx1_plus_x2_depth2, step 5050/5162, train err 10.8198, cv err: 10.9112 test err 10.8819')
('>', 'Opt:Adam, BN False, BN_trainable: False After5050/5162 iteration,Init: data_trunc_norm_kern')
S:  [None, <tf.Tensor 'Const_1:0' shape=(24,) dtype=float64>, <tf.Tensor 'Const_2:0' shape=(24,) dtype=float64>]
('>', 'Mdl*hbf2*-units[2, 24, 24, 1], task: task_f2d_2x2_1_cosx1_plus_x2_depth2, step 5100/5162, train err 10.8644, cv err: 10.9682 test err 10.9259')
('>', 'Opt:Adam, BN False, BN_trainable: False After5100/5162 iteration,Init: data_trunc_norm_kern')
S:  [None, <tf.Tensor 'Const_1:0' shape=(24,) dtype=float64>, <tf.Tensor 'Const_2:0' shape=(24,) dtype=float64>]
('>', 'Mdl*hbf2*-units[2, 24, 24, 1], task: task_f2d_2x2_1_cosx1_plus_x2_depth2, step 5150/5162, train err 10.854, cv err: 10.9473 test err 10.9225')
('>', 'Opt:Adam, BN False, BN_trainable: False After5150/5162 iteration,Init: data_trunc_norm_kern')
S:  [None, <tf.Tensor 'Const_1:0' shape=(24,) dtype=float64>, <tf.Tensor 'Const_2:0' shape=(24,) dtype=float64>]
--- 789.773938179 seconds ---
--- 13.1628989697 minutes ---
--- 0.219381649494 hours ---


