I tensorflow/stream_executor/dso_loader.cc:108] successfully opened CUDA library libcublas.so locally
I tensorflow/stream_executor/dso_loader.cc:102] Couldn't open CUDA library libcudnn.so. LD_LIBRARY_PATH: /cm/shared/openmind/cuda/7.5/lib64:/cm/shared/openmind/cuda/7.5/lib
I tensorflow/stream_executor/cuda/cuda_dnn.cc:2092] Unable to load cuDNN DSO
I tensorflow/stream_executor/dso_loader.cc:108] successfully opened CUDA library libcufft.so locally
I tensorflow/stream_executor/dso_loader.cc:108] successfully opened CUDA library libcuda.so locally
I tensorflow/stream_executor/dso_loader.cc:108] successfully opened CUDA library libcurand.so locally
E tensorflow/stream_executor/cuda/cuda_driver.cc:491] failed call to cuInit: CUDA_ERROR_NO_DEVICE
I tensorflow/stream_executor/cuda/cuda_diagnostics.cc:153] retrieving CUDA diagnostic information for host: node050
I tensorflow/stream_executor/cuda/cuda_diagnostics.cc:160] hostname: node050
I tensorflow/stream_executor/cuda/cuda_diagnostics.cc:185] libcuda reported version is: Not found: was unable to find libcuda.so DSO loaded into this program
I tensorflow/stream_executor/cuda/cuda_diagnostics.cc:347] driver version file contents: """NVRM version: NVIDIA UNIX x86_64 Kernel Module  352.63  Sat Nov  7 21:25:42 PST 2015
GCC version:  gcc version 4.8.3 20140911 (Red Hat 4.8.3-9) (GCC) 
"""
I tensorflow/stream_executor/cuda/cuda_diagnostics.cc:189] kernel reported version is: 352.63.0
I tensorflow/core/common_runtime/gpu/gpu_init.cc:81] No GPU devices available on machine.
print sys.argv = ['main_nn.py', '2916782', '448', 'om_2x2_1_cosx1_plus_x2_depth2', 'task_2_August_HBF2_depth_2_1000_dont_train_S', 'HBF2_24_24_multiple_1000', 'True', '24,24', 'multiple_S', 'task_f2d_2x2_1_cosx1_plus_x2_depth2', 'False', 'False', 'hbf', 'data_trunc_norm_kern', 'dont_normalize', 'dont_train_S']
len(sys.argv) = 16
print argv = ['main_nn.py', '2916782', '448', 'om_2x2_1_cosx1_plus_x2_depth2', 'task_2_August_HBF2_depth_2_1000_dont_train_S', 'HBF2_24_24_multiple_1000', 'True', '24,24', 'multiple_S', 'task_f2d_2x2_1_cosx1_plus_x2_depth2', 'False', 'False', 'hbf', 'data_trunc_norm_kern', 'dont_normalize', 'dont_train_S']
len(argv) = 16
---------> len(argv) 16
['main_nn.py', '2916782', '448', 'om_2x2_1_cosx1_plus_x2_depth2', 'task_2_August_HBF2_depth_2_1000_dont_train_S', 'HBF2_24_24_multiple_1000', 'True', '24,24', 'multiple_S', 'task_f2d_2x2_1_cosx1_plus_x2_depth2', 'False', 'False', 'hbf', 'data_trunc_norm_kern', 'dont_normalize', 'dont_train_S']
2.8
mdl_type:  hbf
['main_nn.py', '2916782', '448', 'om_2x2_1_cosx1_plus_x2_depth2', 'task_2_August_HBF2_depth_2_1000_dont_train_S', 'HBF2_24_24_multiple_1000', 'True', '24,24', 'multiple_S', 'task_f2d_2x2_1_cosx1_plus_x2_depth2', 'False', 'False', 'hbf', 'data_trunc_norm_kern', 'dont_normalize', 'dont_train_S']
use_tensorboard False
experiment_root_dir=om_2x2_1_cosx1_plus_x2_depth2,slurm_jobid=2916782,slurm_array_task_id=448,job_name=HBF2_24_24_multiple_1000
----====> TASK NAME: task_f2d_2x2_1_cosx1_plus_x2_depth2
---> task_name:  task_f2d_2x2_1_cosx1_plus_x2_depth2
(N_train,D) =  (60025, 2)
(N_test,D_out) =  (60025, 1)
CLUSTER:  OM7
++> S/b_init  [None, 0.4177551, 1.1324514478472376]
++++> M (batch size) : 17000
++> starter_learning_rate  0.00207132604374
++> decay_rate  0.819325926856
++> decay_steps  12620
++> staircase  True
-----> Running model: hbf. (nb_hidden_layers = 2, nb_layers = 3)
-----> Units: [2, 24, 24, 1])
train_S_type:  multiple_S
data_trunc_norm_kern
5.35293878931
DONE INITILIZING
[None, <tf.Tensor 'Const:0' shape=(2, 24) dtype=float64>, <tf.Tensor 'truncated_normal:0' shape=(24, 24) dtype=float64>]
isinstance
--> init_S:  Tensor("Const_1:0", shape=(24,), dtype=float64)
--> trainable_S:  False
isinstance
--> init_S:  Tensor("Const_2:0", shape=(24,), dtype=float64)
--> trainable_S:  False
('>', 'Mdl*hbf2*-units[2, 24, 24, 1], task: task_f2d_2x2_1_cosx1_plus_x2_depth2, step 0/4005, train err 7.81446, cv err: 7.51659 test err 7.64846')
('>', 'Opt:Adam, BN False, BN_trainable: False After0/4005 iteration,Init: data_trunc_norm_kern')
S:  [None, <tf.Tensor 'Const_1:0' shape=(24,) dtype=float64>, <tf.Tensor 'Const_2:0' shape=(24,) dtype=float64>]
('>', 'Mdl*hbf2*-units[2, 24, 24, 1], task: task_f2d_2x2_1_cosx1_plus_x2_depth2, step 50/4005, train err 7.52208, cv err: 7.22095 test err 7.36518')
('>', 'Opt:Adam, BN False, BN_trainable: False After50/4005 iteration,Init: data_trunc_norm_kern')
S:  [None, <tf.Tensor 'Const_1:0' shape=(24,) dtype=float64>, <tf.Tensor 'Const_2:0' shape=(24,) dtype=float64>]
('>', 'Mdl*hbf2*-units[2, 24, 24, 1], task: task_f2d_2x2_1_cosx1_plus_x2_depth2, step 100/4005, train err 5.88324, cv err: 5.67443 test err 5.82648')
('>', 'Opt:Adam, BN False, BN_trainable: False After100/4005 iteration,Init: data_trunc_norm_kern')
S:  [None, <tf.Tensor 'Const_1:0' shape=(24,) dtype=float64>, <tf.Tensor 'Const_2:0' shape=(24,) dtype=float64>]
('>', 'Mdl*hbf2*-units[2, 24, 24, 1], task: task_f2d_2x2_1_cosx1_plus_x2_depth2, step 150/4005, train err 5.59626, cv err: 5.43855 test err 5.58038')
('>', 'Opt:Adam, BN False, BN_trainable: False After150/4005 iteration,Init: data_trunc_norm_kern')
S:  [None, <tf.Tensor 'Const_1:0' shape=(24,) dtype=float64>, <tf.Tensor 'Const_2:0' shape=(24,) dtype=float64>]
('>', 'Mdl*hbf2*-units[2, 24, 24, 1], task: task_f2d_2x2_1_cosx1_plus_x2_depth2, step 200/4005, train err 6.02624, cv err: 5.85971 test err 5.91165')
('>', 'Opt:Adam, BN False, BN_trainable: False After200/4005 iteration,Init: data_trunc_norm_kern')
S:  [None, <tf.Tensor 'Const_1:0' shape=(24,) dtype=float64>, <tf.Tensor 'Const_2:0' shape=(24,) dtype=float64>]
('>', 'Mdl*hbf2*-units[2, 24, 24, 1], task: task_f2d_2x2_1_cosx1_plus_x2_depth2, step 250/4005, train err 6.94869, cv err: 6.8289 test err 6.80368')
('>', 'Opt:Adam, BN False, BN_trainable: False After250/4005 iteration,Init: data_trunc_norm_kern')
S:  [None, <tf.Tensor 'Const_1:0' shape=(24,) dtype=float64>, <tf.Tensor 'Const_2:0' shape=(24,) dtype=float64>]
('>', 'Mdl*hbf2*-units[2, 24, 24, 1], task: task_f2d_2x2_1_cosx1_plus_x2_depth2, step 300/4005, train err 8.3048, cv err: 8.33461 test err 8.10018')
('>', 'Opt:Adam, BN False, BN_trainable: False After300/4005 iteration,Init: data_trunc_norm_kern')
S:  [None, <tf.Tensor 'Const_1:0' shape=(24,) dtype=float64>, <tf.Tensor 'Const_2:0' shape=(24,) dtype=float64>]
('>', 'Mdl*hbf2*-units[2, 24, 24, 1], task: task_f2d_2x2_1_cosx1_plus_x2_depth2, step 350/4005, train err 9.45601, cv err: 9.69581 test err 9.24808')
('>', 'Opt:Adam, BN False, BN_trainable: False After350/4005 iteration,Init: data_trunc_norm_kern')
S:  [None, <tf.Tensor 'Const_1:0' shape=(24,) dtype=float64>, <tf.Tensor 'Const_2:0' shape=(24,) dtype=float64>]
('>', 'Mdl*hbf2*-units[2, 24, 24, 1], task: task_f2d_2x2_1_cosx1_plus_x2_depth2, step 400/4005, train err 8.84576, cv err: 9.18556 test err 8.7611')
('>', 'Opt:Adam, BN False, BN_trainable: False After400/4005 iteration,Init: data_trunc_norm_kern')
S:  [None, <tf.Tensor 'Const_1:0' shape=(24,) dtype=float64>, <tf.Tensor 'Const_2:0' shape=(24,) dtype=float64>]
('>', 'Mdl*hbf2*-units[2, 24, 24, 1], task: task_f2d_2x2_1_cosx1_plus_x2_depth2, step 450/4005, train err 7.94175, cv err: 8.34844 test err 8.0621')
('>', 'Opt:Adam, BN False, BN_trainable: False After450/4005 iteration,Init: data_trunc_norm_kern')
S:  [None, <tf.Tensor 'Const_1:0' shape=(24,) dtype=float64>, <tf.Tensor 'Const_2:0' shape=(24,) dtype=float64>]
('>', 'Mdl*hbf2*-units[2, 24, 24, 1], task: task_f2d_2x2_1_cosx1_plus_x2_depth2, step 500/4005, train err 7.90523, cv err: 8.3188 test err 8.3081')
('>', 'Opt:Adam, BN False, BN_trainable: False After500/4005 iteration,Init: data_trunc_norm_kern')
S:  [None, <tf.Tensor 'Const_1:0' shape=(24,) dtype=float64>, <tf.Tensor 'Const_2:0' shape=(24,) dtype=float64>]
('>', 'Mdl*hbf2*-units[2, 24, 24, 1], task: task_f2d_2x2_1_cosx1_plus_x2_depth2, step 550/4005, train err 7.61743, cv err: 7.92617 test err 7.90902')
('>', 'Opt:Adam, BN False, BN_trainable: False After550/4005 iteration,Init: data_trunc_norm_kern')
S:  [None, <tf.Tensor 'Const_1:0' shape=(24,) dtype=float64>, <tf.Tensor 'Const_2:0' shape=(24,) dtype=float64>]
('>', 'Mdl*hbf2*-units[2, 24, 24, 1], task: task_f2d_2x2_1_cosx1_plus_x2_depth2, step 600/4005, train err 6.84807, cv err: 7.1501 test err 7.0245')
('>', 'Opt:Adam, BN False, BN_trainable: False After600/4005 iteration,Init: data_trunc_norm_kern')
S:  [None, <tf.Tensor 'Const_1:0' shape=(24,) dtype=float64>, <tf.Tensor 'Const_2:0' shape=(24,) dtype=float64>]
('>', 'Mdl*hbf2*-units[2, 24, 24, 1], task: task_f2d_2x2_1_cosx1_plus_x2_depth2, step 650/4005, train err 6.03738, cv err: 6.22027 test err 6.27348')
('>', 'Opt:Adam, BN False, BN_trainable: False After650/4005 iteration,Init: data_trunc_norm_kern')
S:  [None, <tf.Tensor 'Const_1:0' shape=(24,) dtype=float64>, <tf.Tensor 'Const_2:0' shape=(24,) dtype=float64>]
('>', 'Mdl*hbf2*-units[2, 24, 24, 1], task: task_f2d_2x2_1_cosx1_plus_x2_depth2, step 700/4005, train err 6.31901, cv err: 6.35143 test err 6.56309')
('>', 'Opt:Adam, BN False, BN_trainable: False After700/4005 iteration,Init: data_trunc_norm_kern')
S:  [None, <tf.Tensor 'Const_1:0' shape=(24,) dtype=float64>, <tf.Tensor 'Const_2:0' shape=(24,) dtype=float64>]
('>', 'Mdl*hbf2*-units[2, 24, 24, 1], task: task_f2d_2x2_1_cosx1_plus_x2_depth2, step 750/4005, train err 8.67437, cv err: 8.71964 test err 8.82706')
('>', 'Opt:Adam, BN False, BN_trainable: False After750/4005 iteration,Init: data_trunc_norm_kern')
S:  [None, <tf.Tensor 'Const_1:0' shape=(24,) dtype=float64>, <tf.Tensor 'Const_2:0' shape=(24,) dtype=float64>]
('>', 'Mdl*hbf2*-units[2, 24, 24, 1], task: task_f2d_2x2_1_cosx1_plus_x2_depth2, step 800/4005, train err 12.9301, cv err: 13.1746 test err 12.9244')
('>', 'Opt:Adam, BN False, BN_trainable: False After800/4005 iteration,Init: data_trunc_norm_kern')
S:  [None, <tf.Tensor 'Const_1:0' shape=(24,) dtype=float64>, <tf.Tensor 'Const_2:0' shape=(24,) dtype=float64>]
('>', 'Mdl*hbf2*-units[2, 24, 24, 1], task: task_f2d_2x2_1_cosx1_plus_x2_depth2, step 850/4005, train err 19.041, cv err: 19.6774 test err 18.8315')
('>', 'Opt:Adam, BN False, BN_trainable: False After850/4005 iteration,Init: data_trunc_norm_kern')
S:  [None, <tf.Tensor 'Const_1:0' shape=(24,) dtype=float64>, <tf.Tensor 'Const_2:0' shape=(24,) dtype=float64>]
('>', 'Mdl*hbf2*-units[2, 24, 24, 1], task: task_f2d_2x2_1_cosx1_plus_x2_depth2, step 900/4005, train err 26.1084, cv err: 27.2639 test err 25.6913')
('>', 'Opt:Adam, BN False, BN_trainable: False After900/4005 iteration,Init: data_trunc_norm_kern')
S:  [None, <tf.Tensor 'Const_1:0' shape=(24,) dtype=float64>, <tf.Tensor 'Const_2:0' shape=(24,) dtype=float64>]
('>', 'Mdl*hbf2*-units[2, 24, 24, 1], task: task_f2d_2x2_1_cosx1_plus_x2_depth2, step 950/4005, train err 32.5202, cv err: 34.1336 test err 31.9295')
('>', 'Opt:Adam, BN False, BN_trainable: False After950/4005 iteration,Init: data_trunc_norm_kern')
S:  [None, <tf.Tensor 'Const_1:0' shape=(24,) dtype=float64>, <tf.Tensor 'Const_2:0' shape=(24,) dtype=float64>]
('>', 'Mdl*hbf2*-units[2, 24, 24, 1], task: task_f2d_2x2_1_cosx1_plus_x2_depth2, step 1000/4005, train err 39.0441, cv err: 41.0442 test err 38.2648')
('>', 'Opt:Adam, BN False, BN_trainable: False After1000/4005 iteration,Init: data_trunc_norm_kern')
S:  [None, <tf.Tensor 'Const_1:0' shape=(24,) dtype=float64>, <tf.Tensor 'Const_2:0' shape=(24,) dtype=float64>]
('>', 'Mdl*hbf2*-units[2, 24, 24, 1], task: task_f2d_2x2_1_cosx1_plus_x2_depth2, step 1050/4005, train err 45.4175, cv err: 47.8846 test err 44.4843')
('>', 'Opt:Adam, BN False, BN_trainable: False After1050/4005 iteration,Init: data_trunc_norm_kern')
S:  [None, <tf.Tensor 'Const_1:0' shape=(24,) dtype=float64>, <tf.Tensor 'Const_2:0' shape=(24,) dtype=float64>]
('>', 'Mdl*hbf2*-units[2, 24, 24, 1], task: task_f2d_2x2_1_cosx1_plus_x2_depth2, step 1100/4005, train err 52.0542, cv err: 55.0428 test err 50.9681')
('>', 'Opt:Adam, BN False, BN_trainable: False After1100/4005 iteration,Init: data_trunc_norm_kern')
S:  [None, <tf.Tensor 'Const_1:0' shape=(24,) dtype=float64>, <tf.Tensor 'Const_2:0' shape=(24,) dtype=float64>]
('>', 'Mdl*hbf2*-units[2, 24, 24, 1], task: task_f2d_2x2_1_cosx1_plus_x2_depth2, step 1150/4005, train err 58.0071, cv err: 61.516 test err 56.7962')
('>', 'Opt:Adam, BN False, BN_trainable: False After1150/4005 iteration,Init: data_trunc_norm_kern')
S:  [None, <tf.Tensor 'Const_1:0' shape=(24,) dtype=float64>, <tf.Tensor 'Const_2:0' shape=(24,) dtype=float64>]
('>', 'Mdl*hbf2*-units[2, 24, 24, 1], task: task_f2d_2x2_1_cosx1_plus_x2_depth2, step 1200/4005, train err 62.8605, cv err: 66.8317 test err 61.5782')
('>', 'Opt:Adam, BN False, BN_trainable: False After1200/4005 iteration,Init: data_trunc_norm_kern')
S:  [None, <tf.Tensor 'Const_1:0' shape=(24,) dtype=float64>, <tf.Tensor 'Const_2:0' shape=(24,) dtype=float64>]
('>', 'Mdl*hbf2*-units[2, 24, 24, 1], task: task_f2d_2x2_1_cosx1_plus_x2_depth2, step 1250/4005, train err 67.6796, cv err: 72.08 test err 66.3074')
('>', 'Opt:Adam, BN False, BN_trainable: False After1250/4005 iteration,Init: data_trunc_norm_kern')
S:  [None, <tf.Tensor 'Const_1:0' shape=(24,) dtype=float64>, <tf.Tensor 'Const_2:0' shape=(24,) dtype=float64>]
('>', 'Mdl*hbf2*-units[2, 24, 24, 1], task: task_f2d_2x2_1_cosx1_plus_x2_depth2, step 1300/4005, train err 72.28, cv err: 77.1441 test err 70.8515')
('>', 'Opt:Adam, BN False, BN_trainable: False After1300/4005 iteration,Init: data_trunc_norm_kern')
S:  [None, <tf.Tensor 'Const_1:0' shape=(24,) dtype=float64>, <tf.Tensor 'Const_2:0' shape=(24,) dtype=float64>]
('>', 'Mdl*hbf2*-units[2, 24, 24, 1], task: task_f2d_2x2_1_cosx1_plus_x2_depth2, step 1350/4005, train err 75.9845, cv err: 81.1891 test err 74.4873')
('>', 'Opt:Adam, BN False, BN_trainable: False After1350/4005 iteration,Init: data_trunc_norm_kern')
S:  [None, <tf.Tensor 'Const_1:0' shape=(24,) dtype=float64>, <tf.Tensor 'Const_2:0' shape=(24,) dtype=float64>]
('>', 'Mdl*hbf2*-units[2, 24, 24, 1], task: task_f2d_2x2_1_cosx1_plus_x2_depth2, step 1400/4005, train err 78.9183, cv err: 84.4457 test err 77.4021')
('>', 'Opt:Adam, BN False, BN_trainable: False After1400/4005 iteration,Init: data_trunc_norm_kern')
S:  [None, <tf.Tensor 'Const_1:0' shape=(24,) dtype=float64>, <tf.Tensor 'Const_2:0' shape=(24,) dtype=float64>]
('>', 'Mdl*hbf2*-units[2, 24, 24, 1], task: task_f2d_2x2_1_cosx1_plus_x2_depth2, step 1450/4005, train err 80.3603, cv err: 86.0076 test err 78.8147')
('>', 'Opt:Adam, BN False, BN_trainable: False After1450/4005 iteration,Init: data_trunc_norm_kern')
S:  [None, <tf.Tensor 'Const_1:0' shape=(24,) dtype=float64>, <tf.Tensor 'Const_2:0' shape=(24,) dtype=float64>]
('>', 'Mdl*hbf2*-units[2, 24, 24, 1], task: task_f2d_2x2_1_cosx1_plus_x2_depth2, step 1500/4005, train err 82.8512, cv err: 88.7103 test err 81.2603')
('>', 'Opt:Adam, BN False, BN_trainable: False After1500/4005 iteration,Init: data_trunc_norm_kern')
S:  [None, <tf.Tensor 'Const_1:0' shape=(24,) dtype=float64>, <tf.Tensor 'Const_2:0' shape=(24,) dtype=float64>]
('>', 'Mdl*hbf2*-units[2, 24, 24, 1], task: task_f2d_2x2_1_cosx1_plus_x2_depth2, step 1550/4005, train err 83.7777, cv err: 89.7229 test err 82.1775')
('>', 'Opt:Adam, BN False, BN_trainable: False After1550/4005 iteration,Init: data_trunc_norm_kern')
S:  [None, <tf.Tensor 'Const_1:0' shape=(24,) dtype=float64>, <tf.Tensor 'Const_2:0' shape=(24,) dtype=float64>]
('>', 'Mdl*hbf2*-units[2, 24, 24, 1], task: task_f2d_2x2_1_cosx1_plus_x2_depth2, step 1600/4005, train err 84.5306, cv err: 90.5181 test err 82.9164')
('>', 'Opt:Adam, BN False, BN_trainable: False After1600/4005 iteration,Init: data_trunc_norm_kern')
S:  [None, <tf.Tensor 'Const_1:0' shape=(24,) dtype=float64>, <tf.Tensor 'Const_2:0' shape=(24,) dtype=float64>]
('>', 'Mdl*hbf2*-units[2, 24, 24, 1], task: task_f2d_2x2_1_cosx1_plus_x2_depth2, step 1650/4005, train err 87.7618, cv err: 94.0703 test err 86.1085')
('>', 'Opt:Adam, BN False, BN_trainable: False After1650/4005 iteration,Init: data_trunc_norm_kern')
S:  [None, <tf.Tensor 'Const_1:0' shape=(24,) dtype=float64>, <tf.Tensor 'Const_2:0' shape=(24,) dtype=float64>]
('>', 'Mdl*hbf2*-units[2, 24, 24, 1], task: task_f2d_2x2_1_cosx1_plus_x2_depth2, step 1700/4005, train err 89.4738, cv err: 95.8855 test err 87.7791')
('>', 'Opt:Adam, BN False, BN_trainable: False After1700/4005 iteration,Init: data_trunc_norm_kern')
S:  [None, <tf.Tensor 'Const_1:0' shape=(24,) dtype=float64>, <tf.Tensor 'Const_2:0' shape=(24,) dtype=float64>]
('>', 'Mdl*hbf2*-units[2, 24, 24, 1], task: task_f2d_2x2_1_cosx1_plus_x2_depth2, step 1750/4005, train err 89.5562, cv err: 96.0203 test err 87.8944')
('>', 'Opt:Adam, BN False, BN_trainable: False After1750/4005 iteration,Init: data_trunc_norm_kern')
S:  [None, <tf.Tensor 'Const_1:0' shape=(24,) dtype=float64>, <tf.Tensor 'Const_2:0' shape=(24,) dtype=float64>]
('>', 'Mdl*hbf2*-units[2, 24, 24, 1], task: task_f2d_2x2_1_cosx1_plus_x2_depth2, step 1800/4005, train err 91.5229, cv err: 98.158 test err 89.8215')
('>', 'Opt:Adam, BN False, BN_trainable: False After1800/4005 iteration,Init: data_trunc_norm_kern')
S:  [None, <tf.Tensor 'Const_1:0' shape=(24,) dtype=float64>, <tf.Tensor 'Const_2:0' shape=(24,) dtype=float64>]
('>', 'Mdl*hbf2*-units[2, 24, 24, 1], task: task_f2d_2x2_1_cosx1_plus_x2_depth2, step 1850/4005, train err 94.33, cv err: 101.217 test err 92.5961')
('>', 'Opt:Adam, BN False, BN_trainable: False After1850/4005 iteration,Init: data_trunc_norm_kern')
S:  [None, <tf.Tensor 'Const_1:0' shape=(24,) dtype=float64>, <tf.Tensor 'Const_2:0' shape=(24,) dtype=float64>]
('>', 'Mdl*hbf2*-units[2, 24, 24, 1], task: task_f2d_2x2_1_cosx1_plus_x2_depth2, step 1900/4005, train err 95.1793, cv err: 102.142 test err 93.4336')
('>', 'Opt:Adam, BN False, BN_trainable: False After1900/4005 iteration,Init: data_trunc_norm_kern')
S:  [None, <tf.Tensor 'Const_1:0' shape=(24,) dtype=float64>, <tf.Tensor 'Const_2:0' shape=(24,) dtype=float64>]
('>', 'Mdl*hbf2*-units[2, 24, 24, 1], task: task_f2d_2x2_1_cosx1_plus_x2_depth2, step 1950/4005, train err 98.2498, cv err: 105.543 test err 96.4813')
('>', 'Opt:Adam, BN False, BN_trainable: False After1950/4005 iteration,Init: data_trunc_norm_kern')
S:  [None, <tf.Tensor 'Const_1:0' shape=(24,) dtype=float64>, <tf.Tensor 'Const_2:0' shape=(24,) dtype=float64>]
('>', 'Mdl*hbf2*-units[2, 24, 24, 1], task: task_f2d_2x2_1_cosx1_plus_x2_depth2, step 2000/4005, train err 99.6806, cv err: 107.164 test err 97.9214')
('>', 'Opt:Adam, BN False, BN_trainable: False After2000/4005 iteration,Init: data_trunc_norm_kern')
S:  [None, <tf.Tensor 'Const_1:0' shape=(24,) dtype=float64>, <tf.Tensor 'Const_2:0' shape=(24,) dtype=float64>]
('>', 'Mdl*hbf2*-units[2, 24, 24, 1], task: task_f2d_2x2_1_cosx1_plus_x2_depth2, step 2050/4005, train err 101.683, cv err: 109.347 test err 99.9038')
('>', 'Opt:Adam, BN False, BN_trainable: False After2050/4005 iteration,Init: data_trunc_norm_kern')
S:  [None, <tf.Tensor 'Const_1:0' shape=(24,) dtype=float64>, <tf.Tensor 'Const_2:0' shape=(24,) dtype=float64>]
('>', 'Mdl*hbf2*-units[2, 24, 24, 1], task: task_f2d_2x2_1_cosx1_plus_x2_depth2, step 2100/4005, train err 102.849, cv err: 110.615 test err 101.038')
('>', 'Opt:Adam, BN False, BN_trainable: False After2100/4005 iteration,Init: data_trunc_norm_kern')
S:  [None, <tf.Tensor 'Const_1:0' shape=(24,) dtype=float64>, <tf.Tensor 'Const_2:0' shape=(24,) dtype=float64>]
('>', 'Mdl*hbf2*-units[2, 24, 24, 1], task: task_f2d_2x2_1_cosx1_plus_x2_depth2, step 2150/4005, train err 105.747, cv err: 113.812 test err 103.927')
('>', 'Opt:Adam, BN False, BN_trainable: False After2150/4005 iteration,Init: data_trunc_norm_kern')
S:  [None, <tf.Tensor 'Const_1:0' shape=(24,) dtype=float64>, <tf.Tensor 'Const_2:0' shape=(24,) dtype=float64>]
('>', 'Mdl*hbf2*-units[2, 24, 24, 1], task: task_f2d_2x2_1_cosx1_plus_x2_depth2, step 2200/4005, train err 107.355, cv err: 115.582 test err 105.51')
('>', 'Opt:Adam, BN False, BN_trainable: False After2200/4005 iteration,Init: data_trunc_norm_kern')
S:  [None, <tf.Tensor 'Const_1:0' shape=(24,) dtype=float64>, <tf.Tensor 'Const_2:0' shape=(24,) dtype=float64>]
('>', 'Mdl*hbf2*-units[2, 24, 24, 1], task: task_f2d_2x2_1_cosx1_plus_x2_depth2, step 2250/4005, train err 110.036, cv err: 118.513 test err 108.179')
('>', 'Opt:Adam, BN False, BN_trainable: False After2250/4005 iteration,Init: data_trunc_norm_kern')
S:  [None, <tf.Tensor 'Const_1:0' shape=(24,) dtype=float64>, <tf.Tensor 'Const_2:0' shape=(24,) dtype=float64>]
('>', 'Mdl*hbf2*-units[2, 24, 24, 1], task: task_f2d_2x2_1_cosx1_plus_x2_depth2, step 2300/4005, train err 113.03, cv err: 121.88 test err 111.168')
('>', 'Opt:Adam, BN False, BN_trainable: False After2300/4005 iteration,Init: data_trunc_norm_kern')
S:  [None, <tf.Tensor 'Const_1:0' shape=(24,) dtype=float64>, <tf.Tensor 'Const_2:0' shape=(24,) dtype=float64>]
('>', 'Mdl*hbf2*-units[2, 24, 24, 1], task: task_f2d_2x2_1_cosx1_plus_x2_depth2, step 2350/4005, train err 114.485, cv err: 123.426 test err 112.58')
('>', 'Opt:Adam, BN False, BN_trainable: False After2350/4005 iteration,Init: data_trunc_norm_kern')
S:  [None, <tf.Tensor 'Const_1:0' shape=(24,) dtype=float64>, <tf.Tensor 'Const_2:0' shape=(24,) dtype=float64>]
('>', 'Mdl*hbf2*-units[2, 24, 24, 1], task: task_f2d_2x2_1_cosx1_plus_x2_depth2, step 2400/4005, train err 116.242, cv err: 125.345 test err 114.336')
('>', 'Opt:Adam, BN False, BN_trainable: False After2400/4005 iteration,Init: data_trunc_norm_kern')
S:  [None, <tf.Tensor 'Const_1:0' shape=(24,) dtype=float64>, <tf.Tensor 'Const_2:0' shape=(24,) dtype=float64>]
('>', 'Mdl*hbf2*-units[2, 24, 24, 1], task: task_f2d_2x2_1_cosx1_plus_x2_depth2, step 2450/4005, train err 117.61, cv err: 126.886 test err 115.684')
('>', 'Opt:Adam, BN False, BN_trainable: False After2450/4005 iteration,Init: data_trunc_norm_kern')
S:  [None, <tf.Tensor 'Const_1:0' shape=(24,) dtype=float64>, <tf.Tensor 'Const_2:0' shape=(24,) dtype=float64>]
('>', 'Mdl*hbf2*-units[2, 24, 24, 1], task: task_f2d_2x2_1_cosx1_plus_x2_depth2, step 2500/4005, train err 120.16, cv err: 129.67 test err 118.219')
('>', 'Opt:Adam, BN False, BN_trainable: False After2500/4005 iteration,Init: data_trunc_norm_kern')
S:  [None, <tf.Tensor 'Const_1:0' shape=(24,) dtype=float64>, <tf.Tensor 'Const_2:0' shape=(24,) dtype=float64>]
('>', 'Mdl*hbf2*-units[2, 24, 24, 1], task: task_f2d_2x2_1_cosx1_plus_x2_depth2, step 2550/4005, train err 120.748, cv err: 130.329 test err 118.79')
('>', 'Opt:Adam, BN False, BN_trainable: False After2550/4005 iteration,Init: data_trunc_norm_kern')
S:  [None, <tf.Tensor 'Const_1:0' shape=(24,) dtype=float64>, <tf.Tensor 'Const_2:0' shape=(24,) dtype=float64>]
('>', 'Mdl*hbf2*-units[2, 24, 24, 1], task: task_f2d_2x2_1_cosx1_plus_x2_depth2, step 2600/4005, train err 122.821, cv err: 132.598 test err 120.837')
('>', 'Opt:Adam, BN False, BN_trainable: False After2600/4005 iteration,Init: data_trunc_norm_kern')
S:  [None, <tf.Tensor 'Const_1:0' shape=(24,) dtype=float64>, <tf.Tensor 'Const_2:0' shape=(24,) dtype=float64>]
('>', 'Mdl*hbf2*-units[2, 24, 24, 1], task: task_f2d_2x2_1_cosx1_plus_x2_depth2, step 2650/4005, train err 123.008, cv err: 132.807 test err 121.032')
('>', 'Opt:Adam, BN False, BN_trainable: False After2650/4005 iteration,Init: data_trunc_norm_kern')
S:  [None, <tf.Tensor 'Const_1:0' shape=(24,) dtype=float64>, <tf.Tensor 'Const_2:0' shape=(24,) dtype=float64>]
('>', 'Mdl*hbf2*-units[2, 24, 24, 1], task: task_f2d_2x2_1_cosx1_plus_x2_depth2, step 2700/4005, train err 125.062, cv err: 135.062 test err 123.061')
('>', 'Opt:Adam, BN False, BN_trainable: False After2700/4005 iteration,Init: data_trunc_norm_kern')
S:  [None, <tf.Tensor 'Const_1:0' shape=(24,) dtype=float64>, <tf.Tensor 'Const_2:0' shape=(24,) dtype=float64>]
('>', 'Mdl*hbf2*-units[2, 24, 24, 1], task: task_f2d_2x2_1_cosx1_plus_x2_depth2, step 2750/4005, train err 126.127, cv err: 136.217 test err 124.11')
('>', 'Opt:Adam, BN False, BN_trainable: False After2750/4005 iteration,Init: data_trunc_norm_kern')
S:  [None, <tf.Tensor 'Const_1:0' shape=(24,) dtype=float64>, <tf.Tensor 'Const_2:0' shape=(24,) dtype=float64>]
('>', 'Mdl*hbf2*-units[2, 24, 24, 1], task: task_f2d_2x2_1_cosx1_plus_x2_depth2, step 2800/4005, train err 127.354, cv err: 137.62 test err 125.344')
('>', 'Opt:Adam, BN False, BN_trainable: False After2800/4005 iteration,Init: data_trunc_norm_kern')
S:  [None, <tf.Tensor 'Const_1:0' shape=(24,) dtype=float64>, <tf.Tensor 'Const_2:0' shape=(24,) dtype=float64>]
('>', 'Mdl*hbf2*-units[2, 24, 24, 1], task: task_f2d_2x2_1_cosx1_plus_x2_depth2, step 2850/4005, train err 129.934, cv err: 140.423 test err 127.875')
('>', 'Opt:Adam, BN False, BN_trainable: False After2850/4005 iteration,Init: data_trunc_norm_kern')
S:  [None, <tf.Tensor 'Const_1:0' shape=(24,) dtype=float64>, <tf.Tensor 'Const_2:0' shape=(24,) dtype=float64>]
('>', 'Mdl*hbf2*-units[2, 24, 24, 1], task: task_f2d_2x2_1_cosx1_plus_x2_depth2, step 2900/4005, train err 130.507, cv err: 141.083 test err 128.448')
('>', 'Opt:Adam, BN False, BN_trainable: False After2900/4005 iteration,Init: data_trunc_norm_kern')
S:  [None, <tf.Tensor 'Const_1:0' shape=(24,) dtype=float64>, <tf.Tensor 'Const_2:0' shape=(24,) dtype=float64>]
('>', 'Mdl*hbf2*-units[2, 24, 24, 1], task: task_f2d_2x2_1_cosx1_plus_x2_depth2, step 2950/4005, train err 130.815, cv err: 141.421 test err 128.752')
('>', 'Opt:Adam, BN False, BN_trainable: False After2950/4005 iteration,Init: data_trunc_norm_kern')
S:  [None, <tf.Tensor 'Const_1:0' shape=(24,) dtype=float64>, <tf.Tensor 'Const_2:0' shape=(24,) dtype=float64>]
('>', 'Mdl*hbf2*-units[2, 24, 24, 1], task: task_f2d_2x2_1_cosx1_plus_x2_depth2, step 3000/4005, train err 132.649, cv err: 143.451 test err 130.569')
('>', 'Opt:Adam, BN False, BN_trainable: False After3000/4005 iteration,Init: data_trunc_norm_kern')
S:  [None, <tf.Tensor 'Const_1:0' shape=(24,) dtype=float64>, <tf.Tensor 'Const_2:0' shape=(24,) dtype=float64>]
('>', 'Mdl*hbf2*-units[2, 24, 24, 1], task: task_f2d_2x2_1_cosx1_plus_x2_depth2, step 3050/4005, train err 134.759, cv err: 145.799 test err 132.655')
('>', 'Opt:Adam, BN False, BN_trainable: False After3050/4005 iteration,Init: data_trunc_norm_kern')
S:  [None, <tf.Tensor 'Const_1:0' shape=(24,) dtype=float64>, <tf.Tensor 'Const_2:0' shape=(24,) dtype=float64>]
('>', 'Mdl*hbf2*-units[2, 24, 24, 1], task: task_f2d_2x2_1_cosx1_plus_x2_depth2, step 3100/4005, train err 135.956, cv err: 147.069 test err 133.826')
('>', 'Opt:Adam, BN False, BN_trainable: False After3100/4005 iteration,Init: data_trunc_norm_kern')
S:  [None, <tf.Tensor 'Const_1:0' shape=(24,) dtype=float64>, <tf.Tensor 'Const_2:0' shape=(24,) dtype=float64>]
('>', 'Mdl*hbf2*-units[2, 24, 24, 1], task: task_f2d_2x2_1_cosx1_plus_x2_depth2, step 3150/4005, train err 136.209, cv err: 147.388 test err 134.078')
('>', 'Opt:Adam, BN False, BN_trainable: False After3150/4005 iteration,Init: data_trunc_norm_kern')
S:  [None, <tf.Tensor 'Const_1:0' shape=(24,) dtype=float64>, <tf.Tensor 'Const_2:0' shape=(24,) dtype=float64>]
('>', 'Mdl*hbf2*-units[2, 24, 24, 1], task: task_f2d_2x2_1_cosx1_plus_x2_depth2, step 3200/4005, train err 137.749, cv err: 149.107 test err 135.594')
('>', 'Opt:Adam, BN False, BN_trainable: False After3200/4005 iteration,Init: data_trunc_norm_kern')
S:  [None, <tf.Tensor 'Const_1:0' shape=(24,) dtype=float64>, <tf.Tensor 'Const_2:0' shape=(24,) dtype=float64>]
('>', 'Mdl*hbf2*-units[2, 24, 24, 1], task: task_f2d_2x2_1_cosx1_plus_x2_depth2, step 3250/4005, train err 139.979, cv err: 151.574 test err 137.814')
('>', 'Opt:Adam, BN False, BN_trainable: False After3250/4005 iteration,Init: data_trunc_norm_kern')
S:  [None, <tf.Tensor 'Const_1:0' shape=(24,) dtype=float64>, <tf.Tensor 'Const_2:0' shape=(24,) dtype=float64>]
('>', 'Mdl*hbf2*-units[2, 24, 24, 1], task: task_f2d_2x2_1_cosx1_plus_x2_depth2, step 3300/4005, train err 140.188, cv err: 151.791 test err 138.003')
('>', 'Opt:Adam, BN False, BN_trainable: False After3300/4005 iteration,Init: data_trunc_norm_kern')
S:  [None, <tf.Tensor 'Const_1:0' shape=(24,) dtype=float64>, <tf.Tensor 'Const_2:0' shape=(24,) dtype=float64>]
('>', 'Mdl*hbf2*-units[2, 24, 24, 1], task: task_f2d_2x2_1_cosx1_plus_x2_depth2, step 3350/4005, train err 142.463, cv err: 154.303 test err 140.243')
('>', 'Opt:Adam, BN False, BN_trainable: False After3350/4005 iteration,Init: data_trunc_norm_kern')
S:  [None, <tf.Tensor 'Const_1:0' shape=(24,) dtype=float64>, <tf.Tensor 'Const_2:0' shape=(24,) dtype=float64>]
('>', 'Mdl*hbf2*-units[2, 24, 24, 1], task: task_f2d_2x2_1_cosx1_plus_x2_depth2, step 3400/4005, train err 143.744, cv err: 155.726 test err 141.523')
('>', 'Opt:Adam, BN False, BN_trainable: False After3400/4005 iteration,Init: data_trunc_norm_kern')
S:  [None, <tf.Tensor 'Const_1:0' shape=(24,) dtype=float64>, <tf.Tensor 'Const_2:0' shape=(24,) dtype=float64>]
('>', 'Mdl*hbf2*-units[2, 24, 24, 1], task: task_f2d_2x2_1_cosx1_plus_x2_depth2, step 3450/4005, train err 145.495, cv err: 157.684 test err 143.27')
('>', 'Opt:Adam, BN False, BN_trainable: False After3450/4005 iteration,Init: data_trunc_norm_kern')
S:  [None, <tf.Tensor 'Const_1:0' shape=(24,) dtype=float64>, <tf.Tensor 'Const_2:0' shape=(24,) dtype=float64>]
('>', 'Mdl*hbf2*-units[2, 24, 24, 1], task: task_f2d_2x2_1_cosx1_plus_x2_depth2, step 3500/4005, train err 146.758, cv err: 159.082 test err 144.508')
('>', 'Opt:Adam, BN False, BN_trainable: False After3500/4005 iteration,Init: data_trunc_norm_kern')
S:  [None, <tf.Tensor 'Const_1:0' shape=(24,) dtype=float64>, <tf.Tensor 'Const_2:0' shape=(24,) dtype=float64>]
('>', 'Mdl*hbf2*-units[2, 24, 24, 1], task: task_f2d_2x2_1_cosx1_plus_x2_depth2, step 3550/4005, train err 148.214, cv err: 160.642 test err 145.951')
('>', 'Opt:Adam, BN False, BN_trainable: False After3550/4005 iteration,Init: data_trunc_norm_kern')
S:  [None, <tf.Tensor 'Const_1:0' shape=(24,) dtype=float64>, <tf.Tensor 'Const_2:0' shape=(24,) dtype=float64>]
('>', 'Mdl*hbf2*-units[2, 24, 24, 1], task: task_f2d_2x2_1_cosx1_plus_x2_depth2, step 3600/4005, train err 148.035, cv err: 160.49 test err 145.766')
('>', 'Opt:Adam, BN False, BN_trainable: False After3600/4005 iteration,Init: data_trunc_norm_kern')
S:  [None, <tf.Tensor 'Const_1:0' shape=(24,) dtype=float64>, <tf.Tensor 'Const_2:0' shape=(24,) dtype=float64>]
('>', 'Mdl*hbf2*-units[2, 24, 24, 1], task: task_f2d_2x2_1_cosx1_plus_x2_depth2, step 3650/4005, train err 149.872, cv err: 162.501 test err 147.601')
('>', 'Opt:Adam, BN False, BN_trainable: False After3650/4005 iteration,Init: data_trunc_norm_kern')
S:  [None, <tf.Tensor 'Const_1:0' shape=(24,) dtype=float64>, <tf.Tensor 'Const_2:0' shape=(24,) dtype=float64>]
('>', 'Mdl*hbf2*-units[2, 24, 24, 1], task: task_f2d_2x2_1_cosx1_plus_x2_depth2, step 3700/4005, train err 151.489, cv err: 164.319 test err 149.203')
('>', 'Opt:Adam, BN False, BN_trainable: False After3700/4005 iteration,Init: data_trunc_norm_kern')
S:  [None, <tf.Tensor 'Const_1:0' shape=(24,) dtype=float64>, <tf.Tensor 'Const_2:0' shape=(24,) dtype=float64>]
('>', 'Mdl*hbf2*-units[2, 24, 24, 1], task: task_f2d_2x2_1_cosx1_plus_x2_depth2, step 3750/4005, train err 153.796, cv err: 166.859 test err 151.49')
('>', 'Opt:Adam, BN False, BN_trainable: False After3750/4005 iteration,Init: data_trunc_norm_kern')
S:  [None, <tf.Tensor 'Const_1:0' shape=(24,) dtype=float64>, <tf.Tensor 'Const_2:0' shape=(24,) dtype=float64>]
('>', 'Mdl*hbf2*-units[2, 24, 24, 1], task: task_f2d_2x2_1_cosx1_plus_x2_depth2, step 3800/4005, train err 153.698, cv err: 166.733 test err 151.371')
('>', 'Opt:Adam, BN False, BN_trainable: False After3800/4005 iteration,Init: data_trunc_norm_kern')
S:  [None, <tf.Tensor 'Const_1:0' shape=(24,) dtype=float64>, <tf.Tensor 'Const_2:0' shape=(24,) dtype=float64>]
('>', 'Mdl*hbf2*-units[2, 24, 24, 1], task: task_f2d_2x2_1_cosx1_plus_x2_depth2, step 3850/4005, train err 156.92, cv err: 170.29 test err 154.599')
('>', 'Opt:Adam, BN False, BN_trainable: False After3850/4005 iteration,Init: data_trunc_norm_kern')
S:  [None, <tf.Tensor 'Const_1:0' shape=(24,) dtype=float64>, <tf.Tensor 'Const_2:0' shape=(24,) dtype=float64>]
('>', 'Mdl*hbf2*-units[2, 24, 24, 1], task: task_f2d_2x2_1_cosx1_plus_x2_depth2, step 3900/4005, train err 157.613, cv err: 171.05 test err 155.272')
('>', 'Opt:Adam, BN False, BN_trainable: False After3900/4005 iteration,Init: data_trunc_norm_kern')
S:  [None, <tf.Tensor 'Const_1:0' shape=(24,) dtype=float64>, <tf.Tensor 'Const_2:0' shape=(24,) dtype=float64>]
('>', 'Mdl*hbf2*-units[2, 24, 24, 1], task: task_f2d_2x2_1_cosx1_plus_x2_depth2, step 3950/4005, train err 158.756, cv err: 172.32 test err 156.421')
('>', 'Opt:Adam, BN False, BN_trainable: False After3950/4005 iteration,Init: data_trunc_norm_kern')
S:  [None, <tf.Tensor 'Const_1:0' shape=(24,) dtype=float64>, <tf.Tensor 'Const_2:0' shape=(24,) dtype=float64>]
('>', 'Mdl*hbf2*-units[2, 24, 24, 1], task: task_f2d_2x2_1_cosx1_plus_x2_depth2, step 4000/4005, train err 159.004, cv err: 172.617 test err 156.665')
('>', 'Opt:Adam, BN False, BN_trainable: False After4000/4005 iteration,Init: data_trunc_norm_kern')
S:  [None, <tf.Tensor 'Const_1:0' shape=(24,) dtype=float64>, <tf.Tensor 'Const_2:0' shape=(24,) dtype=float64>]
--- 430.316143036 seconds ---
--- 7.17193571726 minutes ---
--- 0.119532261954 hours ---


