I tensorflow/stream_executor/dso_loader.cc:108] successfully opened CUDA library libcublas.so locally
I tensorflow/stream_executor/dso_loader.cc:102] Couldn't open CUDA library libcudnn.so. LD_LIBRARY_PATH: /cm/shared/openmind/cuda/7.5/lib64:/cm/shared/openmind/cuda/7.5/lib
I tensorflow/stream_executor/cuda/cuda_dnn.cc:2092] Unable to load cuDNN DSO
I tensorflow/stream_executor/dso_loader.cc:108] successfully opened CUDA library libcufft.so locally
I tensorflow/stream_executor/dso_loader.cc:108] successfully opened CUDA library libcuda.so locally
I tensorflow/stream_executor/dso_loader.cc:108] successfully opened CUDA library libcurand.so locally
E tensorflow/stream_executor/cuda/cuda_driver.cc:491] failed call to cuInit: CUDA_ERROR_NO_DEVICE
I tensorflow/stream_executor/cuda/cuda_diagnostics.cc:140] kernel driver does not appear to be running on this host (node011.cm.cluster): /proc/driver/nvidia/version does not exist
I tensorflow/core/common_runtime/gpu/gpu_init.cc:81] No GPU devices available on machine.
print sys.argv = ['main_nn.py', '2918452', '466', 'om_2x2_1_cosx1_plus_x2_depth2', 'task_2_August_HBF2_depth_2_1000_dont_train_S', 'HBF2_48_48_multiple_1000', 'True', '48,48', 'multiple_S', 'task_f2d_2x2_1_cosx1_plus_x2_depth2', 'False', 'False', 'hbf', 'data_trunc_norm_kern', 'dont_normalize', 'dont_train_S']
len(sys.argv) = 16
print argv = ['main_nn.py', '2918452', '466', 'om_2x2_1_cosx1_plus_x2_depth2', 'task_2_August_HBF2_depth_2_1000_dont_train_S', 'HBF2_48_48_multiple_1000', 'True', '48,48', 'multiple_S', 'task_f2d_2x2_1_cosx1_plus_x2_depth2', 'False', 'False', 'hbf', 'data_trunc_norm_kern', 'dont_normalize', 'dont_train_S']
len(argv) = 16
---------> len(argv) 16
['main_nn.py', '2918452', '466', 'om_2x2_1_cosx1_plus_x2_depth2', 'task_2_August_HBF2_depth_2_1000_dont_train_S', 'HBF2_48_48_multiple_1000', 'True', '48,48', 'multiple_S', 'task_f2d_2x2_1_cosx1_plus_x2_depth2', 'False', 'False', 'hbf', 'data_trunc_norm_kern', 'dont_normalize', 'dont_train_S']
2.8
mdl_type:  hbf
['main_nn.py', '2918452', '466', 'om_2x2_1_cosx1_plus_x2_depth2', 'task_2_August_HBF2_depth_2_1000_dont_train_S', 'HBF2_48_48_multiple_1000', 'True', '48,48', 'multiple_S', 'task_f2d_2x2_1_cosx1_plus_x2_depth2', 'False', 'False', 'hbf', 'data_trunc_norm_kern', 'dont_normalize', 'dont_train_S']
use_tensorboard False
experiment_root_dir=om_2x2_1_cosx1_plus_x2_depth2,slurm_jobid=2918452,slurm_array_task_id=466,job_name=HBF2_48_48_multiple_1000
----====> TASK NAME: task_f2d_2x2_1_cosx1_plus_x2_depth2
---> task_name:  task_f2d_2x2_1_cosx1_plus_x2_depth2
(N_train,D) =  (60025, 2)
(N_test,D_out) =  (60025, 1)
CLUSTER:  OM7
++> S/b_init  [None, 0.4177551, 2.2190269172748813]
++++> M (batch size) : 17000
++> starter_learning_rate  0.000125944792112
++> decay_rate  0.966765447407
++> decay_steps  6337
++> staircase  True
-----> Running model: hbf. (nb_hidden_layers = 2, nb_layers = 3)
-----> Units: [2, 48, 48, 1])
train_S_type:  multiple_S
data_trunc_norm_kern
2.95638386177
DONE INITILIZING
[None, <tf.Tensor 'Const:0' shape=(2, 48) dtype=float64>, <tf.Tensor 'truncated_normal:0' shape=(48, 48) dtype=float64>]
isinstance
--> init_S:  Tensor("Const_1:0", shape=(48,), dtype=float64)
--> trainable_S:  False
isinstance
--> init_S:  Tensor("Const_2:0", shape=(48,), dtype=float64)
--> trainable_S:  False
('>', 'Mdl*hbf2*-units[2, 48, 48, 1], task: task_f2d_2x2_1_cosx1_plus_x2_depth2, step 0/4227, train err 20.7191, cv err: 19.9846 test err 19.9303')
('>', 'Opt:Adam, BN False, BN_trainable: False After0/4227 iteration,Init: data_trunc_norm_kern')
S:  [None, <tf.Tensor 'Const_1:0' shape=(48,) dtype=float64>, <tf.Tensor 'Const_2:0' shape=(48,) dtype=float64>]
('>', 'Mdl*hbf2*-units[2, 48, 48, 1], task: task_f2d_2x2_1_cosx1_plus_x2_depth2, step 50/4227, train err 16.0761, cv err: 15.6549 test err 15.8605')
('>', 'Opt:Adam, BN False, BN_trainable: False After50/4227 iteration,Init: data_trunc_norm_kern')
S:  [None, <tf.Tensor 'Const_1:0' shape=(48,) dtype=float64>, <tf.Tensor 'Const_2:0' shape=(48,) dtype=float64>]
('>', 'Mdl*hbf2*-units[2, 48, 48, 1], task: task_f2d_2x2_1_cosx1_plus_x2_depth2, step 100/4227, train err 14.3254, cv err: 14.0895 test err 14.3017')
('>', 'Opt:Adam, BN False, BN_trainable: False After100/4227 iteration,Init: data_trunc_norm_kern')
S:  [None, <tf.Tensor 'Const_1:0' shape=(48,) dtype=float64>, <tf.Tensor 'Const_2:0' shape=(48,) dtype=float64>]
('>', 'Mdl*hbf2*-units[2, 48, 48, 1], task: task_f2d_2x2_1_cosx1_plus_x2_depth2, step 150/4227, train err 13.0261, cv err: 12.8933 test err 13.0479')
('>', 'Opt:Adam, BN False, BN_trainable: False After150/4227 iteration,Init: data_trunc_norm_kern')
S:  [None, <tf.Tensor 'Const_1:0' shape=(48,) dtype=float64>, <tf.Tensor 'Const_2:0' shape=(48,) dtype=float64>]
('>', 'Mdl*hbf2*-units[2, 48, 48, 1], task: task_f2d_2x2_1_cosx1_plus_x2_depth2, step 200/4227, train err 12.0199, cv err: 11.9592 test err 12.0697')
('>', 'Opt:Adam, BN False, BN_trainable: False After200/4227 iteration,Init: data_trunc_norm_kern')
S:  [None, <tf.Tensor 'Const_1:0' shape=(48,) dtype=float64>, <tf.Tensor 'Const_2:0' shape=(48,) dtype=float64>]
('>', 'Mdl*hbf2*-units[2, 48, 48, 1], task: task_f2d_2x2_1_cosx1_plus_x2_depth2, step 250/4227, train err 11.1602, cv err: 11.1626 test err 11.2221')
('>', 'Opt:Adam, BN False, BN_trainable: False After250/4227 iteration,Init: data_trunc_norm_kern')
S:  [None, <tf.Tensor 'Const_1:0' shape=(48,) dtype=float64>, <tf.Tensor 'Const_2:0' shape=(48,) dtype=float64>]
('>', 'Mdl*hbf2*-units[2, 48, 48, 1], task: task_f2d_2x2_1_cosx1_plus_x2_depth2, step 300/4227, train err 10.4673, cv err: 10.5138 test err 10.5257')
('>', 'Opt:Adam, BN False, BN_trainable: False After300/4227 iteration,Init: data_trunc_norm_kern')
S:  [None, <tf.Tensor 'Const_1:0' shape=(48,) dtype=float64>, <tf.Tensor 'Const_2:0' shape=(48,) dtype=float64>]
('>', 'Mdl*hbf2*-units[2, 48, 48, 1], task: task_f2d_2x2_1_cosx1_plus_x2_depth2, step 350/4227, train err 9.97169, cv err: 10.0655 test err 10.0359')
('>', 'Opt:Adam, BN False, BN_trainable: False After350/4227 iteration,Init: data_trunc_norm_kern')
S:  [None, <tf.Tensor 'Const_1:0' shape=(48,) dtype=float64>, <tf.Tensor 'Const_2:0' shape=(48,) dtype=float64>]
('>', 'Mdl*hbf2*-units[2, 48, 48, 1], task: task_f2d_2x2_1_cosx1_plus_x2_depth2, step 400/4227, train err 9.66406, cv err: 9.80547 test err 9.73737')
('>', 'Opt:Adam, BN False, BN_trainable: False After400/4227 iteration,Init: data_trunc_norm_kern')
S:  [None, <tf.Tensor 'Const_1:0' shape=(48,) dtype=float64>, <tf.Tensor 'Const_2:0' shape=(48,) dtype=float64>]
('>', 'Mdl*hbf2*-units[2, 48, 48, 1], task: task_f2d_2x2_1_cosx1_plus_x2_depth2, step 450/4227, train err 9.55063, cv err: 9.75975 test err 9.64582')
('>', 'Opt:Adam, BN False, BN_trainable: False After450/4227 iteration,Init: data_trunc_norm_kern')
S:  [None, <tf.Tensor 'Const_1:0' shape=(48,) dtype=float64>, <tf.Tensor 'Const_2:0' shape=(48,) dtype=float64>]
('>', 'Mdl*hbf2*-units[2, 48, 48, 1], task: task_f2d_2x2_1_cosx1_plus_x2_depth2, step 500/4227, train err 9.54588, cv err: 9.8095 test err 9.65541')
('>', 'Opt:Adam, BN False, BN_trainable: False After500/4227 iteration,Init: data_trunc_norm_kern')
S:  [None, <tf.Tensor 'Const_1:0' shape=(48,) dtype=float64>, <tf.Tensor 'Const_2:0' shape=(48,) dtype=float64>]
('>', 'Mdl*hbf2*-units[2, 48, 48, 1], task: task_f2d_2x2_1_cosx1_plus_x2_depth2, step 550/4227, train err 9.62958, cv err: 9.94943 test err 9.75554')
('>', 'Opt:Adam, BN False, BN_trainable: False After550/4227 iteration,Init: data_trunc_norm_kern')
S:  [None, <tf.Tensor 'Const_1:0' shape=(48,) dtype=float64>, <tf.Tensor 'Const_2:0' shape=(48,) dtype=float64>]
('>', 'Mdl*hbf2*-units[2, 48, 48, 1], task: task_f2d_2x2_1_cosx1_plus_x2_depth2, step 600/4227, train err 9.79821, cv err: 10.1752 test err 9.94396')
('>', 'Opt:Adam, BN False, BN_trainable: False After600/4227 iteration,Init: data_trunc_norm_kern')
S:  [None, <tf.Tensor 'Const_1:0' shape=(48,) dtype=float64>, <tf.Tensor 'Const_2:0' shape=(48,) dtype=float64>]
('>', 'Mdl*hbf2*-units[2, 48, 48, 1], task: task_f2d_2x2_1_cosx1_plus_x2_depth2, step 650/4227, train err 9.95065, cv err: 10.3707 test err 10.1121')
('>', 'Opt:Adam, BN False, BN_trainable: False After650/4227 iteration,Init: data_trunc_norm_kern')
S:  [None, <tf.Tensor 'Const_1:0' shape=(48,) dtype=float64>, <tf.Tensor 'Const_2:0' shape=(48,) dtype=float64>]
('>', 'Mdl*hbf2*-units[2, 48, 48, 1], task: task_f2d_2x2_1_cosx1_plus_x2_depth2, step 700/4227, train err 10.153, cv err: 10.6196 test err 10.3334')
('>', 'Opt:Adam, BN False, BN_trainable: False After700/4227 iteration,Init: data_trunc_norm_kern')
S:  [None, <tf.Tensor 'Const_1:0' shape=(48,) dtype=float64>, <tf.Tensor 'Const_2:0' shape=(48,) dtype=float64>]
('>', 'Mdl*hbf2*-units[2, 48, 48, 1], task: task_f2d_2x2_1_cosx1_plus_x2_depth2, step 750/4227, train err 10.3131, cv err: 10.8112 test err 10.5084')
('>', 'Opt:Adam, BN False, BN_trainable: False After750/4227 iteration,Init: data_trunc_norm_kern')
S:  [None, <tf.Tensor 'Const_1:0' shape=(48,) dtype=float64>, <tf.Tensor 'Const_2:0' shape=(48,) dtype=float64>]
('>', 'Mdl*hbf2*-units[2, 48, 48, 1], task: task_f2d_2x2_1_cosx1_plus_x2_depth2, step 800/4227, train err 10.4958, cv err: 11.0275 test err 10.7118')
('>', 'Opt:Adam, BN False, BN_trainable: False After800/4227 iteration,Init: data_trunc_norm_kern')
S:  [None, <tf.Tensor 'Const_1:0' shape=(48,) dtype=float64>, <tf.Tensor 'Const_2:0' shape=(48,) dtype=float64>]
('>', 'Mdl*hbf2*-units[2, 48, 48, 1], task: task_f2d_2x2_1_cosx1_plus_x2_depth2, step 850/4227, train err 10.6288, cv err: 11.1849 test err 10.861')
('>', 'Opt:Adam, BN False, BN_trainable: False After850/4227 iteration,Init: data_trunc_norm_kern')
S:  [None, <tf.Tensor 'Const_1:0' shape=(48,) dtype=float64>, <tf.Tensor 'Const_2:0' shape=(48,) dtype=float64>]
('>', 'Mdl*hbf2*-units[2, 48, 48, 1], task: task_f2d_2x2_1_cosx1_plus_x2_depth2, step 900/4227, train err 10.7615, cv err: 11.3406 test err 11.0103')
('>', 'Opt:Adam, BN False, BN_trainable: False After900/4227 iteration,Init: data_trunc_norm_kern')
S:  [None, <tf.Tensor 'Const_1:0' shape=(48,) dtype=float64>, <tf.Tensor 'Const_2:0' shape=(48,) dtype=float64>]
('>', 'Mdl*hbf2*-units[2, 48, 48, 1], task: task_f2d_2x2_1_cosx1_plus_x2_depth2, step 950/4227, train err 10.9167, cv err: 11.5322 test err 11.1871')
('>', 'Opt:Adam, BN False, BN_trainable: False After950/4227 iteration,Init: data_trunc_norm_kern')
S:  [None, <tf.Tensor 'Const_1:0' shape=(48,) dtype=float64>, <tf.Tensor 'Const_2:0' shape=(48,) dtype=float64>]
('>', 'Mdl*hbf2*-units[2, 48, 48, 1], task: task_f2d_2x2_1_cosx1_plus_x2_depth2, step 1000/4227, train err 10.9919, cv err: 11.6269 test err 11.2737')
('>', 'Opt:Adam, BN False, BN_trainable: False After1000/4227 iteration,Init: data_trunc_norm_kern')
S:  [None, <tf.Tensor 'Const_1:0' shape=(48,) dtype=float64>, <tf.Tensor 'Const_2:0' shape=(48,) dtype=float64>]
('>', 'Mdl*hbf2*-units[2, 48, 48, 1], task: task_f2d_2x2_1_cosx1_plus_x2_depth2, step 1050/4227, train err 11.085, cv err: 11.7491 test err 11.3825')
('>', 'Opt:Adam, BN False, BN_trainable: False After1050/4227 iteration,Init: data_trunc_norm_kern')
S:  [None, <tf.Tensor 'Const_1:0' shape=(48,) dtype=float64>, <tf.Tensor 'Const_2:0' shape=(48,) dtype=float64>]
('>', 'Mdl*hbf2*-units[2, 48, 48, 1], task: task_f2d_2x2_1_cosx1_plus_x2_depth2, step 1100/4227, train err 11.2723, cv err: 11.9859 test err 11.5955')
('>', 'Opt:Adam, BN False, BN_trainable: False After1100/4227 iteration,Init: data_trunc_norm_kern')
S:  [None, <tf.Tensor 'Const_1:0' shape=(48,) dtype=float64>, <tf.Tensor 'Const_2:0' shape=(48,) dtype=float64>]
('>', 'Mdl*hbf2*-units[2, 48, 48, 1], task: task_f2d_2x2_1_cosx1_plus_x2_depth2, step 1150/4227, train err 11.2848, cv err: 12.0092 test err 11.6091')
('>', 'Opt:Adam, BN False, BN_trainable: False After1150/4227 iteration,Init: data_trunc_norm_kern')
S:  [None, <tf.Tensor 'Const_1:0' shape=(48,) dtype=float64>, <tf.Tensor 'Const_2:0' shape=(48,) dtype=float64>]
('>', 'Mdl*hbf2*-units[2, 48, 48, 1], task: task_f2d_2x2_1_cosx1_plus_x2_depth2, step 1200/4227, train err 11.4115, cv err: 12.1734 test err 11.7534')
('>', 'Opt:Adam, BN False, BN_trainable: False After1200/4227 iteration,Init: data_trunc_norm_kern')
S:  [None, <tf.Tensor 'Const_1:0' shape=(48,) dtype=float64>, <tf.Tensor 'Const_2:0' shape=(48,) dtype=float64>]
('>', 'Mdl*hbf2*-units[2, 48, 48, 1], task: task_f2d_2x2_1_cosx1_plus_x2_depth2, step 1250/4227, train err 11.5564, cv err: 12.3594 test err 11.913')
('>', 'Opt:Adam, BN False, BN_trainable: False After1250/4227 iteration,Init: data_trunc_norm_kern')
S:  [None, <tf.Tensor 'Const_1:0' shape=(48,) dtype=float64>, <tf.Tensor 'Const_2:0' shape=(48,) dtype=float64>]
('>', 'Mdl*hbf2*-units[2, 48, 48, 1], task: task_f2d_2x2_1_cosx1_plus_x2_depth2, step 1300/4227, train err 11.6585, cv err: 12.4969 test err 12.0217')
('>', 'Opt:Adam, BN False, BN_trainable: False After1300/4227 iteration,Init: data_trunc_norm_kern')
S:  [None, <tf.Tensor 'Const_1:0' shape=(48,) dtype=float64>, <tf.Tensor 'Const_2:0' shape=(48,) dtype=float64>]
('>', 'Mdl*hbf2*-units[2, 48, 48, 1], task: task_f2d_2x2_1_cosx1_plus_x2_depth2, step 1350/4227, train err 11.8336, cv err: 12.7225 test err 12.2086')
('>', 'Opt:Adam, BN False, BN_trainable: False After1350/4227 iteration,Init: data_trunc_norm_kern')
S:  [None, <tf.Tensor 'Const_1:0' shape=(48,) dtype=float64>, <tf.Tensor 'Const_2:0' shape=(48,) dtype=float64>]
('>', 'Mdl*hbf2*-units[2, 48, 48, 1], task: task_f2d_2x2_1_cosx1_plus_x2_depth2, step 1400/4227, train err 11.9743, cv err: 12.9046 test err 12.3521')
('>', 'Opt:Adam, BN False, BN_trainable: False After1400/4227 iteration,Init: data_trunc_norm_kern')
S:  [None, <tf.Tensor 'Const_1:0' shape=(48,) dtype=float64>, <tf.Tensor 'Const_2:0' shape=(48,) dtype=float64>]
('>', 'Mdl*hbf2*-units[2, 48, 48, 1], task: task_f2d_2x2_1_cosx1_plus_x2_depth2, step 1450/4227, train err 12.2143, cv err: 13.2091 test err 12.6066')
('>', 'Opt:Adam, BN False, BN_trainable: False After1450/4227 iteration,Init: data_trunc_norm_kern')
S:  [None, <tf.Tensor 'Const_1:0' shape=(48,) dtype=float64>, <tf.Tensor 'Const_2:0' shape=(48,) dtype=float64>]
('>', 'Mdl*hbf2*-units[2, 48, 48, 1], task: task_f2d_2x2_1_cosx1_plus_x2_depth2, step 1500/4227, train err 12.4249, cv err: 13.4788 test err 12.8236')
('>', 'Opt:Adam, BN False, BN_trainable: False After1500/4227 iteration,Init: data_trunc_norm_kern')
S:  [None, <tf.Tensor 'Const_1:0' shape=(48,) dtype=float64>, <tf.Tensor 'Const_2:0' shape=(48,) dtype=float64>]
('>', 'Mdl*hbf2*-units[2, 48, 48, 1], task: task_f2d_2x2_1_cosx1_plus_x2_depth2, step 1550/4227, train err 12.6074, cv err: 13.6992 test err 12.9964')
('>', 'Opt:Adam, BN False, BN_trainable: False After1550/4227 iteration,Init: data_trunc_norm_kern')
S:  [None, <tf.Tensor 'Const_1:0' shape=(48,) dtype=float64>, <tf.Tensor 'Const_2:0' shape=(48,) dtype=float64>]
('>', 'Mdl*hbf2*-units[2, 48, 48, 1], task: task_f2d_2x2_1_cosx1_plus_x2_depth2, step 1600/4227, train err 12.8001, cv err: 13.9445 test err 13.1896')
('>', 'Opt:Adam, BN False, BN_trainable: False After1600/4227 iteration,Init: data_trunc_norm_kern')
S:  [None, <tf.Tensor 'Const_1:0' shape=(48,) dtype=float64>, <tf.Tensor 'Const_2:0' shape=(48,) dtype=float64>]
('>', 'Mdl*hbf2*-units[2, 48, 48, 1], task: task_f2d_2x2_1_cosx1_plus_x2_depth2, step 1650/4227, train err 13.021, cv err: 14.2157 test err 13.4107')
('>', 'Opt:Adam, BN False, BN_trainable: False After1650/4227 iteration,Init: data_trunc_norm_kern')
S:  [None, <tf.Tensor 'Const_1:0' shape=(48,) dtype=float64>, <tf.Tensor 'Const_2:0' shape=(48,) dtype=float64>]
('>', 'Mdl*hbf2*-units[2, 48, 48, 1], task: task_f2d_2x2_1_cosx1_plus_x2_depth2, step 1700/4227, train err 13.2569, cv err: 14.5118 test err 13.6463')
('>', 'Opt:Adam, BN False, BN_trainable: False After1700/4227 iteration,Init: data_trunc_norm_kern')
S:  [None, <tf.Tensor 'Const_1:0' shape=(48,) dtype=float64>, <tf.Tensor 'Const_2:0' shape=(48,) dtype=float64>]
('>', 'Mdl*hbf2*-units[2, 48, 48, 1], task: task_f2d_2x2_1_cosx1_plus_x2_depth2, step 1750/4227, train err 13.4619, cv err: 14.7673 test err 13.8462')
('>', 'Opt:Adam, BN False, BN_trainable: False After1750/4227 iteration,Init: data_trunc_norm_kern')
S:  [None, <tf.Tensor 'Const_1:0' shape=(48,) dtype=float64>, <tf.Tensor 'Const_2:0' shape=(48,) dtype=float64>]
('>', 'Mdl*hbf2*-units[2, 48, 48, 1], task: task_f2d_2x2_1_cosx1_plus_x2_depth2, step 1800/4227, train err 13.6883, cv err: 15.0458 test err 14.0695')
('>', 'Opt:Adam, BN False, BN_trainable: False After1800/4227 iteration,Init: data_trunc_norm_kern')
S:  [None, <tf.Tensor 'Const_1:0' shape=(48,) dtype=float64>, <tf.Tensor 'Const_2:0' shape=(48,) dtype=float64>]
('>', 'Mdl*hbf2*-units[2, 48, 48, 1], task: task_f2d_2x2_1_cosx1_plus_x2_depth2, step 1850/4227, train err 13.9555, cv err: 15.3804 test err 14.3367')
('>', 'Opt:Adam, BN False, BN_trainable: False After1850/4227 iteration,Init: data_trunc_norm_kern')
S:  [None, <tf.Tensor 'Const_1:0' shape=(48,) dtype=float64>, <tf.Tensor 'Const_2:0' shape=(48,) dtype=float64>]
('>', 'Mdl*hbf2*-units[2, 48, 48, 1], task: task_f2d_2x2_1_cosx1_plus_x2_depth2, step 1900/4227, train err 14.1152, cv err: 15.5631 test err 14.4795')
('>', 'Opt:Adam, BN False, BN_trainable: False After1900/4227 iteration,Init: data_trunc_norm_kern')
S:  [None, <tf.Tensor 'Const_1:0' shape=(48,) dtype=float64>, <tf.Tensor 'Const_2:0' shape=(48,) dtype=float64>]
('>', 'Mdl*hbf2*-units[2, 48, 48, 1], task: task_f2d_2x2_1_cosx1_plus_x2_depth2, step 1950/4227, train err 14.382, cv err: 15.8958 test err 14.7482')
('>', 'Opt:Adam, BN False, BN_trainable: False After1950/4227 iteration,Init: data_trunc_norm_kern')
S:  [None, <tf.Tensor 'Const_1:0' shape=(48,) dtype=float64>, <tf.Tensor 'Const_2:0' shape=(48,) dtype=float64>]
('>', 'Mdl*hbf2*-units[2, 48, 48, 1], task: task_f2d_2x2_1_cosx1_plus_x2_depth2, step 2000/4227, train err 14.5748, cv err: 16.1306 test err 14.9296')
('>', 'Opt:Adam, BN False, BN_trainable: False After2000/4227 iteration,Init: data_trunc_norm_kern')
S:  [None, <tf.Tensor 'Const_1:0' shape=(48,) dtype=float64>, <tf.Tensor 'Const_2:0' shape=(48,) dtype=float64>]
('>', 'Mdl*hbf2*-units[2, 48, 48, 1], task: task_f2d_2x2_1_cosx1_plus_x2_depth2, step 2050/4227, train err 14.8165, cv err: 16.421 test err 15.1637')
('>', 'Opt:Adam, BN False, BN_trainable: False After2050/4227 iteration,Init: data_trunc_norm_kern')
S:  [None, <tf.Tensor 'Const_1:0' shape=(48,) dtype=float64>, <tf.Tensor 'Const_2:0' shape=(48,) dtype=float64>]
('>', 'Mdl*hbf2*-units[2, 48, 48, 1], task: task_f2d_2x2_1_cosx1_plus_x2_depth2, step 2100/4227, train err 15.041, cv err: 16.6942 test err 15.3828')
('>', 'Opt:Adam, BN False, BN_trainable: False After2100/4227 iteration,Init: data_trunc_norm_kern')
S:  [None, <tf.Tensor 'Const_1:0' shape=(48,) dtype=float64>, <tf.Tensor 'Const_2:0' shape=(48,) dtype=float64>]
('>', 'Mdl*hbf2*-units[2, 48, 48, 1], task: task_f2d_2x2_1_cosx1_plus_x2_depth2, step 2150/4227, train err 15.2614, cv err: 16.9577 test err 15.5937')
('>', 'Opt:Adam, BN False, BN_trainable: False After2150/4227 iteration,Init: data_trunc_norm_kern')
S:  [None, <tf.Tensor 'Const_1:0' shape=(48,) dtype=float64>, <tf.Tensor 'Const_2:0' shape=(48,) dtype=float64>]
('>', 'Mdl*hbf2*-units[2, 48, 48, 1], task: task_f2d_2x2_1_cosx1_plus_x2_depth2, step 2200/4227, train err 15.5316, cv err: 17.3005 test err 15.8646')
('>', 'Opt:Adam, BN False, BN_trainable: False After2200/4227 iteration,Init: data_trunc_norm_kern')
S:  [None, <tf.Tensor 'Const_1:0' shape=(48,) dtype=float64>, <tf.Tensor 'Const_2:0' shape=(48,) dtype=float64>]
('>', 'Mdl*hbf2*-units[2, 48, 48, 1], task: task_f2d_2x2_1_cosx1_plus_x2_depth2, step 2250/4227, train err 15.7502, cv err: 17.5625 test err 16.0714')
('>', 'Opt:Adam, BN False, BN_trainable: False After2250/4227 iteration,Init: data_trunc_norm_kern')
S:  [None, <tf.Tensor 'Const_1:0' shape=(48,) dtype=float64>, <tf.Tensor 'Const_2:0' shape=(48,) dtype=float64>]
('>', 'Mdl*hbf2*-units[2, 48, 48, 1], task: task_f2d_2x2_1_cosx1_plus_x2_depth2, step 2300/4227, train err 16.1068, cv err: 18.0116 test err 16.4365')
('>', 'Opt:Adam, BN False, BN_trainable: False After2300/4227 iteration,Init: data_trunc_norm_kern')
S:  [None, <tf.Tensor 'Const_1:0' shape=(48,) dtype=float64>, <tf.Tensor 'Const_2:0' shape=(48,) dtype=float64>]
('>', 'Mdl*hbf2*-units[2, 48, 48, 1], task: task_f2d_2x2_1_cosx1_plus_x2_depth2, step 2350/4227, train err 16.366, cv err: 18.3414 test err 16.6953')
('>', 'Opt:Adam, BN False, BN_trainable: False After2350/4227 iteration,Init: data_trunc_norm_kern')
S:  [None, <tf.Tensor 'Const_1:0' shape=(48,) dtype=float64>, <tf.Tensor 'Const_2:0' shape=(48,) dtype=float64>]
('>', 'Mdl*hbf2*-units[2, 48, 48, 1], task: task_f2d_2x2_1_cosx1_plus_x2_depth2, step 2400/4227, train err 16.5892, cv err: 18.6168 test err 16.9054')
('>', 'Opt:Adam, BN False, BN_trainable: False After2400/4227 iteration,Init: data_trunc_norm_kern')
S:  [None, <tf.Tensor 'Const_1:0' shape=(48,) dtype=float64>, <tf.Tensor 'Const_2:0' shape=(48,) dtype=float64>]
('>', 'Mdl*hbf2*-units[2, 48, 48, 1], task: task_f2d_2x2_1_cosx1_plus_x2_depth2, step 2450/4227, train err 16.9567, cv err: 19.0731 test err 17.2737')
('>', 'Opt:Adam, BN False, BN_trainable: False After2450/4227 iteration,Init: data_trunc_norm_kern')
S:  [None, <tf.Tensor 'Const_1:0' shape=(48,) dtype=float64>, <tf.Tensor 'Const_2:0' shape=(48,) dtype=float64>]
('>', 'Mdl*hbf2*-units[2, 48, 48, 1], task: task_f2d_2x2_1_cosx1_plus_x2_depth2, step 2500/4227, train err 17.2448, cv err: 19.4264 test err 17.5532')
('>', 'Opt:Adam, BN False, BN_trainable: False After2500/4227 iteration,Init: data_trunc_norm_kern')
S:  [None, <tf.Tensor 'Const_1:0' shape=(48,) dtype=float64>, <tf.Tensor 'Const_2:0' shape=(48,) dtype=float64>]
('>', 'Mdl*hbf2*-units[2, 48, 48, 1], task: task_f2d_2x2_1_cosx1_plus_x2_depth2, step 2550/4227, train err 17.6009, cv err: 19.8642 test err 17.9036')
('>', 'Opt:Adam, BN False, BN_trainable: False After2550/4227 iteration,Init: data_trunc_norm_kern')
S:  [None, <tf.Tensor 'Const_1:0' shape=(48,) dtype=float64>, <tf.Tensor 'Const_2:0' shape=(48,) dtype=float64>]
('>', 'Mdl*hbf2*-units[2, 48, 48, 1], task: task_f2d_2x2_1_cosx1_plus_x2_depth2, step 2600/4227, train err 17.9995, cv err: 20.3534 test err 18.3016')
('>', 'Opt:Adam, BN False, BN_trainable: False After2600/4227 iteration,Init: data_trunc_norm_kern')
S:  [None, <tf.Tensor 'Const_1:0' shape=(48,) dtype=float64>, <tf.Tensor 'Const_2:0' shape=(48,) dtype=float64>]
('>', 'Mdl*hbf2*-units[2, 48, 48, 1], task: task_f2d_2x2_1_cosx1_plus_x2_depth2, step 2650/4227, train err 18.3334, cv err: 20.7515 test err 18.6206')
('>', 'Opt:Adam, BN False, BN_trainable: False After2650/4227 iteration,Init: data_trunc_norm_kern')
S:  [None, <tf.Tensor 'Const_1:0' shape=(48,) dtype=float64>, <tf.Tensor 'Const_2:0' shape=(48,) dtype=float64>]
('>', 'Mdl*hbf2*-units[2, 48, 48, 1], task: task_f2d_2x2_1_cosx1_plus_x2_depth2, step 2700/4227, train err 18.7342, cv err: 21.2319 test err 19.0135')
('>', 'Opt:Adam, BN False, BN_trainable: False After2700/4227 iteration,Init: data_trunc_norm_kern')
S:  [None, <tf.Tensor 'Const_1:0' shape=(48,) dtype=float64>, <tf.Tensor 'Const_2:0' shape=(48,) dtype=float64>]
('>', 'Mdl*hbf2*-units[2, 48, 48, 1], task: task_f2d_2x2_1_cosx1_plus_x2_depth2, step 2750/4227, train err 19.2047, cv err: 21.8001 test err 19.478')
('>', 'Opt:Adam, BN False, BN_trainable: False After2750/4227 iteration,Init: data_trunc_norm_kern')
S:  [None, <tf.Tensor 'Const_1:0' shape=(48,) dtype=float64>, <tf.Tensor 'Const_2:0' shape=(48,) dtype=float64>]
('>', 'Mdl*hbf2*-units[2, 48, 48, 1], task: task_f2d_2x2_1_cosx1_plus_x2_depth2, step 2800/4227, train err 19.6684, cv err: 22.3478 test err 19.93')
('>', 'Opt:Adam, BN False, BN_trainable: False After2800/4227 iteration,Init: data_trunc_norm_kern')
S:  [None, <tf.Tensor 'Const_1:0' shape=(48,) dtype=float64>, <tf.Tensor 'Const_2:0' shape=(48,) dtype=float64>]
('>', 'Mdl*hbf2*-units[2, 48, 48, 1], task: task_f2d_2x2_1_cosx1_plus_x2_depth2, step 2850/4227, train err 20.1767, cv err: 22.9555 test err 20.4233')
('>', 'Opt:Adam, BN False, BN_trainable: False After2850/4227 iteration,Init: data_trunc_norm_kern')
S:  [None, <tf.Tensor 'Const_1:0' shape=(48,) dtype=float64>, <tf.Tensor 'Const_2:0' shape=(48,) dtype=float64>]
('>', 'Mdl*hbf2*-units[2, 48, 48, 1], task: task_f2d_2x2_1_cosx1_plus_x2_depth2, step 2900/4227, train err 20.5779, cv err: 23.4022 test err 20.7973')
('>', 'Opt:Adam, BN False, BN_trainable: False After2900/4227 iteration,Init: data_trunc_norm_kern')
S:  [None, <tf.Tensor 'Const_1:0' shape=(48,) dtype=float64>, <tf.Tensor 'Const_2:0' shape=(48,) dtype=float64>]
('>', 'Mdl*hbf2*-units[2, 48, 48, 1], task: task_f2d_2x2_1_cosx1_plus_x2_depth2, step 2950/4227, train err 21.2268, cv err: 24.1636 test err 21.433')
('>', 'Opt:Adam, BN False, BN_trainable: False After2950/4227 iteration,Init: data_trunc_norm_kern')
S:  [None, <tf.Tensor 'Const_1:0' shape=(48,) dtype=float64>, <tf.Tensor 'Const_2:0' shape=(48,) dtype=float64>]
('>', 'Mdl*hbf2*-units[2, 48, 48, 1], task: task_f2d_2x2_1_cosx1_plus_x2_depth2, step 3000/4227, train err 21.9086, cv err: 24.9624 test err 22.0945')
('>', 'Opt:Adam, BN False, BN_trainable: False After3000/4227 iteration,Init: data_trunc_norm_kern')
S:  [None, <tf.Tensor 'Const_1:0' shape=(48,) dtype=float64>, <tf.Tensor 'Const_2:0' shape=(48,) dtype=float64>]
('>', 'Mdl*hbf2*-units[2, 48, 48, 1], task: task_f2d_2x2_1_cosx1_plus_x2_depth2, step 3050/4227, train err 22.5128, cv err: 25.6485 test err 22.6756')
('>', 'Opt:Adam, BN False, BN_trainable: False After3050/4227 iteration,Init: data_trunc_norm_kern')
S:  [None, <tf.Tensor 'Const_1:0' shape=(48,) dtype=float64>, <tf.Tensor 'Const_2:0' shape=(48,) dtype=float64>]
('>', 'Mdl*hbf2*-units[2, 48, 48, 1], task: task_f2d_2x2_1_cosx1_plus_x2_depth2, step 3100/4227, train err 23.1895, cv err: 26.4249 test err 23.3297')
('>', 'Opt:Adam, BN False, BN_trainable: False After3100/4227 iteration,Init: data_trunc_norm_kern')
S:  [None, <tf.Tensor 'Const_1:0' shape=(48,) dtype=float64>, <tf.Tensor 'Const_2:0' shape=(48,) dtype=float64>]
('>', 'Mdl*hbf2*-units[2, 48, 48, 1], task: task_f2d_2x2_1_cosx1_plus_x2_depth2, step 3150/4227, train err 23.8522, cv err: 27.186 test err 23.9662')
('>', 'Opt:Adam, BN False, BN_trainable: False After3150/4227 iteration,Init: data_trunc_norm_kern')
S:  [None, <tf.Tensor 'Const_1:0' shape=(48,) dtype=float64>, <tf.Tensor 'Const_2:0' shape=(48,) dtype=float64>]
('>', 'Mdl*hbf2*-units[2, 48, 48, 1], task: task_f2d_2x2_1_cosx1_plus_x2_depth2, step 3200/4227, train err 24.5601, cv err: 27.9889 test err 24.647')
('>', 'Opt:Adam, BN False, BN_trainable: False After3200/4227 iteration,Init: data_trunc_norm_kern')
S:  [None, <tf.Tensor 'Const_1:0' shape=(48,) dtype=float64>, <tf.Tensor 'Const_2:0' shape=(48,) dtype=float64>]
('>', 'Mdl*hbf2*-units[2, 48, 48, 1], task: task_f2d_2x2_1_cosx1_plus_x2_depth2, step 3250/4227, train err 25.3912, cv err: 28.9477 test err 25.4555')
('>', 'Opt:Adam, BN False, BN_trainable: False After3250/4227 iteration,Init: data_trunc_norm_kern')
S:  [None, <tf.Tensor 'Const_1:0' shape=(48,) dtype=float64>, <tf.Tensor 'Const_2:0' shape=(48,) dtype=float64>]
('>', 'Mdl*hbf2*-units[2, 48, 48, 1], task: task_f2d_2x2_1_cosx1_plus_x2_depth2, step 3300/4227, train err 26.1516, cv err: 29.8159 test err 26.1948')
('>', 'Opt:Adam, BN False, BN_trainable: False After3300/4227 iteration,Init: data_trunc_norm_kern')
S:  [None, <tf.Tensor 'Const_1:0' shape=(48,) dtype=float64>, <tf.Tensor 'Const_2:0' shape=(48,) dtype=float64>]
('>', 'Mdl*hbf2*-units[2, 48, 48, 1], task: task_f2d_2x2_1_cosx1_plus_x2_depth2, step 3350/4227, train err 26.9436, cv err: 30.7156 test err 26.958')
('>', 'Opt:Adam, BN False, BN_trainable: False After3350/4227 iteration,Init: data_trunc_norm_kern')
S:  [None, <tf.Tensor 'Const_1:0' shape=(48,) dtype=float64>, <tf.Tensor 'Const_2:0' shape=(48,) dtype=float64>]
('>', 'Mdl*hbf2*-units[2, 48, 48, 1], task: task_f2d_2x2_1_cosx1_plus_x2_depth2, step 3400/4227, train err 27.606, cv err: 31.4586 test err 27.594')
('>', 'Opt:Adam, BN False, BN_trainable: False After3400/4227 iteration,Init: data_trunc_norm_kern')
S:  [None, <tf.Tensor 'Const_1:0' shape=(48,) dtype=float64>, <tf.Tensor 'Const_2:0' shape=(48,) dtype=float64>]
('>', 'Mdl*hbf2*-units[2, 48, 48, 1], task: task_f2d_2x2_1_cosx1_plus_x2_depth2, step 3450/4227, train err 28.7695, cv err: 32.804 test err 28.7406')
('>', 'Opt:Adam, BN False, BN_trainable: False After3450/4227 iteration,Init: data_trunc_norm_kern')
S:  [None, <tf.Tensor 'Const_1:0' shape=(48,) dtype=float64>, <tf.Tensor 'Const_2:0' shape=(48,) dtype=float64>]
('>', 'Mdl*hbf2*-units[2, 48, 48, 1], task: task_f2d_2x2_1_cosx1_plus_x2_depth2, step 3500/4227, train err 29.7672, cv err: 33.9454 test err 29.7094')
('>', 'Opt:Adam, BN False, BN_trainable: False After3500/4227 iteration,Init: data_trunc_norm_kern')
S:  [None, <tf.Tensor 'Const_1:0' shape=(48,) dtype=float64>, <tf.Tensor 'Const_2:0' shape=(48,) dtype=float64>]
('>', 'Mdl*hbf2*-units[2, 48, 48, 1], task: task_f2d_2x2_1_cosx1_plus_x2_depth2, step 3550/4227, train err 30.6527, cv err: 34.962 test err 30.5709')
('>', 'Opt:Adam, BN False, BN_trainable: False After3550/4227 iteration,Init: data_trunc_norm_kern')
S:  [None, <tf.Tensor 'Const_1:0' shape=(48,) dtype=float64>, <tf.Tensor 'Const_2:0' shape=(48,) dtype=float64>]
('>', 'Mdl*hbf2*-units[2, 48, 48, 1], task: task_f2d_2x2_1_cosx1_plus_x2_depth2, step 3600/4227, train err 31.729, cv err: 36.1886 test err 31.6212')
('>', 'Opt:Adam, BN False, BN_trainable: False After3600/4227 iteration,Init: data_trunc_norm_kern')
S:  [None, <tf.Tensor 'Const_1:0' shape=(48,) dtype=float64>, <tf.Tensor 'Const_2:0' shape=(48,) dtype=float64>]
('>', 'Mdl*hbf2*-units[2, 48, 48, 1], task: task_f2d_2x2_1_cosx1_plus_x2_depth2, step 3650/4227, train err 32.6597, cv err: 37.2648 test err 32.5352')
('>', 'Opt:Adam, BN False, BN_trainable: False After3650/4227 iteration,Init: data_trunc_norm_kern')
S:  [None, <tf.Tensor 'Const_1:0' shape=(48,) dtype=float64>, <tf.Tensor 'Const_2:0' shape=(48,) dtype=float64>]
('>', 'Mdl*hbf2*-units[2, 48, 48, 1], task: task_f2d_2x2_1_cosx1_plus_x2_depth2, step 3700/4227, train err 33.4151, cv err: 38.1232 test err 33.2654')
('>', 'Opt:Adam, BN False, BN_trainable: False After3700/4227 iteration,Init: data_trunc_norm_kern')
S:  [None, <tf.Tensor 'Const_1:0' shape=(48,) dtype=float64>, <tf.Tensor 'Const_2:0' shape=(48,) dtype=float64>]
('>', 'Mdl*hbf2*-units[2, 48, 48, 1], task: task_f2d_2x2_1_cosx1_plus_x2_depth2, step 3750/4227, train err 34.4596, cv err: 39.3231 test err 34.288')
('>', 'Opt:Adam, BN False, BN_trainable: False After3750/4227 iteration,Init: data_trunc_norm_kern')
S:  [None, <tf.Tensor 'Const_1:0' shape=(48,) dtype=float64>, <tf.Tensor 'Const_2:0' shape=(48,) dtype=float64>]
('>', 'Mdl*hbf2*-units[2, 48, 48, 1], task: task_f2d_2x2_1_cosx1_plus_x2_depth2, step 3800/4227, train err 35.4154, cv err: 40.417 test err 35.2246')
('>', 'Opt:Adam, BN False, BN_trainable: False After3800/4227 iteration,Init: data_trunc_norm_kern')
S:  [None, <tf.Tensor 'Const_1:0' shape=(48,) dtype=float64>, <tf.Tensor 'Const_2:0' shape=(48,) dtype=float64>]
('>', 'Mdl*hbf2*-units[2, 48, 48, 1], task: task_f2d_2x2_1_cosx1_plus_x2_depth2, step 3850/4227, train err 36.476, cv err: 41.6436 test err 36.269')
('>', 'Opt:Adam, BN False, BN_trainable: False After3850/4227 iteration,Init: data_trunc_norm_kern')
S:  [None, <tf.Tensor 'Const_1:0' shape=(48,) dtype=float64>, <tf.Tensor 'Const_2:0' shape=(48,) dtype=float64>]
('>', 'Mdl*hbf2*-units[2, 48, 48, 1], task: task_f2d_2x2_1_cosx1_plus_x2_depth2, step 3900/4227, train err 37.404, cv err: 42.7142 test err 37.1762')
('>', 'Opt:Adam, BN False, BN_trainable: False After3900/4227 iteration,Init: data_trunc_norm_kern')
S:  [None, <tf.Tensor 'Const_1:0' shape=(48,) dtype=float64>, <tf.Tensor 'Const_2:0' shape=(48,) dtype=float64>]
('>', 'Mdl*hbf2*-units[2, 48, 48, 1], task: task_f2d_2x2_1_cosx1_plus_x2_depth2, step 3950/4227, train err 38.1808, cv err: 43.6051 test err 37.9279')
('>', 'Opt:Adam, BN False, BN_trainable: False After3950/4227 iteration,Init: data_trunc_norm_kern')
S:  [None, <tf.Tensor 'Const_1:0' shape=(48,) dtype=float64>, <tf.Tensor 'Const_2:0' shape=(48,) dtype=float64>]
('>', 'Mdl*hbf2*-units[2, 48, 48, 1], task: task_f2d_2x2_1_cosx1_plus_x2_depth2, step 4000/4227, train err 39.0975, cv err: 44.6678 test err 38.8264')
('>', 'Opt:Adam, BN False, BN_trainable: False After4000/4227 iteration,Init: data_trunc_norm_kern')
S:  [None, <tf.Tensor 'Const_1:0' shape=(48,) dtype=float64>, <tf.Tensor 'Const_2:0' shape=(48,) dtype=float64>]
('>', 'Mdl*hbf2*-units[2, 48, 48, 1], task: task_f2d_2x2_1_cosx1_plus_x2_depth2, step 4050/4227, train err 40.1955, cv err: 45.9308 test err 39.9086')
('>', 'Opt:Adam, BN False, BN_trainable: False After4050/4227 iteration,Init: data_trunc_norm_kern')
S:  [None, <tf.Tensor 'Const_1:0' shape=(48,) dtype=float64>, <tf.Tensor 'Const_2:0' shape=(48,) dtype=float64>]
('>', 'Mdl*hbf2*-units[2, 48, 48, 1], task: task_f2d_2x2_1_cosx1_plus_x2_depth2, step 4100/4227, train err 40.8475, cv err: 46.7005 test err 40.5379')
('>', 'Opt:Adam, BN False, BN_trainable: False After4100/4227 iteration,Init: data_trunc_norm_kern')
S:  [None, <tf.Tensor 'Const_1:0' shape=(48,) dtype=float64>, <tf.Tensor 'Const_2:0' shape=(48,) dtype=float64>]
('>', 'Mdl*hbf2*-units[2, 48, 48, 1], task: task_f2d_2x2_1_cosx1_plus_x2_depth2, step 4150/4227, train err 41.7704, cv err: 47.7705 test err 41.4456')
('>', 'Opt:Adam, BN False, BN_trainable: False After4150/4227 iteration,Init: data_trunc_norm_kern')
S:  [None, <tf.Tensor 'Const_1:0' shape=(48,) dtype=float64>, <tf.Tensor 'Const_2:0' shape=(48,) dtype=float64>]
('>', 'Mdl*hbf2*-units[2, 48, 48, 1], task: task_f2d_2x2_1_cosx1_plus_x2_depth2, step 4200/4227, train err 42.6988, cv err: 48.8571 test err 42.3583')
('>', 'Opt:Adam, BN False, BN_trainable: False After4200/4227 iteration,Init: data_trunc_norm_kern')
S:  [None, <tf.Tensor 'Const_1:0' shape=(48,) dtype=float64>, <tf.Tensor 'Const_2:0' shape=(48,) dtype=float64>]
--- 1222.99719715 seconds ---
--- 20.3832866192 minutes ---
--- 0.339721443653 hours ---


