I tensorflow/stream_executor/dso_loader.cc:108] successfully opened CUDA library libcublas.so locally
I tensorflow/stream_executor/dso_loader.cc:102] Couldn't open CUDA library libcudnn.so. LD_LIBRARY_PATH: /cm/shared/openmind/cuda/7.5/lib64:/cm/shared/openmind/cuda/7.5/lib
I tensorflow/stream_executor/cuda/cuda_dnn.cc:2092] Unable to load cuDNN DSO
I tensorflow/stream_executor/dso_loader.cc:108] successfully opened CUDA library libcufft.so locally
I tensorflow/stream_executor/dso_loader.cc:108] successfully opened CUDA library libcuda.so locally
I tensorflow/stream_executor/dso_loader.cc:108] successfully opened CUDA library libcurand.so locally
E tensorflow/stream_executor/cuda/cuda_driver.cc:491] failed call to cuInit: CUDA_ERROR_NO_DEVICE
I tensorflow/stream_executor/cuda/cuda_diagnostics.cc:153] retrieving CUDA diagnostic information for host: node036
I tensorflow/stream_executor/cuda/cuda_diagnostics.cc:160] hostname: node036
I tensorflow/stream_executor/cuda/cuda_diagnostics.cc:185] libcuda reported version is: Not found: was unable to find libcuda.so DSO loaded into this program
I tensorflow/stream_executor/cuda/cuda_diagnostics.cc:347] driver version file contents: """NVRM version: NVIDIA UNIX x86_64 Kernel Module  352.63  Sat Nov  7 21:25:42 PST 2015
GCC version:  gcc version 4.8.3 20140911 (Red Hat 4.8.3-9) (GCC) 
"""
I tensorflow/stream_executor/cuda/cuda_diagnostics.cc:189] kernel reported version is: 352.63.0
I tensorflow/core/common_runtime/gpu/gpu_init.cc:81] No GPU devices available on machine.
print sys.argv = ['main_nn.py', '2915513', '195', 'om_2x2_1_cosx1_plus_x2_depth2', 'task_2_August_HBF2_depth_2_1000_dont_train_S', 'HBF2_6_6_multiple_1000', 'True', '6,6', 'multiple_S', 'task_f2d_2x2_1_cosx1_plus_x2_depth2', 'False', 'False', 'hbf', 'data_trunc_norm_kern', 'dont_normalize', 'dont_train_S']
len(sys.argv) = 16
print argv = ['main_nn.py', '2915513', '195', 'om_2x2_1_cosx1_plus_x2_depth2', 'task_2_August_HBF2_depth_2_1000_dont_train_S', 'HBF2_6_6_multiple_1000', 'True', '6,6', 'multiple_S', 'task_f2d_2x2_1_cosx1_plus_x2_depth2', 'False', 'False', 'hbf', 'data_trunc_norm_kern', 'dont_normalize', 'dont_train_S']
len(argv) = 16
---------> len(argv) 16
['main_nn.py', '2915513', '195', 'om_2x2_1_cosx1_plus_x2_depth2', 'task_2_August_HBF2_depth_2_1000_dont_train_S', 'HBF2_6_6_multiple_1000', 'True', '6,6', 'multiple_S', 'task_f2d_2x2_1_cosx1_plus_x2_depth2', 'False', 'False', 'hbf', 'data_trunc_norm_kern', 'dont_normalize', 'dont_train_S']
2.8
mdl_type:  hbf
['main_nn.py', '2915513', '195', 'om_2x2_1_cosx1_plus_x2_depth2', 'task_2_August_HBF2_depth_2_1000_dont_train_S', 'HBF2_6_6_multiple_1000', 'True', '6,6', 'multiple_S', 'task_f2d_2x2_1_cosx1_plus_x2_depth2', 'False', 'False', 'hbf', 'data_trunc_norm_kern', 'dont_normalize', 'dont_train_S']
use_tensorboard False
experiment_root_dir=om_2x2_1_cosx1_plus_x2_depth2,slurm_jobid=2915513,slurm_array_task_id=195,job_name=HBF2_6_6_multiple_1000
----====> TASK NAME: task_f2d_2x2_1_cosx1_plus_x2_depth2
---> task_name:  task_f2d_2x2_1_cosx1_plus_x2_depth2
(N_train,D) =  (60025, 2)
(N_test,D_out) =  (60025, 1)
CLUSTER:  OM7
++> S/b_init  [None, 0.4177551, 1.5607142422274691]
++++> M (batch size) : 17000
++> starter_learning_rate  0.000410404389662
++> decay_rate  0.8522701908
++> decay_steps  6554
++> staircase  True
-----> Running model: hbf. (nb_hidden_layers = 2, nb_layers = 3)
-----> Units: [2, 6, 6, 1])
train_S_type:  multiple_S
data_trunc_norm_kern
6.45658569984
DONE INITILIZING
[None, <tf.Tensor 'Const:0' shape=(2, 6) dtype=float64>, <tf.Tensor 'truncated_normal:0' shape=(6, 6) dtype=float64>]
isinstance
--> init_S:  Tensor("Const_1:0", shape=(6,), dtype=float64)
--> trainable_S:  False
isinstance
--> init_S:  Tensor("Const_2:0", shape=(6,), dtype=float64)
--> trainable_S:  False
('>', 'Mdl*hbf2*-units[2, 6, 6, 1], task: task_f2d_2x2_1_cosx1_plus_x2_depth2, step 0/3688, train err 6.71466, cv err: 6.67156 test err 6.6293')
('>', 'Opt:Adam, BN False, BN_trainable: False After0/3688 iteration,Init: data_trunc_norm_kern')
S:  [None, <tf.Tensor 'Const_1:0' shape=(6,) dtype=float64>, <tf.Tensor 'Const_2:0' shape=(6,) dtype=float64>]
('>', 'Mdl*hbf2*-units[2, 6, 6, 1], task: task_f2d_2x2_1_cosx1_plus_x2_depth2, step 50/3688, train err 6.43047, cv err: 6.36454 test err 6.34733')
('>', 'Opt:Adam, BN False, BN_trainable: False After50/3688 iteration,Init: data_trunc_norm_kern')
S:  [None, <tf.Tensor 'Const_1:0' shape=(6,) dtype=float64>, <tf.Tensor 'Const_2:0' shape=(6,) dtype=float64>]
('>', 'Mdl*hbf2*-units[2, 6, 6, 1], task: task_f2d_2x2_1_cosx1_plus_x2_depth2, step 100/3688, train err 6.25309, cv err: 6.17092 test err 6.17116')
('>', 'Opt:Adam, BN False, BN_trainable: False After100/3688 iteration,Init: data_trunc_norm_kern')
S:  [None, <tf.Tensor 'Const_1:0' shape=(6,) dtype=float64>, <tf.Tensor 'Const_2:0' shape=(6,) dtype=float64>]
('>', 'Mdl*hbf2*-units[2, 6, 6, 1], task: task_f2d_2x2_1_cosx1_plus_x2_depth2, step 150/3688, train err 6.24614, cv err: 6.16219 test err 6.16798')
('>', 'Opt:Adam, BN False, BN_trainable: False After150/3688 iteration,Init: data_trunc_norm_kern')
S:  [None, <tf.Tensor 'Const_1:0' shape=(6,) dtype=float64>, <tf.Tensor 'Const_2:0' shape=(6,) dtype=float64>]
('>', 'Mdl*hbf2*-units[2, 6, 6, 1], task: task_f2d_2x2_1_cosx1_plus_x2_depth2, step 200/3688, train err 6.32375, cv err: 6.24548 test err 6.25134')
('>', 'Opt:Adam, BN False, BN_trainable: False After200/3688 iteration,Init: data_trunc_norm_kern')
S:  [None, <tf.Tensor 'Const_1:0' shape=(6,) dtype=float64>, <tf.Tensor 'Const_2:0' shape=(6,) dtype=float64>]
('>', 'Mdl*hbf2*-units[2, 6, 6, 1], task: task_f2d_2x2_1_cosx1_plus_x2_depth2, step 250/3688, train err 6.36204, cv err: 6.28556 test err 6.29392')
('>', 'Opt:Adam, BN False, BN_trainable: False After250/3688 iteration,Init: data_trunc_norm_kern')
S:  [None, <tf.Tensor 'Const_1:0' shape=(6,) dtype=float64>, <tf.Tensor 'Const_2:0' shape=(6,) dtype=float64>]
('>', 'Mdl*hbf2*-units[2, 6, 6, 1], task: task_f2d_2x2_1_cosx1_plus_x2_depth2, step 300/3688, train err 6.39208, cv err: 6.31525 test err 6.32577')
('>', 'Opt:Adam, BN False, BN_trainable: False After300/3688 iteration,Init: data_trunc_norm_kern')
S:  [None, <tf.Tensor 'Const_1:0' shape=(6,) dtype=float64>, <tf.Tensor 'Const_2:0' shape=(6,) dtype=float64>]
('>', 'Mdl*hbf2*-units[2, 6, 6, 1], task: task_f2d_2x2_1_cosx1_plus_x2_depth2, step 350/3688, train err 6.43717, cv err: 6.36038 test err 6.37078')
('>', 'Opt:Adam, BN False, BN_trainable: False After350/3688 iteration,Init: data_trunc_norm_kern')
S:  [None, <tf.Tensor 'Const_1:0' shape=(6,) dtype=float64>, <tf.Tensor 'Const_2:0' shape=(6,) dtype=float64>]
('>', 'Mdl*hbf2*-units[2, 6, 6, 1], task: task_f2d_2x2_1_cosx1_plus_x2_depth2, step 400/3688, train err 6.44425, cv err: 6.36612 test err 6.37676')
('>', 'Opt:Adam, BN False, BN_trainable: False After400/3688 iteration,Init: data_trunc_norm_kern')
S:  [None, <tf.Tensor 'Const_1:0' shape=(6,) dtype=float64>, <tf.Tensor 'Const_2:0' shape=(6,) dtype=float64>]
('>', 'Mdl*hbf2*-units[2, 6, 6, 1], task: task_f2d_2x2_1_cosx1_plus_x2_depth2, step 450/3688, train err 6.44767, cv err: 6.36864 test err 6.37841')
('>', 'Opt:Adam, BN False, BN_trainable: False After450/3688 iteration,Init: data_trunc_norm_kern')
S:  [None, <tf.Tensor 'Const_1:0' shape=(6,) dtype=float64>, <tf.Tensor 'Const_2:0' shape=(6,) dtype=float64>]
('>', 'Mdl*hbf2*-units[2, 6, 6, 1], task: task_f2d_2x2_1_cosx1_plus_x2_depth2, step 500/3688, train err 6.46328, cv err: 6.38546 test err 6.39231')
('>', 'Opt:Adam, BN False, BN_trainable: False After500/3688 iteration,Init: data_trunc_norm_kern')
S:  [None, <tf.Tensor 'Const_1:0' shape=(6,) dtype=float64>, <tf.Tensor 'Const_2:0' shape=(6,) dtype=float64>]
('>', 'Mdl*hbf2*-units[2, 6, 6, 1], task: task_f2d_2x2_1_cosx1_plus_x2_depth2, step 550/3688, train err 6.42965, cv err: 6.3509 test err 6.35642')
('>', 'Opt:Adam, BN False, BN_trainable: False After550/3688 iteration,Init: data_trunc_norm_kern')
S:  [None, <tf.Tensor 'Const_1:0' shape=(6,) dtype=float64>, <tf.Tensor 'Const_2:0' shape=(6,) dtype=float64>]
('>', 'Mdl*hbf2*-units[2, 6, 6, 1], task: task_f2d_2x2_1_cosx1_plus_x2_depth2, step 600/3688, train err 6.41335, cv err: 6.33536 test err 6.33818')
('>', 'Opt:Adam, BN False, BN_trainable: False After600/3688 iteration,Init: data_trunc_norm_kern')
S:  [None, <tf.Tensor 'Const_1:0' shape=(6,) dtype=float64>, <tf.Tensor 'Const_2:0' shape=(6,) dtype=float64>]
('>', 'Mdl*hbf2*-units[2, 6, 6, 1], task: task_f2d_2x2_1_cosx1_plus_x2_depth2, step 650/3688, train err 6.41153, cv err: 6.33504 test err 6.33484')
('>', 'Opt:Adam, BN False, BN_trainable: False After650/3688 iteration,Init: data_trunc_norm_kern')
S:  [None, <tf.Tensor 'Const_1:0' shape=(6,) dtype=float64>, <tf.Tensor 'Const_2:0' shape=(6,) dtype=float64>]
('>', 'Mdl*hbf2*-units[2, 6, 6, 1], task: task_f2d_2x2_1_cosx1_plus_x2_depth2, step 700/3688, train err 6.42456, cv err: 6.35118 test err 6.34793')
('>', 'Opt:Adam, BN False, BN_trainable: False After700/3688 iteration,Init: data_trunc_norm_kern')
S:  [None, <tf.Tensor 'Const_1:0' shape=(6,) dtype=float64>, <tf.Tensor 'Const_2:0' shape=(6,) dtype=float64>]
('>', 'Mdl*hbf2*-units[2, 6, 6, 1], task: task_f2d_2x2_1_cosx1_plus_x2_depth2, step 750/3688, train err 6.41099, cv err: 6.33802 test err 6.33356')
('>', 'Opt:Adam, BN False, BN_trainable: False After750/3688 iteration,Init: data_trunc_norm_kern')
S:  [None, <tf.Tensor 'Const_1:0' shape=(6,) dtype=float64>, <tf.Tensor 'Const_2:0' shape=(6,) dtype=float64>]
('>', 'Mdl*hbf2*-units[2, 6, 6, 1], task: task_f2d_2x2_1_cosx1_plus_x2_depth2, step 800/3688, train err 6.42354, cv err: 6.35327 test err 6.34649')
('>', 'Opt:Adam, BN False, BN_trainable: False After800/3688 iteration,Init: data_trunc_norm_kern')
S:  [None, <tf.Tensor 'Const_1:0' shape=(6,) dtype=float64>, <tf.Tensor 'Const_2:0' shape=(6,) dtype=float64>]
('>', 'Mdl*hbf2*-units[2, 6, 6, 1], task: task_f2d_2x2_1_cosx1_plus_x2_depth2, step 850/3688, train err 6.42855, cv err: 6.36035 test err 6.35197')
('>', 'Opt:Adam, BN False, BN_trainable: False After850/3688 iteration,Init: data_trunc_norm_kern')
S:  [None, <tf.Tensor 'Const_1:0' shape=(6,) dtype=float64>, <tf.Tensor 'Const_2:0' shape=(6,) dtype=float64>]
('>', 'Mdl*hbf2*-units[2, 6, 6, 1], task: task_f2d_2x2_1_cosx1_plus_x2_depth2, step 900/3688, train err 6.45119, cv err: 6.38667 test err 6.37644')
('>', 'Opt:Adam, BN False, BN_trainable: False After900/3688 iteration,Init: data_trunc_norm_kern')
S:  [None, <tf.Tensor 'Const_1:0' shape=(6,) dtype=float64>, <tf.Tensor 'Const_2:0' shape=(6,) dtype=float64>]
('>', 'Mdl*hbf2*-units[2, 6, 6, 1], task: task_f2d_2x2_1_cosx1_plus_x2_depth2, step 950/3688, train err 6.44501, cv err: 6.38107 test err 6.37081')
('>', 'Opt:Adam, BN False, BN_trainable: False After950/3688 iteration,Init: data_trunc_norm_kern')
S:  [None, <tf.Tensor 'Const_1:0' shape=(6,) dtype=float64>, <tf.Tensor 'Const_2:0' shape=(6,) dtype=float64>]
('>', 'Mdl*hbf2*-units[2, 6, 6, 1], task: task_f2d_2x2_1_cosx1_plus_x2_depth2, step 1000/3688, train err 6.4558, cv err: 6.39458 test err 6.38352')
('>', 'Opt:Adam, BN False, BN_trainable: False After1000/3688 iteration,Init: data_trunc_norm_kern')
S:  [None, <tf.Tensor 'Const_1:0' shape=(6,) dtype=float64>, <tf.Tensor 'Const_2:0' shape=(6,) dtype=float64>]
('>', 'Mdl*hbf2*-units[2, 6, 6, 1], task: task_f2d_2x2_1_cosx1_plus_x2_depth2, step 1050/3688, train err 6.46063, cv err: 6.40171 test err 6.39027')
('>', 'Opt:Adam, BN False, BN_trainable: False After1050/3688 iteration,Init: data_trunc_norm_kern')
S:  [None, <tf.Tensor 'Const_1:0' shape=(6,) dtype=float64>, <tf.Tensor 'Const_2:0' shape=(6,) dtype=float64>]
('>', 'Mdl*hbf2*-units[2, 6, 6, 1], task: task_f2d_2x2_1_cosx1_plus_x2_depth2, step 1100/3688, train err 6.46567, cv err: 6.4087 test err 6.39752')
('>', 'Opt:Adam, BN False, BN_trainable: False After1100/3688 iteration,Init: data_trunc_norm_kern')
S:  [None, <tf.Tensor 'Const_1:0' shape=(6,) dtype=float64>, <tf.Tensor 'Const_2:0' shape=(6,) dtype=float64>]
('>', 'Mdl*hbf2*-units[2, 6, 6, 1], task: task_f2d_2x2_1_cosx1_plus_x2_depth2, step 1150/3688, train err 6.48477, cv err: 6.43086 test err 6.41952')
('>', 'Opt:Adam, BN False, BN_trainable: False After1150/3688 iteration,Init: data_trunc_norm_kern')
S:  [None, <tf.Tensor 'Const_1:0' shape=(6,) dtype=float64>, <tf.Tensor 'Const_2:0' shape=(6,) dtype=float64>]
('>', 'Mdl*hbf2*-units[2, 6, 6, 1], task: task_f2d_2x2_1_cosx1_plus_x2_depth2, step 1200/3688, train err 6.49512, cv err: 6.44272 test err 6.43226')
('>', 'Opt:Adam, BN False, BN_trainable: False After1200/3688 iteration,Init: data_trunc_norm_kern')
S:  [None, <tf.Tensor 'Const_1:0' shape=(6,) dtype=float64>, <tf.Tensor 'Const_2:0' shape=(6,) dtype=float64>]
('>', 'Mdl*hbf2*-units[2, 6, 6, 1], task: task_f2d_2x2_1_cosx1_plus_x2_depth2, step 1250/3688, train err 6.49117, cv err: 6.43974 test err 6.43071')
('>', 'Opt:Adam, BN False, BN_trainable: False After1250/3688 iteration,Init: data_trunc_norm_kern')
S:  [None, <tf.Tensor 'Const_1:0' shape=(6,) dtype=float64>, <tf.Tensor 'Const_2:0' shape=(6,) dtype=float64>]
('>', 'Mdl*hbf2*-units[2, 6, 6, 1], task: task_f2d_2x2_1_cosx1_plus_x2_depth2, step 1300/3688, train err 6.50764, cv err: 6.45858 test err 6.44987')
('>', 'Opt:Adam, BN False, BN_trainable: False After1300/3688 iteration,Init: data_trunc_norm_kern')
S:  [None, <tf.Tensor 'Const_1:0' shape=(6,) dtype=float64>, <tf.Tensor 'Const_2:0' shape=(6,) dtype=float64>]
('>', 'Mdl*hbf2*-units[2, 6, 6, 1], task: task_f2d_2x2_1_cosx1_plus_x2_depth2, step 1350/3688, train err 6.53081, cv err: 6.4846 test err 6.47571')
('>', 'Opt:Adam, BN False, BN_trainable: False After1350/3688 iteration,Init: data_trunc_norm_kern')
S:  [None, <tf.Tensor 'Const_1:0' shape=(6,) dtype=float64>, <tf.Tensor 'Const_2:0' shape=(6,) dtype=float64>]
('>', 'Mdl*hbf2*-units[2, 6, 6, 1], task: task_f2d_2x2_1_cosx1_plus_x2_depth2, step 1400/3688, train err 6.51434, cv err: 6.46756 test err 6.4606')
('>', 'Opt:Adam, BN False, BN_trainable: False After1400/3688 iteration,Init: data_trunc_norm_kern')
S:  [None, <tf.Tensor 'Const_1:0' shape=(6,) dtype=float64>, <tf.Tensor 'Const_2:0' shape=(6,) dtype=float64>]
('>', 'Mdl*hbf2*-units[2, 6, 6, 1], task: task_f2d_2x2_1_cosx1_plus_x2_depth2, step 1450/3688, train err 6.54151, cv err: 6.49753 test err 6.48926')
('>', 'Opt:Adam, BN False, BN_trainable: False After1450/3688 iteration,Init: data_trunc_norm_kern')
S:  [None, <tf.Tensor 'Const_1:0' shape=(6,) dtype=float64>, <tf.Tensor 'Const_2:0' shape=(6,) dtype=float64>]
('>', 'Mdl*hbf2*-units[2, 6, 6, 1], task: task_f2d_2x2_1_cosx1_plus_x2_depth2, step 1500/3688, train err 6.54041, cv err: 6.4977 test err 6.4886')
('>', 'Opt:Adam, BN False, BN_trainable: False After1500/3688 iteration,Init: data_trunc_norm_kern')
S:  [None, <tf.Tensor 'Const_1:0' shape=(6,) dtype=float64>, <tf.Tensor 'Const_2:0' shape=(6,) dtype=float64>]
('>', 'Mdl*hbf2*-units[2, 6, 6, 1], task: task_f2d_2x2_1_cosx1_plus_x2_depth2, step 1550/3688, train err 6.56125, cv err: 6.52205 test err 6.50893')
('>', 'Opt:Adam, BN False, BN_trainable: False After1550/3688 iteration,Init: data_trunc_norm_kern')
S:  [None, <tf.Tensor 'Const_1:0' shape=(6,) dtype=float64>, <tf.Tensor 'Const_2:0' shape=(6,) dtype=float64>]
('>', 'Mdl*hbf2*-units[2, 6, 6, 1], task: task_f2d_2x2_1_cosx1_plus_x2_depth2, step 1600/3688, train err 6.5679, cv err: 6.53171 test err 6.51398')
('>', 'Opt:Adam, BN False, BN_trainable: False After1600/3688 iteration,Init: data_trunc_norm_kern')
S:  [None, <tf.Tensor 'Const_1:0' shape=(6,) dtype=float64>, <tf.Tensor 'Const_2:0' shape=(6,) dtype=float64>]
('>', 'Mdl*hbf2*-units[2, 6, 6, 1], task: task_f2d_2x2_1_cosx1_plus_x2_depth2, step 1650/3688, train err 6.56881, cv err: 6.53601 test err 6.51231')
('>', 'Opt:Adam, BN False, BN_trainable: False After1650/3688 iteration,Init: data_trunc_norm_kern')
S:  [None, <tf.Tensor 'Const_1:0' shape=(6,) dtype=float64>, <tf.Tensor 'Const_2:0' shape=(6,) dtype=float64>]
('>', 'Mdl*hbf2*-units[2, 6, 6, 1], task: task_f2d_2x2_1_cosx1_plus_x2_depth2, step 1700/3688, train err 6.60772, cv err: 6.58167 test err 6.54924')
('>', 'Opt:Adam, BN False, BN_trainable: False After1700/3688 iteration,Init: data_trunc_norm_kern')
S:  [None, <tf.Tensor 'Const_1:0' shape=(6,) dtype=float64>, <tf.Tensor 'Const_2:0' shape=(6,) dtype=float64>]
('>', 'Mdl*hbf2*-units[2, 6, 6, 1], task: task_f2d_2x2_1_cosx1_plus_x2_depth2, step 1750/3688, train err 6.60537, cv err: 6.58347 test err 6.54428')
('>', 'Opt:Adam, BN False, BN_trainable: False After1750/3688 iteration,Init: data_trunc_norm_kern')
S:  [None, <tf.Tensor 'Const_1:0' shape=(6,) dtype=float64>, <tf.Tensor 'Const_2:0' shape=(6,) dtype=float64>]
('>', 'Mdl*hbf2*-units[2, 6, 6, 1], task: task_f2d_2x2_1_cosx1_plus_x2_depth2, step 1800/3688, train err 6.59966, cv err: 6.58161 test err 6.53683')
('>', 'Opt:Adam, BN False, BN_trainable: False After1800/3688 iteration,Init: data_trunc_norm_kern')
S:  [None, <tf.Tensor 'Const_1:0' shape=(6,) dtype=float64>, <tf.Tensor 'Const_2:0' shape=(6,) dtype=float64>]
('>', 'Mdl*hbf2*-units[2, 6, 6, 1], task: task_f2d_2x2_1_cosx1_plus_x2_depth2, step 1850/3688, train err 6.63554, cv err: 6.62391 test err 6.57299')
('>', 'Opt:Adam, BN False, BN_trainable: False After1850/3688 iteration,Init: data_trunc_norm_kern')
S:  [None, <tf.Tensor 'Const_1:0' shape=(6,) dtype=float64>, <tf.Tensor 'Const_2:0' shape=(6,) dtype=float64>]
('>', 'Mdl*hbf2*-units[2, 6, 6, 1], task: task_f2d_2x2_1_cosx1_plus_x2_depth2, step 1900/3688, train err 6.62494, cv err: 6.61556 test err 6.56196')
('>', 'Opt:Adam, BN False, BN_trainable: False After1900/3688 iteration,Init: data_trunc_norm_kern')
S:  [None, <tf.Tensor 'Const_1:0' shape=(6,) dtype=float64>, <tf.Tensor 'Const_2:0' shape=(6,) dtype=float64>]
('>', 'Mdl*hbf2*-units[2, 6, 6, 1], task: task_f2d_2x2_1_cosx1_plus_x2_depth2, step 1950/3688, train err 6.65467, cv err: 6.65074 test err 6.59193')
('>', 'Opt:Adam, BN False, BN_trainable: False After1950/3688 iteration,Init: data_trunc_norm_kern')
S:  [None, <tf.Tensor 'Const_1:0' shape=(6,) dtype=float64>, <tf.Tensor 'Const_2:0' shape=(6,) dtype=float64>]
('>', 'Mdl*hbf2*-units[2, 6, 6, 1], task: task_f2d_2x2_1_cosx1_plus_x2_depth2, step 2000/3688, train err 6.65923, cv err: 6.65766 test err 6.59599')
('>', 'Opt:Adam, BN False, BN_trainable: False After2000/3688 iteration,Init: data_trunc_norm_kern')
S:  [None, <tf.Tensor 'Const_1:0' shape=(6,) dtype=float64>, <tf.Tensor 'Const_2:0' shape=(6,) dtype=float64>]
('>', 'Mdl*hbf2*-units[2, 6, 6, 1], task: task_f2d_2x2_1_cosx1_plus_x2_depth2, step 2050/3688, train err 6.67216, cv err: 6.67397 test err 6.6092')
('>', 'Opt:Adam, BN False, BN_trainable: False After2050/3688 iteration,Init: data_trunc_norm_kern')
S:  [None, <tf.Tensor 'Const_1:0' shape=(6,) dtype=float64>, <tf.Tensor 'Const_2:0' shape=(6,) dtype=float64>]
('>', 'Mdl*hbf2*-units[2, 6, 6, 1], task: task_f2d_2x2_1_cosx1_plus_x2_depth2, step 2100/3688, train err 6.70001, cv err: 6.70567 test err 6.63739')
('>', 'Opt:Adam, BN False, BN_trainable: False After2100/3688 iteration,Init: data_trunc_norm_kern')
S:  [None, <tf.Tensor 'Const_1:0' shape=(6,) dtype=float64>, <tf.Tensor 'Const_2:0' shape=(6,) dtype=float64>]
('>', 'Mdl*hbf2*-units[2, 6, 6, 1], task: task_f2d_2x2_1_cosx1_plus_x2_depth2, step 2150/3688, train err 6.70364, cv err: 6.71106 test err 6.64128')
('>', 'Opt:Adam, BN False, BN_trainable: False After2150/3688 iteration,Init: data_trunc_norm_kern')
S:  [None, <tf.Tensor 'Const_1:0' shape=(6,) dtype=float64>, <tf.Tensor 'Const_2:0' shape=(6,) dtype=float64>]
('>', 'Mdl*hbf2*-units[2, 6, 6, 1], task: task_f2d_2x2_1_cosx1_plus_x2_depth2, step 2200/3688, train err 6.7174, cv err: 6.72761 test err 6.65538')
('>', 'Opt:Adam, BN False, BN_trainable: False After2200/3688 iteration,Init: data_trunc_norm_kern')
S:  [None, <tf.Tensor 'Const_1:0' shape=(6,) dtype=float64>, <tf.Tensor 'Const_2:0' shape=(6,) dtype=float64>]
('>', 'Mdl*hbf2*-units[2, 6, 6, 1], task: task_f2d_2x2_1_cosx1_plus_x2_depth2, step 2250/3688, train err 6.72258, cv err: 6.73444 test err 6.6609')
('>', 'Opt:Adam, BN False, BN_trainable: False After2250/3688 iteration,Init: data_trunc_norm_kern')
S:  [None, <tf.Tensor 'Const_1:0' shape=(6,) dtype=float64>, <tf.Tensor 'Const_2:0' shape=(6,) dtype=float64>]
('>', 'Mdl*hbf2*-units[2, 6, 6, 1], task: task_f2d_2x2_1_cosx1_plus_x2_depth2, step 2300/3688, train err 6.71909, cv err: 6.73183 test err 6.65742')
('>', 'Opt:Adam, BN False, BN_trainable: False After2300/3688 iteration,Init: data_trunc_norm_kern')
S:  [None, <tf.Tensor 'Const_1:0' shape=(6,) dtype=float64>, <tf.Tensor 'Const_2:0' shape=(6,) dtype=float64>]
('>', 'Mdl*hbf2*-units[2, 6, 6, 1], task: task_f2d_2x2_1_cosx1_plus_x2_depth2, step 2350/3688, train err 6.74002, cv err: 6.7557 test err 6.67954')
('>', 'Opt:Adam, BN False, BN_trainable: False After2350/3688 iteration,Init: data_trunc_norm_kern')
S:  [None, <tf.Tensor 'Const_1:0' shape=(6,) dtype=float64>, <tf.Tensor 'Const_2:0' shape=(6,) dtype=float64>]
('>', 'Mdl*hbf2*-units[2, 6, 6, 1], task: task_f2d_2x2_1_cosx1_plus_x2_depth2, step 2400/3688, train err 6.76038, cv err: 6.77998 test err 6.70167')
('>', 'Opt:Adam, BN False, BN_trainable: False After2400/3688 iteration,Init: data_trunc_norm_kern')
S:  [None, <tf.Tensor 'Const_1:0' shape=(6,) dtype=float64>, <tf.Tensor 'Const_2:0' shape=(6,) dtype=float64>]
('>', 'Mdl*hbf2*-units[2, 6, 6, 1], task: task_f2d_2x2_1_cosx1_plus_x2_depth2, step 2450/3688, train err 6.77147, cv err: 6.79413 test err 6.7139')
('>', 'Opt:Adam, BN False, BN_trainable: False After2450/3688 iteration,Init: data_trunc_norm_kern')
S:  [None, <tf.Tensor 'Const_1:0' shape=(6,) dtype=float64>, <tf.Tensor 'Const_2:0' shape=(6,) dtype=float64>]
('>', 'Mdl*hbf2*-units[2, 6, 6, 1], task: task_f2d_2x2_1_cosx1_plus_x2_depth2, step 2500/3688, train err 6.75148, cv err: 6.77433 test err 6.69483')
('>', 'Opt:Adam, BN False, BN_trainable: False After2500/3688 iteration,Init: data_trunc_norm_kern')
S:  [None, <tf.Tensor 'Const_1:0' shape=(6,) dtype=float64>, <tf.Tensor 'Const_2:0' shape=(6,) dtype=float64>]
('>', 'Mdl*hbf2*-units[2, 6, 6, 1], task: task_f2d_2x2_1_cosx1_plus_x2_depth2, step 2550/3688, train err 6.78386, cv err: 6.81257 test err 6.72946')
('>', 'Opt:Adam, BN False, BN_trainable: False After2550/3688 iteration,Init: data_trunc_norm_kern')
S:  [None, <tf.Tensor 'Const_1:0' shape=(6,) dtype=float64>, <tf.Tensor 'Const_2:0' shape=(6,) dtype=float64>]
('>', 'Mdl*hbf2*-units[2, 6, 6, 1], task: task_f2d_2x2_1_cosx1_plus_x2_depth2, step 2600/3688, train err 6.78888, cv err: 6.82058 test err 6.73581')
('>', 'Opt:Adam, BN False, BN_trainable: False After2600/3688 iteration,Init: data_trunc_norm_kern')
S:  [None, <tf.Tensor 'Const_1:0' shape=(6,) dtype=float64>, <tf.Tensor 'Const_2:0' shape=(6,) dtype=float64>]
('>', 'Mdl*hbf2*-units[2, 6, 6, 1], task: task_f2d_2x2_1_cosx1_plus_x2_depth2, step 2650/3688, train err 6.7763, cv err: 6.81021 test err 6.72488')
('>', 'Opt:Adam, BN False, BN_trainable: False After2650/3688 iteration,Init: data_trunc_norm_kern')
S:  [None, <tf.Tensor 'Const_1:0' shape=(6,) dtype=float64>, <tf.Tensor 'Const_2:0' shape=(6,) dtype=float64>]
('>', 'Mdl*hbf2*-units[2, 6, 6, 1], task: task_f2d_2x2_1_cosx1_plus_x2_depth2, step 2700/3688, train err 6.7936, cv err: 6.83148 test err 6.74354')
('>', 'Opt:Adam, BN False, BN_trainable: False After2700/3688 iteration,Init: data_trunc_norm_kern')
S:  [None, <tf.Tensor 'Const_1:0' shape=(6,) dtype=float64>, <tf.Tensor 'Const_2:0' shape=(6,) dtype=float64>]
('>', 'Mdl*hbf2*-units[2, 6, 6, 1], task: task_f2d_2x2_1_cosx1_plus_x2_depth2, step 2750/3688, train err 6.78975, cv err: 6.83083 test err 6.7412')
('>', 'Opt:Adam, BN False, BN_trainable: False After2750/3688 iteration,Init: data_trunc_norm_kern')
S:  [None, <tf.Tensor 'Const_1:0' shape=(6,) dtype=float64>, <tf.Tensor 'Const_2:0' shape=(6,) dtype=float64>]
('>', 'Mdl*hbf2*-units[2, 6, 6, 1], task: task_f2d_2x2_1_cosx1_plus_x2_depth2, step 2800/3688, train err 6.79827, cv err: 6.84289 test err 6.75098')
('>', 'Opt:Adam, BN False, BN_trainable: False After2800/3688 iteration,Init: data_trunc_norm_kern')
S:  [None, <tf.Tensor 'Const_1:0' shape=(6,) dtype=float64>, <tf.Tensor 'Const_2:0' shape=(6,) dtype=float64>]
('>', 'Mdl*hbf2*-units[2, 6, 6, 1], task: task_f2d_2x2_1_cosx1_plus_x2_depth2, step 2850/3688, train err 6.8187, cv err: 6.86801 test err 6.77183')
('>', 'Opt:Adam, BN False, BN_trainable: False After2850/3688 iteration,Init: data_trunc_norm_kern')
S:  [None, <tf.Tensor 'Const_1:0' shape=(6,) dtype=float64>, <tf.Tensor 'Const_2:0' shape=(6,) dtype=float64>]
('>', 'Mdl*hbf2*-units[2, 6, 6, 1], task: task_f2d_2x2_1_cosx1_plus_x2_depth2, step 2900/3688, train err 6.82674, cv err: 6.87997 test err 6.78019')
('>', 'Opt:Adam, BN False, BN_trainable: False After2900/3688 iteration,Init: data_trunc_norm_kern')
S:  [None, <tf.Tensor 'Const_1:0' shape=(6,) dtype=float64>, <tf.Tensor 'Const_2:0' shape=(6,) dtype=float64>]
('>', 'Mdl*hbf2*-units[2, 6, 6, 1], task: task_f2d_2x2_1_cosx1_plus_x2_depth2, step 2950/3688, train err 6.84648, cv err: 6.90415 test err 6.79976')
('>', 'Opt:Adam, BN False, BN_trainable: False After2950/3688 iteration,Init: data_trunc_norm_kern')
S:  [None, <tf.Tensor 'Const_1:0' shape=(6,) dtype=float64>, <tf.Tensor 'Const_2:0' shape=(6,) dtype=float64>]
('>', 'Mdl*hbf2*-units[2, 6, 6, 1], task: task_f2d_2x2_1_cosx1_plus_x2_depth2, step 3000/3688, train err 6.87067, cv err: 6.93268 test err 6.82279')
('>', 'Opt:Adam, BN False, BN_trainable: False After3000/3688 iteration,Init: data_trunc_norm_kern')
S:  [None, <tf.Tensor 'Const_1:0' shape=(6,) dtype=float64>, <tf.Tensor 'Const_2:0' shape=(6,) dtype=float64>]
('>', 'Mdl*hbf2*-units[2, 6, 6, 1], task: task_f2d_2x2_1_cosx1_plus_x2_depth2, step 3050/3688, train err 6.90061, cv err: 6.96734 test err 6.85106')
('>', 'Opt:Adam, BN False, BN_trainable: False After3050/3688 iteration,Init: data_trunc_norm_kern')
S:  [None, <tf.Tensor 'Const_1:0' shape=(6,) dtype=float64>, <tf.Tensor 'Const_2:0' shape=(6,) dtype=float64>]
('>', 'Mdl*hbf2*-units[2, 6, 6, 1], task: task_f2d_2x2_1_cosx1_plus_x2_depth2, step 3100/3688, train err 6.92707, cv err: 6.9974 test err 6.8754')
('>', 'Opt:Adam, BN False, BN_trainable: False After3100/3688 iteration,Init: data_trunc_norm_kern')
S:  [None, <tf.Tensor 'Const_1:0' shape=(6,) dtype=float64>, <tf.Tensor 'Const_2:0' shape=(6,) dtype=float64>]
('>', 'Mdl*hbf2*-units[2, 6, 6, 1], task: task_f2d_2x2_1_cosx1_plus_x2_depth2, step 3150/3688, train err 6.94027, cv err: 7.01256 test err 6.88544')
('>', 'Opt:Adam, BN False, BN_trainable: False After3150/3688 iteration,Init: data_trunc_norm_kern')
S:  [None, <tf.Tensor 'Const_1:0' shape=(6,) dtype=float64>, <tf.Tensor 'Const_2:0' shape=(6,) dtype=float64>]
('>', 'Mdl*hbf2*-units[2, 6, 6, 1], task: task_f2d_2x2_1_cosx1_plus_x2_depth2, step 3200/3688, train err 7.00675, cv err: 7.0861 test err 6.94914')
('>', 'Opt:Adam, BN False, BN_trainable: False After3200/3688 iteration,Init: data_trunc_norm_kern')
S:  [None, <tf.Tensor 'Const_1:0' shape=(6,) dtype=float64>, <tf.Tensor 'Const_2:0' shape=(6,) dtype=float64>]
('>', 'Mdl*hbf2*-units[2, 6, 6, 1], task: task_f2d_2x2_1_cosx1_plus_x2_depth2, step 3250/3688, train err 7.03556, cv err: 7.11755 test err 6.97449')
('>', 'Opt:Adam, BN False, BN_trainable: False After3250/3688 iteration,Init: data_trunc_norm_kern')
S:  [None, <tf.Tensor 'Const_1:0' shape=(6,) dtype=float64>, <tf.Tensor 'Const_2:0' shape=(6,) dtype=float64>]
('>', 'Mdl*hbf2*-units[2, 6, 6, 1], task: task_f2d_2x2_1_cosx1_plus_x2_depth2, step 3300/3688, train err 7.07139, cv err: 7.15753 test err 7.0072')
('>', 'Opt:Adam, BN False, BN_trainable: False After3300/3688 iteration,Init: data_trunc_norm_kern')
S:  [None, <tf.Tensor 'Const_1:0' shape=(6,) dtype=float64>, <tf.Tensor 'Const_2:0' shape=(6,) dtype=float64>]
('>', 'Mdl*hbf2*-units[2, 6, 6, 1], task: task_f2d_2x2_1_cosx1_plus_x2_depth2, step 3350/3688, train err 7.09892, cv err: 7.18899 test err 7.03096')
('>', 'Opt:Adam, BN False, BN_trainable: False After3350/3688 iteration,Init: data_trunc_norm_kern')
S:  [None, <tf.Tensor 'Const_1:0' shape=(6,) dtype=float64>, <tf.Tensor 'Const_2:0' shape=(6,) dtype=float64>]
('>', 'Mdl*hbf2*-units[2, 6, 6, 1], task: task_f2d_2x2_1_cosx1_plus_x2_depth2, step 3400/3688, train err 7.16777, cv err: 7.26722 test err 7.09795')
('>', 'Opt:Adam, BN False, BN_trainable: False After3400/3688 iteration,Init: data_trunc_norm_kern')
S:  [None, <tf.Tensor 'Const_1:0' shape=(6,) dtype=float64>, <tf.Tensor 'Const_2:0' shape=(6,) dtype=float64>]
('>', 'Mdl*hbf2*-units[2, 6, 6, 1], task: task_f2d_2x2_1_cosx1_plus_x2_depth2, step 3450/3688, train err 7.22201, cv err: 7.32706 test err 7.14864')
('>', 'Opt:Adam, BN False, BN_trainable: False After3450/3688 iteration,Init: data_trunc_norm_kern')
S:  [None, <tf.Tensor 'Const_1:0' shape=(6,) dtype=float64>, <tf.Tensor 'Const_2:0' shape=(6,) dtype=float64>]
('>', 'Mdl*hbf2*-units[2, 6, 6, 1], task: task_f2d_2x2_1_cosx1_plus_x2_depth2, step 3500/3688, train err 7.29556, cv err: 7.40915 test err 7.21946')
('>', 'Opt:Adam, BN False, BN_trainable: False After3500/3688 iteration,Init: data_trunc_norm_kern')
S:  [None, <tf.Tensor 'Const_1:0' shape=(6,) dtype=float64>, <tf.Tensor 'Const_2:0' shape=(6,) dtype=float64>]
('>', 'Mdl*hbf2*-units[2, 6, 6, 1], task: task_f2d_2x2_1_cosx1_plus_x2_depth2, step 3550/3688, train err 7.37658, cv err: 7.49845 test err 7.29796')
('>', 'Opt:Adam, BN False, BN_trainable: False After3550/3688 iteration,Init: data_trunc_norm_kern')
S:  [None, <tf.Tensor 'Const_1:0' shape=(6,) dtype=float64>, <tf.Tensor 'Const_2:0' shape=(6,) dtype=float64>]
('>', 'Mdl*hbf2*-units[2, 6, 6, 1], task: task_f2d_2x2_1_cosx1_plus_x2_depth2, step 3600/3688, train err 7.48491, cv err: 7.61877 test err 7.40546')
('>', 'Opt:Adam, BN False, BN_trainable: False After3600/3688 iteration,Init: data_trunc_norm_kern')
S:  [None, <tf.Tensor 'Const_1:0' shape=(6,) dtype=float64>, <tf.Tensor 'Const_2:0' shape=(6,) dtype=float64>]
('>', 'Mdl*hbf2*-units[2, 6, 6, 1], task: task_f2d_2x2_1_cosx1_plus_x2_depth2, step 3650/3688, train err 7.57034, cv err: 7.71071 test err 7.4868')
('>', 'Opt:Adam, BN False, BN_trainable: False After3650/3688 iteration,Init: data_trunc_norm_kern')
S:  [None, <tf.Tensor 'Const_1:0' shape=(6,) dtype=float64>, <tf.Tensor 'Const_2:0' shape=(6,) dtype=float64>]
--- 149.009474039 seconds ---
--- 2.48349123398 minutes ---
--- 0.0413915205664 hours ---


