I tensorflow/stream_executor/dso_loader.cc:108] successfully opened CUDA library libcublas.so locally
I tensorflow/stream_executor/dso_loader.cc:102] Couldn't open CUDA library libcudnn.so. LD_LIBRARY_PATH: /cm/shared/openmind/cuda/7.5/lib64:/cm/shared/openmind/cuda/7.5/lib
I tensorflow/stream_executor/cuda/cuda_dnn.cc:2092] Unable to load cuDNN DSO
I tensorflow/stream_executor/dso_loader.cc:108] successfully opened CUDA library libcufft.so locally
I tensorflow/stream_executor/dso_loader.cc:108] successfully opened CUDA library libcuda.so locally
I tensorflow/stream_executor/dso_loader.cc:108] successfully opened CUDA library libcurand.so locally
E tensorflow/stream_executor/cuda/cuda_driver.cc:491] failed call to cuInit: CUDA_ERROR_NO_DEVICE
I tensorflow/stream_executor/cuda/cuda_diagnostics.cc:153] retrieving CUDA diagnostic information for host: node037
I tensorflow/stream_executor/cuda/cuda_diagnostics.cc:160] hostname: node037
I tensorflow/stream_executor/cuda/cuda_diagnostics.cc:185] libcuda reported version is: Not found: was unable to find libcuda.so DSO loaded into this program
I tensorflow/stream_executor/cuda/cuda_diagnostics.cc:347] driver version file contents: """NVRM version: NVIDIA UNIX x86_64 Kernel Module  352.63  Sat Nov  7 21:25:42 PST 2015
GCC version:  gcc version 4.8.3 20140911 (Red Hat 4.8.3-9) (GCC) 
"""
I tensorflow/stream_executor/cuda/cuda_diagnostics.cc:189] kernel reported version is: 352.63.0
I tensorflow/core/common_runtime/gpu/gpu_init.cc:81] No GPU devices available on machine.
print sys.argv = ['main_nn.py', '2915476', '158', 'om_2x2_1_cosx1_plus_x2_depth2', 'task_2_August_HBF2_depth_2_1000_dont_train_S', 'HBF2_6_6_multiple_1000', 'True', '6,6', 'multiple_S', 'task_f2d_2x2_1_cosx1_plus_x2_depth2', 'False', 'False', 'hbf', 'data_trunc_norm_kern', 'dont_normalize', 'dont_train_S']
len(sys.argv) = 16
print argv = ['main_nn.py', '2915476', '158', 'om_2x2_1_cosx1_plus_x2_depth2', 'task_2_August_HBF2_depth_2_1000_dont_train_S', 'HBF2_6_6_multiple_1000', 'True', '6,6', 'multiple_S', 'task_f2d_2x2_1_cosx1_plus_x2_depth2', 'False', 'False', 'hbf', 'data_trunc_norm_kern', 'dont_normalize', 'dont_train_S']
len(argv) = 16
---------> len(argv) 16
['main_nn.py', '2915476', '158', 'om_2x2_1_cosx1_plus_x2_depth2', 'task_2_August_HBF2_depth_2_1000_dont_train_S', 'HBF2_6_6_multiple_1000', 'True', '6,6', 'multiple_S', 'task_f2d_2x2_1_cosx1_plus_x2_depth2', 'False', 'False', 'hbf', 'data_trunc_norm_kern', 'dont_normalize', 'dont_train_S']
2.8
mdl_type:  hbf
['main_nn.py', '2915476', '158', 'om_2x2_1_cosx1_plus_x2_depth2', 'task_2_August_HBF2_depth_2_1000_dont_train_S', 'HBF2_6_6_multiple_1000', 'True', '6,6', 'multiple_S', 'task_f2d_2x2_1_cosx1_plus_x2_depth2', 'False', 'False', 'hbf', 'data_trunc_norm_kern', 'dont_normalize', 'dont_train_S']
use_tensorboard False
experiment_root_dir=om_2x2_1_cosx1_plus_x2_depth2,slurm_jobid=2915476,slurm_array_task_id=158,job_name=HBF2_6_6_multiple_1000
----====> TASK NAME: task_f2d_2x2_1_cosx1_plus_x2_depth2
---> task_name:  task_f2d_2x2_1_cosx1_plus_x2_depth2
(N_train,D) =  (60025, 2)
(N_test,D_out) =  (60025, 1)
CLUSTER:  OM7
++> S/b_init  [None, 0.4177551, 2.2107676985711144]
++++> M (batch size) : 17000
++> starter_learning_rate  0.0566406221976
++> decay_rate  0.637447316052
++> decay_steps  82
++> staircase  True
-----> Running model: hbf. (nb_hidden_layers = 2, nb_layers = 3)
-----> Units: [2, 6, 6, 1])
train_S_type:  multiple_S
data_trunc_norm_kern
6.30605141786
DONE INITILIZING
[None, <tf.Tensor 'Const:0' shape=(2, 6) dtype=float64>, <tf.Tensor 'truncated_normal:0' shape=(6, 6) dtype=float64>]
isinstance
--> init_S:  Tensor("Const_1:0", shape=(6,), dtype=float64)
--> trainable_S:  False
isinstance
--> init_S:  Tensor("Const_2:0", shape=(6,), dtype=float64)
--> trainable_S:  False
('>', 'Mdl*hbf2*-units[2, 6, 6, 1], task: task_f2d_2x2_1_cosx1_plus_x2_depth2, step 0/3503, train err 12.4843, cv err: 12.4186 test err 12.4481')
('>', 'Opt:Adam, BN False, BN_trainable: False After0/3503 iteration,Init: data_trunc_norm_kern')
S:  [None, <tf.Tensor 'Const_1:0' shape=(6,) dtype=float64>, <tf.Tensor 'Const_2:0' shape=(6,) dtype=float64>]
('>', 'Mdl*hbf2*-units[2, 6, 6, 1], task: task_f2d_2x2_1_cosx1_plus_x2_depth2, step 50/3503, train err 6.30838, cv err: 6.23499 test err 6.25368')
('>', 'Opt:Adam, BN False, BN_trainable: False After50/3503 iteration,Init: data_trunc_norm_kern')
S:  [None, <tf.Tensor 'Const_1:0' shape=(6,) dtype=float64>, <tf.Tensor 'Const_2:0' shape=(6,) dtype=float64>]
('>', 'Mdl*hbf2*-units[2, 6, 6, 1], task: task_f2d_2x2_1_cosx1_plus_x2_depth2, step 100/3503, train err 9.43929, cv err: 9.7297 test err 9.39905')
('>', 'Opt:Adam, BN False, BN_trainable: False After100/3503 iteration,Init: data_trunc_norm_kern')
S:  [None, <tf.Tensor 'Const_1:0' shape=(6,) dtype=float64>, <tf.Tensor 'Const_2:0' shape=(6,) dtype=float64>]
('>', 'Mdl*hbf2*-units[2, 6, 6, 1], task: task_f2d_2x2_1_cosx1_plus_x2_depth2, step 150/3503, train err 10.6737, cv err: 11.088 test err 10.6111')
('>', 'Opt:Adam, BN False, BN_trainable: False After150/3503 iteration,Init: data_trunc_norm_kern')
S:  [None, <tf.Tensor 'Const_1:0' shape=(6,) dtype=float64>, <tf.Tensor 'Const_2:0' shape=(6,) dtype=float64>]
('>', 'Mdl*hbf2*-units[2, 6, 6, 1], task: task_f2d_2x2_1_cosx1_plus_x2_depth2, step 200/3503, train err 11.9571, cv err: 12.4935 test err 11.9133')
('>', 'Opt:Adam, BN False, BN_trainable: False After200/3503 iteration,Init: data_trunc_norm_kern')
S:  [None, <tf.Tensor 'Const_1:0' shape=(6,) dtype=float64>, <tf.Tensor 'Const_2:0' shape=(6,) dtype=float64>]
('>', 'Mdl*hbf2*-units[2, 6, 6, 1], task: task_f2d_2x2_1_cosx1_plus_x2_depth2, step 250/3503, train err 12.4448, cv err: 13.0251 test err 12.4109')
('>', 'Opt:Adam, BN False, BN_trainable: False After250/3503 iteration,Init: data_trunc_norm_kern')
S:  [None, <tf.Tensor 'Const_1:0' shape=(6,) dtype=float64>, <tf.Tensor 'Const_2:0' shape=(6,) dtype=float64>]
('>', 'Mdl*hbf2*-units[2, 6, 6, 1], task: task_f2d_2x2_1_cosx1_plus_x2_depth2, step 300/3503, train err 12.651, cv err: 13.2477 test err 12.5986')
('>', 'Opt:Adam, BN False, BN_trainable: False After300/3503 iteration,Init: data_trunc_norm_kern')
S:  [None, <tf.Tensor 'Const_1:0' shape=(6,) dtype=float64>, <tf.Tensor 'Const_2:0' shape=(6,) dtype=float64>]
('>', 'Mdl*hbf2*-units[2, 6, 6, 1], task: task_f2d_2x2_1_cosx1_plus_x2_depth2, step 350/3503, train err 12.6851, cv err: 13.2919 test err 12.6381')
('>', 'Opt:Adam, BN False, BN_trainable: False After350/3503 iteration,Init: data_trunc_norm_kern')
S:  [None, <tf.Tensor 'Const_1:0' shape=(6,) dtype=float64>, <tf.Tensor 'Const_2:0' shape=(6,) dtype=float64>]
('>', 'Mdl*hbf2*-units[2, 6, 6, 1], task: task_f2d_2x2_1_cosx1_plus_x2_depth2, step 400/3503, train err 13.0518, cv err: 13.6949 test err 13.0127')
('>', 'Opt:Adam, BN False, BN_trainable: False After400/3503 iteration,Init: data_trunc_norm_kern')
S:  [None, <tf.Tensor 'Const_1:0' shape=(6,) dtype=float64>, <tf.Tensor 'Const_2:0' shape=(6,) dtype=float64>]
('>', 'Mdl*hbf2*-units[2, 6, 6, 1], task: task_f2d_2x2_1_cosx1_plus_x2_depth2, step 450/3503, train err 12.9585, cv err: 13.5974 test err 12.9227')
('>', 'Opt:Adam, BN False, BN_trainable: False After450/3503 iteration,Init: data_trunc_norm_kern')
S:  [None, <tf.Tensor 'Const_1:0' shape=(6,) dtype=float64>, <tf.Tensor 'Const_2:0' shape=(6,) dtype=float64>]
('>', 'Mdl*hbf2*-units[2, 6, 6, 1], task: task_f2d_2x2_1_cosx1_plus_x2_depth2, step 500/3503, train err 13.0675, cv err: 13.7297 test err 13.0444')
('>', 'Opt:Adam, BN False, BN_trainable: False After500/3503 iteration,Init: data_trunc_norm_kern')
S:  [None, <tf.Tensor 'Const_1:0' shape=(6,) dtype=float64>, <tf.Tensor 'Const_2:0' shape=(6,) dtype=float64>]
('>', 'Mdl*hbf2*-units[2, 6, 6, 1], task: task_f2d_2x2_1_cosx1_plus_x2_depth2, step 550/3503, train err 13.1458, cv err: 13.8591 test err 13.138')
('>', 'Opt:Adam, BN False, BN_trainable: False After550/3503 iteration,Init: data_trunc_norm_kern')
S:  [None, <tf.Tensor 'Const_1:0' shape=(6,) dtype=float64>, <tf.Tensor 'Const_2:0' shape=(6,) dtype=float64>]
('>', 'Mdl*hbf2*-units[2, 6, 6, 1], task: task_f2d_2x2_1_cosx1_plus_x2_depth2, step 600/3503, train err 13.0435, cv err: 13.759 test err 13.0688')
('>', 'Opt:Adam, BN False, BN_trainable: False After600/3503 iteration,Init: data_trunc_norm_kern')
S:  [None, <tf.Tensor 'Const_1:0' shape=(6,) dtype=float64>, <tf.Tensor 'Const_2:0' shape=(6,) dtype=float64>]
('>', 'Mdl*hbf2*-units[2, 6, 6, 1], task: task_f2d_2x2_1_cosx1_plus_x2_depth2, step 650/3503, train err 13.0333, cv err: 13.7294 test err 13.0687')
('>', 'Opt:Adam, BN False, BN_trainable: False After650/3503 iteration,Init: data_trunc_norm_kern')
S:  [None, <tf.Tensor 'Const_1:0' shape=(6,) dtype=float64>, <tf.Tensor 'Const_2:0' shape=(6,) dtype=float64>]
('>', 'Mdl*hbf2*-units[2, 6, 6, 1], task: task_f2d_2x2_1_cosx1_plus_x2_depth2, step 700/3503, train err 13.2607, cv err: 13.9617 test err 13.3037')
('>', 'Opt:Adam, BN False, BN_trainable: False After700/3503 iteration,Init: data_trunc_norm_kern')
S:  [None, <tf.Tensor 'Const_1:0' shape=(6,) dtype=float64>, <tf.Tensor 'Const_2:0' shape=(6,) dtype=float64>]
('>', 'Mdl*hbf2*-units[2, 6, 6, 1], task: task_f2d_2x2_1_cosx1_plus_x2_depth2, step 750/3503, train err 13.3095, cv err: 14.011 test err 13.3513')
('>', 'Opt:Adam, BN False, BN_trainable: False After750/3503 iteration,Init: data_trunc_norm_kern')
S:  [None, <tf.Tensor 'Const_1:0' shape=(6,) dtype=float64>, <tf.Tensor 'Const_2:0' shape=(6,) dtype=float64>]
('>', 'Mdl*hbf2*-units[2, 6, 6, 1], task: task_f2d_2x2_1_cosx1_plus_x2_depth2, step 800/3503, train err 13.1687, cv err: 13.8589 test err 13.2048')
('>', 'Opt:Adam, BN False, BN_trainable: False After800/3503 iteration,Init: data_trunc_norm_kern')
S:  [None, <tf.Tensor 'Const_1:0' shape=(6,) dtype=float64>, <tf.Tensor 'Const_2:0' shape=(6,) dtype=float64>]
('>', 'Mdl*hbf2*-units[2, 6, 6, 1], task: task_f2d_2x2_1_cosx1_plus_x2_depth2, step 850/3503, train err 13.2463, cv err: 13.9416 test err 13.2817')
('>', 'Opt:Adam, BN False, BN_trainable: False After850/3503 iteration,Init: data_trunc_norm_kern')
S:  [None, <tf.Tensor 'Const_1:0' shape=(6,) dtype=float64>, <tf.Tensor 'Const_2:0' shape=(6,) dtype=float64>]
('>', 'Mdl*hbf2*-units[2, 6, 6, 1], task: task_f2d_2x2_1_cosx1_plus_x2_depth2, step 900/3503, train err 13.3849, cv err: 14.0897 test err 13.4218')
('>', 'Opt:Adam, BN False, BN_trainable: False After900/3503 iteration,Init: data_trunc_norm_kern')
S:  [None, <tf.Tensor 'Const_1:0' shape=(6,) dtype=float64>, <tf.Tensor 'Const_2:0' shape=(6,) dtype=float64>]
('>', 'Mdl*hbf2*-units[2, 6, 6, 1], task: task_f2d_2x2_1_cosx1_plus_x2_depth2, step 950/3503, train err 13.2802, cv err: 13.9784 test err 13.311')
('>', 'Opt:Adam, BN False, BN_trainable: False After950/3503 iteration,Init: data_trunc_norm_kern')
S:  [None, <tf.Tensor 'Const_1:0' shape=(6,) dtype=float64>, <tf.Tensor 'Const_2:0' shape=(6,) dtype=float64>]
('>', 'Mdl*hbf2*-units[2, 6, 6, 1], task: task_f2d_2x2_1_cosx1_plus_x2_depth2, step 1000/3503, train err 13.2698, cv err: 13.9699 test err 13.3035')
('>', 'Opt:Adam, BN False, BN_trainable: False After1000/3503 iteration,Init: data_trunc_norm_kern')
S:  [None, <tf.Tensor 'Const_1:0' shape=(6,) dtype=float64>, <tf.Tensor 'Const_2:0' shape=(6,) dtype=float64>]
('>', 'Mdl*hbf2*-units[2, 6, 6, 1], task: task_f2d_2x2_1_cosx1_plus_x2_depth2, step 1050/3503, train err 13.3069, cv err: 14.0102 test err 13.3372')
('>', 'Opt:Adam, BN False, BN_trainable: False After1050/3503 iteration,Init: data_trunc_norm_kern')
S:  [None, <tf.Tensor 'Const_1:0' shape=(6,) dtype=float64>, <tf.Tensor 'Const_2:0' shape=(6,) dtype=float64>]
('>', 'Mdl*hbf2*-units[2, 6, 6, 1], task: task_f2d_2x2_1_cosx1_plus_x2_depth2, step 1100/3503, train err 13.3355, cv err: 14.0424 test err 13.3671')
('>', 'Opt:Adam, BN False, BN_trainable: False After1100/3503 iteration,Init: data_trunc_norm_kern')
S:  [None, <tf.Tensor 'Const_1:0' shape=(6,) dtype=float64>, <tf.Tensor 'Const_2:0' shape=(6,) dtype=float64>]
('>', 'Mdl*hbf2*-units[2, 6, 6, 1], task: task_f2d_2x2_1_cosx1_plus_x2_depth2, step 1150/3503, train err 13.3622, cv err: 14.0718 test err 13.3942')
('>', 'Opt:Adam, BN False, BN_trainable: False After1150/3503 iteration,Init: data_trunc_norm_kern')
S:  [None, <tf.Tensor 'Const_1:0' shape=(6,) dtype=float64>, <tf.Tensor 'Const_2:0' shape=(6,) dtype=float64>]
('>', 'Mdl*hbf2*-units[2, 6, 6, 1], task: task_f2d_2x2_1_cosx1_plus_x2_depth2, step 1200/3503, train err 13.3167, cv err: 14.0236 test err 13.3467')
('>', 'Opt:Adam, BN False, BN_trainable: False After1200/3503 iteration,Init: data_trunc_norm_kern')
S:  [None, <tf.Tensor 'Const_1:0' shape=(6,) dtype=float64>, <tf.Tensor 'Const_2:0' shape=(6,) dtype=float64>]
('>', 'Mdl*hbf2*-units[2, 6, 6, 1], task: task_f2d_2x2_1_cosx1_plus_x2_depth2, step 1250/3503, train err 13.3527, cv err: 14.0631 test err 13.3841')
('>', 'Opt:Adam, BN False, BN_trainable: False After1250/3503 iteration,Init: data_trunc_norm_kern')
S:  [None, <tf.Tensor 'Const_1:0' shape=(6,) dtype=float64>, <tf.Tensor 'Const_2:0' shape=(6,) dtype=float64>]
('>', 'Mdl*hbf2*-units[2, 6, 6, 1], task: task_f2d_2x2_1_cosx1_plus_x2_depth2, step 1300/3503, train err 13.368, cv err: 14.0795 test err 13.3994')
('>', 'Opt:Adam, BN False, BN_trainable: False After1300/3503 iteration,Init: data_trunc_norm_kern')
S:  [None, <tf.Tensor 'Const_1:0' shape=(6,) dtype=float64>, <tf.Tensor 'Const_2:0' shape=(6,) dtype=float64>]
('>', 'Mdl*hbf2*-units[2, 6, 6, 1], task: task_f2d_2x2_1_cosx1_plus_x2_depth2, step 1350/3503, train err 13.3315, cv err: 14.0402 test err 13.3619')
('>', 'Opt:Adam, BN False, BN_trainable: False After1350/3503 iteration,Init: data_trunc_norm_kern')
S:  [None, <tf.Tensor 'Const_1:0' shape=(6,) dtype=float64>, <tf.Tensor 'Const_2:0' shape=(6,) dtype=float64>]
('>', 'Mdl*hbf2*-units[2, 6, 6, 1], task: task_f2d_2x2_1_cosx1_plus_x2_depth2, step 1400/3503, train err 13.338, cv err: 14.0474 test err 13.368')
('>', 'Opt:Adam, BN False, BN_trainable: False After1400/3503 iteration,Init: data_trunc_norm_kern')
S:  [None, <tf.Tensor 'Const_1:0' shape=(6,) dtype=float64>, <tf.Tensor 'Const_2:0' shape=(6,) dtype=float64>]
('>', 'Mdl*hbf2*-units[2, 6, 6, 1], task: task_f2d_2x2_1_cosx1_plus_x2_depth2, step 1450/3503, train err 13.3454, cv err: 14.0555 test err 13.3753')
('>', 'Opt:Adam, BN False, BN_trainable: False After1450/3503 iteration,Init: data_trunc_norm_kern')
S:  [None, <tf.Tensor 'Const_1:0' shape=(6,) dtype=float64>, <tf.Tensor 'Const_2:0' shape=(6,) dtype=float64>]
('>', 'Mdl*hbf2*-units[2, 6, 6, 1], task: task_f2d_2x2_1_cosx1_plus_x2_depth2, step 1500/3503, train err 13.3508, cv err: 14.0614 test err 13.3808')
('>', 'Opt:Adam, BN False, BN_trainable: False After1500/3503 iteration,Init: data_trunc_norm_kern')
S:  [None, <tf.Tensor 'Const_1:0' shape=(6,) dtype=float64>, <tf.Tensor 'Const_2:0' shape=(6,) dtype=float64>]
('>', 'Mdl*hbf2*-units[2, 6, 6, 1], task: task_f2d_2x2_1_cosx1_plus_x2_depth2, step 1550/3503, train err 13.3493, cv err: 14.0596 test err 13.3792')
('>', 'Opt:Adam, BN False, BN_trainable: False After1550/3503 iteration,Init: data_trunc_norm_kern')
S:  [None, <tf.Tensor 'Const_1:0' shape=(6,) dtype=float64>, <tf.Tensor 'Const_2:0' shape=(6,) dtype=float64>]
('>', 'Mdl*hbf2*-units[2, 6, 6, 1], task: task_f2d_2x2_1_cosx1_plus_x2_depth2, step 1600/3503, train err 13.358, cv err: 14.069 test err 13.388')
('>', 'Opt:Adam, BN False, BN_trainable: False After1600/3503 iteration,Init: data_trunc_norm_kern')
S:  [None, <tf.Tensor 'Const_1:0' shape=(6,) dtype=float64>, <tf.Tensor 'Const_2:0' shape=(6,) dtype=float64>]
('>', 'Mdl*hbf2*-units[2, 6, 6, 1], task: task_f2d_2x2_1_cosx1_plus_x2_depth2, step 1650/3503, train err 13.3578, cv err: 14.0688 test err 13.3877')
('>', 'Opt:Adam, BN False, BN_trainable: False After1650/3503 iteration,Init: data_trunc_norm_kern')
S:  [None, <tf.Tensor 'Const_1:0' shape=(6,) dtype=float64>, <tf.Tensor 'Const_2:0' shape=(6,) dtype=float64>]
('>', 'Mdl*hbf2*-units[2, 6, 6, 1], task: task_f2d_2x2_1_cosx1_plus_x2_depth2, step 1700/3503, train err 13.3494, cv err: 14.0599 test err 13.3791')
('>', 'Opt:Adam, BN False, BN_trainable: False After1700/3503 iteration,Init: data_trunc_norm_kern')
S:  [None, <tf.Tensor 'Const_1:0' shape=(6,) dtype=float64>, <tf.Tensor 'Const_2:0' shape=(6,) dtype=float64>]
('>', 'Mdl*hbf2*-units[2, 6, 6, 1], task: task_f2d_2x2_1_cosx1_plus_x2_depth2, step 1750/3503, train err 13.3488, cv err: 14.0592 test err 13.3785')
('>', 'Opt:Adam, BN False, BN_trainable: False After1750/3503 iteration,Init: data_trunc_norm_kern')
S:  [None, <tf.Tensor 'Const_1:0' shape=(6,) dtype=float64>, <tf.Tensor 'Const_2:0' shape=(6,) dtype=float64>]
('>', 'Mdl*hbf2*-units[2, 6, 6, 1], task: task_f2d_2x2_1_cosx1_plus_x2_depth2, step 1800/3503, train err 13.3511, cv err: 14.0616 test err 13.3807')
('>', 'Opt:Adam, BN False, BN_trainable: False After1800/3503 iteration,Init: data_trunc_norm_kern')
S:  [None, <tf.Tensor 'Const_1:0' shape=(6,) dtype=float64>, <tf.Tensor 'Const_2:0' shape=(6,) dtype=float64>]
('>', 'Mdl*hbf2*-units[2, 6, 6, 1], task: task_f2d_2x2_1_cosx1_plus_x2_depth2, step 1850/3503, train err 13.3499, cv err: 14.0604 test err 13.3795')
('>', 'Opt:Adam, BN False, BN_trainable: False After1850/3503 iteration,Init: data_trunc_norm_kern')
S:  [None, <tf.Tensor 'Const_1:0' shape=(6,) dtype=float64>, <tf.Tensor 'Const_2:0' shape=(6,) dtype=float64>]
('>', 'Mdl*hbf2*-units[2, 6, 6, 1], task: task_f2d_2x2_1_cosx1_plus_x2_depth2, step 1900/3503, train err 13.3489, cv err: 14.0593 test err 13.3785')
('>', 'Opt:Adam, BN False, BN_trainable: False After1900/3503 iteration,Init: data_trunc_norm_kern')
S:  [None, <tf.Tensor 'Const_1:0' shape=(6,) dtype=float64>, <tf.Tensor 'Const_2:0' shape=(6,) dtype=float64>]
('>', 'Mdl*hbf2*-units[2, 6, 6, 1], task: task_f2d_2x2_1_cosx1_plus_x2_depth2, step 1950/3503, train err 13.3493, cv err: 14.0597 test err 13.3789')
('>', 'Opt:Adam, BN False, BN_trainable: False After1950/3503 iteration,Init: data_trunc_norm_kern')
S:  [None, <tf.Tensor 'Const_1:0' shape=(6,) dtype=float64>, <tf.Tensor 'Const_2:0' shape=(6,) dtype=float64>]
('>', 'Mdl*hbf2*-units[2, 6, 6, 1], task: task_f2d_2x2_1_cosx1_plus_x2_depth2, step 2000/3503, train err 13.3501, cv err: 14.0606 test err 13.3797')
('>', 'Opt:Adam, BN False, BN_trainable: False After2000/3503 iteration,Init: data_trunc_norm_kern')
S:  [None, <tf.Tensor 'Const_1:0' shape=(6,) dtype=float64>, <tf.Tensor 'Const_2:0' shape=(6,) dtype=float64>]
('>', 'Mdl*hbf2*-units[2, 6, 6, 1], task: task_f2d_2x2_1_cosx1_plus_x2_depth2, step 2050/3503, train err 13.3519, cv err: 14.0625 test err 13.3815')
('>', 'Opt:Adam, BN False, BN_trainable: False After2050/3503 iteration,Init: data_trunc_norm_kern')
S:  [None, <tf.Tensor 'Const_1:0' shape=(6,) dtype=float64>, <tf.Tensor 'Const_2:0' shape=(6,) dtype=float64>]
('>', 'Mdl*hbf2*-units[2, 6, 6, 1], task: task_f2d_2x2_1_cosx1_plus_x2_depth2, step 2100/3503, train err 13.3517, cv err: 14.0623 test err 13.3813')
('>', 'Opt:Adam, BN False, BN_trainable: False After2100/3503 iteration,Init: data_trunc_norm_kern')
S:  [None, <tf.Tensor 'Const_1:0' shape=(6,) dtype=float64>, <tf.Tensor 'Const_2:0' shape=(6,) dtype=float64>]
('>', 'Mdl*hbf2*-units[2, 6, 6, 1], task: task_f2d_2x2_1_cosx1_plus_x2_depth2, step 2150/3503, train err 13.3519, cv err: 14.0625 test err 13.3815')
('>', 'Opt:Adam, BN False, BN_trainable: False After2150/3503 iteration,Init: data_trunc_norm_kern')
S:  [None, <tf.Tensor 'Const_1:0' shape=(6,) dtype=float64>, <tf.Tensor 'Const_2:0' shape=(6,) dtype=float64>]
('>', 'Mdl*hbf2*-units[2, 6, 6, 1], task: task_f2d_2x2_1_cosx1_plus_x2_depth2, step 2200/3503, train err 13.3516, cv err: 14.0622 test err 13.3812')
('>', 'Opt:Adam, BN False, BN_trainable: False After2200/3503 iteration,Init: data_trunc_norm_kern')
S:  [None, <tf.Tensor 'Const_1:0' shape=(6,) dtype=float64>, <tf.Tensor 'Const_2:0' shape=(6,) dtype=float64>]
('>', 'Mdl*hbf2*-units[2, 6, 6, 1], task: task_f2d_2x2_1_cosx1_plus_x2_depth2, step 2250/3503, train err 13.3516, cv err: 14.0622 test err 13.3812')
('>', 'Opt:Adam, BN False, BN_trainable: False After2250/3503 iteration,Init: data_trunc_norm_kern')
S:  [None, <tf.Tensor 'Const_1:0' shape=(6,) dtype=float64>, <tf.Tensor 'Const_2:0' shape=(6,) dtype=float64>]
('>', 'Mdl*hbf2*-units[2, 6, 6, 1], task: task_f2d_2x2_1_cosx1_plus_x2_depth2, step 2300/3503, train err 13.3518, cv err: 14.0624 test err 13.3814')
('>', 'Opt:Adam, BN False, BN_trainable: False After2300/3503 iteration,Init: data_trunc_norm_kern')
S:  [None, <tf.Tensor 'Const_1:0' shape=(6,) dtype=float64>, <tf.Tensor 'Const_2:0' shape=(6,) dtype=float64>]
('>', 'Mdl*hbf2*-units[2, 6, 6, 1], task: task_f2d_2x2_1_cosx1_plus_x2_depth2, step 2350/3503, train err 13.3519, cv err: 14.0626 test err 13.3815')
('>', 'Opt:Adam, BN False, BN_trainable: False After2350/3503 iteration,Init: data_trunc_norm_kern')
S:  [None, <tf.Tensor 'Const_1:0' shape=(6,) dtype=float64>, <tf.Tensor 'Const_2:0' shape=(6,) dtype=float64>]
('>', 'Mdl*hbf2*-units[2, 6, 6, 1], task: task_f2d_2x2_1_cosx1_plus_x2_depth2, step 2400/3503, train err 13.3519, cv err: 14.0625 test err 13.3815')
('>', 'Opt:Adam, BN False, BN_trainable: False After2400/3503 iteration,Init: data_trunc_norm_kern')
S:  [None, <tf.Tensor 'Const_1:0' shape=(6,) dtype=float64>, <tf.Tensor 'Const_2:0' shape=(6,) dtype=float64>]
('>', 'Mdl*hbf2*-units[2, 6, 6, 1], task: task_f2d_2x2_1_cosx1_plus_x2_depth2, step 2450/3503, train err 13.3519, cv err: 14.0626 test err 13.3815')
('>', 'Opt:Adam, BN False, BN_trainable: False After2450/3503 iteration,Init: data_trunc_norm_kern')
S:  [None, <tf.Tensor 'Const_1:0' shape=(6,) dtype=float64>, <tf.Tensor 'Const_2:0' shape=(6,) dtype=float64>]
('>', 'Mdl*hbf2*-units[2, 6, 6, 1], task: task_f2d_2x2_1_cosx1_plus_x2_depth2, step 2500/3503, train err 13.352, cv err: 14.0626 test err 13.3816')
('>', 'Opt:Adam, BN False, BN_trainable: False After2500/3503 iteration,Init: data_trunc_norm_kern')
S:  [None, <tf.Tensor 'Const_1:0' shape=(6,) dtype=float64>, <tf.Tensor 'Const_2:0' shape=(6,) dtype=float64>]
('>', 'Mdl*hbf2*-units[2, 6, 6, 1], task: task_f2d_2x2_1_cosx1_plus_x2_depth2, step 2550/3503, train err 13.3519, cv err: 14.0625 test err 13.3815')
('>', 'Opt:Adam, BN False, BN_trainable: False After2550/3503 iteration,Init: data_trunc_norm_kern')
S:  [None, <tf.Tensor 'Const_1:0' shape=(6,) dtype=float64>, <tf.Tensor 'Const_2:0' shape=(6,) dtype=float64>]
('>', 'Mdl*hbf2*-units[2, 6, 6, 1], task: task_f2d_2x2_1_cosx1_plus_x2_depth2, step 2600/3503, train err 13.3518, cv err: 14.0625 test err 13.3814')
('>', 'Opt:Adam, BN False, BN_trainable: False After2600/3503 iteration,Init: data_trunc_norm_kern')
S:  [None, <tf.Tensor 'Const_1:0' shape=(6,) dtype=float64>, <tf.Tensor 'Const_2:0' shape=(6,) dtype=float64>]
('>', 'Mdl*hbf2*-units[2, 6, 6, 1], task: task_f2d_2x2_1_cosx1_plus_x2_depth2, step 2650/3503, train err 13.3518, cv err: 14.0624 test err 13.3814')
('>', 'Opt:Adam, BN False, BN_trainable: False After2650/3503 iteration,Init: data_trunc_norm_kern')
S:  [None, <tf.Tensor 'Const_1:0' shape=(6,) dtype=float64>, <tf.Tensor 'Const_2:0' shape=(6,) dtype=float64>]
('>', 'Mdl*hbf2*-units[2, 6, 6, 1], task: task_f2d_2x2_1_cosx1_plus_x2_depth2, step 2700/3503, train err 13.3518, cv err: 14.0624 test err 13.3814')
('>', 'Opt:Adam, BN False, BN_trainable: False After2700/3503 iteration,Init: data_trunc_norm_kern')
S:  [None, <tf.Tensor 'Const_1:0' shape=(6,) dtype=float64>, <tf.Tensor 'Const_2:0' shape=(6,) dtype=float64>]
('>', 'Mdl*hbf2*-units[2, 6, 6, 1], task: task_f2d_2x2_1_cosx1_plus_x2_depth2, step 2750/3503, train err 13.3518, cv err: 14.0624 test err 13.3814')
('>', 'Opt:Adam, BN False, BN_trainable: False After2750/3503 iteration,Init: data_trunc_norm_kern')
S:  [None, <tf.Tensor 'Const_1:0' shape=(6,) dtype=float64>, <tf.Tensor 'Const_2:0' shape=(6,) dtype=float64>]
('>', 'Mdl*hbf2*-units[2, 6, 6, 1], task: task_f2d_2x2_1_cosx1_plus_x2_depth2, step 2800/3503, train err 13.3518, cv err: 14.0624 test err 13.3814')
('>', 'Opt:Adam, BN False, BN_trainable: False After2800/3503 iteration,Init: data_trunc_norm_kern')
S:  [None, <tf.Tensor 'Const_1:0' shape=(6,) dtype=float64>, <tf.Tensor 'Const_2:0' shape=(6,) dtype=float64>]
('>', 'Mdl*hbf2*-units[2, 6, 6, 1], task: task_f2d_2x2_1_cosx1_plus_x2_depth2, step 2850/3503, train err 13.3518, cv err: 14.0624 test err 13.3814')
('>', 'Opt:Adam, BN False, BN_trainable: False After2850/3503 iteration,Init: data_trunc_norm_kern')
S:  [None, <tf.Tensor 'Const_1:0' shape=(6,) dtype=float64>, <tf.Tensor 'Const_2:0' shape=(6,) dtype=float64>]
('>', 'Mdl*hbf2*-units[2, 6, 6, 1], task: task_f2d_2x2_1_cosx1_plus_x2_depth2, step 2900/3503, train err 13.3518, cv err: 14.0624 test err 13.3814')
('>', 'Opt:Adam, BN False, BN_trainable: False After2900/3503 iteration,Init: data_trunc_norm_kern')
S:  [None, <tf.Tensor 'Const_1:0' shape=(6,) dtype=float64>, <tf.Tensor 'Const_2:0' shape=(6,) dtype=float64>]
('>', 'Mdl*hbf2*-units[2, 6, 6, 1], task: task_f2d_2x2_1_cosx1_plus_x2_depth2, step 2950/3503, train err 13.3518, cv err: 14.0624 test err 13.3814')
('>', 'Opt:Adam, BN False, BN_trainable: False After2950/3503 iteration,Init: data_trunc_norm_kern')
S:  [None, <tf.Tensor 'Const_1:0' shape=(6,) dtype=float64>, <tf.Tensor 'Const_2:0' shape=(6,) dtype=float64>]
('>', 'Mdl*hbf2*-units[2, 6, 6, 1], task: task_f2d_2x2_1_cosx1_plus_x2_depth2, step 3000/3503, train err 13.3518, cv err: 14.0624 test err 13.3814')
('>', 'Opt:Adam, BN False, BN_trainable: False After3000/3503 iteration,Init: data_trunc_norm_kern')
S:  [None, <tf.Tensor 'Const_1:0' shape=(6,) dtype=float64>, <tf.Tensor 'Const_2:0' shape=(6,) dtype=float64>]
('>', 'Mdl*hbf2*-units[2, 6, 6, 1], task: task_f2d_2x2_1_cosx1_plus_x2_depth2, step 3050/3503, train err 13.3518, cv err: 14.0624 test err 13.3814')
('>', 'Opt:Adam, BN False, BN_trainable: False After3050/3503 iteration,Init: data_trunc_norm_kern')
S:  [None, <tf.Tensor 'Const_1:0' shape=(6,) dtype=float64>, <tf.Tensor 'Const_2:0' shape=(6,) dtype=float64>]
('>', 'Mdl*hbf2*-units[2, 6, 6, 1], task: task_f2d_2x2_1_cosx1_plus_x2_depth2, step 3100/3503, train err 13.3518, cv err: 14.0624 test err 13.3814')
('>', 'Opt:Adam, BN False, BN_trainable: False After3100/3503 iteration,Init: data_trunc_norm_kern')
S:  [None, <tf.Tensor 'Const_1:0' shape=(6,) dtype=float64>, <tf.Tensor 'Const_2:0' shape=(6,) dtype=float64>]
('>', 'Mdl*hbf2*-units[2, 6, 6, 1], task: task_f2d_2x2_1_cosx1_plus_x2_depth2, step 3150/3503, train err 13.3518, cv err: 14.0624 test err 13.3814')
('>', 'Opt:Adam, BN False, BN_trainable: False After3150/3503 iteration,Init: data_trunc_norm_kern')
S:  [None, <tf.Tensor 'Const_1:0' shape=(6,) dtype=float64>, <tf.Tensor 'Const_2:0' shape=(6,) dtype=float64>]
('>', 'Mdl*hbf2*-units[2, 6, 6, 1], task: task_f2d_2x2_1_cosx1_plus_x2_depth2, step 3200/3503, train err 13.3518, cv err: 14.0624 test err 13.3814')
('>', 'Opt:Adam, BN False, BN_trainable: False After3200/3503 iteration,Init: data_trunc_norm_kern')
S:  [None, <tf.Tensor 'Const_1:0' shape=(6,) dtype=float64>, <tf.Tensor 'Const_2:0' shape=(6,) dtype=float64>]
('>', 'Mdl*hbf2*-units[2, 6, 6, 1], task: task_f2d_2x2_1_cosx1_plus_x2_depth2, step 3250/3503, train err 13.3518, cv err: 14.0624 test err 13.3814')
('>', 'Opt:Adam, BN False, BN_trainable: False After3250/3503 iteration,Init: data_trunc_norm_kern')
S:  [None, <tf.Tensor 'Const_1:0' shape=(6,) dtype=float64>, <tf.Tensor 'Const_2:0' shape=(6,) dtype=float64>]
('>', 'Mdl*hbf2*-units[2, 6, 6, 1], task: task_f2d_2x2_1_cosx1_plus_x2_depth2, step 3300/3503, train err 13.3518, cv err: 14.0624 test err 13.3814')
('>', 'Opt:Adam, BN False, BN_trainable: False After3300/3503 iteration,Init: data_trunc_norm_kern')
S:  [None, <tf.Tensor 'Const_1:0' shape=(6,) dtype=float64>, <tf.Tensor 'Const_2:0' shape=(6,) dtype=float64>]
('>', 'Mdl*hbf2*-units[2, 6, 6, 1], task: task_f2d_2x2_1_cosx1_plus_x2_depth2, step 3350/3503, train err 13.3518, cv err: 14.0624 test err 13.3814')
('>', 'Opt:Adam, BN False, BN_trainable: False After3350/3503 iteration,Init: data_trunc_norm_kern')
S:  [None, <tf.Tensor 'Const_1:0' shape=(6,) dtype=float64>, <tf.Tensor 'Const_2:0' shape=(6,) dtype=float64>]
('>', 'Mdl*hbf2*-units[2, 6, 6, 1], task: task_f2d_2x2_1_cosx1_plus_x2_depth2, step 3400/3503, train err 13.3518, cv err: 14.0624 test err 13.3814')
('>', 'Opt:Adam, BN False, BN_trainable: False After3400/3503 iteration,Init: data_trunc_norm_kern')
S:  [None, <tf.Tensor 'Const_1:0' shape=(6,) dtype=float64>, <tf.Tensor 'Const_2:0' shape=(6,) dtype=float64>]
('>', 'Mdl*hbf2*-units[2, 6, 6, 1], task: task_f2d_2x2_1_cosx1_plus_x2_depth2, step 3450/3503, train err 13.3518, cv err: 14.0624 test err 13.3814')
('>', 'Opt:Adam, BN False, BN_trainable: False After3450/3503 iteration,Init: data_trunc_norm_kern')
S:  [None, <tf.Tensor 'Const_1:0' shape=(6,) dtype=float64>, <tf.Tensor 'Const_2:0' shape=(6,) dtype=float64>]
('>', 'Mdl*hbf2*-units[2, 6, 6, 1], task: task_f2d_2x2_1_cosx1_plus_x2_depth2, step 3500/3503, train err 13.3518, cv err: 14.0624 test err 13.3814')
('>', 'Opt:Adam, BN False, BN_trainable: False After3500/3503 iteration,Init: data_trunc_norm_kern')
S:  [None, <tf.Tensor 'Const_1:0' shape=(6,) dtype=float64>, <tf.Tensor 'Const_2:0' shape=(6,) dtype=float64>]
--- 145.628108025 seconds ---
--- 2.42713513374 minutes ---
--- 0.0404522522291 hours ---


